================================================================
== Design Size Report
================================================================

* Total Instructions per Compilation Phase
+---------------+-----------------------------+--------------+----------------------------------------------------------------------------------------+
| Phase         | Step                        | Instructions | Description                                                                            |
+---------------+-----------------------------+--------------+----------------------------------------------------------------------------------------+
| Compile/Link  |                             | 4,138        | After all functions are compiled and linked into a single design                       |
|               |                             |              |                                                                                        |
| Unroll/Inline |                             |              | After user unroll and inline pragmas are applied                                       |
|               | (1) unroll                  | 1,222        | user unroll pragmas are applied                                                        |
|               | (2) simplification          |   829        | simplification of applied user unroll pragmas                                          |
|               | (3) inline                  |   857        | user inline pragmas are applied                                                        |
|               | (4) simplification          |   855        | simplification of applied user inline pragmas                                          |
|               |                             |              |                                                                                        |
| Array/Struct  |                             |              | After user array partition and struct aggregate/disaggregate pragmas are applied       |
|               | (1) array partition         | 1,526        | user array partition pragmas are applied                                               |
|               | (2) simplification          | 1,287        | simplification of applied user array partition & struct aggregate/disaggregate pragmas |
|               | (3) aggregate/disaggregate  | 1,287        | user struct aggregate/disaggregate pragmas are applied                                 |
|               | (4) array reshape           | 1,287        | apply array reshape pragmas                                                            |
|               | (5) access patterns         | 1,322        | array access pattern optmizations                                                      |
|               |                             |              |                                                                                        |
| Performance   |                             |              | After transformations are applied to meet performance pragma targets                   |
|               | (1) loop simplification     | 1,322        | loop and instruction simplification                                                    |
|               | (2) parallelization         | 1,311        | loops are unrolled or pipelined to meet performance targets                            |
|               | (3) array partition         | 1,287        | arrays are partitioned to meet performance targets                                     |
|               | (4) simplification          | 1,287        | simplification of design after performance transformations                             |
|               |                             |              |                                                                                        |
| HW Transforms |                             |              | After hardware transfomations                                                          |
|               | (1) lowering                | 1,285        | initial conversion to HW specific instructions                                         |
|               | (2) optimizations           | 1,306        | high level synthesis optimizations                                                     |
+---------------+-----------------------------+--------------+----------------------------------------------------------------------------------------+

* Instructions per Function for each Compilation Phase
+--------------------------------------+------------+-----------------+---------------+----------------+----------------+----------------+
| Function                             | Location   | Compile/Link    | Unroll/Inline | Array/Struct   | Performance    | HW Transforms  |
+--------------------------------------+------------+-----------------+---------------+----------------+----------------+----------------+
| + fmm_reduce_kernel                  | gp.cpp:242 | 4,138           | 855           | 1,322          | 1,287          | 1,306          |
|    load_matrix_from_dram             | gp.cpp:40  |  112            |  44           |   90           |   88           |   93           |
|  + greedy_potential_reduce           | gp.cpp:230 | 3,972           | 770           | 1,172          | 1,141          | 1,145          |
|   + find_best_move                   | gp.cpp:208 | 3,533           | 681           | 1,024          |  994           | 1,002          |
|      compute_pp_nn                   | gp.cpp:100 |  241            |  40           |   56           |   55           |   57           |
|    + compute_greedy_potential_sco... | gp.cpp:192 | 3,108 (2 calls) | 578 (2 calls) |  904 (2 calls) |  878 (2 calls) |  890 (2 calls) |
|       compute_pp_nn                  | gp.cpp:100 |  482 (2 calls)  | 160 (4 calls) |  224 (4 calls) |  220 (4 calls) |  228 (4 calls) |
|       reduction_move                 | gp.cpp:116 |  780 (2 calls)  |               |                |                |                |
|     + total_potential                | gp.cpp:176 |  626 (2 calls)  |               |                |                |                |
|        compute_pp_nn                 | gp.cpp:100 |  482 (2 calls)  |               |                |                |                |
|       reduction_move_undo            | gp.cpp:139 | 1,002 (2 calls) |               |                |                |                |
|     reduction_move                   | gp.cpp:116 |  390            |               |                |                |                |
|    store_matrix_to_dram              | gp.cpp:64  |   41            |  28           |   37           |   35           |   37           |
+--------------------------------------+------------+-----------------+---------------+----------------+----------------+----------------+

* Design Size Message Settings
+---------------------------------------------+--------+------------------------------------------------------------------+
| Message Setting                             | Value  | Description                                                      |
+---------------------------------------------+--------+------------------------------------------------------------------+
| config_compile -design_size_maximum_warning | 100000 | Show a warning when total design instructions exceeds this value |
+---------------------------------------------+--------+------------------------------------------------------------------+


