

================================================================
== Vitis HLS Report for 'find_best_move'
================================================================
* Date:           Tue Feb 24 22:02:06 2026

* Version:        2025.1 (Build 6135595 on May 21 2025)
* Project:        ASIC
* Solution:       hls (Vivado IP Flow Target)
* Product family: artix7
* Target device:  xc7a200t-fbg676-1


================================================================
== Performance Estimates
================================================================
+ Timing: 
    * Summary: 
    +--------+----------+----------+------------+
    |  Clock |  Target  | Estimated| Uncertainty|
    +--------+----------+----------+------------+
    |ap_clk  |  10.00 ns|  9.117 ns|     1.00 ns|
    +--------+----------+----------+------------+

+ Latency: 
    * Summary: 
    +---------+---------+----------+----------+-----+-----+---------+
    |  Latency (cycles) |  Latency (absolute) |  Interval | Pipeline|
    |   min   |   max   |    min   |    max   | min | max |   Type  |
    +---------+---------+----------+----------+-----+-----+---------+
    |        ?|        ?|         ?|         ?|    ?|    ?|       no|
    +---------+---------+----------+----------+-----+-----+---------+

    + Detail: 
        * Instance: 
        +-------------------------------------------+--------------------------------+---------+---------+----------+----------+-----+-----+---------+
        |                                           |                                |  Latency (cycles) |  Latency (absolute) |  Interval | Pipeline|
        |                  Instance                 |             Module             |   min   |   max   |    min   |    max   | min | max |   Type  |
        +-------------------------------------------+--------------------------------+---------+---------+----------+----------+-----+-----+---------+
        |grp_compute_pp_nn_fu_272                   |compute_pp_nn                   |        ?|        ?|         ?|         ?|    ?|    ?|       no|
        |grp_compute_greedy_potential_score_fu_288  |compute_greedy_potential_score  |        ?|        ?|         ?|         ?|    ?|    ?|       no|
        +-------------------------------------------+--------------------------------+---------+---------+----------+----------+-----+-----+---------+

        * Loop: 
        +---------------------+---------+---------+----------+-----------+-----------+------+----------+
        |                     |  Latency (cycles) | Iteration|  Initiation Interval  | Trip |          |
        |      Loop Name      |   min   |   max   |  Latency |  achieved |   target  | Count| Pipelined|
        +---------------------+---------+---------+----------+-----------+-----------+------+----------+
        |- VITIS_LOOP_212_1   |        ?|        ?|         ?|          -|          -|     ?|        no|
        | + VITIS_LOOP_213_2  |        ?|        ?|         ?|          -|          -|     ?|        no|
        +---------------------+---------+---------+----------+-----------+-----------+------+----------+



================================================================
== Utilization Estimates
================================================================
* Summary: 
+-----------------+---------+-----+--------+--------+-----+
|       Name      | BRAM_18K| DSP |   FF   |   LUT  | URAM|
+-----------------+---------+-----+--------+--------+-----+
|DSP              |        -|    -|       -|       -|    -|
|Expression       |        -|    -|       0|     776|    -|
|FIFO             |        -|    -|       -|       -|    -|
|Instance         |        -|    3|    2791|    5590|    -|
|Memory           |        -|    -|       -|       -|    -|
|Multiplexer      |        -|    -|       0|     499|    -|
|Register         |        -|    -|     929|       -|    -|
+-----------------+---------+-----+--------+--------+-----+
|Total            |        0|    3|    3720|    6865|    0|
+-----------------+---------+-----+--------+--------+-----+
|Available        |      730|  740|  269200|  134600|    0|
+-----------------+---------+-----+--------+--------+-----+
|Utilization (%)  |        0|   ~0|       1|       5|    0|
+-----------------+---------+-----+--------+--------+-----+

+ Detail: 
    * Instance: 
    +-------------------------------------------+--------------------------------+---------+----+------+------+-----+
    |                  Instance                 |             Module             | BRAM_18K| DSP|  FF  |  LUT | URAM|
    +-------------------------------------------+--------------------------------+---------+----+------+------+-----+
    |grp_compute_greedy_potential_score_fu_288  |compute_greedy_potential_score  |        0|   3|  2484|  4735|    0|
    |grp_compute_pp_nn_fu_272                   |compute_pp_nn                   |        0|   0|   307|   855|    0|
    +-------------------------------------------+--------------------------------+---------+----+------+------+-----+
    |Total                                      |                                |        0|   3|  2791|  5590|    0|
    +-------------------------------------------+--------------------------------+---------+----+------+------+-----+

    * DSP: 
    N/A

    * Memory: 
    N/A

    * FIFO: 
    N/A

    * Expression: 
    +--------------------------+----------+----+---+----+------------+------------+
    |       Variable Name      | Operation| DSP| FF| LUT| Bitwidth P0| Bitwidth P1|
    +--------------------------+----------+----+---+----+------------+------------+
    |R_fu_344_p2               |         +|   0|  0|  39|          32|          32|
    |j_2_fu_625_p2             |         +|   0|  0|  39|          32|           1|
    |j_3_fu_392_p2             |         +|   0|  0|  38|          31|           1|
    |icmp_ln213_1_fu_450_p2    |      icmp|   0|  0|  39|          32|          32|
    |icmp_ln213_fu_387_p2      |      icmp|   0|  0|  39|          32|          32|
    |icmp_ln217_fu_485_p2      |      icmp|   0|  0|  38|          31|           1|
    |icmp_ln219_fu_491_p2      |      icmp|   0|  0|  39|          32|          32|
    |icmp_ln221_fu_551_p2      |      icmp|   0|  0|  38|          31|           1|
    |icmp_ln223_fu_557_p2      |      icmp|   0|  0|  39|          32|          32|
    |or_ln219_1_fu_512_p2      |        or|   0|  0|   2|           1|           1|
    |or_ln219_2_fu_524_p2      |        or|   0|  0|   2|           1|           1|
    |or_ln219_fu_501_p2        |        or|   0|  0|   2|           1|           1|
    |or_ln223_1_fu_585_p2      |        or|   0|  0|   2|           1|           1|
    |or_ln223_2_fu_601_p2      |        or|   0|  0|   2|           1|           1|
    |or_ln223_fu_570_p2        |        or|   0|  0|   2|           1|           1|
    |select_ln219_1_fu_506_p3  |    select|   0|  0|  32|           1|          32|
    |select_ln219_2_fu_517_p3  |    select|   0|  0|  32|           1|          32|
    |select_ln219_3_fu_529_p3  |    select|   0|  0|  32|           1|           1|
    |select_ln219_4_fu_536_p3  |    select|   0|  0|  32|           1|          32|
    |select_ln219_fu_495_p3    |    select|   0|  0|  32|           1|          32|
    |select_ln223_1_fu_577_p3  |    select|   0|  0|  32|           1|          32|
    |select_ln223_2_fu_592_p3  |    select|   0|  0|  32|           1|          32|
    |select_ln223_3_fu_608_p3  |    select|   0|  0|  32|           1|           2|
    |select_ln223_4_fu_617_p3  |    select|   0|  0|  32|           1|          32|
    |select_ln223_fu_562_p3    |    select|   0|  0|  32|           1|          32|
    |select_ln228_1_fu_410_p3  |    select|   0|  0|  32|           1|          32|
    |select_ln228_2_fu_418_p3  |    select|   0|  0|  32|           1|          32|
    |select_ln228_fu_402_p3    |    select|   0|  0|  32|           1|          32|
    +--------------------------+----------+----+---+----+------------+------------+
    |Total                     |          |   0|  0| 776|         304|         525|
    +--------------------------+----------+----+---+----+------------+------------+

    * Multiplexer: 
    +------------------------------------------------+----+-----------+-----+-----------+
    |                      Name                      | LUT| Input Size| Bits| Total Bits|
    +------------------------------------------------+----+-----------+-----+-----------+
    |M_e_0_address0                                  |  13|          3|   15|         45|
    |M_e_0_ce0                                       |  13|          3|    1|          3|
    |M_e_0_we0                                       |   9|          2|    1|          2|
    |M_e_1_address0                                  |  13|          3|   15|         45|
    |M_e_1_ce0                                       |  13|          3|    1|          3|
    |M_e_1_we0                                       |   9|          2|    1|          2|
    |M_e_2_address0                                  |  13|          3|   15|         45|
    |M_e_2_ce0                                       |  13|          3|    1|          3|
    |M_e_2_we0                                       |   9|          2|    1|          2|
    |M_e_3_address0                                  |  13|          3|   15|         45|
    |M_e_3_ce0                                       |  13|          3|    1|          3|
    |M_e_3_we0                                       |   9|          2|    1|          2|
    |M_t_o                                           |   9|          2|   32|         64|
    |M_t_o_ap_vld                                    |   9|          2|    1|          2|
    |agg_result_0_fu_86                              |   9|          2|   32|         64|
    |agg_result_2_reg_112                            |   9|          2|   32|         64|
    |agg_result_3_reg_192                            |   9|          2|   32|         64|
    |ap_NS_fsm                                       |  49|         12|    1|         12|
    |ap_phi_mux_agg_result_3_phi_fu_195_p4           |   9|          2|   32|         64|
    |ap_phi_mux_empty_42_phi_fu_265_p4               |   9|          2|   32|         64|
    |ap_phi_mux_out_r1_3_phi_fu_215_p4               |   9|          2|   32|         64|
    |ap_phi_mux_out_r2_3_phi_fu_235_p4               |   9|          2|   32|         64|
    |ap_phi_mux_out_sign_3_phi_fu_255_p4             |   9|          2|   32|         64|
    |ap_phi_mux_write_flag3_3_phi_fu_205_p4          |   9|          2|    1|          2|
    |ap_phi_mux_write_flag6_3_phi_fu_225_p4          |   9|          2|    1|          2|
    |ap_phi_mux_write_flag9_3_phi_fu_245_p4          |   9|          2|    1|          2|
    |empty_41_reg_182                                |   9|          2|   32|         64|
    |empty_42_reg_262                                |   9|          2|   32|         64|
    |empty_fu_58                                     |   9|          2|   32|         64|
    |grp_compute_greedy_potential_score_fu_288_sign  |  13|          3|    2|          6|
    |i_fu_54                                         |   9|          2|   31|         62|
    |j_reg_102                                       |   9|          2|   32|         64|
    |out_r1_2_reg_132                                |   9|          2|   32|         64|
    |out_r1_3_reg_212                                |   9|          2|   32|         64|
    |out_r2_2_reg_152                                |   9|          2|   32|         64|
    |out_r2_3_reg_232                                |   9|          2|   32|         64|
    |out_sign_2_reg_172                              |   9|          2|   32|         64|
    |out_sign_3_reg_252                              |   9|          2|   32|         64|
    |write_flag3_0_fu_82                             |   9|          2|    1|          2|
    |write_flag3_2_reg_122                           |   9|          2|    1|          2|
    |write_flag3_3_reg_202                           |   9|          2|    1|          2|
    |write_flag6_0_fu_74                             |   9|          2|    1|          2|
    |write_flag6_2_reg_142                           |   9|          2|    1|          2|
    |write_flag6_3_reg_222                           |   9|          2|    1|          2|
    |write_flag9_0_fu_66                             |   9|          2|    1|          2|
    |write_flag9_2_reg_162                           |   9|          2|    1|          2|
    |write_flag9_3_reg_242                           |   9|          2|    1|          2|
    +------------------------------------------------+----+-----------+-----+-----------+
    |Total                                           | 499|        113|  723|       1522|
    +------------------------------------------------+----+-----------+-----+-----------+

    * Register: 
    +--------------------------------------------------------+----+----+-----+-----------+
    |                          Name                          | FF | LUT| Bits| Const Bits|
    +--------------------------------------------------------+----+----+-----+-----------+
    |R_reg_741                                               |  32|   0|   32|          0|
    |agg_result_0_fu_86                                      |  32|   0|   32|          0|
    |agg_result_0_load_1_reg_815                             |  32|   0|   32|          0|
    |agg_result_2_reg_112                                    |  32|   0|   32|          0|
    |agg_result_3_reg_192                                    |  32|   0|   32|          0|
    |ap_CS_fsm                                               |  11|   0|   11|          0|
    |best_score_1_reg_887                                    |  32|   0|   32|          0|
    |best_score_reg_836                                      |  32|   0|   32|          0|
    |empty_41_reg_182                                        |  32|   0|   32|          0|
    |empty_42_reg_262                                        |  32|   0|   32|          0|
    |empty_fu_58                                             |  32|   0|   32|          0|
    |grp_compute_greedy_potential_score_fu_288_ap_start_reg  |   1|   0|    1|          0|
    |grp_compute_pp_nn_fu_272_ap_start_reg                   |   1|   0|    1|          0|
    |i_1_reg_747                                             |  31|   0|   31|          0|
    |i_fu_54                                                 |  31|   0|   31|          0|
    |icmp_ln213_1_reg_772                                    |   1|   0|    1|          0|
    |icmp_ln217_reg_832                                      |   1|   0|    1|          0|
    |icmp_ln221_reg_883                                      |   1|   0|    1|          0|
    |j_3_reg_762                                             |  31|   0|   31|          0|
    |j_reg_102                                               |  32|   0|   32|          0|
    |n_reg_827                                               |  32|   0|   32|          0|
    |out_r1_0_fu_78                                          |  32|   0|   32|          0|
    |out_r1_0_load_1_reg_803                                 |  32|   0|   32|          0|
    |out_r1_2_reg_132                                        |  32|   0|   32|          0|
    |out_r1_3_reg_212                                        |  32|   0|   32|          0|
    |out_r2_0_fu_70                                          |  32|   0|   32|          0|
    |out_r2_0_load_1_reg_791                                 |  32|   0|   32|          0|
    |out_r2_2_reg_152                                        |  32|   0|   32|          0|
    |out_r2_3_reg_232                                        |  32|   0|   32|          0|
    |out_sign_0_fu_62                                        |  32|   0|   32|          0|
    |out_sign_0_load_1_reg_779                               |  32|   0|   32|          0|
    |out_sign_2_reg_172                                      |  32|   0|   32|          0|
    |out_sign_3_reg_252                                      |  32|   0|   32|          0|
    |trunc_ln213_reg_821                                     |   9|   0|    9|          0|
    |write_flag3_0_fu_82                                     |   1|   0|    1|          0|
    |write_flag3_0_load_1_reg_809                            |   1|   0|    1|          0|
    |write_flag3_2_reg_122                                   |   1|   0|    1|          0|
    |write_flag3_3_reg_202                                   |   1|   0|    1|          0|
    |write_flag6_0_fu_74                                     |   1|   0|    1|          0|
    |write_flag6_0_load_1_reg_797                            |   1|   0|    1|          0|
    |write_flag6_2_reg_142                                   |   1|   0|    1|          0|
    |write_flag6_3_reg_222                                   |   1|   0|    1|          0|
    |write_flag9_0_fu_66                                     |   1|   0|    1|          0|
    |write_flag9_0_load_1_reg_785                            |   1|   0|    1|          0|
    |write_flag9_2_reg_162                                   |   1|   0|    1|          0|
    |write_flag9_3_reg_242                                   |   1|   0|    1|          0|
    |zext_ln213_reg_753                                      |  31|   0|   32|          1|
    +--------------------------------------------------------+----+----+-----+-----------+
    |Total                                                   | 929|   0|  930|          1|
    +--------------------------------------------------------+----+----+-----+-----------+



================================================================
== Interface
================================================================
* Summary: 
+----------------+-----+-----+------------+----------------+--------------+
|    RTL Ports   | Dir | Bits|  Protocol  |  Source Object |    C Type    |
+----------------+-----+-----+------------+----------------+--------------+
|ap_clk          |   in|    1|  ap_ctrl_hs|  find_best_move|  return value|
|ap_rst          |   in|    1|  ap_ctrl_hs|  find_best_move|  return value|
|ap_start        |   in|    1|  ap_ctrl_hs|  find_best_move|  return value|
|ap_done         |  out|    1|  ap_ctrl_hs|  find_best_move|  return value|
|ap_idle         |  out|    1|  ap_ctrl_hs|  find_best_move|  return value|
|ap_ready        |  out|    1|  ap_ctrl_hs|  find_best_move|  return value|
|ap_return_0     |  out|   32|  ap_ctrl_hs|  find_best_move|  return value|
|ap_return_1     |  out|   32|  ap_ctrl_hs|  find_best_move|  return value|
|ap_return_2     |  out|   32|  ap_ctrl_hs|  find_best_move|  return value|
|ap_return_3     |  out|   32|  ap_ctrl_hs|  find_best_move|  return value|
|k1              |   in|   32|     ap_none|              k1|        scalar|
|k2              |   in|   32|     ap_none|              k2|        scalar|
|M_rows          |   in|   32|     ap_none|          M_rows|       pointer|
|M_t_i           |   in|   32|     ap_ovld|             M_t|       pointer|
|M_t_o           |  out|   32|     ap_ovld|             M_t|       pointer|
|M_t_o_ap_vld    |  out|    1|     ap_ovld|             M_t|       pointer|
|M_cols          |   in|   32|     ap_none|          M_cols|       pointer|
|M_e_0_address0  |  out|   15|   ap_memory|           M_e_0|         array|
|M_e_0_ce0       |  out|    1|   ap_memory|           M_e_0|         array|
|M_e_0_we0       |  out|    1|   ap_memory|           M_e_0|         array|
|M_e_0_d0        |  out|   32|   ap_memory|           M_e_0|         array|
|M_e_0_q0        |   in|   32|   ap_memory|           M_e_0|         array|
|M_e_1_address0  |  out|   15|   ap_memory|           M_e_1|         array|
|M_e_1_ce0       |  out|    1|   ap_memory|           M_e_1|         array|
|M_e_1_we0       |  out|    1|   ap_memory|           M_e_1|         array|
|M_e_1_d0        |  out|   32|   ap_memory|           M_e_1|         array|
|M_e_1_q0        |   in|   32|   ap_memory|           M_e_1|         array|
|M_e_2_address0  |  out|   15|   ap_memory|           M_e_2|         array|
|M_e_2_ce0       |  out|    1|   ap_memory|           M_e_2|         array|
|M_e_2_we0       |  out|    1|   ap_memory|           M_e_2|         array|
|M_e_2_d0        |  out|   32|   ap_memory|           M_e_2|         array|
|M_e_2_q0        |   in|   32|   ap_memory|           M_e_2|         array|
|M_e_3_address0  |  out|   15|   ap_memory|           M_e_3|         array|
|M_e_3_ce0       |  out|    1|   ap_memory|           M_e_3|         array|
|M_e_3_we0       |  out|    1|   ap_memory|           M_e_3|         array|
|M_e_3_d0        |  out|   32|   ap_memory|           M_e_3|         array|
|M_e_3_q0        |   in|   32|   ap_memory|           M_e_3|         array|
|M_t_capacity    |   in|   32|     ap_none|    M_t_capacity|       pointer|
+----------------+-----+-----+------------+----------------+--------------+

