

================================================================
== Vitis HLS Report for 'load_matrix_from_dram_Pipeline_VITIS_LOOP_49_1_VITIS_LOOP_51_2'
================================================================
* Date:           Sun Feb 22 21:56:51 2026

* Version:        2025.1 (Build 6135595 on May 21 2025)
* Project:        ASIC
* Solution:       hls (Vivado IP Flow Target)
* Product family: artix7
* Target device:  xc7a200t-fbg676-1


================================================================
== Performance Estimates
================================================================
+ Timing: 
    * Summary: 
    +--------+----------+----------+------------+
    |  Clock |  Target  | Estimated| Uncertainty|
    +--------+----------+----------+------------+
    |ap_clk  |  10.00 ns|  7.195 ns|     1.00 ns|
    +--------+----------+----------+------------+

+ Latency: 
    * Summary: 
    +---------+---------+----------+----------+--------+--------+------------------------------------------------+
    |  Latency (cycles) |  Latency (absolute) |     Interval    |                    Pipeline                    |
    |   min   |   max   |    min   |    max   |   min  |   max  |                      Type                      |
    +---------+---------+----------+----------+--------+--------+------------------------------------------------+
    |   102402|   102402|  1.024 ms|  1.024 ms|  102401|  102401|  loop auto-rewind stp (delay=0 clock cycles(s))|
    +---------+---------+----------+----------+--------+--------+------------------------------------------------+

    + Detail: 
        * Instance: 
        N/A

        * Loop: 
        +-----------------------------------+---------+---------+----------+-----------+-----------+--------+----------+
        |                                   |  Latency (cycles) | Iteration|  Initiation Interval  |  Trip  |          |
        |             Loop Name             |   min   |   max   |  Latency |  achieved |   target  |  Count | Pipelined|
        +-----------------------------------+---------+---------+----------+-----------+-----------+--------+----------+
        |- VITIS_LOOP_49_1_VITIS_LOOP_51_2  |   102400|   102400|         2|          1|          1|  102400|       yes|
        +-----------------------------------+---------+---------+----------+-----------+-----------+--------+----------+



================================================================
== Utilization Estimates
================================================================
* Summary: 
+-----------------+---------+-----+--------+--------+-----+
|       Name      | BRAM_18K| DSP |   FF   |   LUT  | URAM|
+-----------------+---------+-----+--------+--------+-----+
|DSP              |        -|    -|       -|       -|    -|
|Expression       |        -|    -|       0|     146|    -|
|FIFO             |        -|    -|       -|       -|    -|
|Instance         |        -|    -|       -|       -|    -|
|Memory           |        -|    -|       -|       -|    -|
|Multiplexer      |        -|    -|       0|      54|    -|
|Register         |        -|    -|      56|       -|    -|
+-----------------+---------+-----+--------+--------+-----+
|Total            |        0|    0|      56|     200|    0|
+-----------------+---------+-----+--------+--------+-----+
|Available        |      730|  740|  269200|  134600|    0|
+-----------------+---------+-----+--------+--------+-----+
|Utilization (%)  |        0|    0|      ~0|      ~0|    0|
+-----------------+---------+-----+--------+--------+-----+

+ Detail: 
    * Instance: 
    N/A

    * DSP: 
    N/A

    * Memory: 
    N/A

    * FIFO: 
    N/A

    * Expression: 
    +-------------------------+----------+----+---+----+------------+------------+
    |      Variable Name      | Operation| DSP| FF| LUT| Bitwidth P0| Bitwidth P1|
    +-------------------------+----------+----+---+----+------------+------------+
    |add_ln49_1_fu_160_p2     |         +|   0|  0|  24|          17|           1|
    |add_ln49_fu_172_p2       |         +|   0|  0|  16|           9|           1|
    |add_ln51_1_fu_220_p2     |         +|   0|  0|  15|          15|          15|
    |add_ln51_fu_260_p2       |         +|   0|  0|  16|           9|           1|
    |add_ln53_fu_244_p2       |         +|   0|  0|  15|          15|          15|
    |icmp_ln49_fu_154_p2      |      icmp|   0|  0|  24|          17|          16|
    |icmp_ln51_fu_178_p2      |      icmp|   0|  0|  16|           9|           9|
    |select_ln49_1_fu_192_p3  |    select|   0|  0|   9|           1|           9|
    |select_ln49_fu_184_p3    |    select|   0|  0|   9|           1|           1|
    |ap_enable_pp0            |       xor|   0|  0|   2|           1|           2|
    +-------------------------+----------+----+---+----+------------+------------+
    |Total                    |          |   0|  0| 146|          94|          70|
    +-------------------------+----------+----+---+----+------------+------------+

    * Multiplexer: 
    +-------------------------+----+-----------+-----+-----------+
    |           Name          | LUT| Input Size| Bits| Total Bits|
    +-------------------------+----+-----------+-----+-----------+
    |ap_done_int              |   9|          2|    1|          2|
    |ap_enable_reg_pp0_iter1  |   9|          2|    1|          2|
    |ap_enable_reg_pp0_iter2  |   9|          2|    1|          2|
    |c_fu_68                  |   9|          2|    9|         18|
    |indvar_flatten_fu_76     |   9|          2|   17|         34|
    |r_fu_72                  |   9|          2|    9|         18|
    +-------------------------+----+-----------+-----+-----------+
    |Total                    |  54|         12|   38|         76|
    +-------------------------+----+-----------+-----+-----------+

    * Register: 
    +-------------------------+----+----+-----+-----------+
    |           Name          | FF | LUT| Bits| Const Bits|
    +-------------------------+----+----+-----+-----------+
    |add_ln53_reg_316         |  15|   0|   15|          0|
    |ap_CS_fsm                |   1|   0|    1|          0|
    |ap_done_reg              |   1|   0|    1|          0|
    |ap_enable_reg_pp0_iter1  |   1|   0|    1|          0|
    |ap_enable_reg_pp0_iter2  |   1|   0|    1|          0|
    |c_fu_68                  |   9|   0|    9|          0|
    |indvar_flatten_fu_76     |  17|   0|   17|          0|
    |r_fu_72                  |   9|   0|    9|          0|
    |trunc_ln51_reg_312       |   2|   0|    2|          0|
    +-------------------------+----+----+-----+-----------+
    |Total                    |  56|   0|   56|          0|
    +-------------------------+----+----+-----+-----------+



================================================================
== Interface
================================================================
* Summary: 
+----------------+-----+-----+------------+----------------------------------------------------------------+--------------+
|    RTL Ports   | Dir | Bits|  Protocol  |                          Source Object                         |    C Type    |
+----------------+-----+-----+------------+----------------------------------------------------------------+--------------+
|ap_clk          |   in|    1|  ap_ctrl_hs|  load_matrix_from_dram_Pipeline_VITIS_LOOP_49_1_VITIS_LOOP_51_2|  return value|
|ap_rst          |   in|    1|  ap_ctrl_hs|  load_matrix_from_dram_Pipeline_VITIS_LOOP_49_1_VITIS_LOOP_51_2|  return value|
|ap_start        |   in|    1|  ap_ctrl_hs|  load_matrix_from_dram_Pipeline_VITIS_LOOP_49_1_VITIS_LOOP_51_2|  return value|
|ap_done         |  out|    1|  ap_ctrl_hs|  load_matrix_from_dram_Pipeline_VITIS_LOOP_49_1_VITIS_LOOP_51_2|  return value|
|ap_idle         |  out|    1|  ap_ctrl_hs|  load_matrix_from_dram_Pipeline_VITIS_LOOP_49_1_VITIS_LOOP_51_2|  return value|
|ap_ready        |  out|    1|  ap_ctrl_hs|  load_matrix_from_dram_Pipeline_VITIS_LOOP_49_1_VITIS_LOOP_51_2|  return value|
|M_e_0_address0  |  out|   15|   ap_memory|                                                           M_e_0|         array|
|M_e_0_ce0       |  out|    1|   ap_memory|                                                           M_e_0|         array|
|M_e_0_we0       |  out|    1|   ap_memory|                                                           M_e_0|         array|
|M_e_0_d0        |  out|   32|   ap_memory|                                                           M_e_0|         array|
|M_e_1_address0  |  out|   15|   ap_memory|                                                           M_e_1|         array|
|M_e_1_ce0       |  out|    1|   ap_memory|                                                           M_e_1|         array|
|M_e_1_we0       |  out|    1|   ap_memory|                                                           M_e_1|         array|
|M_e_1_d0        |  out|   32|   ap_memory|                                                           M_e_1|         array|
|M_e_2_address0  |  out|   15|   ap_memory|                                                           M_e_2|         array|
|M_e_2_ce0       |  out|    1|   ap_memory|                                                           M_e_2|         array|
|M_e_2_we0       |  out|    1|   ap_memory|                                                           M_e_2|         array|
|M_e_2_d0        |  out|   32|   ap_memory|                                                           M_e_2|         array|
|M_e_3_address0  |  out|   15|   ap_memory|                                                           M_e_3|         array|
|M_e_3_ce0       |  out|    1|   ap_memory|                                                           M_e_3|         array|
|M_e_3_we0       |  out|    1|   ap_memory|                                                           M_e_3|         array|
|M_e_3_d0        |  out|   32|   ap_memory|                                                           M_e_3|         array|
+----------------+-----+-----+------------+----------------------------------------------------------------+--------------+

