INFO: [SIM 2] *************** CSIM start ***************
INFO: [SIM 4] CSIM will launch CLANG as the compiler.
   Compiling ../../../../tb_fmm_hls.cpp in debug mode
   Compiling ../../../../fmm_hls_greedy_potential.cpp in debug mode
   Generating csim.exe
TB debug: full-matrix + per-iteration trace comparison

=== Test 0 ===
Original (rows=6 cols=8 t=0 tcap=64)
    1    2    3    0    0    0    0    0
    1    2    3    0    0    0    0    0
    0    0    0    4    1    2    0    0
    0    0    0   -4   -1   -2    0    0
    0    0    0    0    0    0    7    0
    0    0    0    0    0    0    0    9
CPU initial additions = 6
Kernel output (original region) (rows=6 cols=8 t=0 tcap=64)
    0    0    0    0    0    0    0    0
    0    0    0    0    0    0    0    0
    0    0    0    0    0    0    0    0
    0    0    0    0    0    0    0    0
    0    0    0    0    0    0    7    0
    0    0    0    0    0    0    0    9
CPU reference (original region + t-space might be present in ref) (rows=6 cols=8 t=2 tcap=64)
    0    0    0    0    0    0    0    0
    0    0    0    0    0    0    0    0
    0    0    0    0    0    0    0    0
    0    0    0    0    0    0    0    0
    0    0    0    0    0    0    7    0
    0    0    0    0    0    0    0    9
CPU final additions = 2

Kernel trace (iter,r1,r2,sign,adds):
(0,-1,-1,0,6)
(1,0,1,1,4)
(2,2,3,-1,2)

CPU trace (iter,r1,r2,sign,adds):
(0,-1,-1,0,6)
(1,0,1,1,4)
(2,2,3,-1,2)

TRACE MATCH: kernel and CPU have identical per-iteration sequences.
MATRIX MATCH: kernel original-region equals CPU original-region.

=== Test 1 ===
Original (rows=16 cols=32 t=0 tcap=64)
    0    0    0    0    0    0    0    0    0    0    0    0   -5    0    0    0    0    0    0    0    0    0    0    0    0    0    0    0   -1    0    0    0
    0    0    0    0    0   -3    0    0    0    0    0   -1    0    0    0    0    0    0    0    0    3    0    0    0    0    4    0   -3    0    0    0    0
    0    0    1    0    0    0    0    0    0   -4    0    0    0    0    0    0    0    0    0    0    0    0    0    0   -6    0    0    0    0    5    0    0
    0    3    0    0    0    0    0    0    0    0    0    0    0    0    0    0    0    0    0    0    0    4    0    0    0    0   -2    0    0    0    0   -6
    0    0    0    0    0    0    0    0    0    0    0    0    0    0    0    0    0    0    0    0    0    0    0    0    0    0    0    0    0    0    0    0
    0    0    0    0    0    0    0    0    0    0    0    0    0    0    0   -4    0   -5    0   -4    0    0    0    0    6    0    0    0    0    0    0    0
    0    0    0    0    0    0    0    0    0    0    0    0    0    0    0    0    0    0    0    0    0    0    0    0    0    0    0    0    0    0    0    0
    0    0    0   -2    0    0    2    0    0    0    0    0    0    0    0    5    0    0    0    0    0    0    0    0    0    0    0    0    0    0    0    0
    0    0    0    0    0    0    0    0    0    0    0    5    0    0    0    0    0    0    0    0    0    2    0    0    0    0   -5    0    0    0    0    0
   -3    0    0    0    0    0    0    4    0    0    0    0    0    0    0    0    0    0    0    0    0    0    0    0    0    0    0    0    0    0    0    0
    0    0    0    0    0    0    0    0    0   -6    0    0    4    0    2    0    0    0    0    0    0    0    0    0    0    0    0    4    0    0    0    0
    0    0    0    0   -5    0    0    0   -5    0    0    0    0    0    0    0    0    0    0    0    0    0    0    0    0    0    0    0    0    6    0    0
    0    0   -2    0    0    0    0    0    0    0    0    0    0    0    0    0    0    0    0    0    0    0    4    0    0    0    0    0    0    0    0    0
    0    0    0    0    0   -1    0    0    0    0    0    0   -6    2    0    0    0    0    0   -2    0    0    0    0    0    0    0    0   -1    0    0    0
    0    6    0    0    0    0    6    0    0    0    0    0    0    0    0    0    0    0    0    0    0    0    0    0    0    0    0    0    0    0    0    0
    0    0    0    0    0   -3    0    0    0    0    0    0    0    0    0    0    0    0   -5    0   -4    0    6    0    0    0    0    0    0    0    3    0
CPU initial additions = 19
Kernel output (original region) (rows=16 cols=32 t=0 tcap=64)
    0    0    0    0    0    0    0    0    0    0    0    0   -5    0    0    0    0    0    0    0    0    0    0    0    0    0    0    0   -1    0    0    0
    0    0    0    0    0   -3    0    0    0    0    0   -1    0    0    0    0    0    0    0    0    3    0    0    0    0    4    0   -3    0    0    0    0
    0    0    1    0    0    0    0    0    0   -4    0    0    0    0    0    0    0    0    0    0    0    0    0    0   -6    0    0    0    0    5    0    0
    0    3    0    0    0    0    0    0    0    0    0    0    0    0    0    0    0    0    0    0    0    4    0    0    0    0   -2    0    0    0    0   -6
    0    0    0    0    0    0    0    0    0    0    0    0    0    0    0    0    0    0    0    0    0    0    0    0    0    0    0    0    0    0    0    0
    0    0    0    0    0    0    0    0    0    0    0    0    0    0    0   -4    0   -5    0   -4    0    0    0    0    6    0    0    0    0    0    0    0
    0    0    0    0    0    0    0    0    0    0    0    0    0    0    0    0    0    0    0    0    0    0    0    0    0    0    0    0    0    0    0    0
    0    0    0   -2    0    0    2    0    0    0    0    0    0    0    0    5    0    0    0    0    0    0    0    0    0    0    0    0    0    0    0    0
    0    0    0    0    0    0    0    0    0    0    0    5    0    0    0    0    0    0    0    0    0    2    0    0    0    0   -5    0    0    0    0    0
   -3    0    0    0    0    0    0    4    0    0    0    0    0    0    0    0    0    0    0    0    0    0    0    0    0    0    0    0    0    0    0    0
    0    0    0    0    0    0    0    0    0   -6    0    0    4    0    2    0    0    0    0    0    0    0    0    0    0    0    0    4    0    0    0    0
    0    0    0    0   -5    0    0    0   -5    0    0    0    0    0    0    0    0    0    0    0    0    0    0    0    0    0    0    0    0    6    0    0
    0    0   -2    0    0    0    0    0    0    0    0    0    0    0    0    0    0    0    0    0    0    0    4    0    0    0    0    0    0    0    0    0
    0    0    0    0    0   -1    0    0    0    0    0    0   -6    2    0    0    0    0    0   -2    0    0    0    0    0    0    0    0   -1    0    0    0
    0    6    0    0    0    0    6    0    0    0    0    0    0    0    0    0    0    0    0    0    0    0    0    0    0    0    0    0    0    0    0    0
    0    0    0    0    0   -3    0    0    0    0    0    0    0    0    0    0    0    0   -5    0   -4    0    6    0    0    0    0    0    0    0    3    0
CPU reference (original region + t-space might be present in ref) (rows=16 cols=32 t=0 tcap=64)
    0    0    0    0    0    0    0    0    0    0    0    0   -5    0    0    0    0    0    0    0    0    0    0    0    0    0    0    0   -1    0    0    0
    0    0    0    0    0   -3    0    0    0    0    0   -1    0    0    0    0    0    0    0    0    3    0    0    0    0    4    0   -3    0    0    0    0
    0    0    1    0    0    0    0    0    0   -4    0    0    0    0    0    0    0    0    0    0    0    0    0    0   -6    0    0    0    0    5    0    0
    0    3    0    0    0    0    0    0    0    0    0    0    0    0    0    0    0    0    0    0    0    4    0    0    0    0   -2    0    0    0    0   -6
    0    0    0    0    0    0    0    0    0    0    0    0    0    0    0    0    0    0    0    0    0    0    0    0    0    0    0    0    0    0    0    0
    0    0    0    0    0    0    0    0    0    0    0    0    0    0    0   -4    0   -5    0   -4    0    0    0    0    6    0    0    0    0    0    0    0
    0    0    0    0    0    0    0    0    0    0    0    0    0    0    0    0    0    0    0    0    0    0    0    0    0    0    0    0    0    0    0    0
    0    0    0   -2    0    0    2    0    0    0    0    0    0    0    0    5    0    0    0    0    0    0    0    0    0    0    0    0    0    0    0    0
    0    0    0    0    0    0    0    0    0    0    0    5    0    0    0    0    0    0    0    0    0    2    0    0    0    0   -5    0    0    0    0    0
   -3    0    0    0    0    0    0    4    0    0    0    0    0    0    0    0    0    0    0    0    0    0    0    0    0    0    0    0    0    0    0    0
    0    0    0    0    0    0    0    0    0   -6    0    0    4    0    2    0    0    0    0    0    0    0    0    0    0    0    0    4    0    0    0    0
    0    0    0    0   -5    0    0    0   -5    0    0    0    0    0    0    0    0    0    0    0    0    0    0    0    0    0    0    0    0    6    0    0
    0    0   -2    0    0    0    0    0    0    0    0    0    0    0    0    0    0    0    0    0    0    0    4    0    0    0    0    0    0    0    0    0
    0    0    0    0    0   -1    0    0    0    0    0    0   -6    2    0    0    0    0    0   -2    0    0    0    0    0    0    0    0   -1    0    0    0
    0    6    0    0    0    0    6    0    0    0    0    0    0    0    0    0    0    0    0    0    0    0    0    0    0    0    0    0    0    0    0    0
    0    0    0    0    0   -3    0    0    0    0    0    0    0    0    0    0    0    0   -5    0   -4    0    6    0    0    0    0    0    0    0    3    0
CPU final additions = 19

Kernel trace (iter,r1,r2,sign,adds):
(0,-1,-1,0,19)

CPU trace (iter,r1,r2,sign,adds):
(0,-1,-1,0,19)

TRACE MATCH: kernel and CPU have identical per-iteration sequences.
MATRIX MATCH: kernel original-region equals CPU original-region.

All tests completed.
INFO: [SIM 1] CSim done with 0 errors.
INFO: [SIM 3] *************** CSIM finish ***************
