INFO: [SIM 2] *************** CSIM start ***************
INFO: [SIM 4] CSIM will launch CLANG as the compiler.
   Compiling ../../../../gp.cpp in debug mode
   Generating csim.exe
fmm_reduce_kernel testbench

=== Handcrafted (k1=5,k2=1) ===
Input (rows=6 cols=8 t=0 tcap=64)
    1    2    3    0    0    0    0    0
    1    2    3    0    0    0    0    0
    0    0    0    4    1    2    0    0
    0    0    0   -4   -1   -2    0    0
    0    0    0    0    0    0    7    0
    0    0    0    0    0    0    0    9
Additions before: 6
Kernel output (original region) (rows=6 cols=8 t=0 tcap=64)
    0    0    0    0    0    0    0    0
    0    0    0    0    0    0    0    0
    0    0    0    0    0    0    0    0
    0    0    0    0    0    0    0    0
    0    0    0    0    0    0    7    0
    0    0    0    0    0    0    0    9
CPU reference (original region) (rows=6 cols=8 t=2 tcap=64)
    0    0    0    0    0    0    0    0
    0    0    0    0    0    0    0    0
    0    0    0    0    0    0    0    0
    0    0    0    0    0    0    0    0
    0    0    0    0    0    0    7    0
    0    0    0    0    0    0    0    9
Additions after (original region) — kernel: 0  CPU ref: 0
CPU full additions (incl. t-space): 2
PASS: kernel original-region matches CPU reference.

=== Random 16x32 (k1=5,k2=1) ===
Input (rows=16 cols=32 t=0 tcap=64)
    0    0    0    0    0    0    0    0    0    0    0    0   -5    0    0    0    0    0    0    0    0    0    0    0    0    0    0    0   -1    0    0    0
    0    0    0    0    0   -3    0    0    0    0    0   -1    0    0    0    0    0    0    0    0    3    0    0    0    0    4    0   -3    0    0    0    0
    0    0    1    0    0    0    0    0    0   -4    0    0    0    0    0    0    0    0    0    0    0    0    0    0   -6    0    0    0    0    5    0    0
    0    3    0    0    0    0    0    0    0    0    0    0    0    0    0    0    0    0    0    0    0    4    0    0    0    0   -2    0    0    0    0   -6
    0    0    0    0    0    0    0    0    0    0    0    0    0    0    0    0    0    0    0    0    0    0    0    0    0    0    0    0    0    0    0    0
    0    0    0    0    0    0    0    0    0    0    0    0    0    0    0   -4    0   -5    0   -4    0    0    0    0    6    0    0    0    0    0    0    0
    0    0    0    0    0    0    0    0    0    0    0    0    0    0    0    0    0    0    0    0    0    0    0    0    0    0    0    0    0    0    0    0
    0    0    0   -2    0    0    2    0    0    0    0    0    0    0    0    5    0    0    0    0    0    0    0    0    0    0    0    0    0    0    0    0
    0    0    0    0    0    0    0    0    0    0    0    5    0    0    0    0    0    0    0    0    0    2    0    0    0    0   -5    0    0    0    0    0
   -3    0    0    0    0    0    0    4    0    0    0    0    0    0    0    0    0    0    0    0    0    0    0    0    0    0    0    0    0    0    0    0
    0    0    0    0    0    0    0    0    0   -6    0    0    4    0    2    0    0    0    0    0    0    0    0    0    0    0    0    4    0    0    0    0
    0    0    0    0   -5    0    0    0   -5    0    0    0    0    0    0    0    0    0    0    0    0    0    0    0    0    0    0    0    0    6    0    0
    0    0   -2    0    0    0    0    0    0    0    0    0    0    0    0    0    0    0    0    0    0    0    4    0    0    0    0    0    0    0    0    0
    0    0    0    0    0   -1    0    0    0    0    0    0   -6    2    0    0    0    0    0   -2    0    0    0    0    0    0    0    0   -1    0    0    0
    0    6    0    0    0    0    6    0    0    0    0    0    0    0    0    0    0    0    0    0    0    0    0    0    0    0    0    0    0    0    0    0
    0    0    0    0    0   -3    0    0    0    0    0    0    0    0    0    0    0    0   -5    0   -4    0    6    0    0    0    0    0    0    0    3    0
Additions before: 19
Kernel output (original region) (rows=16 cols=32 t=0 tcap=64)
    0    0    0    0    0    0    0    0    0    0    0    0   -5    0    0    0    0    0    0    0    0    0    0    0    0    0    0    0   -1    0    0    0
    0    0    0    0    0   -3    0    0    0    0    0   -1    0    0    0    0    0    0    0    0    3    0    0    0    0    4    0   -3    0    0    0    0
    0    0    1    0    0    0    0    0    0   -4    0    0    0    0    0    0    0    0    0    0    0    0    0    0   -6    0    0    0    0    5    0    0
    0    3    0    0    0    0    0    0    0    0    0    0    0    0    0    0    0    0    0    0    0    4    0    0    0    0   -2    0    0    0    0   -6
    0    0    0    0    0    0    0    0    0    0    0    0    0    0    0    0    0    0    0    0    0    0    0    0    0    0    0    0    0    0    0    0
    0    0    0    0    0    0    0    0    0    0    0    0    0    0    0   -4    0   -5    0   -4    0    0    0    0    6    0    0    0    0    0    0    0
    0    0    0    0    0    0    0    0    0    0    0    0    0    0    0    0    0    0    0    0    0    0    0    0    0    0    0    0    0    0    0    0
    0    0    0   -2    0    0    2    0    0    0    0    0    0    0    0    5    0    0    0    0    0    0    0    0    0    0    0    0    0    0    0    0
    0    0    0    0    0    0    0    0    0    0    0    5    0    0    0    0    0    0    0    0    0    2    0    0    0    0   -5    0    0    0    0    0
   -3    0    0    0    0    0    0    4    0    0    0    0    0    0    0    0    0    0    0    0    0    0    0    0    0    0    0    0    0    0    0    0
    0    0    0    0    0    0    0    0    0   -6    0    0    4    0    2    0    0    0    0    0    0    0    0    0    0    0    0    4    0    0    0    0
    0    0    0    0   -5    0    0    0   -5    0    0    0    0    0    0    0    0    0    0    0    0    0    0    0    0    0    0    0    0    6    0    0
    0    0   -2    0    0    0    0    0    0    0    0    0    0    0    0    0    0    0    0    0    0    0    4    0    0    0    0    0    0    0    0    0
    0    0    0    0    0   -1    0    0    0    0    0    0   -6    2    0    0    0    0    0   -2    0    0    0    0    0    0    0    0   -1    0    0    0
    0    6    0    0    0    0    6    0    0    0    0    0    0    0    0    0    0    0    0    0    0    0    0    0    0    0    0    0    0    0    0    0
    0    0    0    0    0   -3    0    0    0    0    0    0    0    0    0    0    0    0   -5    0   -4    0    6    0    0    0    0    0    0    0    3    0
CPU reference (original region) (rows=16 cols=32 t=0 tcap=64)
    0    0    0    0    0    0    0    0    0    0    0    0   -5    0    0    0    0    0    0    0    0    0    0    0    0    0    0    0   -1    0    0    0
    0    0    0    0    0   -3    0    0    0    0    0   -1    0    0    0    0    0    0    0    0    3    0    0    0    0    4    0   -3    0    0    0    0
    0    0    1    0    0    0    0    0    0   -4    0    0    0    0    0    0    0    0    0    0    0    0    0    0   -6    0    0    0    0    5    0    0
    0    3    0    0    0    0    0    0    0    0    0    0    0    0    0    0    0    0    0    0    0    4    0    0    0    0   -2    0    0    0    0   -6
    0    0    0    0    0    0    0    0    0    0    0    0    0    0    0    0    0    0    0    0    0    0    0    0    0    0    0    0    0    0    0    0
    0    0    0    0    0    0    0    0    0    0    0    0    0    0    0   -4    0   -5    0   -4    0    0    0    0    6    0    0    0    0    0    0    0
    0    0    0    0    0    0    0    0    0    0    0    0    0    0    0    0    0    0    0    0    0    0    0    0    0    0    0    0    0    0    0    0
    0    0    0   -2    0    0    2    0    0    0    0    0    0    0    0    5    0    0    0    0    0    0    0    0    0    0    0    0    0    0    0    0
    0    0    0    0    0    0    0    0    0    0    0    5    0    0    0    0    0    0    0    0    0    2    0    0    0    0   -5    0    0    0    0    0
   -3    0    0    0    0    0    0    4    0    0    0    0    0    0    0    0    0    0    0    0    0    0    0    0    0    0    0    0    0    0    0    0
    0    0    0    0    0    0    0    0    0   -6    0    0    4    0    2    0    0    0    0    0    0    0    0    0    0    0    0    4    0    0    0    0
    0    0    0    0   -5    0    0    0   -5    0    0    0    0    0    0    0    0    0    0    0    0    0    0    0    0    0    0    0    0    6    0    0
    0    0   -2    0    0    0    0    0    0    0    0    0    0    0    0    0    0    0    0    0    0    0    4    0    0    0    0    0    0    0    0    0
    0    0    0    0    0   -1    0    0    0    0    0    0   -6    2    0    0    0    0    0   -2    0    0    0    0    0    0    0    0   -1    0    0    0
    0    6    0    0    0    0    6    0    0    0    0    0    0    0    0    0    0    0    0    0    0    0    0    0    0    0    0    0    0    0    0    0
    0    0    0    0    0   -3    0    0    0    0    0    0    0    0    0    0    0    0   -5    0   -4    0    6    0    0    0    0    0    0    0    3    0
Additions after (original region) — kernel: 19  CPU ref: 19
CPU full additions (incl. t-space): 19
PASS: kernel original-region matches CPU reference.

=== Random 32x64 (k1=5,k2=1) ===
Input (rows=32 cols=64 t=0 tcap=64)
   -2    0    0    0    0    0    0    0    0    1    0    0    0    0    0    1    0    0   -2    0    0    0    0    0   -2    0    0    0    0    3    0    0    0   -2    0   -3    0    0    0    0    0    0    0    1    0    1    0    0    0    0    0    3    0    0    0    0   -2    0    0    0    0    0    0    0
    0   -3    0    0   -3    0    0    0    0    0    0    0    0    3    0    0    0    0    0    0    0    0    0    0    0   -2    0    0    0    0    0    0    0    0    0    0    0    0    0    0    3    0    0    0    0    0    0    0    1    0    0    0    0    0    0    0    1    0    0    0    0    0    0    0
    0    0    0    0    0    0    0   -2    0    0    0    0    0    0    0    0   -3   -2   -1    0    0    0    0    0   -2    0   -1    0    0    0   -1    0    0    0    0    0    0    0    3    0    0    0    0    0    0    0    0    0    0    0    0   -3    0   -3    3    0    0    0    0    0    0    0    0    1
   -3    0   -3    0    0    2    0    0    0   -3    0   -3    0    0    3    0    0    0    0    1    0    0    0    0    0    0    0    0    0    0    0    0    0    0    0    0    0    0    0    0    0    0    0    0    0    0    0    0    0    0    0    0    1    0   -2    0   -3    0    0    0    3    0    0    0
    0    0    0    0    0    0    0    0    0    0    2    3    0    0    0    0    0    0    0    3    0    0    0    0    0    2   -1    0    0    2    0    0    0    0    2    0    3    0    0    0    0    0    0    0    0    0    0    0    0    0   -1    0    0    0    0    0    0    0    0    0    0    0    0    0
    0    0    0    0    0    0    0    0    0    0    0    0    0    0    0   -2    0    0    0    0    1    0    0    0    0    0    0    0    1    0    0    0    0    1    0    0    0    0    0    0    0    3    1    0    0    0    1    0    0    0   -3    2    2    0    0    0    0    0    0    0   -2    0   -1    0
    0    0    0    0    0    3    0    0    0    0    0    0    0    0    0    0    0    0   -3    0   -1    0    0    0    0    0    0    0    0    0    0    2    0    0    0    0    0    0   -2    0    3    0    0    0    0    1    0    0    0    0    0    0    0    0    0    0   -2    0   -2    0    0    0    0   -3
    0    0   -3    0   -3    0    0    0    0    0    0   -2    0   -2    0    0    0    0    0   -2    0    2   -3   -1    0    0    2   -3   -3    0    0    0    0    0    0    0    0    0    0    0    0    0    0    0   -1    0    0    3    0    2   -1    0    0    2    0    0    0    0    0    0    0   -3    0    0
    0    0   -3    0    0    0    0    1    0    0    0    0    0    0    0    0    0    0    0    0    0    0    0    0   -3    0    0    0    0    0    0    0    0    0    0    0    0   -1    0    3    0    0    3    0    0    0    1    0    0    0    1    0    0    0    1    0    0    0    0    0   -2    2    0    0
    0    0    0    0    0    0    0    0    0    0    0    0    0    0   -2    0    0    0    0    0    0    0    0    1    2    1    0    3    0    0    0    0    0    0    0    0    0    0    0   -1    0    0    0    0    0    0    0    0    0   -1    0    3   -2    0   -1    3    0    0    2    0    0    0   -3    2
    2    0    0    0   -1   -1    1    0    0    1    0    2    0   -1    0    0    0    0    0    0    0    0    1    1    0    0    3    0    0    0    0    0    0    0    0    0    0    0    0    0    0    0    0    0    0    0    0    0    0   -2    0   -3    0    0    0    0    0    0    0    0    2    0    0   -1
   -1    0    0    0    0    0    0    0    0    0    0    3   -2    0    0    2    0    0    0    0    0    0    0    0    0    0    0    0   -2    0    0    0    0    0    0    3    0    0    0    0    0    0    0    0    0    0    0    3    2   -2    0    0   -3    0    0    0    0    0   -1   -2    0    0    0   -2
    0   -3    0    0   -1    0    0    0    0    0   -3    0    0    0    0   -1    0    0   -3    0    0    2    0    0    0    0   -2   -2    0    0   -3    0    0    0    0    0    0    0    0    0    0   -1    0    0    0    0    1    0   -3    0    0    3    0    0    0    0    0    0    0    0    0    0    0    0
    0    0    0   -2    0    0    0    0    0    0    0    0   -3    0    0    0    0    0    0    0    0   -2    0    0    0    0    0    0    0    1    0    0    0    2   -3    0    0    0    0    0    0    0    0    0   -2    0    0    3   -2    0    0    0    0    3    0    0    0    0    0   -2    3    0    0    0
    0    0    0    0    0    0    0    0   -1    2    0    0    0    0    0    3    0    0    0    0    0    0   -3    2    0    0    0    0    0   -2    3    0    0    0    0    0    0    0    0    0    0    1    0    0    0    0    0    0    0    0    0    0    0    0    0    0    0    0    0    0    0    0    0    2
    0    0    0    0    0    1    0   -1   -1    0    1    0    0    0    0    0    1    0    2    0    0    3   -3    1    0    0   -3    0    0    0    0    0    0    0    0    0    0    0    0    0    0    0    1    0    0    0    0    0   -1    0    0    1    0    0    0    0    0    0    0    3    0    0    0    0
    0   -2    0    0    0    0    1    0    0    0    3    0    3    0    0    0    0    3    0    2    0    1    0    0    0    0    0    0    0    0    0    0    0    1    0    0    0    0    0    0    0    0    0    0    0    0    0    0    0    0    0    0    0    0    0    0    0    0    0    0    0   -2    0    0
    0    0   -1   -3    0    0    3   -3    0    1    0    0    1    0    0    2    0    0    0    0    0    0    0    0    2    0    0    0   -1    0    0    0    0    0   -3   -2    0    0    0    0    0    0    0    0    0    0    0    0    0    0   -2    0    0    0    0    0    0    1   -2    0    0    0    0    0
    0    2    0    0    0    0    0    0    0   -2    2    0    0    0    0    0    0    2   -2    0    0    0    0   -1    0    0    1    0    0    0    0    0    0    0    3    0    0    0   -3   -2    0    0    0    0    0    1    0    0    0    0    0    0    1    0   -3    0    0    0    0    0    1    0    0    0
    0    0    0    0    0    2   -2    0   -1    1    0   -3    0    1    0    0    0    0    0    0    3    1    0   -1   -1    0    0    0    0    0    0   -3    2    0    0    0    0    0    0    0    0    0    0    0    0    0    0   -1    0    0    1    0    0    0    0    0    0    0   -3    0    0    0    0   -1
    3   -2    0    0   -2   -3    0    0    0    0    0    0    0    0    0    0    0    0    1    0    0    0    0    0    0    0    0    1    0    0    0    0    0    0    0    0    0    0    0    0    0   -3    0    0   -1    0    1    0    0    0    0    0    3    0    0   -1   -3    0    0    0    0    0    0    0
    0    0    0    0    0    0    1    0    0    0    0    0    0    3    0    0    0    0    2    0    3    0    0    0    0    2    0    1    1    0    3    1    0    0    3    0    0    0    0   -2    0   -1    0    0    0    0    0    0   -1   -3    0    0    0    0    0    2    0    0    0    0    0    0    0    0
    0    0    0    0    0    0    0   -3    0    0    0    1    0    0    0    0    0    0    0    0    0    0    0    0    0    0    0    3    2    0    0    0    0    2    0    0    0    0    0    0    0    0    0    0    0    0   -3    0    0    1    0    3    0    0    0    0    0    0    0    1    0   -3    1    0
    0    0    3    0    0    0    0    0    0    0    3    0    0    0    0    0    0    0    0    0    2    0    0    3    0    0    0    0    0    0    0    0    0    0    0    1    0    0    0    0    0    0    0    0    0    0    0    0   -2    0   -2    0   -1    0    0    3    0    0    3    0    0    0    0    0
    0    0    0    0    0   -1    2    0    0   -3   -1    0    0    0   -2    1    0   -2   -1    0    0    0    0    0    0    0    0    0    0    0   -3    0   -2    0    0    0   -2    0    0    0    0    0    3    0   -2    0    0   -1    0    0    0    0    1    0    0    0    0    2    0    0    0    0    0    0
    0    0   -1   -1    0    0    0    0    0   -2    0    0    0    0    0    0    0    0    0    0    0    0   -2    0    0   -2    0    0    0    0    0    0    0    0    3    0    0    0    0    0    0    0    0    0    0   -2    0    2    0    0    0    2    0    0   -2    0    0    0   -2    0    0    0   -2    0
    0    0    0    0    0    0    0    0    0    0    0    0    0   -1   -3    0    0    0   -1    2    0   -1    0    0    0    0    0    0    0    0    0    0    2   -1    0    0    0    2    0    3    2    0    0    2    3    0    0    0    0    0    0   -3    3    0    0    0    0   -1    0    0    0    0    2    0
    0    0    0    0    1    0    0    0    0    0    0    0    0    0    3    0    0    0    0    0    0    0    0    0    0   -2    0    0    0    1    0    0    0    0    2    0    0    0    0    0    0    0    0    0   -2    0    0    0    0    0    2    0    0    0    0   -2    0    1    0    0    0    0   -1    0
    0    0    0    3    0    2    0    2    1    0    0    0    0    0    0    3    0    0    0    1    0    0    0    0    0    0    0    0    0    0    0    0    0    0    0    0    0    0    0    0    0    0    0    0    0    0    0    0    0    0    0    0    0    0    2    0    0    0    0    0    0    0    0    0
    3    0    0    0    0    0    0    0    0    0    0    0    0   -2    3    3    0   -1    3    0    0    0   -2    0   -2    0    0    0    0    0    0    0    0    0    0   -3    0   -3    0    0   -2    0    0    0    0    0    0    1    0    0    0    1    0    0    0    0    0    3    0    0    0    0    0    0
   -2    0    0    0    0    0    0    0    0    0    0    0    0    0    0    0    0    0    0    0    0    1    1    0   -1    0    0   -3    0    0    0    0    0    0    0    0    0    0    0    3    0    0    0    0   -2    0    0   -3    2    0    0    0    0    0    0    0    0    0    0    0    0    0   -3    0
    0   -2    0    0    0   -2    0    0    0   -1    0    0    0   -3    2    3    0    0    0   -3    0    0   -3    0   -3    0    3    0    0    1    0   -3    0   -1    0    0    0    0    0    0   -1    0    0    2    0    0    0    0    3    0    2    0    0    0    2    0   -3   -3   -2    0    0    1    0    0
Additions before: 334
Kernel output (original region) (rows=32 cols=64 t=0 tcap=64)
    0    0    0    0    0    0    0    0    0    1    0    0    0    0    0    1    0    0   -2    0    0    0    0    0    0    0    0    0    0    3    0    0    0   -2    0    0    0    0    0    0    0    0    0    1    0    0    0    0    0    0    0    0    0    0    0    0    0    0    0    0    0    0    0    0
    0   -3    0    0   -3    0    0    0    0    0    0    0    0    3    0    0    0    0    0    0    0    0    0    0    0    0    0    0    0    0    0    0    0    0    0    0    0    0    0    0    3    0    0    0    0    0    0    0    0    0    0    0    0    0    0    0    1    0    0    0    0    0    0    0
    0    0    0    0    0    0    0   -2    0    0    0    0    0    0    0    0   -3    0    0    0    0    0    0    0   -2    0    0    0    0    0   -1    0    0    0    0    0    0    0    0    0    0    0    0    0    0    0    0    0    0    0    0    0    0   -3    0    0    0    0    0    0    0    0    0    1
   -3    0    0    0    0    0    0    0    0   -3    0   -3    0    0    3    0    0    0    0    0    0    0    0    0    0    0    0    0    0    0    0    0    0    0    0    0    0    0    0    0    0    0    0    0    0    0    0    0    0    0    0    0    0    0   -2    0   -3    0    0    0    3    0    0    0
    0    0    0    0    0    0    0    0    0    0    2    0    0    0    0    0    0    0    0    3    0    0    0    0    0    2   -1    0    0    2    0    0    0    0    2    0    3    0    0    0    0    0    0    0    0    0    0    0    0    0    0    0    0    0    0    0    0    0    0    0    0    0    0    0
    0    0    0    0    0    0    0    0    0    0    0    0    0    0    0    0    0    0    0    0    1    0    0    0    0    0    0    0    0    0    0    0    0    1    0    0    0    0    0    0    0    3    1    0    0    0    0    0    0    0   -3    2    2    0    0    0    0    0    0    0    0    0   -1    0
    0    0    0    0    0    3    0    0    0    0    0    0    0    0    0    0    0    0   -3    0   -1    0    0    0    0    0    0    0    0    0    0    2    0    0    0    0    0    0   -2    0    3    0    0    0    0    0    0    0    0    0    0    0    0    0    0    0    0    0   -2    0    0    0    0   -3
    0    0   -3    0   -3    0    0    0    0    0    0    0    0   -2    0    0    0    0    0   -2    0    2   -3    0    0    0    2   -3   -3    0    0    0    0    0    0    0    0    0    0    0    0    0    0    0   -1    0    0    3    0    0   -1    0    0    2    0    0    0    0    0    0    0   -3    0    0
    0    0   -3    0    0    0    0    1    0    0    0    0    0    0    0    0    0    0    0    0    0    0    0    0   -3    0    0    0    0    0    0    0    0    0    0    0    0   -1    0    3    0    0    3    0    0    0    0    0    0    0    1    0    0    0    1    0    0    0    0    0    0    2    0    0
    0    0    0    0    0    0    0    0    0    0    0    0    0    0    0    0    0    0    0    0    0    0    0    1    2    1    0    0    0    0    0    0    0    0    0    0    0    0    0   -1    0    0    0    0    0    0    0    0    0   -1    0    0   -2    0   -1    3    0    0    0    0    0    0   -3    2
    0    0    0    0   -1    0    1    0    0    0    0    0    0   -1    0    0    0    0    0    0    0    0    1    0    0    0    0    0    0    0    0    0    0    0    0    0    0    0    0    0    0    0    0    0    0    0    0    0    0    0    0    0    0    0    0    0    0    0    0    0    2    0    0    0
   -1    0    0    0    0    0    0    0    0    0    0    3   -2    0    0    2    0    0    0    0    0    0    0    0    0    0    0    0   -2    0    0    0    0    0    0    3    0    0    0    0    0    0    0    0    0    0    0    0    2   -2    0    0   -3    0    0    0    0    0   -1    0    0    0    0   -2
    0   -3    0    0   -1    0    0    0    0    0   -3    0    0    0    0   -1    0    0   -3    0    0    2    0    0    0    0   -2   -2    0    0    0    0    0    0    0    0    0    0    0    0    0    0    0    0    0    0    1    0   -3    0    0    3    0    0    0    0    0    0    0    0    0    0    0    0
    0    0    0   -2    0    0    0    0    0    0    0    0   -3    0    0    0    0    0    0    0    0   -2    0    0    0    0    0    0    0    0    0    0    0    2   -3    0    0    0    0    0    0    0    0    0    0    0    0    0   -2    0    0    0    0    3    0    0    0    0    0    0    3    0    0    0
    0    0    0    0    0    0    0    0    0    2    0    0    0    0    0    3    0    0    0    0    0    0    0    2    0    0    0    0    0   -2    0    0    0    0    0    0    0    0    0    0    0    0    0    0    0    0    0    0    0    0    0    0    0    0    0    0    0    0    0    0    0    0    0    2
    0    0    0    0    0    0    0   -1    0    0    1    0    0    0    0    0    1    0    0    0    0    3    0    0    0    0    0    0    0    0    0    0    0    0    0    0    0    0    0    0    0    0    1    0    0    0    0    0   -1    0    0    1    0    0    0    0    0    0    0    3    0    0    0    0
    0   -2    0    0    0    0    1    0    0    0    3    0    3    0    0    0    0    3    0    2    0    0    0    0    0    0    0    0    0    0    0    0    0    0    0    0    0    0    0    0    0    0    0    0    0    0    0    0    0    0    0    0    0    0    0    0    0    0    0    0    0   -2    0    0
    0    0    0   -3    0    0    3   -3    0    0    0    0    1    0    0    0    0    0    0    0    0    0    0    0    2    0    0    0    0    0    0    0    0    0   -3   -2    0    0    0    0    0    0    0    0    0    0    0    0    0    0    0    0    0    0    0    0    0    1    0    0    0    0    0    0
    0    2    0    0    0    0    0    0    0   -2    2    0    0    0    0    0    0    0    0    0    0    0    0    0    0    0    0    0    0    0    0    0    0    0    0    0    0    0    0    0    0    0    0    0    0    1    0    0    0    0    0    0    1    0    0    0    0    0    0    0    1    0    0    0
    0    0    0    0    0    2    0    0   -1    0    0    0    0    1    0    0    0    0    0    0    3    0    0   -1    0    0    0    0    0    0    0   -3    0    0    0    0    0    0    0    0    0    0    0    0    0    0    0   -1    0    0    0    0    0    0    0    0    0    0   -3    0    0    0    0    0
    3    0    0    0   -2   -3    0    0    0    0    0    0    0    0    0    0    0    0    1    0    0    0    0    0    0    0    0    1    0    0    0    0    0    0    0    0    0    0    0    0    0   -3    0    0   -1    0    1    0    0    0    0    0    3    0    0   -1    0    0    0    0    0    0    0    0
    0    0    0    0    0    0    1    0    0    0    0    0    0    3    0    0    0    0    2    0    3    0    0    0    0    0    0    1    1    0    3    1    0    0    0    0    0    0    0    0    0   -1    0    0    0    0    0    0    0   -3    0    0    0    0    0    2    0    0    0    0    0    0    0    0
    0    0    0    0    0    0    0   -3    0    0    0    1    0    0    0    0    0    0    0    0    0    0    0    0    0    0    0    0    2    0    0    0    0    2    0    0    0    0    0    0    0    0    0    0    0    0   -3    0    0    1    0    0    0    0    0    0    0    0    0    1    0   -3    1    0
    0    0    0    0    0    0    0    0    0    0    3    0    0    0    0    0    0    0    0    0    2    0    0    3    0    0    0    0    0    0    0    0    0    0    0    1    0    0    0    0    0    0    0    0    0    0    0    0   -2    0   -2    0    0    0    0    3    0    0    3    0    0    0    0    0
    0    0    0    0    0   -1    0    0    0   -3   -1    0    0    0   -2    1    0   -2   -1    0    0    0    0    0    0    0    0    0    0    0   -3    0    0    0    0    0   -2    0    0    0    0    0    3    0   -2    0    0   -1    0    0    0    0    1    0    0    0    0    2    0    0    0    0    0    0
    0    0    0   -1    0    0    0    0    0   -2    0    0    0    0    0    0    0    0    0    0    0    0   -2    0    0   -2    0    0    0    0    0    0    0    0    3    0    0    0    0    0    0    0    0    0    0   -2    0    2    0    0    0    2    0    0   -2    0    0    0    0    0    0    0   -2    0
    0    0    0    0    0    0    0    0    0    0    0    0    0   -1    0    0    0    0    0    2    0    0    0    0    0    0    0    0    0    0    0    0    2    0    0    0    0    2    0    3    2    0    0    2    3    0    0    0    0    0    0    0    3    0    0    0    0    0    0    0    0    0    2    0
    0    0    0    0    1    0    0    0    0    0    0    0    0    0    0    0    0    0    0    0    0    0    0    0    0   -2    0    0    0    0    0    0    0    0    2    0    0    0    0    0    0    0    0    0    0    0    0    0    0    0    2    0    0    0    0   -2    0    0    0    0    0    0   -1    0
    0    0    0    3    0    0    0    2    1    0    0    0    0    0    0    0    0    0    0    0    0    0    0    0    0    0    0    0    0    0    0    0    0    0    0    0    0    0    0    0    0    0    0    0    0    0    0    0    0    0    0    0    0    0    0    0    0    0    0    0    0    0    0    0
    3    0    0    0    0    0    0    0    0    0    0    0    0   -2    3    3    0   -1    3    0    0    0   -2    0    0    0    0    0    0    0    0    0    0    0    0    0    0   -3    0    0   -2    0    0    0    0    0    0    1    0    0    0    1    0    0    0    0    0    3    0    0    0    0    0    0
   -2    0    0    0    0    0    0    0    0    0    0    0    0    0    0    0    0    0    0    0    0    0    1    0    0    0    0   -3    0    0    0    0    0    0    0    0    0    0    0    3    0    0    0    0   -2    0    0   -3    2    0    0    0    0    0    0    0    0    0    0    0    0    0   -3    0
    0    0    0    0    0   -2    0    0    0    0    0    0    0   -3    0    0    0    0    0   -3    0    0   -3    0   -3    0    3    0    0    1    0   -3    0   -1    0    0    0    0    0    0   -1    0    0    2    0    0    0    0    3    0    0    0    0    0    0    0    0   -3    0    0    0    1    0    0
CPU reference (original region) (rows=32 cols=64 t=30 tcap=64)
    0    0    0    0    0    0    0    0    0    1    0    0    0    0    0    1    0    0   -2    0    0    0    0    0    0    0    0    0    0    3    0    0    0   -2    0    0    0    0    0    0    0    0    0    1    0    0    0    0    0    0    0    0    0    0    0    0    0    0    0    0    0    0    0    0
    0   -3    0    0   -3    0    0    0    0    0    0    0    0    3    0    0    0    0    0    0    0    0    0    0    0    0    0    0    0    0    0    0    0    0    0    0    0    0    0    0    3    0    0    0    0    0    0    0    0    0    0    0    0    0    0    0    1    0    0    0    0    0    0    0
    0    0    0    0    0    0    0   -2    0    0    0    0    0    0    0    0   -3    0    0    0    0    0    0    0   -2    0    0    0    0    0   -1    0    0    0    0    0    0    0    0    0    0    0    0    0    0    0    0    0    0    0    0    0    0   -3    0    0    0    0    0    0    0    0    0    1
   -3    0    0    0    0    0    0    0    0   -3    0   -3    0    0    3    0    0    0    0    0    0    0    0    0    0    0    0    0    0    0    0    0    0    0    0    0    0    0    0    0    0    0    0    0    0    0    0    0    0    0    0    0    0    0   -2    0   -3    0    0    0    3    0    0    0
    0    0    0    0    0    0    0    0    0    0    2    0    0    0    0    0    0    0    0    3    0    0    0    0    0    2   -1    0    0    2    0    0    0    0    2    0    3    0    0    0    0    0    0    0    0    0    0    0    0    0    0    0    0    0    0    0    0    0    0    0    0    0    0    0
    0    0    0    0    0    0    0    0    0    0    0    0    0    0    0    0    0    0    0    0    1    0    0    0    0    0    0    0    0    0    0    0    0    1    0    0    0    0    0    0    0    3    1    0    0    0    0    0    0    0   -3    2    2    0    0    0    0    0    0    0    0    0   -1    0
    0    0    0    0    0    3    0    0    0    0    0    0    0    0    0    0    0    0   -3    0   -1    0    0    0    0    0    0    0    0    0    0    2    0    0    0    0    0    0   -2    0    3    0    0    0    0    0    0    0    0    0    0    0    0    0    0    0    0    0   -2    0    0    0    0   -3
    0    0   -3    0   -3    0    0    0    0    0    0    0    0   -2    0    0    0    0    0   -2    0    2   -3    0    0    0    2   -3   -3    0    0    0    0    0    0    0    0    0    0    0    0    0    0    0   -1    0    0    3    0    0   -1    0    0    2    0    0    0    0    0    0    0   -3    0    0
    0    0   -3    0    0    0    0    1    0    0    0    0    0    0    0    0    0    0    0    0    0    0    0    0   -3    0    0    0    0    0    0    0    0    0    0    0    0   -1    0    3    0    0    3    0    0    0    0    0    0    0    1    0    0    0    1    0    0    0    0    0    0    2    0    0
    0    0    0    0    0    0    0    0    0    0    0    0    0    0    0    0    0    0    0    0    0    0    0    1    2    1    0    0    0    0    0    0    0    0    0    0    0    0    0   -1    0    0    0    0    0    0    0    0    0   -1    0    0   -2    0   -1    3    0    0    0    0    0    0   -3    2
    0    0    0    0   -1    0    1    0    0    0    0    0    0   -1    0    0    0    0    0    0    0    0    1    0    0    0    0    0    0    0    0    0    0    0    0    0    0    0    0    0    0    0    0    0    0    0    0    0    0    0    0    0    0    0    0    0    0    0    0    0    2    0    0    0
   -1    0    0    0    0    0    0    0    0    0    0    3   -2    0    0    2    0    0    0    0    0    0    0    0    0    0    0    0   -2    0    0    0    0    0    0    3    0    0    0    0    0    0    0    0    0    0    0    0    2   -2    0    0   -3    0    0    0    0    0   -1    0    0    0    0   -2
    0   -3    0    0   -1    0    0    0    0    0   -3    0    0    0    0   -1    0    0   -3    0    0    2    0    0    0    0   -2   -2    0    0    0    0    0    0    0    0    0    0    0    0    0    0    0    0    0    0    1    0   -3    0    0    3    0    0    0    0    0    0    0    0    0    0    0    0
    0    0    0   -2    0    0    0    0    0    0    0    0   -3    0    0    0    0    0    0    0    0   -2    0    0    0    0    0    0    0    0    0    0    0    2   -3    0    0    0    0    0    0    0    0    0    0    0    0    0   -2    0    0    0    0    3    0    0    0    0    0    0    3    0    0    0
    0    0    0    0    0    0    0    0    0    2    0    0    0    0    0    3    0    0    0    0    0    0    0    2    0    0    0    0    0   -2    0    0    0    0    0    0    0    0    0    0    0    0    0    0    0    0    0    0    0    0    0    0    0    0    0    0    0    0    0    0    0    0    0    2
    0    0    0    0    0    0    0   -1    0    0    1    0    0    0    0    0    1    0    0    0    0    3    0    0    0    0    0    0    0    0    0    0    0    0    0    0    0    0    0    0    0    0    1    0    0    0    0    0   -1    0    0    1    0    0    0    0    0    0    0    3    0    0    0    0
    0   -2    0    0    0    0    1    0    0    0    3    0    3    0    0    0    0    3    0    2    0    0    0    0    0    0    0    0    0    0    0    0    0    0    0    0    0    0    0    0    0    0    0    0    0    0    0    0    0    0    0    0    0    0    0    0    0    0    0    0    0   -2    0    0
    0    0    0   -3    0    0    3   -3    0    0    0    0    1    0    0    0    0    0    0    0    0    0    0    0    2    0    0    0    0    0    0    0    0    0   -3   -2    0    0    0    0    0    0    0    0    0    0    0    0    0    0    0    0    0    0    0    0    0    1    0    0    0    0    0    0
    0    2    0    0    0    0    0    0    0   -2    2    0    0    0    0    0    0    0    0    0    0    0    0    0    0    0    0    0    0    0    0    0    0    0    0    0    0    0    0    0    0    0    0    0    0    1    0    0    0    0    0    0    1    0    0    0    0    0    0    0    1    0    0    0
    0    0    0    0    0    2    0    0   -1    0    0    0    0    1    0    0    0    0    0    0    3    0    0   -1    0    0    0    0    0    0    0   -3    0    0    0    0    0    0    0    0    0    0    0    0    0    0    0   -1    0    0    0    0    0    0    0    0    0    0   -3    0    0    0    0    0
    3    0    0    0   -2   -3    0    0    0    0    0    0    0    0    0    0    0    0    1    0    0    0    0    0    0    0    0    1    0    0    0    0    0    0    0    0    0    0    0    0    0   -3    0    0   -1    0    1    0    0    0    0    0    3    0    0   -1    0    0    0    0    0    0    0    0
    0    0    0    0    0    0    1    0    0    0    0    0    0    3    0    0    0    0    2    0    3    0    0    0    0    0    0    1    1    0    3    1    0    0    0    0    0    0    0    0    0   -1    0    0    0    0    0    0    0   -3    0    0    0    0    0    2    0    0    0    0    0    0    0    0
    0    0    0    0    0    0    0   -3    0    0    0    1    0    0    0    0    0    0    0    0    0    0    0    0    0    0    0    0    2    0    0    0    0    2    0    0    0    0    0    0    0    0    0    0    0    0   -3    0    0    1    0    0    0    0    0    0    0    0    0    1    0   -3    1    0
    0    0    0    0    0    0    0    0    0    0    3    0    0    0    0    0    0    0    0    0    2    0    0    3    0    0    0    0    0    0    0    0    0    0    0    1    0    0    0    0    0    0    0    0    0    0    0    0   -2    0   -2    0    0    0    0    3    0    0    3    0    0    0    0    0
    0    0    0    0    0   -1    0    0    0   -3   -1    0    0    0   -2    1    0   -2   -1    0    0    0    0    0    0    0    0    0    0    0   -3    0    0    0    0    0   -2    0    0    0    0    0    3    0   -2    0    0   -1    0    0    0    0    1    0    0    0    0    2    0    0    0    0    0    0
    0    0    0   -1    0    0    0    0    0   -2    0    0    0    0    0    0    0    0    0    0    0    0   -2    0    0   -2    0    0    0    0    0    0    0    0    3    0    0    0    0    0    0    0    0    0    0   -2    0    2    0    0    0    2    0    0   -2    0    0    0    0    0    0    0   -2    0
    0    0    0    0    0    0    0    0    0    0    0    0    0   -1    0    0    0    0    0    2    0    0    0    0    0    0    0    0    0    0    0    0    2    0    0    0    0    2    0    3    2    0    0    2    3    0    0    0    0    0    0    0    3    0    0    0    0    0    0    0    0    0    2    0
    0    0    0    0    1    0    0    0    0    0    0    0    0    0    0    0    0    0    0    0    0    0    0    0    0   -2    0    0    0    0    0    0    0    0    2    0    0    0    0    0    0    0    0    0    0    0    0    0    0    0    2    0    0    0    0   -2    0    0    0    0    0    0   -1    0
    0    0    0    3    0    0    0    2    1    0    0    0    0    0    0    0    0    0    0    0    0    0    0    0    0    0    0    0    0    0    0    0    0    0    0    0    0    0    0    0    0    0    0    0    0    0    0    0    0    0    0    0    0    0    0    0    0    0    0    0    0    0    0    0
    3    0    0    0    0    0    0    0    0    0    0    0    0   -2    3    3    0   -1    3    0    0    0   -2    0    0    0    0    0    0    0    0    0    0    0    0    0    0   -3    0    0   -2    0    0    0    0    0    0    1    0    0    0    1    0    0    0    0    0    3    0    0    0    0    0    0
   -2    0    0    0    0    0    0    0    0    0    0    0    0    0    0    0    0    0    0    0    0    0    1    0    0    0    0   -3    0    0    0    0    0    0    0    0    0    0    0    3    0    0    0    0   -2    0    0   -3    2    0    0    0    0    0    0    0    0    0    0    0    0    0   -3    0
    0    0    0    0    0   -2    0    0    0    0    0    0    0   -3    0    0    0    0    0   -3    0    0   -3    0   -3    0    3    0    0    1    0   -3    0   -1    0    0    0    0    0    0   -1    0    0    2    0    0    0    0    3    0    0    0    0    0    0    0    0   -3    0    0    0    1    0    0
Additions after (original region) — kernel: 208  CPU ref: 208
CPU full additions (incl. t-space): 301
PASS: kernel original-region matches CPU reference.

=== All-zero (k1=5,k2=1) ===
Input (rows=4 cols=4 t=0 tcap=64)
    0    0    0    0
    0    0    0    0
    0    0    0    0
    0    0    0    0
Additions before: 0
Kernel output (original region) (rows=4 cols=4 t=0 tcap=64)
    0    0    0    0
    0    0    0    0
    0    0    0    0
    0    0    0    0
CPU reference (original region) (rows=4 cols=4 t=0 tcap=64)
    0    0    0    0
    0    0    0    0
    0    0    0    0
    0    0    0    0
Additions after (original region) — kernel: 0  CPU ref: 0
CPU full additions (incl. t-space): 0
PASS: kernel original-region matches CPU reference.

=== Single-row (k1=5,k2=1) ===
Input (rows=1 cols=8 t=0 tcap=64)
    1    2    3    4    5    6    7    8
Additions before: 0
Kernel output (original region) (rows=1 cols=8 t=0 tcap=64)
    1    2    3    4    5    6    7    8
CPU reference (original region) (rows=1 cols=8 t=0 tcap=64)
    1    2    3    4    5    6    7    8
Additions after (original region) — kernel: 0  CPU ref: 0
CPU full additions (incl. t-space): 0
PASS: kernel original-region matches CPU reference.

=== Handcrafted (k1=1,k2=0) ===
Input (rows=6 cols=8 t=0 tcap=64)
    1    2    3    0    0    0    0    0
    1    2    3    0    0    0    0    0
    0    0    0    4    1    2    0    0
    0    0    0   -4   -1   -2    0    0
    0    0    0    0    0    0    7    0
    0    0    0    0    0    0    0    9
Additions before: 6
Kernel output (original region) (rows=6 cols=8 t=0 tcap=64)
    0    0    0    0    0    0    0    0
    0    0    0    0    0    0    0    0
    0    0    0    0    0    0    0    0
    0    0    0    0    0    0    0    0
    0    0    0    0    0    0    7    0
    0    0    0    0    0    0    0    9
CPU reference (original region) (rows=6 cols=8 t=2 tcap=64)
    0    0    0    0    0    0    0    0
    0    0    0    0    0    0    0    0
    0    0    0    0    0    0    0    0
    0    0    0    0    0    0    0    0
    0    0    0    0    0    0    7    0
    0    0    0    0    0    0    0    9
Additions after (original region) — kernel: 0  CPU ref: 0
CPU full additions (incl. t-space): 2
PASS: kernel original-region matches CPU reference.

=== Random 8x16 (k1=3,k2=2) ===
Input (rows=8 cols=16 t=0 tcap=64)
    4    3    0    0    0    0    0    0    0    0    3    0    0    0    0    0
    0    0    0    0    0    0    0    1    0    1    0    0    0    0    4    0
    0    0    0    0    0    0   -4   -1    0   -2    0    0    0    3    0    0
    1   -2    0    0   -2    0    0    1   -2    0    0   -3    0    0    0    0
    0    0    2    1   -1    0    3    0    0    0    0    0    0    0    0    0
    2    2    0    0    0   -1    0    0    0    0    0    0   -3    0    0    0
   -4    0    0    1    0    0    0    0    0   -2    0    0   -4    0    0   -1
    0    0    0    0    0    0    0    0    0    0    0    0    0    0    0   -2
Additions before: 14
Kernel output (original region) (rows=8 cols=16 t=0 tcap=64)
    4    3    0    0    0    0    0    0    0    0    3    0    0    0    0    0
    0    0    0    0    0    0    0    1    0    1    0    0    0    0    4    0
    0    0    0    0    0    0   -4   -1    0   -2    0    0    0    3    0    0
    1   -2    0    0   -2    0    0    1   -2    0    0   -3    0    0    0    0
    0    0    2    1   -1    0    3    0    0    0    0    0    0    0    0    0
    2    2    0    0    0   -1    0    0    0    0    0    0   -3    0    0    0
   -4    0    0    1    0    0    0    0    0   -2    0    0   -4    0    0   -1
    0    0    0    0    0    0    0    0    0    0    0    0    0    0    0   -2
CPU reference (original region) (rows=8 cols=16 t=0 tcap=64)
    4    3    0    0    0    0    0    0    0    0    3    0    0    0    0    0
    0    0    0    0    0    0    0    1    0    1    0    0    0    0    4    0
    0    0    0    0    0    0   -4   -1    0   -2    0    0    0    3    0    0
    1   -2    0    0   -2    0    0    1   -2    0    0   -3    0    0    0    0
    0    0    2    1   -1    0    3    0    0    0    0    0    0    0    0    0
    2    2    0    0    0   -1    0    0    0    0    0    0   -3    0    0    0
   -4    0    0    1    0    0    0    0    0   -2    0    0   -4    0    0   -1
    0    0    0    0    0    0    0    0    0    0    0    0    0    0    0   -2
Additions after (original region) — kernel: 14  CPU ref: 14
CPU full additions (incl. t-space): 14
PASS: kernel original-region matches CPU reference.

=== Summary: 7 passed, 0 failed ===
INFO: [SIM 1] CSim done with 0 errors.
INFO: [SIM 3] *************** CSIM finish ***************
