  **** HLS Build v2025.1 6135595
INFO: [HLS 200-2005] Using work_dir C:/GEMM/sep6/fmm_reduce_kernel 
INFO: [HLS 200-2176] Writing Vitis IDE component file C:/GEMM/sep6/fmm_reduce_kernel/vitis-comp.json
INFO: [HLS 200-10] Creating and opening component 'C:/GEMM/sep6/fmm_reduce_kernel'.
INFO: [HLS 200-1505] Using default flow_target 'vivado'
Resolution: For help on HLS 200-1505 see docs.xilinx.com/access/sources/dita/topic?Doc_Version=2025.1%20English&url=ug1448-hls-guidance&resourceid=200-1505.html
INFO: [HLS 200-2174] Applying component config ini file C:/GEMM/sep6/hls_config.cfg
INFO: [HLS 200-1465] Applying config ini 'syn.file=fmm_hls_greedy_potential.cpp' from C:/GEMM/sep6/hls_config.cfg(8)
INFO: [HLS 200-10] Adding design file 'C:/GEMM/sep6/fmm_hls_greedy_potential.cpp' to the project
INFO: [HLS 200-1465] Applying config ini 'tb.file=tb_fmm_hls.cpp' from C:/GEMM/sep6/hls_config.cfg(9)
INFO: [HLS 200-10] Adding test bench file 'C:/GEMM/sep6/tb_fmm_hls.cpp' to the project
INFO: [HLS 200-1465] Applying config ini 'syn.top=fmm_reduce_kernel' from C:/GEMM/sep6/hls_config.cfg(7)
INFO: [HLS 200-1465] Applying config ini 'flow_target=vivado' from C:/GEMM/sep6/hls_config.cfg(4)
INFO: [HLS 200-1505] Using flow_target 'vivado'
Resolution: For help on HLS 200-1505 see docs.xilinx.com/access/sources/dita/topic?Doc_Version=2025.1%20English&url=ug1448-hls-guidance&resourceid=200-1505.html
INFO: [HLS 200-1465] Applying config ini 'part=xc7z020clg400-3' from C:/GEMM/sep6/hls_config.cfg(1)
INFO: [HLS 200-1611] Setting target device to 'xc7z020-clg400-3'
INFO: [HLS 200-1465] Applying config ini 'package.output.format=ip_catalog' from C:/GEMM/sep6/hls_config.cfg(5)
INFO: [HLS 200-2176] Writing Vitis IDE component file C:/GEMM/sep6/fmm_reduce_kernel/vitis-comp.json
INFO: [SIM 211-2] *************** CSIM start ***************
INFO: [SIM 211-4] CSIM will launch CLANG as the compiler.
INFO: [HLS 200-2036] Building debug C Simulation binaries
   Compiling ../../../../tb_fmm_hls.cpp in debug mode
   Generating csim.exe
Makefile.rules:348: recipe for target 'csim.exe' failed
In file included from ../../../../tb_fmm_hls.cpp:6:
In file included from C:/Xilinx/2025.1/Vitis/include/ap_int.h:10:
In file included from C:/Xilinx/2025.1/Vitis/include/etc/ap_common.h:677:
In file included from C:/Xilinx/2025.1/Vitis/include/etc/ap_private.h:68:
In file included from C:/Xilinx/2025.1/Vitis/include/hls_half.h:26:
In file included from C:/Xilinx/2025.1/Vitis/include/etc/hls_half_fpo.h:19:
In file included from C:/Xilinx/2025.1/Vitis/include/hls_fpo.h:140:
In file included from C:/Xilinx/2025.1/Vitis/include/floating_point_v7_1_bitacc_cmodel.h:150:
C:/Xilinx/2025.1/Vitis/include/gmp.h:58:9: warning: '__GMP_LIBGMP_DLL' macro redefined [-Wmacro-redefined]
#define __GMP_LIBGMP_DLL  0
        ^
C:/Xilinx/2025.1/Vitis/include/floating_point_v7_1_bitacc_cmodel.h:142:9: note: previous definition is here
#define __GMP_LIBGMP_DLL 1
        ^
1 warning generated.
ld.lld: error: duplicate symbol: load_matrix_from_dram(int const*, Matrix&, int, int, int)
>>> defined at ../../../../tb_fmm_hls.cpp:41
>>>            obj/tb_fmm_hls.o
>>> defined at ../../../../fmm_hls_greedy_potential.cpp:40
>>>            obj/fmm_hls_greedy_potential.o

ld.lld: error: duplicate symbol: store_matrix_to_dram(int*, Matrix const&)
>>> defined at ../../../../tb_fmm_hls.cpp:65
>>>            obj/tb_fmm_hls.o
>>> defined at ../../../../fmm_hls_greedy_potential.cpp:64
>>>            obj/fmm_hls_greedy_potential.o

ld.lld: error: duplicate symbol: column_weight(Matrix const&, int)
>>> defined at ../../../../tb_fmm_hls.cpp:79
>>>            obj/tb_fmm_hls.o
>>> defined at ../../../../fmm_hls_greedy_potential.cpp:78
>>>            obj/fmm_hls_greedy_potential.o

ld.lld: error: duplicate symbol: num_additions(Matrix const&)
>>> defined at ../../../../tb_fmm_hls.cpp:90
>>>            obj/tb_fmm_hls.o
>>> defined at ../../../../fmm_hls_greedy_potential.cpp:89
>>>            obj/fmm_hls_greedy_potential.o

ld.lld: error: duplicate symbol: compute_pp_nn(Matrix const&, int, int, int&, int&)
>>> defined at ../../../../tb_fmm_hls.cpp:102
>>>            obj/tb_fmm_hls.o
>>> defined at ../../../../fmm_hls_greedy_potential.cpp:101
>>>            obj/fmm_hls_greedy_potential.o

ld.lld: error: duplicate symbol: reduction_move(Matrix&, int, int, int)
>>> defined at ../../../../tb_fmm_hls.cpp:118
>>>            obj/tb_fmm_hls.o
>>> defined at ../../../../fmm_hls_greedy_potential.cpp:117
>>>            obj/fmm_hls_greedy_potential.o

ld.lld: error: duplicate symbol: reduction_move_undo(Matrix&)
>>> defined at ../../../../tb_fmm_hls.cpp:141
>>>            obj/tb_fmm_hls.o
>>> defined at ../../../../fmm_hls_greedy_potential.cpp:140
>>>            obj/fmm_hls_greedy_potential.o

ld.lld: error: duplicate symbol: total_potential(Matrix const&)
>>> defined at ../../../../tb_fmm_hls.cpp:178
>>>            obj/tb_fmm_hls.o
>>> defined at ../../../../fmm_hls_greedy_potential.cpp:178
>>>            obj/fmm_hls_greedy_potential.o

ld.lld: error: duplicate symbol: compute_greedy_potential_score(Matrix&, int, int, int, int, int)
>>> defined at ../../../../tb_fmm_hls.cpp:194
>>>            obj/tb_fmm_hls.o
>>> defined at ../../../../fmm_hls_greedy_potential.cpp:194
>>>            obj/fmm_hls_greedy_potential.o

ld.lld: error: duplicate symbol: find_best_move(Matrix&, int&, int&, int&, int, int)
>>> defined at ../../../../tb_fmm_hls.cpp:210
>>>            obj/tb_fmm_hls.o
>>> defined at ../../../../fmm_hls_greedy_potential.cpp:210
>>>            obj/fmm_hls_greedy_potential.o

ld.lld: error: duplicate symbol: fmm_reduce_kernel
>>> defined at ../../../../tb_fmm_hls.cpp:271
>>>            obj/tb_fmm_hls.o
>>> defined at ../../../../fmm_hls_greedy_potential.cpp:243
>>>            obj/fmm_hls_greedy_potential.o
clang++: error: linker command failed with exit code 1 (use -v to see invocation)
make: *** [csim.exe] Error 1
ERROR: [SIM 211-100] 'csim_design' failed: compilation error(s).
INFO: [SIM 211-3] *************** CSIM finish ***************
ERROR: 4
INFO: [HLS 200-112] Total CPU user time: 1 seconds. Total CPU system time: 1 seconds. Total elapsed time: 12.038 seconds; peak allocated memory: 155.609 MB.
