  **** HLS Build v2025.1 6135595
INFO: [HLS 200-2005] Using work_dir C:/GEMM/sep6/fmm_reduce_kernel 
INFO: [HLS 200-2176] Writing Vitis IDE component file C:/GEMM/sep6/fmm_reduce_kernel/vitis-comp.json
INFO: [HLS 200-10] Creating and opening component 'C:/GEMM/sep6/fmm_reduce_kernel'.
INFO: [HLS 200-1505] Using default flow_target 'vivado'
Resolution: For help on HLS 200-1505 see docs.xilinx.com/access/sources/dita/topic?Doc_Version=2025.1%20English&url=ug1448-hls-guidance&resourceid=200-1505.html
INFO: [HLS 200-2174] Applying component config ini file C:/GEMM/sep6/hls_config.cfg
INFO: [HLS 200-1465] Applying config ini 'syn.file=fmm_hls_greedy_potential.cpp' from C:/GEMM/sep6/hls_config.cfg(8)
INFO: [HLS 200-10] Adding design file 'C:/GEMM/sep6/fmm_hls_greedy_potential.cpp' to the project
INFO: [HLS 200-1465] Applying config ini 'tb.file=tb_fmm_hls.cpp' from C:/GEMM/sep6/hls_config.cfg(9)
INFO: [HLS 200-10] Adding test bench file 'C:/GEMM/sep6/tb_fmm_hls.cpp' to the project
INFO: [HLS 200-1465] Applying config ini 'syn.top=fmm_reduce_kernel' from C:/GEMM/sep6/hls_config.cfg(7)
INFO: [HLS 200-1465] Applying config ini 'flow_target=vivado' from C:/GEMM/sep6/hls_config.cfg(4)
INFO: [HLS 200-1505] Using flow_target 'vivado'
Resolution: For help on HLS 200-1505 see docs.xilinx.com/access/sources/dita/topic?Doc_Version=2025.1%20English&url=ug1448-hls-guidance&resourceid=200-1505.html
INFO: [HLS 200-1465] Applying config ini 'part=xc7z020clg400-3' from C:/GEMM/sep6/hls_config.cfg(1)
INFO: [HLS 200-1611] Setting target device to 'xc7z020-clg400-3'
INFO: [HLS 200-1465] Applying config ini 'cosim.trace_level=none' from C:/GEMM/sep6/hls_config.cfg(11)
INFO: [HLS 200-1465] Applying config ini 'cosim.wave_debug=0' from C:/GEMM/sep6/hls_config.cfg(10)
INFO: [HLS 200-1465] Applying config ini 'package.ip.description=FMM row-reduction accelerator (greedy potential)' from C:/GEMM/sep6/hls_config.cfg(13)
INFO: [HLS 200-1465] Applying config ini 'package.ip.display_name=fmm_reduce_kernel' from C:/GEMM/sep6/hls_config.cfg(14)
INFO: [HLS 200-1465] Applying config ini 'package.ip.library=user' from C:/GEMM/sep6/hls_config.cfg(15)
INFO: [HLS 200-1465] Applying config ini 'package.ip.taxonomy=Math/LinearAlgebra' from C:/GEMM/sep6/hls_config.cfg(16)
INFO: [HLS 200-1465] Applying config ini 'package.ip.vendor=nilesh' from C:/GEMM/sep6/hls_config.cfg(17)
INFO: [HLS 200-1465] Applying config ini 'package.ip.version=1.0' from C:/GEMM/sep6/hls_config.cfg(18)
INFO: [HLS 200-1465] Applying config ini 'package.output.file=sep6_fmm_reduce_ip' from C:/GEMM/sep6/hls_config.cfg(12)
INFO: [HLS 200-1465] Applying config ini 'package.output.format=ip_catalog' from C:/GEMM/sep6/hls_config.cfg(5)
INFO: [HLS 200-1465] Applying config ini 'vivado.clock=100' from C:/GEMM/sep6/hls_config.cfg(19)
INFO: [HLS 200-2176] Writing Vitis IDE component file C:/GEMM/sep6/fmm_reduce_kernel/vitis-comp.json
INFO: [SIM 211-2] *************** CSIM start ***************
INFO: [SIM 211-4] CSIM will launch CLANG as the compiler.
INFO: [HLS 200-2036] Building debug C Simulation binaries
   Compiling ../../../../tb_fmm_hls.cpp in debug mode
   Generating csim.exe
TB debug: full-matrix + per-iteration trace comparison

=== Test 0 ===
Original (rows=6 cols=8 t=0 tcap=64)
    1    2    3    0    0    0    0    0
    1    2    3    0    0    0    0    0
    0    0    0    4    1    2    0    0
    0    0    0   -4   -1   -2    0    0
    0    0    0    0    0    0    7    0
    0    0    0    0    0    0    0    9
CPU initial additions = 6
Kernel output (original region) (rows=6 cols=8 t=0 tcap=64)
    0    0    0    0    0    0    0    0
    0    0    0    0    0    0    0    0
    0    0    0    0    0    0    0    0
    0    0    0    0    0    0    0    0
    0    0    0    0    0    0    7    0
    0    0    0    0    0    0    0    9
CPU reference (original region + t-space might be present in ref) (rows=6 cols=8 t=2 tcap=64)
    0    0    0    0    0    0    0    0
    0    0    0    0    0    0    0    0
    0    0    0    0    0    0    0    0
    0    0    0    0    0    0    0    0
    0    0    0    0    0    0    7    0
    0    0    0    0    0    0    0    9
CPU final additions = 2

Kernel trace (iter,r1,r2,sign,adds):
(0,-1,-1,0,6)
(1,0,1,1,4)
(2,2,3,-1,2)

CPU trace (iter,r1,r2,sign,adds):
(0,-1,-1,0,6)
(1,0,1,1,4)
(2,2,3,-1,2)

TRACE MATCH: kernel and CPU have identical per-iteration sequences.
MATRIX MATCH: kernel original-region equals CPU original-region.

=== Test 1 ===
Original (rows=16 cols=32 t=0 tcap=64)
    0    0    0    0    0    0    0    0    0    0    0    0   -5    0    0    0    0    0    0    0    0    0    0    0    0    0    0    0   -1    0    0    0
    0    0    0    0    0   -3    0    0    0    0    0   -1    0    0    0    0    0    0    0    0    3    0    0    0    0    4    0   -3    0    0    0    0
    0    0    1    0    0    0    0    0    0   -4    0    0    0    0    0    0    0    0    0    0    0    0    0    0   -6    0    0    0    0    5    0    0
    0    3    0    0    0    0    0    0    0    0    0    0    0    0    0    0    0    0    0    0    0    4    0    0    0    0   -2    0    0    0    0   -6
    0    0    0    0    0    0    0    0    0    0    0    0    0    0    0    0    0    0    0    0    0    0    0    0    0    0    0    0    0    0    0    0
    0    0    0    0    0    0    0    0    0    0    0    0    0    0    0   -4    0   -5    0   -4    0    0    0    0    6    0    0    0    0    0    0    0
    0    0    0    0    0    0    0    0    0    0    0    0    0    0    0    0    0    0    0    0    0    0    0    0    0    0    0    0    0    0    0    0
    0    0    0   -2    0    0    2    0    0    0    0    0    0    0    0    5    0    0    0    0    0    0    0    0    0    0    0    0    0    0    0    0
    0    0    0    0    0    0    0    0    0    0    0    5    0    0    0    0    0    0    0    0    0    2    0    0    0    0   -5    0    0    0    0    0
   -3    0    0    0    0    0    0    4    0    0    0    0    0    0    0    0    0    0    0    0    0    0    0    0    0    0    0    0    0    0    0    0
    0    0    0    0    0    0    0    0    0   -6    0    0    4    0    2    0    0    0    0    0    0    0    0    0    0    0    0    4    0    0    0    0
    0    0    0    0   -5    0    0    0   -5    0    0    0    0    0    0    0    0    0    0    0    0    0    0    0    0    0    0    0    0    6    0    0
    0    0   -2    0    0    0    0    0    0    0    0    0    0    0    0    0    0    0    0    0    0    0    4    0    0    0    0    0    0    0    0    0
    0    0    0    0    0   -1    0    0    0    0    0    0   -6    2    0    0    0    0    0   -2    0    0    0    0    0    0    0    0   -1    0    0    0
    0    6    0    0    0    0    6    0    0    0    0    0    0    0    0    0    0    0    0    0    0    0    0    0    0    0    0    0    0    0    0    0
    0    0    0    0    0   -3    0    0    0    0    0    0    0    0    0    0    0    0   -5    0   -4    0    6    0    0    0    0    0    0    0    3    0
CPU initial additions = 19
Kernel output (original region) (rows=16 cols=32 t=0 tcap=64)
    0    0    0    0    0    0    0    0    0    0    0    0   -5    0    0    0    0    0    0    0    0    0    0    0    0    0    0    0   -1    0    0    0
    0    0    0    0    0   -3    0    0    0    0    0   -1    0    0    0    0    0    0    0    0    3    0    0    0    0    4    0   -3    0    0    0    0
    0    0    1    0    0    0    0    0    0   -4    0    0    0    0    0    0    0    0    0    0    0    0    0    0   -6    0    0    0    0    5    0    0
    0    3    0    0    0    0    0    0    0    0    0    0    0    0    0    0    0    0    0    0    0    4    0    0    0    0   -2    0    0    0    0   -6
    0    0    0    0    0    0    0    0    0    0    0    0    0    0    0    0    0    0    0    0    0    0    0    0    0    0    0    0    0    0    0    0
    0    0    0    0    0    0    0    0    0    0    0    0    0    0    0   -4    0   -5    0   -4    0    0    0    0    6    0    0    0    0    0    0    0
    0    0    0    0    0    0    0    0    0    0    0    0    0    0    0    0    0    0    0    0    0    0    0    0    0    0    0    0    0    0    0    0
    0    0    0   -2    0    0    2    0    0    0    0    0    0    0    0    5    0    0    0    0    0    0    0    0    0    0    0    0    0    0    0    0
    0    0    0    0    0    0    0    0    0    0    0    5    0    0    0    0    0    0    0    0    0    2    0    0    0    0   -5    0    0    0    0    0
   -3    0    0    0    0    0    0    4    0    0    0    0    0    0    0    0    0    0    0    0    0    0    0    0    0    0    0    0    0    0    0    0
    0    0    0    0    0    0    0    0    0   -6    0    0    4    0    2    0    0    0    0    0    0    0    0    0    0    0    0    4    0    0    0    0
    0    0    0    0   -5    0    0    0   -5    0    0    0    0    0    0    0    0    0    0    0    0    0    0    0    0    0    0    0    0    6    0    0
    0    0   -2    0    0    0    0    0    0    0    0    0    0    0    0    0    0    0    0    0    0    0    4    0    0    0    0    0    0    0    0    0
    0    0    0    0    0   -1    0    0    0    0    0    0   -6    2    0    0    0    0    0   -2    0    0    0    0    0    0    0    0   -1    0    0    0
    0    6    0    0    0    0    6    0    0    0    0    0    0    0    0    0    0    0    0    0    0    0    0    0    0    0    0    0    0    0    0    0
    0    0    0    0    0   -3    0    0    0    0    0    0    0    0    0    0    0    0   -5    0   -4    0    6    0    0    0    0    0    0    0    3    0
CPU reference (original region + t-space might be present in ref) (rows=16 cols=32 t=0 tcap=64)
    0    0    0    0    0    0    0    0    0    0    0    0   -5    0    0    0    0    0    0    0    0    0    0    0    0    0    0    0   -1    0    0    0
    0    0    0    0    0   -3    0    0    0    0    0   -1    0    0    0    0    0    0    0    0    3    0    0    0    0    4    0   -3    0    0    0    0
    0    0    1    0    0    0    0    0    0   -4    0    0    0    0    0    0    0    0    0    0    0    0    0    0   -6    0    0    0    0    5    0    0
    0    3    0    0    0    0    0    0    0    0    0    0    0    0    0    0    0    0    0    0    0    4    0    0    0    0   -2    0    0    0    0   -6
    0    0    0    0    0    0    0    0    0    0    0    0    0    0    0    0    0    0    0    0    0    0    0    0    0    0    0    0    0    0    0    0
    0    0    0    0    0    0    0    0    0    0    0    0    0    0    0   -4    0   -5    0   -4    0    0    0    0    6    0    0    0    0    0    0    0
    0    0    0    0    0    0    0    0    0    0    0    0    0    0    0    0    0    0    0    0    0    0    0    0    0    0    0    0    0    0    0    0
    0    0    0   -2    0    0    2    0    0    0    0    0    0    0    0    5    0    0    0    0    0    0    0    0    0    0    0    0    0    0    0    0
    0    0    0    0    0    0    0    0    0    0    0    5    0    0    0    0    0    0    0    0    0    2    0    0    0    0   -5    0    0    0    0    0
   -3    0    0    0    0    0    0    4    0    0    0    0    0    0    0    0    0    0    0    0    0    0    0    0    0    0    0    0    0    0    0    0
    0    0    0    0    0    0    0    0    0   -6    0    0    4    0    2    0    0    0    0    0    0    0    0    0    0    0    0    4    0    0    0    0
    0    0    0    0   -5    0    0    0   -5    0    0    0    0    0    0    0    0    0    0    0    0    0    0    0    0    0    0    0    0    6    0    0
    0    0   -2    0    0    0    0    0    0    0    0    0    0    0    0    0    0    0    0    0    0    0    4    0    0    0    0    0    0    0    0    0
    0    0    0    0    0   -1    0    0    0    0    0    0   -6    2    0    0    0    0    0   -2    0    0    0    0    0    0    0    0   -1    0    0    0
    0    6    0    0    0    0    6    0    0    0    0    0    0    0    0    0    0    0    0    0    0    0    0    0    0    0    0    0    0    0    0    0
    0    0    0    0    0   -3    0    0    0    0    0    0    0    0    0    0    0    0   -5    0   -4    0    6    0    0    0    0    0    0    0    3    0
CPU final additions = 19

Kernel trace (iter,r1,r2,sign,adds):
(0,-1,-1,0,19)

CPU trace (iter,r1,r2,sign,adds):
(0,-1,-1,0,19)

TRACE MATCH: kernel and CPU have identical per-iteration sequences.
MATRIX MATCH: kernel original-region equals CPU original-region.

All tests completed.
INFO: [SIM 211-1] CSim done with 0 errors.
INFO: [SIM 211-3] *************** CSIM finish ***************
INFO: [HLS 200-112] Total CPU user time: 1 seconds. Total CPU system time: 1 seconds. Total elapsed time: 8.429 seconds; peak allocated memory: 155.992 MB.
INFO: [vitis-run 60-791] Total elapsed time: 0h 0m 13s
