02/19/26 13:28:00: Running xcd server. This server was built by gradle.
02/19/26 13:28:00: Server was asked to start on port: '52774'
02/19/26 13:28:00: Server is using token UUID: 'a9606cf4-0b88-4202-8dbf-d096f38fd968'
02/19/26 13:28:00: SESSION_MGR: creating session with session uuid: '6d04a3e9-ade5-4ab9-8d63-1f78fcd2ec76' and name 'default'
02/19/26 13:28:00: Attempting to start server on port '52774'
02/19/26 13:28:00: Running Dispatch Server
02/19/26 13:28:00: Version 2.2.0
02/19/26 13:28:02: Dispatch Server: Accepted socket connection from client
02/19/26 13:28:02: Starting Socket connection
02/19/26 13:28:02: EXCHANGE_TOKEN received, server token: a9606cf4-0b88-4202-8dbf-d096f38fd968, passed token: a9606cf4-0b88-4202-8dbf-d096f38fd968
02/19/26 13:28:03: DISPATCH_HANDLER: Adding handler from function makeHandler in library xv_system_diagram
02/19/26 13:28:03: SESSION_MGR: creating session with session uuid: '1bc690e0-340d-4000-83bb-b33e2f07b9e0' and name 'vitis-run_compile_asic_imp'
02/19/26 13:28:03: KERNEL_SVC: creating session with uuid: '1bc690e0-340d-4000-83bb-b33e2f07b9e0' and name 'vitis-run_compile_asic_imp'
02/19/26 13:28:03: GUIDANCE_SMGR: creating guidance session with uuid: '1bc690e0-340d-4000-83bb-b33e2f07b9e0' and name 'vitis-run_compile_asic_imp'
02/19/26 13:28:03: SYSTEM_DIAGRAM: creating session with uuid: '1bc690e0-340d-4000-83bb-b33e2f07b9e0' and name 'vitis-run_compile_asic_imp'
02/19/26 13:28:09: SESSION_MGR: closing session for UUID '1bc690e0-340d-4000-83bb-b33e2f07b9e0' with name 'vitis-run_compile_asic_imp'
02/19/26 13:28:09: KERNEL_SVC: closing session for UUID '1bc690e0-340d-4000-83bb-b33e2f07b9e0' with name 'vitis-run_compile_asic_imp'
02/19/26 13:28:09: GUIDANCE_SMGR: closing session for UUID '1bc690e0-340d-4000-83bb-b33e2f07b9e0' with name 'vitis-run_compile_asic_imp'
02/19/26 13:28:09: SYSTEM_DIAGRAM: closing session for UUID '1bc690e0-340d-4000-83bb-b33e2f07b9e0' with name 'vitis-run_compile_asic_imp'
02/19/26 13:28:09: STOP_SERVER received, server token: a9606cf4-0b88-4202-8dbf-d096f38fd968, passed token: a9606cf4-0b88-4202-8dbf-d096f38fd968
02/19/26 13:28:09: Socket received request to stop server.
02/19/26 13:28:09: Dispatch Server: do_await_stop
02/19/26 13:28:09: SERVER: destructor for server bound to port 52774
02/19/26 13:32:37: Running xcd server. This server was built by gradle.
02/19/26 13:32:37: Server was asked to start on port: '51234'
02/19/26 13:32:37: Server is using token UUID: 'cb242265-b4ab-450b-b657-aae38a80e848'
02/19/26 13:32:37: SESSION_MGR: creating session with session uuid: '6d04a3e9-ade5-4ab9-8d63-1f78fcd2ec76' and name 'default'
02/19/26 13:32:37: Attempting to start server on port '51234'
02/19/26 13:32:37: Running Dispatch Server
02/19/26 13:32:37: Version 2.2.0
02/19/26 13:32:40: Dispatch Server: Accepted socket connection from client
02/19/26 13:32:40: Starting Socket connection
02/19/26 13:32:40: EXCHANGE_TOKEN received, server token: cb242265-b4ab-450b-b657-aae38a80e848, passed token: cb242265-b4ab-450b-b657-aae38a80e848
02/19/26 13:32:40: DISPATCH_HANDLER: Adding handler from function makeHandler in library xv_system_diagram
02/19/26 13:32:40: SESSION_MGR: creating session with session uuid: '8689ef54-3725-4576-a63d-060f6765359d' and name 'vitis-run_compile_asic_imp'
02/19/26 13:32:40: KERNEL_SVC: creating session with uuid: '8689ef54-3725-4576-a63d-060f6765359d' and name 'vitis-run_compile_asic_imp'
02/19/26 13:32:40: GUIDANCE_SMGR: creating guidance session with uuid: '8689ef54-3725-4576-a63d-060f6765359d' and name 'vitis-run_compile_asic_imp'
02/19/26 13:32:40: SYSTEM_DIAGRAM: creating session with uuid: '8689ef54-3725-4576-a63d-060f6765359d' and name 'vitis-run_compile_asic_imp'
02/19/26 13:32:43: Dispatch Server: Accepted socket connection from client
02/19/26 13:32:43: Starting Socket connection
02/19/26 13:32:47: SESSION_MGR: closing session for UUID '8689ef54-3725-4576-a63d-060f6765359d' with name 'vitis-run_compile_asic_imp'
02/19/26 13:32:47: KERNEL_SVC: closing session for UUID '8689ef54-3725-4576-a63d-060f6765359d' with name 'vitis-run_compile_asic_imp'
02/19/26 13:32:47: GUIDANCE_SMGR: closing session for UUID '8689ef54-3725-4576-a63d-060f6765359d' with name 'vitis-run_compile_asic_imp'
02/19/26 13:32:47: SYSTEM_DIAGRAM: closing session for UUID '8689ef54-3725-4576-a63d-060f6765359d' with name 'vitis-run_compile_asic_imp'
02/19/26 13:32:47: STOP_SERVER received, server token: cb242265-b4ab-450b-b657-aae38a80e848, passed token: cb242265-b4ab-450b-b657-aae38a80e848
02/19/26 13:32:47: Socket received request to stop server.
02/19/26 13:32:47: Dispatch Server: do_await_stop
02/19/26 13:32:47: SERVER: destructor for server bound to port 51234
02/19/26 13:35:01: Running xcd server. This server was built by gradle.
02/19/26 13:35:01: Server was asked to start on port: '58905'
02/19/26 13:35:01: Server is using token UUID: 'e70a6300-b533-48e2-8249-3d2bb08fd672'
02/19/26 13:35:01: SESSION_MGR: creating session with session uuid: '6d04a3e9-ade5-4ab9-8d63-1f78fcd2ec76' and name 'default'
02/19/26 13:35:01: Attempting to start server on port '58905'
02/19/26 13:35:01: Running Dispatch Server
02/19/26 13:35:01: Version 2.2.0
02/19/26 13:35:04: Dispatch Server: Accepted socket connection from client
02/19/26 13:35:04: Starting Socket connection
02/19/26 13:35:04: EXCHANGE_TOKEN received, server token: e70a6300-b533-48e2-8249-3d2bb08fd672, passed token: e70a6300-b533-48e2-8249-3d2bb08fd672
02/19/26 13:35:04: DISPATCH_HANDLER: Adding handler from function makeHandler in library xv_system_diagram
02/19/26 13:35:04: SESSION_MGR: creating session with session uuid: '7dae02c9-f9c6-43c2-8631-19dc197eec6e' and name 'vitis-run_compile_asic_imp'
02/19/26 13:35:04: KERNEL_SVC: creating session with uuid: '7dae02c9-f9c6-43c2-8631-19dc197eec6e' and name 'vitis-run_compile_asic_imp'
02/19/26 13:35:04: GUIDANCE_SMGR: creating guidance session with uuid: '7dae02c9-f9c6-43c2-8631-19dc197eec6e' and name 'vitis-run_compile_asic_imp'
02/19/26 13:35:04: SYSTEM_DIAGRAM: creating session with uuid: '7dae02c9-f9c6-43c2-8631-19dc197eec6e' and name 'vitis-run_compile_asic_imp'
02/19/26 13:35:07: Dispatch Server: Accepted socket connection from client
02/19/26 13:35:07: Starting Socket connection
02/19/26 13:35:09: SESSION_MGR: closing session for UUID '7dae02c9-f9c6-43c2-8631-19dc197eec6e' with name 'vitis-run_compile_asic_imp'
02/19/26 13:35:09: KERNEL_SVC: closing session for UUID '7dae02c9-f9c6-43c2-8631-19dc197eec6e' with name 'vitis-run_compile_asic_imp'
02/19/26 13:35:09: GUIDANCE_SMGR: closing session for UUID '7dae02c9-f9c6-43c2-8631-19dc197eec6e' with name 'vitis-run_compile_asic_imp'
02/19/26 13:35:09: SYSTEM_DIAGRAM: closing session for UUID '7dae02c9-f9c6-43c2-8631-19dc197eec6e' with name 'vitis-run_compile_asic_imp'
02/19/26 13:35:09: STOP_SERVER received, server token: e70a6300-b533-48e2-8249-3d2bb08fd672, passed token: e70a6300-b533-48e2-8249-3d2bb08fd672
02/19/26 13:35:09: Socket received request to stop server.
02/19/26 13:35:09: Dispatch Server: do_await_stop
02/19/26 13:35:09: SERVER: destructor for server bound to port 58905
02/19/26 13:39:29: Running xcd server. This server was built by gradle.
02/19/26 13:39:29: Server was asked to start on port: '50294'
02/19/26 13:39:29: Server is using token UUID: '1e467466-54a7-444a-8c8a-651eafc0bce5'
02/19/26 13:39:29: SESSION_MGR: creating session with session uuid: '6d04a3e9-ade5-4ab9-8d63-1f78fcd2ec76' and name 'default'
02/19/26 13:39:29: Attempting to start server on port '50294'
02/19/26 13:39:29: Running Dispatch Server
02/19/26 13:39:29: Version 2.2.0
02/19/26 13:39:32: Dispatch Server: Accepted socket connection from client
02/19/26 13:39:32: Starting Socket connection
02/19/26 13:39:32: EXCHANGE_TOKEN received, server token: 1e467466-54a7-444a-8c8a-651eafc0bce5, passed token: 1e467466-54a7-444a-8c8a-651eafc0bce5
02/19/26 13:39:32: DISPATCH_HANDLER: Adding handler from function makeHandler in library xv_system_diagram
02/19/26 13:39:32: SESSION_MGR: creating session with session uuid: '3c0e0ecf-2f4a-4c96-a165-6764e2ccfbab' and name 'vitis-run_compile_asic_imp'
02/19/26 13:39:32: KERNEL_SVC: creating session with uuid: '3c0e0ecf-2f4a-4c96-a165-6764e2ccfbab' and name 'vitis-run_compile_asic_imp'
02/19/26 13:39:32: GUIDANCE_SMGR: creating guidance session with uuid: '3c0e0ecf-2f4a-4c96-a165-6764e2ccfbab' and name 'vitis-run_compile_asic_imp'
02/19/26 13:39:32: SYSTEM_DIAGRAM: creating session with uuid: '3c0e0ecf-2f4a-4c96-a165-6764e2ccfbab' and name 'vitis-run_compile_asic_imp'
02/19/26 13:39:35: Dispatch Server: Accepted socket connection from client
02/19/26 13:39:35: Starting Socket connection
02/19/26 15:05:46: SESSION_MGR: closing session for UUID '3c0e0ecf-2f4a-4c96-a165-6764e2ccfbab' with name 'vitis-run_compile_asic_imp'
02/19/26 15:05:46: KERNEL_SVC: closing session for UUID '3c0e0ecf-2f4a-4c96-a165-6764e2ccfbab' with name 'vitis-run_compile_asic_imp'
02/19/26 15:05:46: GUIDANCE_SMGR: closing session for UUID '3c0e0ecf-2f4a-4c96-a165-6764e2ccfbab' with name 'vitis-run_compile_asic_imp'
02/19/26 15:05:46: SYSTEM_DIAGRAM: closing session for UUID '3c0e0ecf-2f4a-4c96-a165-6764e2ccfbab' with name 'vitis-run_compile_asic_imp'
02/19/26 15:05:46: STOP_SERVER received, server token: 1e467466-54a7-444a-8c8a-651eafc0bce5, passed token: 1e467466-54a7-444a-8c8a-651eafc0bce5
02/19/26 15:05:46: Socket received request to stop server.
02/19/26 15:05:46: Dispatch Server: do_await_stop
02/19/26 15:05:46: SERVER: destructor for server bound to port 50294
