

================================================================
== Vitis HLS Report for 'greedy_potential_reduce_with_debug_Pipeline_VITIS_LOOP_115_14'
================================================================
* Date:           Mon Oct 13 17:12:13 2025

* Version:        2025.1 (Build 6135595 on May 21 2025)
* Project:        fmm_reduce_kernel
* Solution:       hls (Vivado IP Flow Target)
* Product family: zynq
* Target device:  xc7z020-clg400-3


================================================================
== Performance Estimates
================================================================
+ Timing: 
    * Summary: 
    +--------+----------+----------+------------+
    |  Clock |  Target  | Estimated| Uncertainty|
    +--------+----------+----------+------------+
    |ap_clk  |  10.00 ns|  6.845 ns|     2.70 ns|
    +--------+----------+----------+------------+

+ Latency: 
    * Summary: 
    +---------+---------+----------+----------+-----+-----+------------------------------------------------+
    |  Latency (cycles) |  Latency (absolute) |  Interval |                    Pipeline                    |
    |   min   |   max   |    min   |    max   | min | max |                      Type                      |
    +---------+---------+----------+----------+-----+-----+------------------------------------------------+
    |        ?|        ?|         ?|         ?|    0|    0|  loop auto-rewind stp (delay=0 clock cycles(s))|
    +---------+---------+----------+----------+-----+-----+------------------------------------------------+

    + Detail: 
        * Instance: 
        N/A

        * Loop: 
        +--------------------+---------+---------+----------+-----------+-----------+------+----------+
        |                    |  Latency (cycles) | Iteration|  Initiation Interval  | Trip |          |
        |      Loop Name     |   min   |   max   |  Latency |  achieved |   target  | Count| Pipelined|
        +--------------------+---------+---------+----------+-----------+-----------+------+----------+
        |- VITIS_LOOP_115_1  |        ?|        ?|         3|          1|          1|     ?|       yes|
        +--------------------+---------+---------+----------+-----------+-----------+------+----------+

============================================================
+ Verbose Summary: Synthesis Manager
============================================================
InlineROM: 1
ExposeGlobal: 0
============================================================
+ Verbose Summary: CDFG Model
============================================================
IsTopModel: 0
ResetActiveHigh: 1
IsCombinational: 0
IsDatapathOnly: 0
HasWiredReturn: 1
HasMFsm: 2
HasVarLatency: 1
IsPipeline: 0
IsRtlPipelined: 0
IsInstanceOverlapped: 0
IsDontTouch: 0
HasImplIP: 0
IsGatedGlobalClock: 0

+ Individual pipeline summary: 
  * Pipeline-0: initiation interval (II) = 1, depth = 3


============================================================
+ Verbose Summary: Schedule
============================================================
* Number of FSM states : 3
* Pipeline : 1
  Pipeline-0 : II = 1, D = 3, States = { 1 2 3 }
* Dataflow Pipeline: 0

* FSM state transitions: 
1 --> 2 
2 --> 3 
3 --> 

* FSM state operations: 

State 1 <SV = 0> <Delay = 6.43>
ST_1 : Operation 6 [1/1] (0.00ns)   --->   "%n = alloca i32 1" [fmm_hls_greedy_potential.cpp:205->fmm_hls_greedy_potential.cpp:233->fmm_hls_greedy_potential.cpp:261]   --->   Operation 6 'alloca' 'n' <Predicate = true> <Delay = 0.00>
ST_1 : Operation 7 [1/1] (0.00ns)   --->   "%c = alloca i32 1" [fmm_hls_greedy_potential.cpp:115->fmm_hls_greedy_potential.cpp:206->fmm_hls_greedy_potential.cpp:233->fmm_hls_greedy_potential.cpp:261]   --->   Operation 7 'alloca' 'c' <Predicate = true> <Delay = 0.00>
ST_1 : Operation 8 [1/1] (0.00ns)   --->   "%j_1_read = read i17 @_ssdm_op_Read.ap_auto.i17, i17 %j_1"   --->   Operation 8 'read' 'j_1_read' <Predicate = true> <Delay = 0.00>
ST_1 : Operation 9 [1/1] (0.00ns)   --->   "%mul_ln117_read = read i17 @_ssdm_op_Read.ap_auto.i17, i17 %mul_ln117"   --->   Operation 9 'read' 'mul_ln117_read' <Predicate = true> <Delay = 0.00>
ST_1 : Operation 10 [1/1] (0.00ns)   --->   "%cols_non_t_read = read i32 @_ssdm_op_Read.ap_auto.i32, i32 %cols_non_t"   --->   Operation 10 'read' 'cols_non_t_read' <Predicate = true> <Delay = 0.00>
ST_1 : Operation 11 [1/1] (1.14ns)   --->   "%store_ln115 = store i31 0, i31 %c" [fmm_hls_greedy_potential.cpp:115->fmm_hls_greedy_potential.cpp:206->fmm_hls_greedy_potential.cpp:233->fmm_hls_greedy_potential.cpp:261]   --->   Operation 11 'store' 'store_ln115' <Predicate = true> <Delay = 1.14>
ST_1 : Operation 12 [1/1] (1.14ns)   --->   "%store_ln205 = store i32 0, i32 %n" [fmm_hls_greedy_potential.cpp:205->fmm_hls_greedy_potential.cpp:233->fmm_hls_greedy_potential.cpp:261]   --->   Operation 12 'store' 'store_ln205' <Predicate = true> <Delay = 1.14>
ST_1 : Operation 13 [1/1] (0.00ns)   --->   "%br_ln0 = br void %for.body.i.i.i.i"   --->   Operation 13 'br' 'br_ln0' <Predicate = true> <Delay = 0.00>
ST_1 : Operation 14 [1/1] (0.00ns)   --->   "%c_7 = load i31 %c" [fmm_hls_greedy_potential.cpp:115->fmm_hls_greedy_potential.cpp:206->fmm_hls_greedy_potential.cpp:233->fmm_hls_greedy_potential.cpp:261]   --->   Operation 14 'load' 'c_7' <Predicate = true> <Delay = 0.00>
ST_1 : Operation 15 [1/1] (0.00ns)   --->   "%zext_ln115 = zext i31 %c_7" [fmm_hls_greedy_potential.cpp:115->fmm_hls_greedy_potential.cpp:206->fmm_hls_greedy_potential.cpp:233->fmm_hls_greedy_potential.cpp:261]   --->   Operation 15 'zext' 'zext_ln115' <Predicate = true> <Delay = 0.00>
ST_1 : Operation 16 [1/1] (1.91ns)   --->   "%icmp_ln115 = icmp_slt  i32 %zext_ln115, i32 %cols_non_t_read" [fmm_hls_greedy_potential.cpp:115->fmm_hls_greedy_potential.cpp:206->fmm_hls_greedy_potential.cpp:233->fmm_hls_greedy_potential.cpp:261]   --->   Operation 16 'icmp' 'icmp_ln115' <Predicate = true> <Delay = 1.91> <CoreInst = "Cmp">   --->   Core 9 'Cmp' <Latency = 0> <II = 1> <Delay = 1.91> <FuncUnit> <Opcode : 'seteq' 'setne' 'setle' 'setge' 'setlt' 'setgt'> <InPorts = 2> <OutPorts = 1>
ST_1 : Operation 17 [1/1] (1.89ns)   --->   "%add_ln115 = add i31 %c_7, i31 1" [fmm_hls_greedy_potential.cpp:115->fmm_hls_greedy_potential.cpp:206->fmm_hls_greedy_potential.cpp:233->fmm_hls_greedy_potential.cpp:261]   --->   Operation 17 'add' 'add_ln115' <Predicate = true> <Delay = 1.89> <CoreInst = "Adder">   --->   Core 1 'Adder' <Latency = 0> <II = 1> <Delay = 1.89> <FuncUnit> <Opcode : 'add' 'sub'> <InPorts = 2> <OutPorts = 1>
ST_1 : Operation 18 [1/1] (0.00ns)   --->   "%br_ln115 = br i1 %icmp_ln115, void %_ZL13compute_pp_nnRK6MatrixiiRiS2_.exit.i.i.i.exitStub, void %for.body.i.i.i.split.i_ifconv" [fmm_hls_greedy_potential.cpp:115->fmm_hls_greedy_potential.cpp:206->fmm_hls_greedy_potential.cpp:233->fmm_hls_greedy_potential.cpp:261]   --->   Operation 18 'br' 'br_ln115' <Predicate = true> <Delay = 0.00>
ST_1 : Operation 19 [1/1] (0.00ns)   --->   "%trunc_ln117 = trunc i31 %c_7" [fmm_hls_greedy_potential.cpp:117->fmm_hls_greedy_potential.cpp:206->fmm_hls_greedy_potential.cpp:233->fmm_hls_greedy_potential.cpp:261]   --->   Operation 19 'trunc' 'trunc_ln117' <Predicate = (icmp_ln115)> <Delay = 0.00>
ST_1 : Operation 20 [1/1] (1.65ns)   --->   "%add_ln117 = add i17 %mul_ln117_read, i17 %trunc_ln117" [fmm_hls_greedy_potential.cpp:117->fmm_hls_greedy_potential.cpp:206->fmm_hls_greedy_potential.cpp:233->fmm_hls_greedy_potential.cpp:261]   --->   Operation 20 'add' 'add_ln117' <Predicate = (icmp_ln115)> <Delay = 1.65> <CoreInst = "Adder">   --->   Core 1 'Adder' <Latency = 0> <II = 1> <Delay = 1.65> <FuncUnit> <Opcode : 'add' 'sub'> <InPorts = 2> <OutPorts = 1>
ST_1 : Operation 21 [1/1] (0.00ns)   --->   "%shl_ln119 = shl i17 %j_1_read, i17 8" [fmm_hls_greedy_potential.cpp:119->fmm_hls_greedy_potential.cpp:227->fmm_hls_greedy_potential.cpp:261]   --->   Operation 21 'shl' 'shl_ln119' <Predicate = (icmp_ln115)> <Delay = 0.00>
ST_1 : Operation 22 [1/1] (0.00ns)   --->   "%shl_ln119_1 = shl i17 %j_1_read, i17 6" [fmm_hls_greedy_potential.cpp:119->fmm_hls_greedy_potential.cpp:227->fmm_hls_greedy_potential.cpp:261]   --->   Operation 22 'shl' 'shl_ln119_1' <Predicate = (icmp_ln115)> <Delay = 0.00>
ST_1 : Operation 23 [1/1] (0.00ns) (grouped into TernaryAdder)   --->   "%add_ln119 = add i17 %shl_ln119, i17 %shl_ln119_1" [fmm_hls_greedy_potential.cpp:119->fmm_hls_greedy_potential.cpp:227->fmm_hls_greedy_potential.cpp:261]   --->   Operation 23 'add' 'add_ln119' <Predicate = (icmp_ln115)> <Delay = 0.00> <CoreInst = "TAddSub">   --->   Core 10 'TAddSub' <Latency = 0> <II = 1> <Delay = 1.43> <IPBlock> <Opcode : 'add' 'sub'> <InPorts = 3> <OutPorts = 1> <Sync> <CReg>
ST_1 : Operation 24 [1/1] (2.86ns) (root node of TernaryAdder)   --->   "%add_ln119_3 = add i17 %add_ln119, i17 %trunc_ln117" [fmm_hls_greedy_potential.cpp:119->fmm_hls_greedy_potential.cpp:206->fmm_hls_greedy_potential.cpp:233->fmm_hls_greedy_potential.cpp:261]   --->   Operation 24 'add' 'add_ln119_3' <Predicate = (icmp_ln115)> <Delay = 2.86> <CoreInst = "TAddSub">   --->   Core 10 'TAddSub' <Latency = 0> <II = 1> <Delay = 1.43> <IPBlock> <Opcode : 'add' 'sub'> <InPorts = 3> <OutPorts = 1> <Sync> <CReg>
ST_1 : Operation 25 [1/1] (0.00ns)   --->   "%zext_ln119 = zext i17 %add_ln119_3" [fmm_hls_greedy_potential.cpp:119->fmm_hls_greedy_potential.cpp:206->fmm_hls_greedy_potential.cpp:233->fmm_hls_greedy_potential.cpp:261]   --->   Operation 25 'zext' 'zext_ln119' <Predicate = (icmp_ln115)> <Delay = 0.00>
ST_1 : Operation 26 [1/1] (0.00ns)   --->   "%M_e_addr_11 = getelementptr i32 %M_e, i64 0, i64 %zext_ln119" [fmm_hls_greedy_potential.cpp:119->fmm_hls_greedy_potential.cpp:206->fmm_hls_greedy_potential.cpp:233->fmm_hls_greedy_potential.cpp:261]   --->   Operation 26 'getelementptr' 'M_e_addr_11' <Predicate = (icmp_ln115)> <Delay = 0.00>
ST_1 : Operation 27 [2/2] (2.41ns)   --->   "%e2 = load i17 %M_e_addr_11" [fmm_hls_greedy_potential.cpp:119->fmm_hls_greedy_potential.cpp:206->fmm_hls_greedy_potential.cpp:233->fmm_hls_greedy_potential.cpp:261]   --->   Operation 27 'load' 'e2' <Predicate = (icmp_ln115)> <Delay = 2.41> <CoreInst = "RAM">   --->   Core 81 'RAM' <Latency = 1> <II = 1> <Delay = 2.41> <Storage> <Opcode : 'load' 'store'> <Ports = 2> <Width = 32> <Depth = 102400> <RAM>
ST_1 : Operation 28 [1/1] (1.14ns)   --->   "%store_ln115 = store i31 %add_ln115, i31 %c" [fmm_hls_greedy_potential.cpp:115->fmm_hls_greedy_potential.cpp:206->fmm_hls_greedy_potential.cpp:233->fmm_hls_greedy_potential.cpp:261]   --->   Operation 28 'store' 'store_ln115' <Predicate = (icmp_ln115)> <Delay = 1.14>

State 2 <SV = 1> <Delay = 2.41>
ST_2 : Operation 29 [1/1] (0.00ns)   --->   "%zext_ln117 = zext i17 %add_ln117" [fmm_hls_greedy_potential.cpp:117->fmm_hls_greedy_potential.cpp:206->fmm_hls_greedy_potential.cpp:233->fmm_hls_greedy_potential.cpp:261]   --->   Operation 29 'zext' 'zext_ln117' <Predicate = true> <Delay = 0.00>
ST_2 : Operation 30 [1/1] (0.00ns)   --->   "%M_e_addr = getelementptr i32 %M_e, i64 0, i64 %zext_ln117" [fmm_hls_greedy_potential.cpp:117->fmm_hls_greedy_potential.cpp:206->fmm_hls_greedy_potential.cpp:233->fmm_hls_greedy_potential.cpp:261]   --->   Operation 30 'getelementptr' 'M_e_addr' <Predicate = true> <Delay = 0.00>
ST_2 : Operation 31 [2/2] (2.41ns)   --->   "%e1 = load i17 %M_e_addr" [fmm_hls_greedy_potential.cpp:117->fmm_hls_greedy_potential.cpp:206->fmm_hls_greedy_potential.cpp:233->fmm_hls_greedy_potential.cpp:261]   --->   Operation 31 'load' 'e1' <Predicate = true> <Delay = 2.41> <CoreInst = "RAM">   --->   Core 81 'RAM' <Latency = 1> <II = 1> <Delay = 2.41> <Storage> <Opcode : 'load' 'store'> <Ports = 2> <Width = 32> <Depth = 102400> <RAM>
ST_2 : Operation 32 [1/2] ( I:2.41ns O:2.41ns )   --->   "%e2 = load i17 %M_e_addr_11" [fmm_hls_greedy_potential.cpp:119->fmm_hls_greedy_potential.cpp:206->fmm_hls_greedy_potential.cpp:233->fmm_hls_greedy_potential.cpp:261]   --->   Operation 32 'load' 'e2' <Predicate = true> <Delay = 2.41> <CoreInst = "RAM">   --->   Core 81 'RAM' <Latency = 1> <II = 1> <Delay = 2.41> <Storage> <Opcode : 'load' 'store'> <Ports = 2> <Width = 32> <Depth = 102400> <RAM>
ST_2 : Operation 51 [1/1] (0.00ns)   --->   "%n_load_1 = load i32 %n"   --->   Operation 51 'load' 'n_load_1' <Predicate = (!icmp_ln115)> <Delay = 0.00>
ST_2 : Operation 52 [1/1] (0.00ns)   --->   "%write_ln0 = write void @_ssdm_op_Write.ap_auto.i32P0A, i32 %n_6_out, i32 %n_load_1"   --->   Operation 52 'write' 'write_ln0' <Predicate = (!icmp_ln115)> <Delay = 0.00>
ST_2 : Operation 53 [1/1] (1.14ns)   --->   "%ret_ln0 = ret"   --->   Operation 53 'ret' 'ret_ln0' <Predicate = (!icmp_ln115)> <Delay = 1.14>

State 3 <SV = 2> <Delay = 6.84>
ST_3 : Operation 33 [1/1] (0.00ns)   --->   "%n_load = load i32 %n" [fmm_hls_greedy_potential.cpp:122->fmm_hls_greedy_potential.cpp:206->fmm_hls_greedy_potential.cpp:233->fmm_hls_greedy_potential.cpp:261]   --->   Operation 33 'load' 'n_load' <Predicate = true> <Delay = 0.00>
ST_3 : Operation 34 [1/1] (0.00ns)   --->   "%specpipeline_ln116 = specpipeline void @_ssdm_op_SpecPipeline, i32 1, i32 0, i32 0, i32 0, void @empty_13" [fmm_hls_greedy_potential.cpp:116->fmm_hls_greedy_potential.cpp:206->fmm_hls_greedy_potential.cpp:233->fmm_hls_greedy_potential.cpp:261]   --->   Operation 34 'specpipeline' 'specpipeline_ln116' <Predicate = true> <Delay = 0.00>
ST_3 : Operation 35 [1/1] (0.00ns)   --->   "%specloopname_ln115 = specloopname void @_ssdm_op_SpecLoopName, void @empty_1" [fmm_hls_greedy_potential.cpp:115->fmm_hls_greedy_potential.cpp:206->fmm_hls_greedy_potential.cpp:233->fmm_hls_greedy_potential.cpp:261]   --->   Operation 35 'specloopname' 'specloopname_ln115' <Predicate = true> <Delay = 0.00>
ST_3 : Operation 36 [1/2] ( I:2.41ns O:2.41ns )   --->   "%e1 = load i17 %M_e_addr" [fmm_hls_greedy_potential.cpp:117->fmm_hls_greedy_potential.cpp:206->fmm_hls_greedy_potential.cpp:233->fmm_hls_greedy_potential.cpp:261]   --->   Operation 36 'load' 'e1' <Predicate = true> <Delay = 2.41> <CoreInst = "RAM">   --->   Core 81 'RAM' <Latency = 1> <II = 1> <Delay = 2.41> <Storage> <Opcode : 'load' 'store'> <Ports = 2> <Width = 32> <Depth = 102400> <RAM>
ST_3 : Operation 37 [1/1] (1.91ns)   --->   "%icmp_ln118 = icmp_eq  i32 %e1, i32 0" [fmm_hls_greedy_potential.cpp:118->fmm_hls_greedy_potential.cpp:206->fmm_hls_greedy_potential.cpp:233->fmm_hls_greedy_potential.cpp:261]   --->   Operation 37 'icmp' 'icmp_ln118' <Predicate = true> <Delay = 1.91> <CoreInst = "Cmp">   --->   Core 9 'Cmp' <Latency = 0> <II = 1> <Delay = 1.91> <FuncUnit> <Opcode : 'seteq' 'setne' 'setle' 'setge' 'setlt' 'setgt'> <InPorts = 2> <OutPorts = 1>
ST_3 : Operation 38 [1/1] (1.91ns)   --->   "%icmp_ln120 = icmp_eq  i32 %e2, i32 0" [fmm_hls_greedy_potential.cpp:120->fmm_hls_greedy_potential.cpp:206->fmm_hls_greedy_potential.cpp:233->fmm_hls_greedy_potential.cpp:261]   --->   Operation 38 'icmp' 'icmp_ln120' <Predicate = true> <Delay = 1.91> <CoreInst = "Cmp">   --->   Core 9 'Cmp' <Latency = 0> <II = 1> <Delay = 1.91> <FuncUnit> <Opcode : 'seteq' 'setne' 'setle' 'setge' 'setlt' 'setgt'> <InPorts = 2> <OutPorts = 1>
ST_3 : Operation 39 [1/1] (1.91ns)   --->   "%icmp_ln121 = icmp_eq  i32 %e1, i32 %e2" [fmm_hls_greedy_potential.cpp:121->fmm_hls_greedy_potential.cpp:206->fmm_hls_greedy_potential.cpp:233->fmm_hls_greedy_potential.cpp:261]   --->   Operation 39 'icmp' 'icmp_ln121' <Predicate = true> <Delay = 1.91> <CoreInst = "Cmp">   --->   Core 9 'Cmp' <Latency = 0> <II = 1> <Delay = 1.91> <FuncUnit> <Opcode : 'seteq' 'setne' 'setle' 'setge' 'setlt' 'setgt'> <InPorts = 2> <OutPorts = 1>
ST_3 : Operation 40 [1/1] (0.00ns)   --->   "%sext_ln122 = sext i32 %e2" [fmm_hls_greedy_potential.cpp:122->fmm_hls_greedy_potential.cpp:206->fmm_hls_greedy_potential.cpp:233->fmm_hls_greedy_potential.cpp:261]   --->   Operation 40 'sext' 'sext_ln122' <Predicate = true> <Delay = 0.00>
ST_3 : Operation 41 [1/1] (1.91ns)   --->   "%sub_ln122 = sub i33 0, i33 %sext_ln122" [fmm_hls_greedy_potential.cpp:122->fmm_hls_greedy_potential.cpp:206->fmm_hls_greedy_potential.cpp:233->fmm_hls_greedy_potential.cpp:261]   --->   Operation 41 'sub' 'sub_ln122' <Predicate = true> <Delay = 1.91> <CoreInst = "Adder">   --->   Core 1 'Adder' <Latency = 0> <II = 1> <Delay = 1.91> <FuncUnit> <Opcode : 'add' 'sub'> <InPorts = 2> <OutPorts = 1>
ST_3 : Operation 42 [1/1] (0.00ns)   --->   "%sext_ln122_3 = sext i32 %e1" [fmm_hls_greedy_potential.cpp:122->fmm_hls_greedy_potential.cpp:206->fmm_hls_greedy_potential.cpp:233->fmm_hls_greedy_potential.cpp:261]   --->   Operation 42 'sext' 'sext_ln122_3' <Predicate = true> <Delay = 0.00>
ST_3 : Operation 43 [1/1] (1.95ns)   --->   "%icmp_ln122 = icmp_eq  i33 %sext_ln122_3, i33 %sub_ln122" [fmm_hls_greedy_potential.cpp:122->fmm_hls_greedy_potential.cpp:206->fmm_hls_greedy_potential.cpp:233->fmm_hls_greedy_potential.cpp:261]   --->   Operation 43 'icmp' 'icmp_ln122' <Predicate = true> <Delay = 1.95> <CoreInst = "Cmp">   --->   Core 9 'Cmp' <Latency = 0> <II = 1> <Delay = 1.95> <FuncUnit> <Opcode : 'seteq' 'setne' 'setle' 'setge' 'setlt' 'setgt'> <InPorts = 2> <OutPorts = 1>
ST_3 : Operation 44 [1/1] (1.91ns)   --->   "%add_ln122 = add i32 %n_load, i32 1" [fmm_hls_greedy_potential.cpp:122->fmm_hls_greedy_potential.cpp:206->fmm_hls_greedy_potential.cpp:233->fmm_hls_greedy_potential.cpp:261]   --->   Operation 44 'add' 'add_ln122' <Predicate = true> <Delay = 1.91> <CoreInst = "Adder">   --->   Core 1 'Adder' <Latency = 0> <II = 1> <Delay = 1.91> <FuncUnit> <Opcode : 'add' 'sub'> <InPorts = 2> <OutPorts = 1>
ST_3 : Operation 45 [1/1] (0.00ns) (grouped into LUT with out node n_7)   --->   "%n_6 = select i1 %icmp_ln122, i32 %add_ln122, i32 %n_load" [fmm_hls_greedy_potential.cpp:122->fmm_hls_greedy_potential.cpp:206->fmm_hls_greedy_potential.cpp:233->fmm_hls_greedy_potential.cpp:261]   --->   Operation 45 'select' 'n_6' <Predicate = true> <Delay = 0.00> <CoreInst = "Sel">   --->   Core 73 'Sel' <Latency = 0> <II = 1> <Delay = 0.65> <FuncUnit> <Opcode : 'select'> <InPorts = 3> <OutPorts = 1>
ST_3 : Operation 46 [1/1] (0.00ns) (grouped into LUT with out node or_ln120_1)   --->   "%or_ln120 = or i1 %icmp_ln121, i1 %icmp_ln118" [fmm_hls_greedy_potential.cpp:120->fmm_hls_greedy_potential.cpp:206->fmm_hls_greedy_potential.cpp:233->fmm_hls_greedy_potential.cpp:261]   --->   Operation 46 'or' 'or_ln120' <Predicate = true> <Delay = 0.00> <CoreInst = "LogicGate">   --->   Core 74 'LogicGate' <Latency = 0> <II = 1> <Delay = 0.71> <FuncUnit> <Opcode : 'and' 'or' 'xor'> <InPorts = 2> <OutPorts = 1>
ST_3 : Operation 47 [1/1] (0.71ns) (out node of the LUT)   --->   "%or_ln120_1 = or i1 %or_ln120, i1 %icmp_ln120" [fmm_hls_greedy_potential.cpp:120->fmm_hls_greedy_potential.cpp:206->fmm_hls_greedy_potential.cpp:233->fmm_hls_greedy_potential.cpp:261]   --->   Operation 47 'or' 'or_ln120_1' <Predicate = true> <Delay = 0.71> <CoreInst = "LogicGate">   --->   Core 74 'LogicGate' <Latency = 0> <II = 1> <Delay = 0.71> <FuncUnit> <Opcode : 'and' 'or' 'xor'> <InPorts = 2> <OutPorts = 1>
ST_3 : Operation 48 [1/1] (0.65ns) (out node of the LUT)   --->   "%n_7 = select i1 %or_ln120_1, i32 %n_load, i32 %n_6" [fmm_hls_greedy_potential.cpp:120->fmm_hls_greedy_potential.cpp:206->fmm_hls_greedy_potential.cpp:233->fmm_hls_greedy_potential.cpp:261]   --->   Operation 48 'select' 'n_7' <Predicate = true> <Delay = 0.65> <CoreInst = "Sel">   --->   Core 73 'Sel' <Latency = 0> <II = 1> <Delay = 0.65> <FuncUnit> <Opcode : 'select'> <InPorts = 3> <OutPorts = 1>
ST_3 : Operation 49 [1/1] (1.14ns)   --->   "%store_ln205 = store i32 %n_7, i32 %n" [fmm_hls_greedy_potential.cpp:205->fmm_hls_greedy_potential.cpp:233->fmm_hls_greedy_potential.cpp:261]   --->   Operation 49 'store' 'store_ln205' <Predicate = true> <Delay = 1.14>
ST_3 : Operation 50 [1/1] (0.00ns)   --->   "%br_ln115 = br void %for.body.i.i.i.i" [fmm_hls_greedy_potential.cpp:115->fmm_hls_greedy_potential.cpp:206->fmm_hls_greedy_potential.cpp:233->fmm_hls_greedy_potential.cpp:261]   --->   Operation 50 'br' 'br_ln115' <Predicate = true> <Delay = 0.00>


============================================================
+ Verbose Summary: Timing violations
============================================================
Target clock period: 10.000ns, clock uncertainty: 2.700ns.

 <State 1>: 6.430ns
The critical path consists of the following:
	'store' operation 0 bit ('store_ln115', fmm_hls_greedy_potential.cpp:115->fmm_hls_greedy_potential.cpp:206->fmm_hls_greedy_potential.cpp:233->fmm_hls_greedy_potential.cpp:261) of constant 0 on local variable 'c', fmm_hls_greedy_potential.cpp:115->fmm_hls_greedy_potential.cpp:206->fmm_hls_greedy_potential.cpp:233->fmm_hls_greedy_potential.cpp:261 [11]  (1.146 ns)
	'load' operation 31 bit ('c', fmm_hls_greedy_potential.cpp:115->fmm_hls_greedy_potential.cpp:206->fmm_hls_greedy_potential.cpp:233->fmm_hls_greedy_potential.cpp:261) on local variable 'c', fmm_hls_greedy_potential.cpp:115->fmm_hls_greedy_potential.cpp:206->fmm_hls_greedy_potential.cpp:233->fmm_hls_greedy_potential.cpp:261 [15]  (0.000 ns)
	'add' operation 17 bit ('add_ln119_3', fmm_hls_greedy_potential.cpp:119->fmm_hls_greedy_potential.cpp:206->fmm_hls_greedy_potential.cpp:233->fmm_hls_greedy_potential.cpp:261) [29]  (2.867 ns)
	'getelementptr' operation 17 bit ('M_e_addr_11', fmm_hls_greedy_potential.cpp:119->fmm_hls_greedy_potential.cpp:206->fmm_hls_greedy_potential.cpp:233->fmm_hls_greedy_potential.cpp:261) [31]  (0.000 ns)
	'load' operation 32 bit ('e2', fmm_hls_greedy_potential.cpp:119->fmm_hls_greedy_potential.cpp:206->fmm_hls_greedy_potential.cpp:233->fmm_hls_greedy_potential.cpp:261) on array 'M_e' [36]  (2.417 ns)

 <State 2>: 2.417ns
The critical path consists of the following:
	'getelementptr' operation 17 bit ('M_e_addr', fmm_hls_greedy_potential.cpp:117->fmm_hls_greedy_potential.cpp:206->fmm_hls_greedy_potential.cpp:233->fmm_hls_greedy_potential.cpp:261) [25]  (0.000 ns)
	'load' operation 32 bit ('e1', fmm_hls_greedy_potential.cpp:117->fmm_hls_greedy_potential.cpp:206->fmm_hls_greedy_potential.cpp:233->fmm_hls_greedy_potential.cpp:261) on array 'M_e' [34]  (2.417 ns)

 <State 3>: 6.845ns
The critical path consists of the following:
	'load' operation 32 bit ('e1', fmm_hls_greedy_potential.cpp:117->fmm_hls_greedy_potential.cpp:206->fmm_hls_greedy_potential.cpp:233->fmm_hls_greedy_potential.cpp:261) on array 'M_e' [34]  (2.417 ns)
	'icmp' operation 1 bit ('icmp_ln121', fmm_hls_greedy_potential.cpp:121->fmm_hls_greedy_potential.cpp:206->fmm_hls_greedy_potential.cpp:233->fmm_hls_greedy_potential.cpp:261) [38]  (1.916 ns)
	'or' operation 1 bit ('or_ln120', fmm_hls_greedy_potential.cpp:120->fmm_hls_greedy_potential.cpp:206->fmm_hls_greedy_potential.cpp:233->fmm_hls_greedy_potential.cpp:261) [45]  (0.000 ns)
	'or' operation 1 bit ('or_ln120_1', fmm_hls_greedy_potential.cpp:120->fmm_hls_greedy_potential.cpp:206->fmm_hls_greedy_potential.cpp:233->fmm_hls_greedy_potential.cpp:261) [46]  (0.712 ns)
	'select' operation 32 bit ('n', fmm_hls_greedy_potential.cpp:120->fmm_hls_greedy_potential.cpp:206->fmm_hls_greedy_potential.cpp:233->fmm_hls_greedy_potential.cpp:261) [47]  (0.654 ns)
	'store' operation 0 bit ('store_ln205', fmm_hls_greedy_potential.cpp:205->fmm_hls_greedy_potential.cpp:233->fmm_hls_greedy_potential.cpp:261) of variable 'n', fmm_hls_greedy_potential.cpp:120->fmm_hls_greedy_potential.cpp:206->fmm_hls_greedy_potential.cpp:233->fmm_hls_greedy_potential.cpp:261 on local variable 'n', fmm_hls_greedy_potential.cpp:205->fmm_hls_greedy_potential.cpp:233->fmm_hls_greedy_potential.cpp:261 [49]  (1.146 ns)


============================================================
+ Verbose Summary: Binding
============================================================
N/A
* FSMD analyzer results:
  - Output states:
 - Input state : 
  - Chain level:
	State 1
	State 2
	State 3


============================================================
+ Verbose Summary: Datapath Resource usage 
============================================================
N/A
