

================================================================
== Vitis HLS Report for 'greedy_potential_reduce_with_debug_Pipeline_VITIS_LOOP_115_13'
================================================================
* Date:           Mon Oct 13 17:12:07 2025

* Version:        2025.1 (Build 6135595 on May 21 2025)
* Project:        fmm_reduce_kernel
* Solution:       hls (Vivado IP Flow Target)
* Product family: zynq
* Target device:  xc7z020-clg400-3


================================================================
== Performance Estimates
================================================================
+ Timing: 
    * Summary: 
    +--------+----------+----------+------------+
    |  Clock |  Target  | Estimated| Uncertainty|
    +--------+----------+----------+------------+
    |ap_clk  |  10.00 ns|  6.430 ns|     2.70 ns|
    +--------+----------+----------+------------+

+ Latency: 
    * Summary: 
    +---------+---------+----------+----------+-----+-----+------------------------------------------------+
    |  Latency (cycles) |  Latency (absolute) |  Interval |                    Pipeline                    |
    |   min   |   max   |    min   |    max   | min | max |                      Type                      |
    +---------+---------+----------+----------+-----+-----+------------------------------------------------+
    |        ?|        ?|         ?|         ?|    0|    0|  loop auto-rewind stp (delay=0 clock cycles(s))|
    +---------+---------+----------+----------+-----+-----+------------------------------------------------+

    + Detail: 
        * Instance: 
        N/A

        * Loop: 
        +--------------------+---------+---------+----------+-----------+-----------+------+----------+
        |                    |  Latency (cycles) | Iteration|  Initiation Interval  | Trip |          |
        |      Loop Name     |   min   |   max   |  Latency |  achieved |   target  | Count| Pipelined|
        +--------------------+---------+---------+----------+-----------+-----------+------+----------+
        |- VITIS_LOOP_115_1  |        ?|        ?|         2|          1|          1|     ?|       yes|
        +--------------------+---------+---------+----------+-----------+-----------+------+----------+

============================================================
+ Verbose Summary: Synthesis Manager
============================================================
InlineROM: 1
ExposeGlobal: 0
============================================================
+ Verbose Summary: CDFG Model
============================================================
IsTopModel: 0
ResetActiveHigh: 1
IsCombinational: 0
IsDatapathOnly: 0
HasWiredReturn: 1
HasMFsm: 2
HasVarLatency: 1
IsPipeline: 0
IsRtlPipelined: 0
IsInstanceOverlapped: 0
IsDontTouch: 0
HasImplIP: 0
IsGatedGlobalClock: 0

+ Individual pipeline summary: 
  * Pipeline-0: initiation interval (II) = 1, depth = 2


============================================================
+ Verbose Summary: Schedule
============================================================
* Number of FSM states : 2
* Pipeline : 1
  Pipeline-0 : II = 1, D = 2, States = { 1 2 }
* Dataflow Pipeline: 0

* FSM state transitions: 
1 --> 2 
2 --> 

* FSM state operations: 

State 1 <SV = 0> <Delay = 6.43>
ST_1 : Operation 5 [1/1] (0.00ns)   --->   "%p_2 = alloca i32 1" [fmm_hls_greedy_potential.cpp:205->fmm_hls_greedy_potential.cpp:229->fmm_hls_greedy_potential.cpp:261]   --->   Operation 5 'alloca' 'p_2' <Predicate = true> <Delay = 0.00>
ST_1 : Operation 6 [1/1] (0.00ns)   --->   "%c_3 = alloca i32 1" [fmm_hls_greedy_potential.cpp:115->fmm_hls_greedy_potential.cpp:206->fmm_hls_greedy_potential.cpp:229->fmm_hls_greedy_potential.cpp:261]   --->   Operation 6 'alloca' 'c_3' <Predicate = true> <Delay = 0.00>
ST_1 : Operation 7 [1/1] (0.00ns)   --->   "%j_1_read = read i17 @_ssdm_op_Read.ap_auto.i17, i17 %j_1"   --->   Operation 7 'read' 'j_1_read' <Predicate = true> <Delay = 0.00>
ST_1 : Operation 8 [1/1] (0.00ns)   --->   "%mul_ln117_read = read i17 @_ssdm_op_Read.ap_auto.i17, i17 %mul_ln117"   --->   Operation 8 'read' 'mul_ln117_read' <Predicate = true> <Delay = 0.00>
ST_1 : Operation 9 [1/1] (0.00ns)   --->   "%cols_non_t_read = read i32 @_ssdm_op_Read.ap_auto.i32, i32 %cols_non_t"   --->   Operation 9 'read' 'cols_non_t_read' <Predicate = true> <Delay = 0.00>
ST_1 : Operation 10 [1/1] (1.14ns)   --->   "%store_ln115 = store i31 0, i31 %c_3" [fmm_hls_greedy_potential.cpp:115->fmm_hls_greedy_potential.cpp:206->fmm_hls_greedy_potential.cpp:229->fmm_hls_greedy_potential.cpp:261]   --->   Operation 10 'store' 'store_ln115' <Predicate = true> <Delay = 1.14>
ST_1 : Operation 11 [1/1] (1.14ns)   --->   "%store_ln205 = store i32 0, i32 %p_2" [fmm_hls_greedy_potential.cpp:205->fmm_hls_greedy_potential.cpp:229->fmm_hls_greedy_potential.cpp:261]   --->   Operation 11 'store' 'store_ln205' <Predicate = true> <Delay = 1.14>
ST_1 : Operation 12 [1/1] (0.00ns)   --->   "%br_ln0 = br void %for.body.i.i81.i.i"   --->   Operation 12 'br' 'br_ln0' <Predicate = true> <Delay = 0.00>
ST_1 : Operation 13 [1/1] (0.00ns)   --->   "%c = load i31 %c_3" [fmm_hls_greedy_potential.cpp:115->fmm_hls_greedy_potential.cpp:206->fmm_hls_greedy_potential.cpp:229->fmm_hls_greedy_potential.cpp:261]   --->   Operation 13 'load' 'c' <Predicate = true> <Delay = 0.00>
ST_1 : Operation 14 [1/1] (0.00ns)   --->   "%zext_ln115 = zext i31 %c" [fmm_hls_greedy_potential.cpp:115->fmm_hls_greedy_potential.cpp:206->fmm_hls_greedy_potential.cpp:229->fmm_hls_greedy_potential.cpp:261]   --->   Operation 14 'zext' 'zext_ln115' <Predicate = true> <Delay = 0.00>
ST_1 : Operation 15 [1/1] (1.91ns)   --->   "%icmp_ln115 = icmp_slt  i32 %zext_ln115, i32 %cols_non_t_read" [fmm_hls_greedy_potential.cpp:115->fmm_hls_greedy_potential.cpp:206->fmm_hls_greedy_potential.cpp:229->fmm_hls_greedy_potential.cpp:261]   --->   Operation 15 'icmp' 'icmp_ln115' <Predicate = true> <Delay = 1.91> <CoreInst = "Cmp">   --->   Core 9 'Cmp' <Latency = 0> <II = 1> <Delay = 1.91> <FuncUnit> <Opcode : 'seteq' 'setne' 'setle' 'setge' 'setlt' 'setgt'> <InPorts = 2> <OutPorts = 1>
ST_1 : Operation 16 [1/1] (1.89ns)   --->   "%add_ln115 = add i31 %c, i31 1" [fmm_hls_greedy_potential.cpp:115->fmm_hls_greedy_potential.cpp:206->fmm_hls_greedy_potential.cpp:229->fmm_hls_greedy_potential.cpp:261]   --->   Operation 16 'add' 'add_ln115' <Predicate = true> <Delay = 1.89> <CoreInst = "Adder">   --->   Core 1 'Adder' <Latency = 0> <II = 1> <Delay = 1.89> <FuncUnit> <Opcode : 'add' 'sub'> <InPorts = 2> <OutPorts = 1>
ST_1 : Operation 17 [1/1] (0.00ns)   --->   "%br_ln115 = br i1 %icmp_ln115, void %_ZL13compute_pp_nnRK6MatrixiiRiS2_.exit.i136.i.i.exitStub, void %for.body.i.i81.i.split.i_ifconv" [fmm_hls_greedy_potential.cpp:115->fmm_hls_greedy_potential.cpp:206->fmm_hls_greedy_potential.cpp:229->fmm_hls_greedy_potential.cpp:261]   --->   Operation 17 'br' 'br_ln115' <Predicate = true> <Delay = 0.00>
ST_1 : Operation 18 [1/1] (0.00ns)   --->   "%trunc_ln117 = trunc i31 %c" [fmm_hls_greedy_potential.cpp:117->fmm_hls_greedy_potential.cpp:206->fmm_hls_greedy_potential.cpp:229->fmm_hls_greedy_potential.cpp:261]   --->   Operation 18 'trunc' 'trunc_ln117' <Predicate = (icmp_ln115)> <Delay = 0.00>
ST_1 : Operation 19 [1/1] (1.65ns)   --->   "%add_ln117 = add i17 %mul_ln117_read, i17 %trunc_ln117" [fmm_hls_greedy_potential.cpp:117->fmm_hls_greedy_potential.cpp:206->fmm_hls_greedy_potential.cpp:229->fmm_hls_greedy_potential.cpp:261]   --->   Operation 19 'add' 'add_ln117' <Predicate = (icmp_ln115)> <Delay = 1.65> <CoreInst = "Adder">   --->   Core 1 'Adder' <Latency = 0> <II = 1> <Delay = 1.65> <FuncUnit> <Opcode : 'add' 'sub'> <InPorts = 2> <OutPorts = 1>
ST_1 : Operation 20 [1/1] (0.00ns)   --->   "%zext_ln117 = zext i17 %add_ln117" [fmm_hls_greedy_potential.cpp:117->fmm_hls_greedy_potential.cpp:206->fmm_hls_greedy_potential.cpp:229->fmm_hls_greedy_potential.cpp:261]   --->   Operation 20 'zext' 'zext_ln117' <Predicate = (icmp_ln115)> <Delay = 0.00>
ST_1 : Operation 21 [1/1] (0.00ns)   --->   "%M_e_addr_8 = getelementptr i32 %M_e, i64 0, i64 %zext_ln117" [fmm_hls_greedy_potential.cpp:117->fmm_hls_greedy_potential.cpp:206->fmm_hls_greedy_potential.cpp:229->fmm_hls_greedy_potential.cpp:261]   --->   Operation 21 'getelementptr' 'M_e_addr_8' <Predicate = (icmp_ln115)> <Delay = 0.00>
ST_1 : Operation 22 [1/1] (0.00ns)   --->   "%shl_ln119 = shl i17 %j_1_read, i17 8" [fmm_hls_greedy_potential.cpp:119->fmm_hls_greedy_potential.cpp:227->fmm_hls_greedy_potential.cpp:261]   --->   Operation 22 'shl' 'shl_ln119' <Predicate = (icmp_ln115)> <Delay = 0.00>
ST_1 : Operation 23 [1/1] (0.00ns)   --->   "%shl_ln119_2 = shl i17 %j_1_read, i17 6" [fmm_hls_greedy_potential.cpp:119->fmm_hls_greedy_potential.cpp:227->fmm_hls_greedy_potential.cpp:261]   --->   Operation 23 'shl' 'shl_ln119_2' <Predicate = (icmp_ln115)> <Delay = 0.00>
ST_1 : Operation 24 [1/1] (0.00ns) (grouped into TernaryAdder)   --->   "%add_ln119 = add i17 %shl_ln119, i17 %shl_ln119_2" [fmm_hls_greedy_potential.cpp:119->fmm_hls_greedy_potential.cpp:227->fmm_hls_greedy_potential.cpp:261]   --->   Operation 24 'add' 'add_ln119' <Predicate = (icmp_ln115)> <Delay = 0.00> <CoreInst = "TAddSub">   --->   Core 10 'TAddSub' <Latency = 0> <II = 1> <Delay = 1.43> <IPBlock> <Opcode : 'add' 'sub'> <InPorts = 3> <OutPorts = 1> <Sync> <CReg>
ST_1 : Operation 25 [1/1] (2.86ns) (root node of TernaryAdder)   --->   "%add_ln119_1 = add i17 %add_ln119, i17 %trunc_ln117" [fmm_hls_greedy_potential.cpp:119->fmm_hls_greedy_potential.cpp:206->fmm_hls_greedy_potential.cpp:229->fmm_hls_greedy_potential.cpp:261]   --->   Operation 25 'add' 'add_ln119_1' <Predicate = (icmp_ln115)> <Delay = 2.86> <CoreInst = "TAddSub">   --->   Core 10 'TAddSub' <Latency = 0> <II = 1> <Delay = 1.43> <IPBlock> <Opcode : 'add' 'sub'> <InPorts = 3> <OutPorts = 1> <Sync> <CReg>
ST_1 : Operation 26 [1/1] (0.00ns)   --->   "%zext_ln119 = zext i17 %add_ln119_1" [fmm_hls_greedy_potential.cpp:119->fmm_hls_greedy_potential.cpp:206->fmm_hls_greedy_potential.cpp:229->fmm_hls_greedy_potential.cpp:261]   --->   Operation 26 'zext' 'zext_ln119' <Predicate = (icmp_ln115)> <Delay = 0.00>
ST_1 : Operation 27 [1/1] (0.00ns)   --->   "%M_e_addr_9 = getelementptr i32 %M_e, i64 0, i64 %zext_ln119" [fmm_hls_greedy_potential.cpp:119->fmm_hls_greedy_potential.cpp:206->fmm_hls_greedy_potential.cpp:229->fmm_hls_greedy_potential.cpp:261]   --->   Operation 27 'getelementptr' 'M_e_addr_9' <Predicate = (icmp_ln115)> <Delay = 0.00>
ST_1 : Operation 28 [2/2] (2.41ns)   --->   "%e1 = load i17 %M_e_addr_8" [fmm_hls_greedy_potential.cpp:117->fmm_hls_greedy_potential.cpp:206->fmm_hls_greedy_potential.cpp:229->fmm_hls_greedy_potential.cpp:261]   --->   Operation 28 'load' 'e1' <Predicate = (icmp_ln115)> <Delay = 2.41> <CoreInst = "RAM">   --->   Core 81 'RAM' <Latency = 1> <II = 1> <Delay = 2.41> <Storage> <Opcode : 'load' 'store'> <Ports = 2> <Width = 32> <Depth = 102400> <RAM>
ST_1 : Operation 29 [2/2] (2.41ns)   --->   "%e2 = load i17 %M_e_addr_9" [fmm_hls_greedy_potential.cpp:119->fmm_hls_greedy_potential.cpp:206->fmm_hls_greedy_potential.cpp:229->fmm_hls_greedy_potential.cpp:261]   --->   Operation 29 'load' 'e2' <Predicate = (icmp_ln115)> <Delay = 2.41> <CoreInst = "RAM">   --->   Core 81 'RAM' <Latency = 1> <II = 1> <Delay = 2.41> <Storage> <Opcode : 'load' 'store'> <Ports = 2> <Width = 32> <Depth = 102400> <RAM>
ST_1 : Operation 30 [1/1] (1.14ns)   --->   "%store_ln115 = store i31 %add_ln115, i31 %c_3" [fmm_hls_greedy_potential.cpp:115->fmm_hls_greedy_potential.cpp:206->fmm_hls_greedy_potential.cpp:229->fmm_hls_greedy_potential.cpp:261]   --->   Operation 30 'store' 'store_ln115' <Predicate = (icmp_ln115)> <Delay = 1.14>
ST_1 : Operation 45 [1/1] (0.00ns)   --->   "%p_2_load_1 = load i32 %p_2"   --->   Operation 45 'load' 'p_2_load_1' <Predicate = (!icmp_ln115)> <Delay = 0.00>
ST_1 : Operation 46 [1/1] (0.00ns)   --->   "%write_ln0 = write void @_ssdm_op_Write.ap_auto.i32P0A, i32 %p_2_out, i32 %p_2_load_1"   --->   Operation 46 'write' 'write_ln0' <Predicate = (!icmp_ln115)> <Delay = 0.00>
ST_1 : Operation 47 [1/1] (1.14ns)   --->   "%ret_ln0 = ret"   --->   Operation 47 'ret' 'ret_ln0' <Predicate = (!icmp_ln115)> <Delay = 1.14>

State 2 <SV = 1> <Delay = 6.19>
ST_2 : Operation 31 [1/1] (0.00ns)   --->   "%p_2_load = load i32 %p_2" [fmm_hls_greedy_potential.cpp:121->fmm_hls_greedy_potential.cpp:206->fmm_hls_greedy_potential.cpp:229->fmm_hls_greedy_potential.cpp:261]   --->   Operation 31 'load' 'p_2_load' <Predicate = true> <Delay = 0.00>
ST_2 : Operation 32 [1/1] (0.00ns)   --->   "%specpipeline_ln116 = specpipeline void @_ssdm_op_SpecPipeline, i32 1, i32 0, i32 0, i32 0, void @empty_13" [fmm_hls_greedy_potential.cpp:116->fmm_hls_greedy_potential.cpp:206->fmm_hls_greedy_potential.cpp:229->fmm_hls_greedy_potential.cpp:261]   --->   Operation 32 'specpipeline' 'specpipeline_ln116' <Predicate = true> <Delay = 0.00>
ST_2 : Operation 33 [1/1] (0.00ns)   --->   "%specloopname_ln115 = specloopname void @_ssdm_op_SpecLoopName, void @empty_1" [fmm_hls_greedy_potential.cpp:115->fmm_hls_greedy_potential.cpp:206->fmm_hls_greedy_potential.cpp:229->fmm_hls_greedy_potential.cpp:261]   --->   Operation 33 'specloopname' 'specloopname_ln115' <Predicate = true> <Delay = 0.00>
ST_2 : Operation 34 [1/2] ( I:2.41ns O:2.41ns )   --->   "%e1 = load i17 %M_e_addr_8" [fmm_hls_greedy_potential.cpp:117->fmm_hls_greedy_potential.cpp:206->fmm_hls_greedy_potential.cpp:229->fmm_hls_greedy_potential.cpp:261]   --->   Operation 34 'load' 'e1' <Predicate = true> <Delay = 2.41> <CoreInst = "RAM">   --->   Core 81 'RAM' <Latency = 1> <II = 1> <Delay = 2.41> <Storage> <Opcode : 'load' 'store'> <Ports = 2> <Width = 32> <Depth = 102400> <RAM>
ST_2 : Operation 35 [1/1] (1.91ns)   --->   "%icmp_ln118 = icmp_eq  i32 %e1, i32 0" [fmm_hls_greedy_potential.cpp:118->fmm_hls_greedy_potential.cpp:206->fmm_hls_greedy_potential.cpp:229->fmm_hls_greedy_potential.cpp:261]   --->   Operation 35 'icmp' 'icmp_ln118' <Predicate = true> <Delay = 1.91> <CoreInst = "Cmp">   --->   Core 9 'Cmp' <Latency = 0> <II = 1> <Delay = 1.91> <FuncUnit> <Opcode : 'seteq' 'setne' 'setle' 'setge' 'setlt' 'setgt'> <InPorts = 2> <OutPorts = 1>
ST_2 : Operation 36 [1/2] ( I:2.41ns O:2.41ns )   --->   "%e2 = load i17 %M_e_addr_9" [fmm_hls_greedy_potential.cpp:119->fmm_hls_greedy_potential.cpp:206->fmm_hls_greedy_potential.cpp:229->fmm_hls_greedy_potential.cpp:261]   --->   Operation 36 'load' 'e2' <Predicate = true> <Delay = 2.41> <CoreInst = "RAM">   --->   Core 81 'RAM' <Latency = 1> <II = 1> <Delay = 2.41> <Storage> <Opcode : 'load' 'store'> <Ports = 2> <Width = 32> <Depth = 102400> <RAM>
ST_2 : Operation 37 [1/1] (1.91ns)   --->   "%icmp_ln120 = icmp_ne  i32 %e2, i32 0" [fmm_hls_greedy_potential.cpp:120->fmm_hls_greedy_potential.cpp:206->fmm_hls_greedy_potential.cpp:229->fmm_hls_greedy_potential.cpp:261]   --->   Operation 37 'icmp' 'icmp_ln120' <Predicate = true> <Delay = 1.91> <CoreInst = "Cmp">   --->   Core 9 'Cmp' <Latency = 0> <II = 1> <Delay = 1.91> <FuncUnit> <Opcode : 'seteq' 'setne' 'setle' 'setge' 'setlt' 'setgt'> <InPorts = 2> <OutPorts = 1>
ST_2 : Operation 38 [1/1] (1.91ns)   --->   "%icmp_ln121 = icmp_eq  i32 %e1, i32 %e2" [fmm_hls_greedy_potential.cpp:121->fmm_hls_greedy_potential.cpp:206->fmm_hls_greedy_potential.cpp:229->fmm_hls_greedy_potential.cpp:261]   --->   Operation 38 'icmp' 'icmp_ln121' <Predicate = true> <Delay = 1.91> <CoreInst = "Cmp">   --->   Core 9 'Cmp' <Latency = 0> <II = 1> <Delay = 1.91> <FuncUnit> <Opcode : 'seteq' 'setne' 'setle' 'setge' 'setlt' 'setgt'> <InPorts = 2> <OutPorts = 1>
ST_2 : Operation 39 [1/1] (0.00ns) (grouped into LUT with out node p_4)   --->   "%and_ln120 = and i1 %icmp_ln120, i1 %icmp_ln121" [fmm_hls_greedy_potential.cpp:120->fmm_hls_greedy_potential.cpp:206->fmm_hls_greedy_potential.cpp:229->fmm_hls_greedy_potential.cpp:261]   --->   Operation 39 'and' 'and_ln120' <Predicate = true> <Delay = 0.00> <CoreInst = "LogicGate">   --->   Core 74 'LogicGate' <Latency = 0> <II = 1> <Delay = 0.71> <FuncUnit> <Opcode : 'and' 'or' 'xor'> <InPorts = 2> <OutPorts = 1>
ST_2 : Operation 40 [1/1] (1.91ns)   --->   "%add_ln121 = add i32 %p_2_load, i32 1" [fmm_hls_greedy_potential.cpp:121->fmm_hls_greedy_potential.cpp:206->fmm_hls_greedy_potential.cpp:229->fmm_hls_greedy_potential.cpp:261]   --->   Operation 40 'add' 'add_ln121' <Predicate = true> <Delay = 1.91> <CoreInst = "Adder">   --->   Core 1 'Adder' <Latency = 0> <II = 1> <Delay = 1.91> <FuncUnit> <Opcode : 'add' 'sub'> <InPorts = 2> <OutPorts = 1>
ST_2 : Operation 41 [1/1] (0.00ns) (grouped into LUT with out node p_4)   --->   "%select_ln120 = select i1 %and_ln120, i32 %add_ln121, i32 %p_2_load" [fmm_hls_greedy_potential.cpp:120->fmm_hls_greedy_potential.cpp:206->fmm_hls_greedy_potential.cpp:229->fmm_hls_greedy_potential.cpp:261]   --->   Operation 41 'select' 'select_ln120' <Predicate = true> <Delay = 0.00> <CoreInst = "Sel">   --->   Core 73 'Sel' <Latency = 0> <II = 1> <Delay = 0.65> <FuncUnit> <Opcode : 'select'> <InPorts = 3> <OutPorts = 1>
ST_2 : Operation 42 [1/1] (0.71ns) (out node of the LUT)   --->   "%p_4 = select i1 %icmp_ln118, i32 %p_2_load, i32 %select_ln120" [fmm_hls_greedy_potential.cpp:118->fmm_hls_greedy_potential.cpp:206->fmm_hls_greedy_potential.cpp:229->fmm_hls_greedy_potential.cpp:261]   --->   Operation 42 'select' 'p_4' <Predicate = true> <Delay = 0.71> <CoreInst = "Sel">   --->   Core 73 'Sel' <Latency = 0> <II = 1> <Delay = 0.65> <FuncUnit> <Opcode : 'select'> <InPorts = 3> <OutPorts = 1>
ST_2 : Operation 43 [1/1] (1.14ns)   --->   "%store_ln205 = store i32 %p_4, i32 %p_2" [fmm_hls_greedy_potential.cpp:205->fmm_hls_greedy_potential.cpp:229->fmm_hls_greedy_potential.cpp:261]   --->   Operation 43 'store' 'store_ln205' <Predicate = true> <Delay = 1.14>
ST_2 : Operation 44 [1/1] (0.00ns)   --->   "%br_ln115 = br void %for.body.i.i81.i.i" [fmm_hls_greedy_potential.cpp:115->fmm_hls_greedy_potential.cpp:206->fmm_hls_greedy_potential.cpp:229->fmm_hls_greedy_potential.cpp:261]   --->   Operation 44 'br' 'br_ln115' <Predicate = true> <Delay = 0.00>


============================================================
+ Verbose Summary: Timing violations
============================================================
Target clock period: 10.000ns, clock uncertainty: 2.700ns.

 <State 1>: 6.430ns
The critical path consists of the following:
	'store' operation 0 bit ('store_ln115', fmm_hls_greedy_potential.cpp:115->fmm_hls_greedy_potential.cpp:206->fmm_hls_greedy_potential.cpp:229->fmm_hls_greedy_potential.cpp:261) of constant 0 on local variable 'c', fmm_hls_greedy_potential.cpp:115->fmm_hls_greedy_potential.cpp:206->fmm_hls_greedy_potential.cpp:229->fmm_hls_greedy_potential.cpp:261 [11]  (1.146 ns)
	'load' operation 31 bit ('c', fmm_hls_greedy_potential.cpp:115->fmm_hls_greedy_potential.cpp:206->fmm_hls_greedy_potential.cpp:229->fmm_hls_greedy_potential.cpp:261) on local variable 'c', fmm_hls_greedy_potential.cpp:115->fmm_hls_greedy_potential.cpp:206->fmm_hls_greedy_potential.cpp:229->fmm_hls_greedy_potential.cpp:261 [15]  (0.000 ns)
	'add' operation 17 bit ('add_ln119_1', fmm_hls_greedy_potential.cpp:119->fmm_hls_greedy_potential.cpp:206->fmm_hls_greedy_potential.cpp:229->fmm_hls_greedy_potential.cpp:261) [29]  (2.867 ns)
	'getelementptr' operation 17 bit ('M_e_addr_9', fmm_hls_greedy_potential.cpp:119->fmm_hls_greedy_potential.cpp:206->fmm_hls_greedy_potential.cpp:229->fmm_hls_greedy_potential.cpp:261) [31]  (0.000 ns)
	'load' operation 32 bit ('e2', fmm_hls_greedy_potential.cpp:119->fmm_hls_greedy_potential.cpp:206->fmm_hls_greedy_potential.cpp:229->fmm_hls_greedy_potential.cpp:261) on array 'M_e' [36]  (2.417 ns)

 <State 2>: 6.191ns
The critical path consists of the following:
	'load' operation 32 bit ('e1', fmm_hls_greedy_potential.cpp:117->fmm_hls_greedy_potential.cpp:206->fmm_hls_greedy_potential.cpp:229->fmm_hls_greedy_potential.cpp:261) on array 'M_e' [34]  (2.417 ns)
	'icmp' operation 1 bit ('icmp_ln118', fmm_hls_greedy_potential.cpp:118->fmm_hls_greedy_potential.cpp:206->fmm_hls_greedy_potential.cpp:229->fmm_hls_greedy_potential.cpp:261) [35]  (1.916 ns)
	'select' operation 32 bit ('p', fmm_hls_greedy_potential.cpp:118->fmm_hls_greedy_potential.cpp:206->fmm_hls_greedy_potential.cpp:229->fmm_hls_greedy_potential.cpp:261) [42]  (0.712 ns)
	'store' operation 0 bit ('store_ln205', fmm_hls_greedy_potential.cpp:205->fmm_hls_greedy_potential.cpp:229->fmm_hls_greedy_potential.cpp:261) of variable 'p', fmm_hls_greedy_potential.cpp:118->fmm_hls_greedy_potential.cpp:206->fmm_hls_greedy_potential.cpp:229->fmm_hls_greedy_potential.cpp:261 on local variable 'p', fmm_hls_greedy_potential.cpp:205->fmm_hls_greedy_potential.cpp:229->fmm_hls_greedy_potential.cpp:261 [44]  (1.146 ns)


============================================================
+ Verbose Summary: Binding
============================================================
N/A
* FSMD analyzer results:
  - Output states:
 - Input state : 
  - Chain level:
	State 1
	State 2


============================================================
+ Verbose Summary: Datapath Resource usage 
============================================================
N/A
