

================================================================
== Vitis HLS Report for 'greedy_potential_reduce_with_debug_Pipeline_VITIS_LOOP_192_2_VITIS_LOOP_115_1'
================================================================
* Date:           Mon Oct 13 17:12:11 2025

* Version:        2025.1 (Build 6135595 on May 21 2025)
* Project:        fmm_reduce_kernel
* Solution:       hls (Vivado IP Flow Target)
* Product family: zynq
* Target device:  xc7z020-clg400-3


================================================================
== Performance Estimates
================================================================
+ Timing: 
    * Summary: 
    +--------+----------+----------+------------+
    |  Clock |  Target  | Estimated| Uncertainty|
    +--------+----------+----------+------------+
    |ap_clk  |  10.00 ns|  9.532 ns|     2.70 ns|
    +--------+----------+----------+------------+

+ Latency: 
    * Summary: 
    +---------+---------+----------+----------+-----+-----+------------------------------------------------+
    |  Latency (cycles) |  Latency (absolute) |  Interval |                    Pipeline                    |
    |   min   |   max   |    min   |    max   | min | max |                      Type                      |
    +---------+---------+----------+----------+-----+-----+------------------------------------------------+
    |        ?|        ?|         ?|         ?|    0|    0|  loop auto-rewind stp (delay=0 clock cycles(s))|
    +---------+---------+----------+----------+-----+-----+------------------------------------------------+

    + Detail: 
        * Instance: 
        N/A

        * Loop: 
        +-------------------------------------+---------+---------+----------+-----------+-----------+------+----------+
        |                                     |  Latency (cycles) | Iteration|  Initiation Interval  | Trip |          |
        |              Loop Name              |   min   |   max   |  Latency |  achieved |   target  | Count| Pipelined|
        +-------------------------------------+---------+---------+----------+-----------+-----------+------+----------+
        |- VITIS_LOOP_192_2_VITIS_LOOP_115_1  |        ?|        ?|         3|          1|          1|     ?|       yes|
        +-------------------------------------+---------+---------+----------+-----------+-----------+------+----------+

============================================================
+ Verbose Summary: Synthesis Manager
============================================================
InlineROM: 1
ExposeGlobal: 0
============================================================
+ Verbose Summary: CDFG Model
============================================================
IsTopModel: 0
ResetActiveHigh: 1
IsCombinational: 0
IsDatapathOnly: 0
HasWiredReturn: 1
HasMFsm: 2
HasVarLatency: 1
IsPipeline: 0
IsRtlPipelined: 0
IsInstanceOverlapped: 0
IsDontTouch: 0
HasImplIP: 0
IsGatedGlobalClock: 0

+ Individual pipeline summary: 
  * Pipeline-0: initiation interval (II) = 1, depth = 4


============================================================
+ Verbose Summary: Schedule
============================================================
* Number of FSM states : 4
* Pipeline : 1
  Pipeline-0 : II = 1, D = 4, States = { 1 2 3 4 }
* Dataflow Pipeline: 0

* FSM state transitions: 
1 --> 2 
2 --> 3 
3 --> 4 
4 --> 

* FSM state operations: 

State 1 <SV = 0> <Delay = 1.14>
ST_1 : Operation 6 [1/1] (0.00ns)   --->   "%n_3 = alloca i32 1" [fmm_hls_greedy_potential.cpp:194->fmm_hls_greedy_potential.cpp:212->fmm_hls_greedy_potential.cpp:229->fmm_hls_greedy_potential.cpp:261]   --->   Operation 6 'alloca' 'n_3' <Predicate = true> <Delay = 0.00>
ST_1 : Operation 7 [1/1] (0.00ns)   --->   "%p = alloca i32 1" [fmm_hls_greedy_potential.cpp:194->fmm_hls_greedy_potential.cpp:212->fmm_hls_greedy_potential.cpp:229->fmm_hls_greedy_potential.cpp:261]   --->   Operation 7 'alloca' 'p' <Predicate = true> <Delay = 0.00>
ST_1 : Operation 8 [1/1] (0.00ns)   --->   "%c = alloca i32 1" [fmm_hls_greedy_potential.cpp:115->fmm_hls_greedy_potential.cpp:195->fmm_hls_greedy_potential.cpp:212->fmm_hls_greedy_potential.cpp:229->fmm_hls_greedy_potential.cpp:261]   --->   Operation 8 'alloca' 'c' <Predicate = true> <Delay = 0.00>
ST_1 : Operation 9 [1/1] (0.00ns)   --->   "%s_5 = alloca i32 1" [fmm_hls_greedy_potential.cpp:190->fmm_hls_greedy_potential.cpp:212->fmm_hls_greedy_potential.cpp:229->fmm_hls_greedy_potential.cpp:261]   --->   Operation 9 'alloca' 's_5' <Predicate = true> <Delay = 0.00>
ST_1 : Operation 10 [1/1] (0.00ns)   --->   "%j = alloca i32 1" [fmm_hls_greedy_potential.cpp:111->fmm_hls_greedy_potential.cpp:195->fmm_hls_greedy_potential.cpp:212->fmm_hls_greedy_potential.cpp:229->fmm_hls_greedy_potential.cpp:261]   --->   Operation 10 'alloca' 'j' <Predicate = true> <Delay = 0.00>
ST_1 : Operation 11 [1/1] (0.00ns)   --->   "%indvar_flatten8 = alloca i32 1"   --->   Operation 11 'alloca' 'indvar_flatten8' <Predicate = true> <Delay = 0.00>
ST_1 : Operation 12 [1/1] (0.00ns)   --->   "%mul_ln117_1_read = read i17 @_ssdm_op_Read.ap_auto.i17, i17 %mul_ln117_1"   --->   Operation 12 'read' 'mul_ln117_1_read' <Predicate = true> <Delay = 0.00>
ST_1 : Operation 13 [1/1] (0.00ns)   --->   "%mul_ln191_read = read i95 @_ssdm_op_Read.ap_auto.i95, i95 %mul_ln191"   --->   Operation 13 'read' 'mul_ln191_read' <Predicate = true> <Delay = 0.00>
ST_1 : Operation 14 [1/1] (0.00ns)   --->   "%cols_non_t_read = read i32 @_ssdm_op_Read.ap_auto.i32, i32 %cols_non_t"   --->   Operation 14 'read' 'cols_non_t_read' <Predicate = true> <Delay = 0.00>
ST_1 : Operation 15 [1/1] (0.00ns)   --->   "%s_4_read = read i32 @_ssdm_op_Read.ap_auto.i32, i32 %s_4"   --->   Operation 15 'read' 's_4_read' <Predicate = true> <Delay = 0.00>
ST_1 : Operation 16 [1/1] (0.00ns)   --->   "%zext_ln192_read = read i31 @_ssdm_op_Read.ap_auto.i31, i31 %zext_ln192"   --->   Operation 16 'read' 'zext_ln192_read' <Predicate = true> <Delay = 0.00>
ST_1 : Operation 17 [1/1] (0.00ns)   --->   "%zext_ln192_cast = zext i31 %zext_ln192_read"   --->   Operation 17 'zext' 'zext_ln192_cast' <Predicate = true> <Delay = 0.00>
ST_1 : Operation 18 [1/1] (1.14ns)   --->   "%store_ln0 = store i95 0, i95 %indvar_flatten8"   --->   Operation 18 'store' 'store_ln0' <Predicate = true> <Delay = 1.14>
ST_1 : Operation 19 [1/1] (1.14ns)   --->   "%store_ln111 = store i64 %zext_ln192_cast, i64 %j" [fmm_hls_greedy_potential.cpp:111->fmm_hls_greedy_potential.cpp:195->fmm_hls_greedy_potential.cpp:212->fmm_hls_greedy_potential.cpp:229->fmm_hls_greedy_potential.cpp:261]   --->   Operation 19 'store' 'store_ln111' <Predicate = true> <Delay = 1.14>
ST_1 : Operation 20 [1/1] (1.14ns)   --->   "%store_ln190 = store i32 %s_4_read, i32 %s_5" [fmm_hls_greedy_potential.cpp:190->fmm_hls_greedy_potential.cpp:212->fmm_hls_greedy_potential.cpp:229->fmm_hls_greedy_potential.cpp:261]   --->   Operation 20 'store' 'store_ln190' <Predicate = true> <Delay = 1.14>
ST_1 : Operation 21 [1/1] (1.14ns)   --->   "%store_ln115 = store i31 0, i31 %c" [fmm_hls_greedy_potential.cpp:115->fmm_hls_greedy_potential.cpp:195->fmm_hls_greedy_potential.cpp:212->fmm_hls_greedy_potential.cpp:229->fmm_hls_greedy_potential.cpp:261]   --->   Operation 21 'store' 'store_ln115' <Predicate = true> <Delay = 1.14>
ST_1 : Operation 22 [1/1] (1.14ns)   --->   "%store_ln194 = store i32 0, i32 %p" [fmm_hls_greedy_potential.cpp:194->fmm_hls_greedy_potential.cpp:212->fmm_hls_greedy_potential.cpp:229->fmm_hls_greedy_potential.cpp:261]   --->   Operation 22 'store' 'store_ln194' <Predicate = true> <Delay = 1.14>
ST_1 : Operation 23 [1/1] (1.14ns)   --->   "%store_ln194 = store i32 0, i32 %n_3" [fmm_hls_greedy_potential.cpp:194->fmm_hls_greedy_potential.cpp:212->fmm_hls_greedy_potential.cpp:229->fmm_hls_greedy_potential.cpp:261]   --->   Operation 23 'store' 'store_ln194' <Predicate = true> <Delay = 1.14>
ST_1 : Operation 24 [1/1] (0.00ns)   --->   "%br_ln0 = br void %for.body.i.i.i246.i.i"   --->   Operation 24 'br' 'br_ln0' <Predicate = true> <Delay = 0.00>

State 2 <SV = 1> <Delay = 5.58>
ST_2 : Operation 25 [1/1] (0.00ns)   --->   "%c_3 = load i31 %c" [fmm_hls_greedy_potential.cpp:115->fmm_hls_greedy_potential.cpp:195->fmm_hls_greedy_potential.cpp:212->fmm_hls_greedy_potential.cpp:229->fmm_hls_greedy_potential.cpp:261]   --->   Operation 25 'load' 'c_3' <Predicate = true> <Delay = 0.00>
ST_2 : Operation 26 [1/1] (0.00ns)   --->   "%indvar_flatten8_load = load i95 %indvar_flatten8" [fmm_hls_greedy_potential.cpp:192->fmm_hls_greedy_potential.cpp:212->fmm_hls_greedy_potential.cpp:229->fmm_hls_greedy_potential.cpp:261]   --->   Operation 26 'load' 'indvar_flatten8_load' <Predicate = true> <Delay = 0.00>
ST_2 : Operation 27 [1/1] (0.00ns)   --->   "%zext_ln115 = zext i31 %c_3" [fmm_hls_greedy_potential.cpp:115->fmm_hls_greedy_potential.cpp:195->fmm_hls_greedy_potential.cpp:212->fmm_hls_greedy_potential.cpp:229->fmm_hls_greedy_potential.cpp:261]   --->   Operation 27 'zext' 'zext_ln115' <Predicate = true> <Delay = 0.00>
ST_2 : Operation 28 [1/1] (1.91ns)   --->   "%icmp_ln115 = icmp_slt  i32 %zext_ln115, i32 %cols_non_t_read" [fmm_hls_greedy_potential.cpp:115->fmm_hls_greedy_potential.cpp:195->fmm_hls_greedy_potential.cpp:212->fmm_hls_greedy_potential.cpp:229->fmm_hls_greedy_potential.cpp:261]   --->   Operation 28 'icmp' 'icmp_ln115' <Predicate = true> <Delay = 1.91> <CoreInst = "Cmp">   --->   Core 9 'Cmp' <Latency = 0> <II = 1> <Delay = 1.91> <FuncUnit> <Opcode : 'seteq' 'setne' 'setle' 'setge' 'setlt' 'setgt'> <InPorts = 2> <OutPorts = 1>
ST_2 : Operation 29 [1/1] (3.35ns)   --->   "%icmp_ln192 = icmp_eq  i95 %indvar_flatten8_load, i95 %mul_ln191_read" [fmm_hls_greedy_potential.cpp:192->fmm_hls_greedy_potential.cpp:212->fmm_hls_greedy_potential.cpp:229->fmm_hls_greedy_potential.cpp:261]   --->   Operation 29 'icmp' 'icmp_ln192' <Predicate = true> <Delay = 3.35> <CoreInst = "Cmp">   --->   Core 9 'Cmp' <Latency = 0> <II = 1> <Delay = 3.35> <FuncUnit> <Opcode : 'seteq' 'setne' 'setle' 'setge' 'setlt' 'setgt'> <InPorts = 2> <OutPorts = 1>
ST_2 : Operation 30 [1/1] (3.35ns)   --->   "%add_ln192 = add i95 %indvar_flatten8_load, i95 1" [fmm_hls_greedy_potential.cpp:192->fmm_hls_greedy_potential.cpp:212->fmm_hls_greedy_potential.cpp:229->fmm_hls_greedy_potential.cpp:261]   --->   Operation 30 'add' 'add_ln192' <Predicate = true> <Delay = 3.35> <CoreInst = "Adder">   --->   Core 1 'Adder' <Latency = 0> <II = 1> <Delay = 3.35> <FuncUnit> <Opcode : 'add' 'sub'> <InPorts = 2> <OutPorts = 1>
ST_2 : Operation 31 [1/1] (0.00ns)   --->   "%br_ln192 = br i1 %icmp_ln192, void %_ZL13compute_pp_nnRK6MatrixiiRiS2_.exit.i.i302.i.i, void %for.cond.cleanup4.i.i232.i.i.exitStub" [fmm_hls_greedy_potential.cpp:192->fmm_hls_greedy_potential.cpp:212->fmm_hls_greedy_potential.cpp:229->fmm_hls_greedy_potential.cpp:261]   --->   Operation 31 'br' 'br_ln192' <Predicate = true> <Delay = 0.00>
ST_2 : Operation 32 [1/1] (0.00ns)   --->   "%j_load = load i64 %j" [fmm_hls_greedy_potential.cpp:192->fmm_hls_greedy_potential.cpp:212->fmm_hls_greedy_potential.cpp:229->fmm_hls_greedy_potential.cpp:261]   --->   Operation 32 'load' 'j_load' <Predicate = (!icmp_ln192)> <Delay = 0.00>
ST_2 : Operation 33 [1/1] (2.64ns)   --->   "%add_ln192_1 = add i64 %j_load, i64 1" [fmm_hls_greedy_potential.cpp:192->fmm_hls_greedy_potential.cpp:212->fmm_hls_greedy_potential.cpp:229->fmm_hls_greedy_potential.cpp:261]   --->   Operation 33 'add' 'add_ln192_1' <Predicate = (!icmp_ln192)> <Delay = 2.64> <CoreInst = "Adder">   --->   Core 1 'Adder' <Latency = 0> <II = 1> <Delay = 2.64> <FuncUnit> <Opcode : 'add' 'sub'> <InPorts = 2> <OutPorts = 1>
ST_2 : Operation 34 [1/1] (0.62ns)   --->   "%select_ln193 = select i1 %icmp_ln115, i31 %c_3, i31 0" [fmm_hls_greedy_potential.cpp:193->fmm_hls_greedy_potential.cpp:212->fmm_hls_greedy_potential.cpp:229->fmm_hls_greedy_potential.cpp:261]   --->   Operation 34 'select' 'select_ln193' <Predicate = (!icmp_ln192)> <Delay = 0.62> <CoreInst = "Sel">   --->   Core 73 'Sel' <Latency = 0> <II = 1> <Delay = 0.62> <FuncUnit> <Opcode : 'select'> <InPorts = 3> <OutPorts = 1>
ST_2 : Operation 35 [1/1] (1.14ns)   --->   "%select_ln192 = select i1 %icmp_ln115, i64 %j_load, i64 %add_ln192_1" [fmm_hls_greedy_potential.cpp:192->fmm_hls_greedy_potential.cpp:212->fmm_hls_greedy_potential.cpp:229->fmm_hls_greedy_potential.cpp:261]   --->   Operation 35 'select' 'select_ln192' <Predicate = (!icmp_ln192)> <Delay = 1.14> <CoreInst = "Sel">   --->   Core 73 'Sel' <Latency = 0> <II = 1> <Delay = 1.14> <FuncUnit> <Opcode : 'select'> <InPorts = 3> <OutPorts = 1>
ST_2 : Operation 36 [1/1] (0.00ns)   --->   "%trunc_ln119 = trunc i64 %select_ln192" [fmm_hls_greedy_potential.cpp:119->fmm_hls_greedy_potential.cpp:195->fmm_hls_greedy_potential.cpp:212->fmm_hls_greedy_potential.cpp:229->fmm_hls_greedy_potential.cpp:261]   --->   Operation 36 'trunc' 'trunc_ln119' <Predicate = (!icmp_ln192)> <Delay = 0.00>
ST_2 : Operation 37 [1/1] (0.00ns)   --->   "%trunc_ln119_2 = trunc i64 %select_ln192" [fmm_hls_greedy_potential.cpp:119->fmm_hls_greedy_potential.cpp:195->fmm_hls_greedy_potential.cpp:212->fmm_hls_greedy_potential.cpp:229->fmm_hls_greedy_potential.cpp:261]   --->   Operation 37 'trunc' 'trunc_ln119_2' <Predicate = (!icmp_ln192)> <Delay = 0.00>
ST_2 : Operation 38 [1/1] (0.00ns)   --->   "%trunc_ln117 = trunc i31 %select_ln193" [fmm_hls_greedy_potential.cpp:117->fmm_hls_greedy_potential.cpp:195->fmm_hls_greedy_potential.cpp:212->fmm_hls_greedy_potential.cpp:229->fmm_hls_greedy_potential.cpp:261]   --->   Operation 38 'trunc' 'trunc_ln117' <Predicate = (!icmp_ln192)> <Delay = 0.00>
ST_2 : Operation 39 [1/1] (1.89ns)   --->   "%add_ln115 = add i31 %select_ln193, i31 1" [fmm_hls_greedy_potential.cpp:115->fmm_hls_greedy_potential.cpp:195->fmm_hls_greedy_potential.cpp:212->fmm_hls_greedy_potential.cpp:229->fmm_hls_greedy_potential.cpp:261]   --->   Operation 39 'add' 'add_ln115' <Predicate = (!icmp_ln192)> <Delay = 1.89> <CoreInst = "Adder">   --->   Core 1 'Adder' <Latency = 0> <II = 1> <Delay = 1.89> <FuncUnit> <Opcode : 'add' 'sub'> <InPorts = 2> <OutPorts = 1>
ST_2 : Operation 40 [1/1] (1.14ns)   --->   "%store_ln192 = store i95 %add_ln192, i95 %indvar_flatten8" [fmm_hls_greedy_potential.cpp:192->fmm_hls_greedy_potential.cpp:212->fmm_hls_greedy_potential.cpp:229->fmm_hls_greedy_potential.cpp:261]   --->   Operation 40 'store' 'store_ln192' <Predicate = (!icmp_ln192)> <Delay = 1.14>
ST_2 : Operation 41 [1/1] (1.14ns)   --->   "%store_ln111 = store i64 %select_ln192, i64 %j" [fmm_hls_greedy_potential.cpp:111->fmm_hls_greedy_potential.cpp:195->fmm_hls_greedy_potential.cpp:212->fmm_hls_greedy_potential.cpp:229->fmm_hls_greedy_potential.cpp:261]   --->   Operation 41 'store' 'store_ln111' <Predicate = (!icmp_ln192)> <Delay = 1.14>
ST_2 : Operation 42 [1/1] (1.14ns)   --->   "%store_ln115 = store i31 %add_ln115, i31 %c" [fmm_hls_greedy_potential.cpp:115->fmm_hls_greedy_potential.cpp:195->fmm_hls_greedy_potential.cpp:212->fmm_hls_greedy_potential.cpp:229->fmm_hls_greedy_potential.cpp:261]   --->   Operation 42 'store' 'store_ln115' <Predicate = (!icmp_ln192)> <Delay = 1.14>

State 3 <SV = 2> <Delay = 5.28>
ST_3 : Operation 43 [1/1] (0.00ns)   --->   "%p_shl = bitconcatenate i17 @_ssdm_op_BitConcatenate.i17.i9.i8, i9 %trunc_ln119, i8 0" [fmm_hls_greedy_potential.cpp:119->fmm_hls_greedy_potential.cpp:195->fmm_hls_greedy_potential.cpp:212->fmm_hls_greedy_potential.cpp:229->fmm_hls_greedy_potential.cpp:261]   --->   Operation 43 'bitconcatenate' 'p_shl' <Predicate = (!icmp_ln192)> <Delay = 0.00>
ST_3 : Operation 44 [1/1] (0.00ns)   --->   "%p_shl4 = bitconcatenate i17 @_ssdm_op_BitConcatenate.i17.i11.i6, i11 %trunc_ln119_2, i6 0" [fmm_hls_greedy_potential.cpp:119->fmm_hls_greedy_potential.cpp:195->fmm_hls_greedy_potential.cpp:212->fmm_hls_greedy_potential.cpp:229->fmm_hls_greedy_potential.cpp:261]   --->   Operation 44 'bitconcatenate' 'p_shl4' <Predicate = (!icmp_ln192)> <Delay = 0.00>
ST_3 : Operation 45 [1/1] (0.00ns) (grouped into TernaryAdder)   --->   "%add_ln119 = add i17 %p_shl, i17 %p_shl4" [fmm_hls_greedy_potential.cpp:119->fmm_hls_greedy_potential.cpp:195->fmm_hls_greedy_potential.cpp:212->fmm_hls_greedy_potential.cpp:229->fmm_hls_greedy_potential.cpp:261]   --->   Operation 45 'add' 'add_ln119' <Predicate = (!icmp_ln192)> <Delay = 0.00> <CoreInst = "TAddSub">   --->   Core 10 'TAddSub' <Latency = 0> <II = 1> <Delay = 1.43> <IPBlock> <Opcode : 'add' 'sub'> <InPorts = 3> <OutPorts = 1> <Sync> <CReg>
ST_3 : Operation 46 [1/1] (1.65ns)   --->   "%add_ln117 = add i17 %mul_ln117_1_read, i17 %trunc_ln117" [fmm_hls_greedy_potential.cpp:117->fmm_hls_greedy_potential.cpp:195->fmm_hls_greedy_potential.cpp:212->fmm_hls_greedy_potential.cpp:229->fmm_hls_greedy_potential.cpp:261]   --->   Operation 46 'add' 'add_ln117' <Predicate = (!icmp_ln192)> <Delay = 1.65> <CoreInst = "Adder">   --->   Core 1 'Adder' <Latency = 0> <II = 1> <Delay = 1.65> <FuncUnit> <Opcode : 'add' 'sub'> <InPorts = 2> <OutPorts = 1>
ST_3 : Operation 47 [1/1] (0.00ns)   --->   "%zext_ln117 = zext i17 %add_ln117" [fmm_hls_greedy_potential.cpp:117->fmm_hls_greedy_potential.cpp:195->fmm_hls_greedy_potential.cpp:212->fmm_hls_greedy_potential.cpp:229->fmm_hls_greedy_potential.cpp:261]   --->   Operation 47 'zext' 'zext_ln117' <Predicate = (!icmp_ln192)> <Delay = 0.00>
ST_3 : Operation 48 [1/1] (0.00ns)   --->   "%M_e_addr = getelementptr i32 %M_e, i64 0, i64 %zext_ln117" [fmm_hls_greedy_potential.cpp:117->fmm_hls_greedy_potential.cpp:195->fmm_hls_greedy_potential.cpp:212->fmm_hls_greedy_potential.cpp:229->fmm_hls_greedy_potential.cpp:261]   --->   Operation 48 'getelementptr' 'M_e_addr' <Predicate = (!icmp_ln192)> <Delay = 0.00>
ST_3 : Operation 49 [1/1] (2.86ns) (root node of TernaryAdder)   --->   "%add_ln119_2 = add i17 %add_ln119, i17 %trunc_ln117" [fmm_hls_greedy_potential.cpp:119->fmm_hls_greedy_potential.cpp:195->fmm_hls_greedy_potential.cpp:212->fmm_hls_greedy_potential.cpp:229->fmm_hls_greedy_potential.cpp:261]   --->   Operation 49 'add' 'add_ln119_2' <Predicate = (!icmp_ln192)> <Delay = 2.86> <CoreInst = "TAddSub">   --->   Core 10 'TAddSub' <Latency = 0> <II = 1> <Delay = 1.43> <IPBlock> <Opcode : 'add' 'sub'> <InPorts = 3> <OutPorts = 1> <Sync> <CReg>
ST_3 : Operation 50 [1/1] (0.00ns)   --->   "%zext_ln119 = zext i17 %add_ln119_2" [fmm_hls_greedy_potential.cpp:119->fmm_hls_greedy_potential.cpp:195->fmm_hls_greedy_potential.cpp:212->fmm_hls_greedy_potential.cpp:229->fmm_hls_greedy_potential.cpp:261]   --->   Operation 50 'zext' 'zext_ln119' <Predicate = (!icmp_ln192)> <Delay = 0.00>
ST_3 : Operation 51 [1/1] (0.00ns)   --->   "%M_e_addr_2 = getelementptr i32 %M_e, i64 0, i64 %zext_ln119" [fmm_hls_greedy_potential.cpp:119->fmm_hls_greedy_potential.cpp:195->fmm_hls_greedy_potential.cpp:212->fmm_hls_greedy_potential.cpp:229->fmm_hls_greedy_potential.cpp:261]   --->   Operation 51 'getelementptr' 'M_e_addr_2' <Predicate = (!icmp_ln192)> <Delay = 0.00>
ST_3 : Operation 52 [2/2] (2.41ns)   --->   "%e1 = load i17 %M_e_addr" [fmm_hls_greedy_potential.cpp:117->fmm_hls_greedy_potential.cpp:195->fmm_hls_greedy_potential.cpp:212->fmm_hls_greedy_potential.cpp:229->fmm_hls_greedy_potential.cpp:261]   --->   Operation 52 'load' 'e1' <Predicate = (!icmp_ln192)> <Delay = 2.41> <CoreInst = "RAM">   --->   Core 81 'RAM' <Latency = 1> <II = 1> <Delay = 2.41> <Storage> <Opcode : 'load' 'store'> <Ports = 2> <Width = 32> <Depth = 102400> <RAM>
ST_3 : Operation 53 [2/2] (2.41ns)   --->   "%e2 = load i17 %M_e_addr_2" [fmm_hls_greedy_potential.cpp:119->fmm_hls_greedy_potential.cpp:195->fmm_hls_greedy_potential.cpp:212->fmm_hls_greedy_potential.cpp:229->fmm_hls_greedy_potential.cpp:261]   --->   Operation 53 'load' 'e2' <Predicate = (!icmp_ln192)> <Delay = 2.41> <CoreInst = "RAM">   --->   Core 81 'RAM' <Latency = 1> <II = 1> <Delay = 2.41> <Storage> <Opcode : 'load' 'store'> <Ports = 2> <Width = 32> <Depth = 102400> <RAM>

State 4 <SV = 3> <Delay = 9.53>
ST_4 : Operation 54 [1/1] (0.00ns)   --->   "%n = load i32 %n_3" [fmm_hls_greedy_potential.cpp:197->fmm_hls_greedy_potential.cpp:212->fmm_hls_greedy_potential.cpp:229->fmm_hls_greedy_potential.cpp:261]   --->   Operation 54 'load' 'n' <Predicate = true> <Delay = 0.00>
ST_4 : Operation 55 [1/1] (0.00ns)   --->   "%p_4 = load i32 %p" [fmm_hls_greedy_potential.cpp:196->fmm_hls_greedy_potential.cpp:212->fmm_hls_greedy_potential.cpp:229->fmm_hls_greedy_potential.cpp:261]   --->   Operation 55 'load' 'p_4' <Predicate = true> <Delay = 0.00>
ST_4 : Operation 56 [1/1] (0.00ns)   --->   "%s = load i32 %s_5" [fmm_hls_greedy_potential.cpp:196->fmm_hls_greedy_potential.cpp:212->fmm_hls_greedy_potential.cpp:229->fmm_hls_greedy_potential.cpp:261]   --->   Operation 56 'load' 's' <Predicate = true> <Delay = 0.00>
ST_4 : Operation 57 [1/1] (0.00ns)   --->   "%specpipeline_ln193 = specpipeline void @_ssdm_op_SpecPipeline, i32 1, i32 0, i32 0, i32 0, void @empty_13" [fmm_hls_greedy_potential.cpp:193->fmm_hls_greedy_potential.cpp:212->fmm_hls_greedy_potential.cpp:229->fmm_hls_greedy_potential.cpp:261]   --->   Operation 57 'specpipeline' 'specpipeline_ln193' <Predicate = true> <Delay = 0.00>
ST_4 : Operation 58 [1/1] (0.00ns)   --->   "%tmp = partselect i31 @_ssdm_op_PartSelect.i31.i32.i32.i32, i32 %p_4, i32 1, i32 31" [fmm_hls_greedy_potential.cpp:196->fmm_hls_greedy_potential.cpp:212->fmm_hls_greedy_potential.cpp:229->fmm_hls_greedy_potential.cpp:261]   --->   Operation 58 'partselect' 'tmp' <Predicate = true> <Delay = 0.00>
ST_4 : Operation 59 [1/1] (1.89ns)   --->   "%icmp_ln196 = icmp_sgt  i31 %tmp, i31 0" [fmm_hls_greedy_potential.cpp:196->fmm_hls_greedy_potential.cpp:212->fmm_hls_greedy_potential.cpp:229->fmm_hls_greedy_potential.cpp:261]   --->   Operation 59 'icmp' 'icmp_ln196' <Predicate = true> <Delay = 1.89> <CoreInst = "Cmp">   --->   Core 9 'Cmp' <Latency = 0> <II = 1> <Delay = 1.89> <FuncUnit> <Opcode : 'seteq' 'setne' 'setle' 'setge' 'setlt' 'setgt'> <InPorts = 2> <OutPorts = 1>
ST_4 : Operation 60 [1/1] (0.00ns) (grouped into TernaryAdder)   --->   "%add_ln196 = add i32 %p_4, i32 4294967295" [fmm_hls_greedy_potential.cpp:196->fmm_hls_greedy_potential.cpp:212->fmm_hls_greedy_potential.cpp:229->fmm_hls_greedy_potential.cpp:261]   --->   Operation 60 'add' 'add_ln196' <Predicate = true> <Delay = 0.00> <CoreInst = "TAddSub">   --->   Core 10 'TAddSub' <Latency = 0> <II = 1> <Delay = 1.43> <IPBlock> <Opcode : 'add' 'sub'> <InPorts = 3> <OutPorts = 1> <Sync> <CReg>
ST_4 : Operation 61 [1/1] (3.21ns) (root node of TernaryAdder)   --->   "%s_6 = add i32 %add_ln196, i32 %s" [fmm_hls_greedy_potential.cpp:196->fmm_hls_greedy_potential.cpp:212->fmm_hls_greedy_potential.cpp:229->fmm_hls_greedy_potential.cpp:261]   --->   Operation 61 'add' 's_6' <Predicate = true> <Delay = 3.21> <CoreInst = "TAddSub">   --->   Core 10 'TAddSub' <Latency = 0> <II = 1> <Delay = 1.43> <IPBlock> <Opcode : 'add' 'sub'> <InPorts = 3> <OutPorts = 1> <Sync> <CReg>
ST_4 : Operation 62 [1/1] (0.65ns)   --->   "%s_7 = select i1 %icmp_ln196, i32 %s_6, i32 %s" [fmm_hls_greedy_potential.cpp:196->fmm_hls_greedy_potential.cpp:212->fmm_hls_greedy_potential.cpp:229->fmm_hls_greedy_potential.cpp:261]   --->   Operation 62 'select' 's_7' <Predicate = true> <Delay = 0.65> <CoreInst = "Sel">   --->   Core 73 'Sel' <Latency = 0> <II = 1> <Delay = 0.65> <FuncUnit> <Opcode : 'select'> <InPorts = 3> <OutPorts = 1>
ST_4 : Operation 63 [1/1] (0.00ns)   --->   "%tmp_3 = partselect i31 @_ssdm_op_PartSelect.i31.i32.i32.i32, i32 %n, i32 1, i32 31" [fmm_hls_greedy_potential.cpp:197->fmm_hls_greedy_potential.cpp:212->fmm_hls_greedy_potential.cpp:229->fmm_hls_greedy_potential.cpp:261]   --->   Operation 63 'partselect' 'tmp_3' <Predicate = true> <Delay = 0.00>
ST_4 : Operation 64 [1/1] (1.89ns)   --->   "%icmp_ln197 = icmp_sgt  i31 %tmp_3, i31 0" [fmm_hls_greedy_potential.cpp:197->fmm_hls_greedy_potential.cpp:212->fmm_hls_greedy_potential.cpp:229->fmm_hls_greedy_potential.cpp:261]   --->   Operation 64 'icmp' 'icmp_ln197' <Predicate = true> <Delay = 1.89> <CoreInst = "Cmp">   --->   Core 9 'Cmp' <Latency = 0> <II = 1> <Delay = 1.89> <FuncUnit> <Opcode : 'seteq' 'setne' 'setle' 'setge' 'setlt' 'setgt'> <InPorts = 2> <OutPorts = 1>
ST_4 : Operation 65 [1/1] (0.00ns) (grouped into TernaryAdder)   --->   "%add_ln197 = add i32 %s_7, i32 4294967295" [fmm_hls_greedy_potential.cpp:197->fmm_hls_greedy_potential.cpp:212->fmm_hls_greedy_potential.cpp:229->fmm_hls_greedy_potential.cpp:261]   --->   Operation 65 'add' 'add_ln197' <Predicate = true> <Delay = 0.00> <CoreInst = "TAddSub">   --->   Core 10 'TAddSub' <Latency = 0> <II = 1> <Delay = 1.43> <IPBlock> <Opcode : 'add' 'sub'> <InPorts = 3> <OutPorts = 1> <Sync> <CReg>
ST_4 : Operation 66 [1/1] (3.21ns) (root node of TernaryAdder)   --->   "%s_8 = add i32 %add_ln197, i32 %n" [fmm_hls_greedy_potential.cpp:197->fmm_hls_greedy_potential.cpp:212->fmm_hls_greedy_potential.cpp:229->fmm_hls_greedy_potential.cpp:261]   --->   Operation 66 'add' 's_8' <Predicate = true> <Delay = 3.21> <CoreInst = "TAddSub">   --->   Core 10 'TAddSub' <Latency = 0> <II = 1> <Delay = 1.43> <IPBlock> <Opcode : 'add' 'sub'> <InPorts = 3> <OutPorts = 1> <Sync> <CReg>
ST_4 : Operation 67 [1/1] (0.65ns)   --->   "%s_9 = select i1 %icmp_ln197, i32 %s_8, i32 %s_7" [fmm_hls_greedy_potential.cpp:197->fmm_hls_greedy_potential.cpp:212->fmm_hls_greedy_potential.cpp:229->fmm_hls_greedy_potential.cpp:261]   --->   Operation 67 'select' 's_9' <Predicate = true> <Delay = 0.65> <CoreInst = "Sel">   --->   Core 73 'Sel' <Latency = 0> <II = 1> <Delay = 0.65> <FuncUnit> <Opcode : 'select'> <InPorts = 3> <OutPorts = 1>
ST_4 : Operation 68 [1/1] (0.00ns)   --->   "%specpipeline_ln193 = specpipeline void @_ssdm_op_SpecPipeline, i32 1, i32 0, i32 0, i32 0, void @empty_13" [fmm_hls_greedy_potential.cpp:193->fmm_hls_greedy_potential.cpp:212->fmm_hls_greedy_potential.cpp:229->fmm_hls_greedy_potential.cpp:261]   --->   Operation 68 'specpipeline' 'specpipeline_ln193' <Predicate = (!icmp_ln192)> <Delay = 0.00>
ST_4 : Operation 69 [1/1] (0.00ns)   --->   "%specloopname_ln0 = specloopname void @_ssdm_op_SpecLoopName, void @VITIS_LOOP_192_2_VITIS_LOOP_115_1_str"   --->   Operation 69 'specloopname' 'specloopname_ln0' <Predicate = (!icmp_ln192)> <Delay = 0.00>
ST_4 : Operation 70 [1/1] (0.65ns)   --->   "%select_ln193_1 = select i1 %icmp_ln115, i32 %p_4, i32 0" [fmm_hls_greedy_potential.cpp:193->fmm_hls_greedy_potential.cpp:212->fmm_hls_greedy_potential.cpp:229->fmm_hls_greedy_potential.cpp:261]   --->   Operation 70 'select' 'select_ln193_1' <Predicate = (!icmp_ln192)> <Delay = 0.65> <CoreInst = "Sel">   --->   Core 73 'Sel' <Latency = 0> <II = 1> <Delay = 0.65> <FuncUnit> <Opcode : 'select'> <InPorts = 3> <OutPorts = 1>
ST_4 : Operation 71 [1/1] (0.65ns)   --->   "%select_ln193_2 = select i1 %icmp_ln115, i32 %n, i32 0" [fmm_hls_greedy_potential.cpp:193->fmm_hls_greedy_potential.cpp:212->fmm_hls_greedy_potential.cpp:229->fmm_hls_greedy_potential.cpp:261]   --->   Operation 71 'select' 'select_ln193_2' <Predicate = (!icmp_ln192)> <Delay = 0.65> <CoreInst = "Sel">   --->   Core 73 'Sel' <Latency = 0> <II = 1> <Delay = 0.65> <FuncUnit> <Opcode : 'select'> <InPorts = 3> <OutPorts = 1>
ST_4 : Operation 72 [1/1] (0.00ns)   --->   "%specpipeline_ln193 = specpipeline void @_ssdm_op_SpecPipeline, i32 1, i32 0, i32 0, i32 0, void @empty_13" [fmm_hls_greedy_potential.cpp:193->fmm_hls_greedy_potential.cpp:212->fmm_hls_greedy_potential.cpp:229->fmm_hls_greedy_potential.cpp:261]   --->   Operation 72 'specpipeline' 'specpipeline_ln193' <Predicate = (!icmp_ln192)> <Delay = 0.00>
ST_4 : Operation 73 [1/1] (0.65ns)   --->   "%select_ln192_1 = select i1 %icmp_ln115, i32 %s, i32 %s_9" [fmm_hls_greedy_potential.cpp:192->fmm_hls_greedy_potential.cpp:212->fmm_hls_greedy_potential.cpp:229->fmm_hls_greedy_potential.cpp:261]   --->   Operation 73 'select' 'select_ln192_1' <Predicate = (!icmp_ln192)> <Delay = 0.65> <CoreInst = "Sel">   --->   Core 73 'Sel' <Latency = 0> <II = 1> <Delay = 0.65> <FuncUnit> <Opcode : 'select'> <InPorts = 3> <OutPorts = 1>
ST_4 : Operation 74 [1/1] (0.00ns)   --->   "%specpipeline_ln116 = specpipeline void @_ssdm_op_SpecPipeline, i32 1, i32 0, i32 0, i32 0, void @empty_13" [fmm_hls_greedy_potential.cpp:116->fmm_hls_greedy_potential.cpp:195->fmm_hls_greedy_potential.cpp:212->fmm_hls_greedy_potential.cpp:229->fmm_hls_greedy_potential.cpp:261]   --->   Operation 74 'specpipeline' 'specpipeline_ln116' <Predicate = (!icmp_ln192)> <Delay = 0.00>
ST_4 : Operation 75 [1/2] ( I:2.41ns O:2.41ns )   --->   "%e1 = load i17 %M_e_addr" [fmm_hls_greedy_potential.cpp:117->fmm_hls_greedy_potential.cpp:195->fmm_hls_greedy_potential.cpp:212->fmm_hls_greedy_potential.cpp:229->fmm_hls_greedy_potential.cpp:261]   --->   Operation 75 'load' 'e1' <Predicate = (!icmp_ln192)> <Delay = 2.41> <CoreInst = "RAM">   --->   Core 81 'RAM' <Latency = 1> <II = 1> <Delay = 2.41> <Storage> <Opcode : 'load' 'store'> <Ports = 2> <Width = 32> <Depth = 102400> <RAM>
ST_4 : Operation 76 [1/1] (1.91ns)   --->   "%icmp_ln118 = icmp_eq  i32 %e1, i32 0" [fmm_hls_greedy_potential.cpp:118->fmm_hls_greedy_potential.cpp:195->fmm_hls_greedy_potential.cpp:212->fmm_hls_greedy_potential.cpp:229->fmm_hls_greedy_potential.cpp:261]   --->   Operation 76 'icmp' 'icmp_ln118' <Predicate = (!icmp_ln192)> <Delay = 1.91> <CoreInst = "Cmp">   --->   Core 9 'Cmp' <Latency = 0> <II = 1> <Delay = 1.91> <FuncUnit> <Opcode : 'seteq' 'setne' 'setle' 'setge' 'setlt' 'setgt'> <InPorts = 2> <OutPorts = 1>
ST_4 : Operation 77 [1/2] ( I:2.41ns O:2.41ns )   --->   "%e2 = load i17 %M_e_addr_2" [fmm_hls_greedy_potential.cpp:119->fmm_hls_greedy_potential.cpp:195->fmm_hls_greedy_potential.cpp:212->fmm_hls_greedy_potential.cpp:229->fmm_hls_greedy_potential.cpp:261]   --->   Operation 77 'load' 'e2' <Predicate = (!icmp_ln192)> <Delay = 2.41> <CoreInst = "RAM">   --->   Core 81 'RAM' <Latency = 1> <II = 1> <Delay = 2.41> <Storage> <Opcode : 'load' 'store'> <Ports = 2> <Width = 32> <Depth = 102400> <RAM>
ST_4 : Operation 78 [1/1] (1.91ns)   --->   "%icmp_ln120 = icmp_eq  i32 %e2, i32 0" [fmm_hls_greedy_potential.cpp:120->fmm_hls_greedy_potential.cpp:195->fmm_hls_greedy_potential.cpp:212->fmm_hls_greedy_potential.cpp:229->fmm_hls_greedy_potential.cpp:261]   --->   Operation 78 'icmp' 'icmp_ln120' <Predicate = (!icmp_ln192)> <Delay = 1.91> <CoreInst = "Cmp">   --->   Core 9 'Cmp' <Latency = 0> <II = 1> <Delay = 1.91> <FuncUnit> <Opcode : 'seteq' 'setne' 'setle' 'setge' 'setlt' 'setgt'> <InPorts = 2> <OutPorts = 1>
ST_4 : Operation 79 [1/1] (1.91ns)   --->   "%icmp_ln121 = icmp_eq  i32 %e1, i32 %e2" [fmm_hls_greedy_potential.cpp:121->fmm_hls_greedy_potential.cpp:195->fmm_hls_greedy_potential.cpp:212->fmm_hls_greedy_potential.cpp:229->fmm_hls_greedy_potential.cpp:261]   --->   Operation 79 'icmp' 'icmp_ln121' <Predicate = (!icmp_ln192)> <Delay = 1.91> <CoreInst = "Cmp">   --->   Core 9 'Cmp' <Latency = 0> <II = 1> <Delay = 1.91> <FuncUnit> <Opcode : 'seteq' 'setne' 'setle' 'setge' 'setlt' 'setgt'> <InPorts = 2> <OutPorts = 1>
ST_4 : Operation 80 [1/1] (1.91ns)   --->   "%p_5 = add i32 %select_ln193_1, i32 1" [fmm_hls_greedy_potential.cpp:121->fmm_hls_greedy_potential.cpp:195->fmm_hls_greedy_potential.cpp:212->fmm_hls_greedy_potential.cpp:229->fmm_hls_greedy_potential.cpp:261]   --->   Operation 80 'add' 'p_5' <Predicate = (!icmp_ln192)> <Delay = 1.91> <CoreInst = "Adder">   --->   Core 1 'Adder' <Latency = 0> <II = 1> <Delay = 1.91> <FuncUnit> <Opcode : 'add' 'sub'> <InPorts = 2> <OutPorts = 1>
ST_4 : Operation 81 [1/1] (0.00ns)   --->   "%sext_ln122 = sext i32 %e2" [fmm_hls_greedy_potential.cpp:122->fmm_hls_greedy_potential.cpp:195->fmm_hls_greedy_potential.cpp:212->fmm_hls_greedy_potential.cpp:229->fmm_hls_greedy_potential.cpp:261]   --->   Operation 81 'sext' 'sext_ln122' <Predicate = (!icmp_ln192)> <Delay = 0.00>
ST_4 : Operation 82 [1/1] (1.91ns)   --->   "%sub_ln122 = sub i33 0, i33 %sext_ln122" [fmm_hls_greedy_potential.cpp:122->fmm_hls_greedy_potential.cpp:195->fmm_hls_greedy_potential.cpp:212->fmm_hls_greedy_potential.cpp:229->fmm_hls_greedy_potential.cpp:261]   --->   Operation 82 'sub' 'sub_ln122' <Predicate = (!icmp_ln192)> <Delay = 1.91> <CoreInst = "Adder">   --->   Core 1 'Adder' <Latency = 0> <II = 1> <Delay = 1.91> <FuncUnit> <Opcode : 'add' 'sub'> <InPorts = 2> <OutPorts = 1>
ST_4 : Operation 83 [1/1] (0.00ns)   --->   "%sext_ln122_2 = sext i32 %e1" [fmm_hls_greedy_potential.cpp:122->fmm_hls_greedy_potential.cpp:195->fmm_hls_greedy_potential.cpp:212->fmm_hls_greedy_potential.cpp:229->fmm_hls_greedy_potential.cpp:261]   --->   Operation 83 'sext' 'sext_ln122_2' <Predicate = (!icmp_ln192)> <Delay = 0.00>
ST_4 : Operation 84 [1/1] (1.95ns)   --->   "%icmp_ln122 = icmp_eq  i33 %sext_ln122_2, i33 %sub_ln122" [fmm_hls_greedy_potential.cpp:122->fmm_hls_greedy_potential.cpp:195->fmm_hls_greedy_potential.cpp:212->fmm_hls_greedy_potential.cpp:229->fmm_hls_greedy_potential.cpp:261]   --->   Operation 84 'icmp' 'icmp_ln122' <Predicate = (!icmp_ln192)> <Delay = 1.95> <CoreInst = "Cmp">   --->   Core 9 'Cmp' <Latency = 0> <II = 1> <Delay = 1.95> <FuncUnit> <Opcode : 'seteq' 'setne' 'setle' 'setge' 'setlt' 'setgt'> <InPorts = 2> <OutPorts = 1>
ST_4 : Operation 85 [1/1] (1.91ns)   --->   "%add_ln122 = add i32 %select_ln193_2, i32 1" [fmm_hls_greedy_potential.cpp:122->fmm_hls_greedy_potential.cpp:195->fmm_hls_greedy_potential.cpp:212->fmm_hls_greedy_potential.cpp:229->fmm_hls_greedy_potential.cpp:261]   --->   Operation 85 'add' 'add_ln122' <Predicate = (!icmp_ln192)> <Delay = 1.91> <CoreInst = "Adder">   --->   Core 1 'Adder' <Latency = 0> <II = 1> <Delay = 1.91> <FuncUnit> <Opcode : 'add' 'sub'> <InPorts = 2> <OutPorts = 1>
ST_4 : Operation 86 [1/1] (0.00ns) (grouped into LUT with out node n_5)   --->   "%n_4 = select i1 %icmp_ln122, i32 %add_ln122, i32 %select_ln193_2" [fmm_hls_greedy_potential.cpp:122->fmm_hls_greedy_potential.cpp:195->fmm_hls_greedy_potential.cpp:212->fmm_hls_greedy_potential.cpp:229->fmm_hls_greedy_potential.cpp:261]   --->   Operation 86 'select' 'n_4' <Predicate = (!icmp_ln192)> <Delay = 0.00> <CoreInst = "Sel">   --->   Core 73 'Sel' <Latency = 0> <II = 1> <Delay = 0.65> <FuncUnit> <Opcode : 'select'> <InPorts = 3> <OutPorts = 1>
ST_4 : Operation 87 [1/1] (0.71ns)   --->   "%or_ln120 = or i1 %icmp_ln118, i1 %icmp_ln120" [fmm_hls_greedy_potential.cpp:120->fmm_hls_greedy_potential.cpp:195->fmm_hls_greedy_potential.cpp:212->fmm_hls_greedy_potential.cpp:229->fmm_hls_greedy_potential.cpp:261]   --->   Operation 87 'or' 'or_ln120' <Predicate = (!icmp_ln192)> <Delay = 0.71> <CoreInst = "LogicGate">   --->   Core 74 'LogicGate' <Latency = 0> <II = 1> <Delay = 0.71> <FuncUnit> <Opcode : 'and' 'or' 'xor'> <InPorts = 2> <OutPorts = 1>
ST_4 : Operation 88 [1/1] (0.00ns) (grouped into LUT with out node n_5)   --->   "%or_ln121 = or i1 %or_ln120, i1 %icmp_ln121" [fmm_hls_greedy_potential.cpp:121->fmm_hls_greedy_potential.cpp:195->fmm_hls_greedy_potential.cpp:212->fmm_hls_greedy_potential.cpp:229->fmm_hls_greedy_potential.cpp:261]   --->   Operation 88 'or' 'or_ln121' <Predicate = (!icmp_ln192)> <Delay = 0.00> <CoreInst = "LogicGate">   --->   Core 74 'LogicGate' <Latency = 0> <II = 1> <Delay = 0.71> <FuncUnit> <Opcode : 'and' 'or' 'xor'> <InPorts = 2> <OutPorts = 1>
ST_4 : Operation 89 [1/1] (0.71ns) (out node of the LUT)   --->   "%n_5 = select i1 %or_ln121, i32 %select_ln193_2, i32 %n_4" [fmm_hls_greedy_potential.cpp:121->fmm_hls_greedy_potential.cpp:195->fmm_hls_greedy_potential.cpp:212->fmm_hls_greedy_potential.cpp:229->fmm_hls_greedy_potential.cpp:261]   --->   Operation 89 'select' 'n_5' <Predicate = (!icmp_ln192)> <Delay = 0.71> <CoreInst = "Sel">   --->   Core 73 'Sel' <Latency = 0> <II = 1> <Delay = 0.65> <FuncUnit> <Opcode : 'select'> <InPorts = 3> <OutPorts = 1>
ST_4 : Operation 90 [1/1] (0.00ns) (grouped into LUT with out node p_6)   --->   "%xor_ln121 = xor i1 %icmp_ln121, i1 1" [fmm_hls_greedy_potential.cpp:121->fmm_hls_greedy_potential.cpp:195->fmm_hls_greedy_potential.cpp:212->fmm_hls_greedy_potential.cpp:229->fmm_hls_greedy_potential.cpp:261]   --->   Operation 90 'xor' 'xor_ln121' <Predicate = (!icmp_ln192)> <Delay = 0.00> <CoreInst = "LogicGate">   --->   Core 74 'LogicGate' <Latency = 0> <II = 1> <Delay = 0.71> <FuncUnit> <Opcode : 'and' 'or' 'xor'> <InPorts = 2> <OutPorts = 1>
ST_4 : Operation 91 [1/1] (0.00ns) (grouped into LUT with out node p_6)   --->   "%or_ln121_2 = or i1 %or_ln120, i1 %xor_ln121" [fmm_hls_greedy_potential.cpp:121->fmm_hls_greedy_potential.cpp:195->fmm_hls_greedy_potential.cpp:212->fmm_hls_greedy_potential.cpp:229->fmm_hls_greedy_potential.cpp:261]   --->   Operation 91 'or' 'or_ln121_2' <Predicate = (!icmp_ln192)> <Delay = 0.00> <CoreInst = "LogicGate">   --->   Core 74 'LogicGate' <Latency = 0> <II = 1> <Delay = 0.71> <FuncUnit> <Opcode : 'and' 'or' 'xor'> <InPorts = 2> <OutPorts = 1>
ST_4 : Operation 92 [1/1] (0.71ns) (out node of the LUT)   --->   "%p_6 = select i1 %or_ln121_2, i32 %select_ln193_1, i32 %p_5" [fmm_hls_greedy_potential.cpp:121->fmm_hls_greedy_potential.cpp:195->fmm_hls_greedy_potential.cpp:212->fmm_hls_greedy_potential.cpp:229->fmm_hls_greedy_potential.cpp:261]   --->   Operation 92 'select' 'p_6' <Predicate = (!icmp_ln192)> <Delay = 0.71> <CoreInst = "Sel">   --->   Core 73 'Sel' <Latency = 0> <II = 1> <Delay = 0.65> <FuncUnit> <Opcode : 'select'> <InPorts = 3> <OutPorts = 1>
ST_4 : Operation 93 [1/1] (1.14ns)   --->   "%store_ln190 = store i32 %select_ln192_1, i32 %s_5" [fmm_hls_greedy_potential.cpp:190->fmm_hls_greedy_potential.cpp:212->fmm_hls_greedy_potential.cpp:229->fmm_hls_greedy_potential.cpp:261]   --->   Operation 93 'store' 'store_ln190' <Predicate = (!icmp_ln192)> <Delay = 1.14>
ST_4 : Operation 94 [1/1] (1.14ns)   --->   "%store_ln194 = store i32 %p_6, i32 %p" [fmm_hls_greedy_potential.cpp:194->fmm_hls_greedy_potential.cpp:212->fmm_hls_greedy_potential.cpp:229->fmm_hls_greedy_potential.cpp:261]   --->   Operation 94 'store' 'store_ln194' <Predicate = (!icmp_ln192)> <Delay = 1.14>
ST_4 : Operation 95 [1/1] (1.14ns)   --->   "%store_ln194 = store i32 %n_5, i32 %n_3" [fmm_hls_greedy_potential.cpp:194->fmm_hls_greedy_potential.cpp:212->fmm_hls_greedy_potential.cpp:229->fmm_hls_greedy_potential.cpp:261]   --->   Operation 95 'store' 'store_ln194' <Predicate = (!icmp_ln192)> <Delay = 1.14>
ST_4 : Operation 96 [1/1] (0.00ns)   --->   "%br_ln115 = br void %for.body.i.i.i246.i.i" [fmm_hls_greedy_potential.cpp:115->fmm_hls_greedy_potential.cpp:195->fmm_hls_greedy_potential.cpp:212->fmm_hls_greedy_potential.cpp:229->fmm_hls_greedy_potential.cpp:261]   --->   Operation 96 'br' 'br_ln115' <Predicate = (!icmp_ln192)> <Delay = 0.00>
ST_4 : Operation 97 [1/1] (0.00ns)   --->   "%write_ln197 = write void @_ssdm_op_Write.ap_auto.i32P0A, i32 %s_9_out, i32 %s_9" [fmm_hls_greedy_potential.cpp:197->fmm_hls_greedy_potential.cpp:212->fmm_hls_greedy_potential.cpp:229->fmm_hls_greedy_potential.cpp:261]   --->   Operation 97 'write' 'write_ln197' <Predicate = (icmp_ln192)> <Delay = 0.00>
ST_4 : Operation 98 [1/1] (1.14ns)   --->   "%ret_ln0 = ret"   --->   Operation 98 'ret' 'ret_ln0' <Predicate = (icmp_ln192)> <Delay = 1.14>


============================================================
+ Verbose Summary: Timing violations
============================================================
Target clock period: 10.000ns, clock uncertainty: 2.700ns.

 <State 1>: 1.146ns
The critical path consists of the following:
	'alloca' operation 95 bit ('indvar_flatten8') [13]  (0.000 ns)
	'store' operation 0 bit ('store_ln0') of constant 0 on local variable 'indvar_flatten8' [20]  (1.146 ns)

 <State 2>: 5.582ns
The critical path consists of the following:
	'load' operation 31 bit ('c', fmm_hls_greedy_potential.cpp:115->fmm_hls_greedy_potential.cpp:195->fmm_hls_greedy_potential.cpp:212->fmm_hls_greedy_potential.cpp:229->fmm_hls_greedy_potential.cpp:261) on local variable 'c', fmm_hls_greedy_potential.cpp:115->fmm_hls_greedy_potential.cpp:195->fmm_hls_greedy_potential.cpp:212->fmm_hls_greedy_potential.cpp:229->fmm_hls_greedy_potential.cpp:261 [30]  (0.000 ns)
	'icmp' operation 1 bit ('icmp_ln115', fmm_hls_greedy_potential.cpp:115->fmm_hls_greedy_potential.cpp:195->fmm_hls_greedy_potential.cpp:212->fmm_hls_greedy_potential.cpp:229->fmm_hls_greedy_potential.cpp:261) [35]  (1.916 ns)
	'select' operation 31 bit ('select_ln193', fmm_hls_greedy_potential.cpp:193->fmm_hls_greedy_potential.cpp:212->fmm_hls_greedy_potential.cpp:229->fmm_hls_greedy_potential.cpp:261) [54]  (0.621 ns)
	'add' operation 31 bit ('add_ln115', fmm_hls_greedy_potential.cpp:115->fmm_hls_greedy_potential.cpp:195->fmm_hls_greedy_potential.cpp:212->fmm_hls_greedy_potential.cpp:229->fmm_hls_greedy_potential.cpp:261) [91]  (1.898 ns)
	'store' operation 0 bit ('store_ln115', fmm_hls_greedy_potential.cpp:115->fmm_hls_greedy_potential.cpp:195->fmm_hls_greedy_potential.cpp:212->fmm_hls_greedy_potential.cpp:229->fmm_hls_greedy_potential.cpp:261) of variable 'add_ln115', fmm_hls_greedy_potential.cpp:115->fmm_hls_greedy_potential.cpp:195->fmm_hls_greedy_potential.cpp:212->fmm_hls_greedy_potential.cpp:229->fmm_hls_greedy_potential.cpp:261 on local variable 'c', fmm_hls_greedy_potential.cpp:115->fmm_hls_greedy_potential.cpp:195->fmm_hls_greedy_potential.cpp:212->fmm_hls_greedy_potential.cpp:229->fmm_hls_greedy_potential.cpp:261 [95]  (1.146 ns)

 <State 3>: 5.284ns
The critical path consists of the following:
	'add' operation 17 bit ('add_ln119', fmm_hls_greedy_potential.cpp:119->fmm_hls_greedy_potential.cpp:195->fmm_hls_greedy_potential.cpp:212->fmm_hls_greedy_potential.cpp:229->fmm_hls_greedy_potential.cpp:261) [63]  (0.000 ns)
	'add' operation 17 bit ('add_ln119_2', fmm_hls_greedy_potential.cpp:119->fmm_hls_greedy_potential.cpp:195->fmm_hls_greedy_potential.cpp:212->fmm_hls_greedy_potential.cpp:229->fmm_hls_greedy_potential.cpp:261) [69]  (2.867 ns)
	'getelementptr' operation 17 bit ('M_e_addr_2', fmm_hls_greedy_potential.cpp:119->fmm_hls_greedy_potential.cpp:195->fmm_hls_greedy_potential.cpp:212->fmm_hls_greedy_potential.cpp:229->fmm_hls_greedy_potential.cpp:261) [71]  (0.000 ns)
	'load' operation 32 bit ('e2', fmm_hls_greedy_potential.cpp:119->fmm_hls_greedy_potential.cpp:195->fmm_hls_greedy_potential.cpp:212->fmm_hls_greedy_potential.cpp:229->fmm_hls_greedy_potential.cpp:261) on array 'M_e' [75]  (2.417 ns)

 <State 4>: 9.532ns
The critical path consists of the following:
	'load' operation 32 bit ('p', fmm_hls_greedy_potential.cpp:196->fmm_hls_greedy_potential.cpp:212->fmm_hls_greedy_potential.cpp:229->fmm_hls_greedy_potential.cpp:261) on local variable 'p', fmm_hls_greedy_potential.cpp:194->fmm_hls_greedy_potential.cpp:212->fmm_hls_greedy_potential.cpp:229->fmm_hls_greedy_potential.cpp:261 [29]  (0.000 ns)
	'add' operation 32 bit ('add_ln196', fmm_hls_greedy_potential.cpp:196->fmm_hls_greedy_potential.cpp:212->fmm_hls_greedy_potential.cpp:229->fmm_hls_greedy_potential.cpp:261) [38]  (0.000 ns)
	'add' operation 32 bit ('s', fmm_hls_greedy_potential.cpp:196->fmm_hls_greedy_potential.cpp:212->fmm_hls_greedy_potential.cpp:229->fmm_hls_greedy_potential.cpp:261) [39]  (3.212 ns)
	'select' operation 32 bit ('s', fmm_hls_greedy_potential.cpp:196->fmm_hls_greedy_potential.cpp:212->fmm_hls_greedy_potential.cpp:229->fmm_hls_greedy_potential.cpp:261) [40]  (0.654 ns)
	'add' operation 32 bit ('add_ln197', fmm_hls_greedy_potential.cpp:197->fmm_hls_greedy_potential.cpp:212->fmm_hls_greedy_potential.cpp:229->fmm_hls_greedy_potential.cpp:261) [43]  (0.000 ns)
	'add' operation 32 bit ('s', fmm_hls_greedy_potential.cpp:197->fmm_hls_greedy_potential.cpp:212->fmm_hls_greedy_potential.cpp:229->fmm_hls_greedy_potential.cpp:261) [44]  (3.212 ns)
	'select' operation 32 bit ('s', fmm_hls_greedy_potential.cpp:197->fmm_hls_greedy_potential.cpp:212->fmm_hls_greedy_potential.cpp:229->fmm_hls_greedy_potential.cpp:261) [45]  (0.654 ns)
	'select' operation 32 bit ('select_ln192_1', fmm_hls_greedy_potential.cpp:192->fmm_hls_greedy_potential.cpp:212->fmm_hls_greedy_potential.cpp:229->fmm_hls_greedy_potential.cpp:261) [64]  (0.654 ns)
	'store' operation 0 bit ('store_ln190', fmm_hls_greedy_potential.cpp:190->fmm_hls_greedy_potential.cpp:212->fmm_hls_greedy_potential.cpp:229->fmm_hls_greedy_potential.cpp:261) of variable 'select_ln192_1', fmm_hls_greedy_potential.cpp:192->fmm_hls_greedy_potential.cpp:212->fmm_hls_greedy_potential.cpp:229->fmm_hls_greedy_potential.cpp:261 on local variable 's', fmm_hls_greedy_potential.cpp:190->fmm_hls_greedy_potential.cpp:212->fmm_hls_greedy_potential.cpp:229->fmm_hls_greedy_potential.cpp:261 [94]  (1.146 ns)


============================================================
+ Verbose Summary: Binding
============================================================
N/A
* FSMD analyzer results:
  - Output states:
 - Input state : 
  - Chain level:
	State 1
	State 2
	State 3
	State 4


============================================================
+ Verbose Summary: Datapath Resource usage 
============================================================
N/A
