

================================================================
== Vitis HLS Report for 'load_matrix_from_dram_safe_Pipeline_VITIS_LOOP_59_3_VITIS_LOOP_60_4'
================================================================
* Date:           Sun Sep  7 15:34:36 2025

* Version:        2025.1 (Build 6135595 on May 21 2025)
* Project:        fmm_reduce_kernel
* Solution:       hls (Vivado IP Flow Target)
* Product family: zynq
* Target device:  xc7z020-clg400-3


================================================================
== Performance Estimates
================================================================
+ Timing: 
    * Summary: 
    +--------+----------+----------+------------+
    |  Clock |  Target  | Estimated| Uncertainty|
    +--------+----------+----------+------------+
    |ap_clk  |  10.00 ns|  7.300 ns|     2.70 ns|
    +--------+----------+----------+------------+

+ Latency: 
    * Summary: 
    +---------+---------+----------+----------+-----+-----+------------------------------------------------+
    |  Latency (cycles) |  Latency (absolute) |  Interval |                    Pipeline                    |
    |   min   |   max   |    min   |    max   | min | max |                      Type                      |
    +---------+---------+----------+----------+-----+-----+------------------------------------------------+
    |        ?|        ?|         ?|         ?|    0|    0|  loop auto-rewind stp (delay=0 clock cycles(s))|
    +---------+---------+----------+----------+-----+-----+------------------------------------------------+

    + Detail: 
        * Instance: 
        N/A

        * Loop: 
        +-----------------------------------+---------+---------+----------+-----------+-----------+------+----------+
        |                                   |  Latency (cycles) | Iteration|  Initiation Interval  | Trip |          |
        |             Loop Name             |   min   |   max   |  Latency |  achieved |   target  | Count| Pipelined|
        +-----------------------------------+---------+---------+----------+-----------+-----------+------+----------+
        |- VITIS_LOOP_59_3_VITIS_LOOP_60_4  |        ?|        ?|        13|          1|          1|     ?|       yes|
        +-----------------------------------+---------+---------+----------+-----------+-----------+------+----------+

============================================================
+ Verbose Summary: Synthesis Manager
============================================================
InlineROM: 1
ExposeGlobal: 0
============================================================
+ Verbose Summary: CDFG Model
============================================================
IsTopModel: 0
ResetActiveHigh: 1
IsCombinational: 0
IsDatapathOnly: 0
HasWiredReturn: 1
HasMFsm: 2
HasVarLatency: 1
IsPipeline: 0
IsRtlPipelined: 0
IsInstanceOverlapped: 0
IsDontTouch: 0
HasImplIP: 0
IsGatedGlobalClock: 0

+ Individual pipeline summary: 
  * Pipeline-0: initiation interval (II) = 1, depth = 14


============================================================
+ Verbose Summary: Schedule
============================================================
* Number of FSM states : 14
* Pipeline : 1
  Pipeline-0 : II = 1, D = 14, States = { 1 2 3 4 5 6 7 8 9 10 11 12 13 14 }
* Dataflow Pipeline: 0

* FSM state transitions: 
1 --> 2 
2 --> 3 
3 --> 4 
4 --> 5 
5 --> 6 
6 --> 7 
7 --> 8 
8 --> 9 
9 --> 10 
10 --> 11 
11 --> 12 
12 --> 13 
13 --> 14 
14 --> 

* FSM state operations: 

State 1 <SV = 0> <Delay = 1.14>
ST_1 : Operation 16 [1/1] (0.00ns)   --->   "%c_1 = alloca i32 1" [fmm_hls_greedy_potential.cpp:60]   --->   Operation 16 'alloca' 'c_1' <Predicate = true> <Delay = 0.00>
ST_1 : Operation 17 [1/1] (0.00ns)   --->   "%r = alloca i32 1" [fmm_hls_greedy_potential.cpp:59]   --->   Operation 17 'alloca' 'r' <Predicate = true> <Delay = 0.00>
ST_1 : Operation 18 [1/1] (0.00ns)   --->   "%indvar_flatten7 = alloca i32 1"   --->   Operation 18 'alloca' 'indvar_flatten7' <Predicate = true> <Delay = 0.00>
ST_1 : Operation 19 [1/1] (0.00ns)   --->   "%sext_ln59_read = read i32 @_ssdm_op_Read.ap_auto.i32, i32 %sext_ln59"   --->   Operation 19 'read' 'sext_ln59_read' <Predicate = true> <Delay = 0.00>
ST_1 : Operation 20 [1/1] (0.00ns)   --->   "%A_dram_read = read i64 @_ssdm_op_Read.ap_auto.i64, i64 %A_dram"   --->   Operation 20 'read' 'A_dram_read' <Predicate = true> <Delay = 0.00>
ST_1 : Operation 21 [1/1] (0.00ns)   --->   "%mul_ln59_read = read i62 @_ssdm_op_Read.ap_auto.i62, i62 %mul_ln59"   --->   Operation 21 'read' 'mul_ln59_read' <Predicate = true> <Delay = 0.00>
ST_1 : Operation 22 [1/1] (0.00ns)   --->   "%cols_read = read i32 @_ssdm_op_Read.ap_auto.i32, i32 %cols"   --->   Operation 22 'read' 'cols_read' <Predicate = true> <Delay = 0.00>
ST_1 : Operation 23 [1/1] (0.00ns)   --->   "%sext_ln59_cast = sext i32 %sext_ln59_read"   --->   Operation 23 'sext' 'sext_ln59_cast' <Predicate = true> <Delay = 0.00>
ST_1 : Operation 24 [1/1] (0.00ns)   --->   "%specinterface_ln0 = specinterface void @_ssdm_op_SpecInterface, i32 %gmem, void @empty_19, i32 0, i32 0, void @empty_13, i32 0, i32 65536, void @empty_10, void @empty_14, void @empty_13, i32 16, i32 16, i32 16, i32 16, void @empty_13, void @empty_13, i32 4294967295, i32 0, i32 0"   --->   Operation 24 'specinterface' 'specinterface_ln0' <Predicate = true> <Delay = 0.00>
ST_1 : Operation 25 [1/1] (1.14ns)   --->   "%store_ln0 = store i62 0, i62 %indvar_flatten7"   --->   Operation 25 'store' 'store_ln0' <Predicate = true> <Delay = 1.14>
ST_1 : Operation 26 [1/1] (1.14ns)   --->   "%store_ln59 = store i31 0, i31 %r" [fmm_hls_greedy_potential.cpp:59]   --->   Operation 26 'store' 'store_ln59' <Predicate = true> <Delay = 1.14>
ST_1 : Operation 27 [1/1] (1.14ns)   --->   "%store_ln60 = store i31 0, i31 %c_1" [fmm_hls_greedy_potential.cpp:60]   --->   Operation 27 'store' 'store_ln60' <Predicate = true> <Delay = 1.14>
ST_1 : Operation 28 [1/1] (0.00ns)   --->   "%br_ln0 = br void %for.body22.i"   --->   Operation 28 'br' 'br_ln0' <Predicate = true> <Delay = 0.00>

State 2 <SV = 1> <Delay = 5.58>
ST_2 : Operation 29 [1/1] (0.00ns)   --->   "%c = load i31 %c_1" [fmm_hls_greedy_potential.cpp:60]   --->   Operation 29 'load' 'c' <Predicate = true> <Delay = 0.00>
ST_2 : Operation 30 [1/1] (0.00ns)   --->   "%indvar_flatten7_load = load i62 %indvar_flatten7" [fmm_hls_greedy_potential.cpp:59]   --->   Operation 30 'load' 'indvar_flatten7_load' <Predicate = true> <Delay = 0.00>
ST_2 : Operation 31 [1/1] (0.00ns)   --->   "%zext_ln60 = zext i31 %c" [fmm_hls_greedy_potential.cpp:60]   --->   Operation 31 'zext' 'zext_ln60' <Predicate = true> <Delay = 0.00>
ST_2 : Operation 32 [1/1] (1.91ns)   --->   "%icmp_ln60 = icmp_slt  i32 %zext_ln60, i32 %cols_read" [fmm_hls_greedy_potential.cpp:60]   --->   Operation 32 'icmp' 'icmp_ln60' <Predicate = true> <Delay = 1.91> <CoreInst = "Cmp">   --->   Core 9 'Cmp' <Latency = 0> <II = 1> <Delay = 1.91> <FuncUnit> <Opcode : 'seteq' 'setne' 'setle' 'setge' 'setlt' 'setgt'> <InPorts = 2> <OutPorts = 1>
ST_2 : Operation 33 [1/1] (2.60ns)   --->   "%icmp_ln59 = icmp_eq  i62 %indvar_flatten7_load, i62 %mul_ln59_read" [fmm_hls_greedy_potential.cpp:59]   --->   Operation 33 'icmp' 'icmp_ln59' <Predicate = true> <Delay = 2.60> <CoreInst = "Cmp">   --->   Core 9 'Cmp' <Latency = 0> <II = 1> <Delay = 2.60> <FuncUnit> <Opcode : 'seteq' 'setne' 'setle' 'setge' 'setlt' 'setgt'> <InPorts = 2> <OutPorts = 1>
ST_2 : Operation 34 [1/1] (2.60ns)   --->   "%add_ln59_1 = add i62 %indvar_flatten7_load, i62 1" [fmm_hls_greedy_potential.cpp:59]   --->   Operation 34 'add' 'add_ln59_1' <Predicate = true> <Delay = 2.60> <CoreInst = "Adder">   --->   Core 1 'Adder' <Latency = 0> <II = 1> <Delay = 2.60> <FuncUnit> <Opcode : 'add' 'sub'> <InPorts = 2> <OutPorts = 1>
ST_2 : Operation 35 [1/1] (0.00ns)   --->   "%br_ln59 = br i1 %icmp_ln59, void %for.inc44.i, void %load_matrix_from_dram_safe.exit.exitStub" [fmm_hls_greedy_potential.cpp:59]   --->   Operation 35 'br' 'br_ln59' <Predicate = true> <Delay = 0.00>
ST_2 : Operation 36 [1/1] (0.00ns)   --->   "%r_load = load i31 %r" [fmm_hls_greedy_potential.cpp:59]   --->   Operation 36 'load' 'r_load' <Predicate = (!icmp_ln59)> <Delay = 0.00>
ST_2 : Operation 37 [1/1] (1.89ns)   --->   "%add_ln59 = add i31 %r_load, i31 1" [fmm_hls_greedy_potential.cpp:59]   --->   Operation 37 'add' 'add_ln59' <Predicate = (!icmp_ln59)> <Delay = 1.89> <CoreInst = "Adder">   --->   Core 1 'Adder' <Latency = 0> <II = 1> <Delay = 1.89> <FuncUnit> <Opcode : 'add' 'sub'> <InPorts = 2> <OutPorts = 1>
ST_2 : Operation 38 [1/1] (0.62ns)   --->   "%select_ln59 = select i1 %icmp_ln60, i31 %c, i31 0" [fmm_hls_greedy_potential.cpp:59]   --->   Operation 38 'select' 'select_ln59' <Predicate = (!icmp_ln59)> <Delay = 0.62> <CoreInst = "Sel">   --->   Core 73 'Sel' <Latency = 0> <II = 1> <Delay = 0.62> <FuncUnit> <Opcode : 'select'> <InPorts = 3> <OutPorts = 1>
ST_2 : Operation 39 [1/1] (0.62ns)   --->   "%select_ln59_1 = select i1 %icmp_ln60, i31 %r_load, i31 %add_ln59" [fmm_hls_greedy_potential.cpp:59]   --->   Operation 39 'select' 'select_ln59_1' <Predicate = (!icmp_ln59)> <Delay = 0.62> <CoreInst = "Sel">   --->   Core 73 'Sel' <Latency = 0> <II = 1> <Delay = 0.62> <FuncUnit> <Opcode : 'select'> <InPorts = 3> <OutPorts = 1>
ST_2 : Operation 40 [1/1] (0.00ns)   --->   "%trunc_ln66 = trunc i31 %select_ln59_1" [fmm_hls_greedy_potential.cpp:66]   --->   Operation 40 'trunc' 'trunc_ln66' <Predicate = (!icmp_ln59)> <Delay = 0.00>
ST_2 : Operation 41 [1/1] (0.00ns)   --->   "%p_shl = bitconcatenate i35 @_ssdm_op_BitConcatenate.i35.i27.i8, i27 %trunc_ln66, i8 0" [fmm_hls_greedy_potential.cpp:66]   --->   Operation 41 'bitconcatenate' 'p_shl' <Predicate = (!icmp_ln59)> <Delay = 0.00>
ST_2 : Operation 42 [1/1] (0.00ns)   --->   "%trunc_ln66_1 = trunc i31 %select_ln59_1" [fmm_hls_greedy_potential.cpp:66]   --->   Operation 42 'trunc' 'trunc_ln66_1' <Predicate = (!icmp_ln59)> <Delay = 0.00>
ST_2 : Operation 43 [1/1] (0.00ns)   --->   "%p_shl2 = bitconcatenate i35 @_ssdm_op_BitConcatenate.i35.i29.i6, i29 %trunc_ln66_1, i6 0" [fmm_hls_greedy_potential.cpp:66]   --->   Operation 43 'bitconcatenate' 'p_shl2' <Predicate = (!icmp_ln59)> <Delay = 0.00>
ST_2 : Operation 44 [1/1] (2.02ns)   --->   "%add_ln66_1 = add i35 %p_shl, i35 %p_shl2" [fmm_hls_greedy_potential.cpp:66]   --->   Operation 44 'add' 'add_ln66_1' <Predicate = (!icmp_ln59)> <Delay = 2.02> <CoreInst = "Adder">   --->   Core 1 'Adder' <Latency = 0> <II = 1> <Delay = 2.02> <FuncUnit> <Opcode : 'add' 'sub'> <InPorts = 2> <OutPorts = 1>
ST_2 : Operation 45 [1/1] (0.00ns)   --->   "%trunc_ln66_2 = trunc i35 %add_ln66_1" [fmm_hls_greedy_potential.cpp:66]   --->   Operation 45 'trunc' 'trunc_ln66_2' <Predicate = (!icmp_ln59)> <Delay = 0.00>
ST_2 : Operation 46 [1/1] (0.00ns)   --->   "%trunc_ln66_3 = trunc i31 %select_ln59" [fmm_hls_greedy_potential.cpp:66]   --->   Operation 46 'trunc' 'trunc_ln66_3' <Predicate = (!icmp_ln59)> <Delay = 0.00>
ST_2 : Operation 47 [1/1] (1.89ns)   --->   "%add_ln60 = add i31 %select_ln59, i31 1" [fmm_hls_greedy_potential.cpp:60]   --->   Operation 47 'add' 'add_ln60' <Predicate = (!icmp_ln59)> <Delay = 1.89> <CoreInst = "Adder">   --->   Core 1 'Adder' <Latency = 0> <II = 1> <Delay = 1.89> <FuncUnit> <Opcode : 'add' 'sub'> <InPorts = 2> <OutPorts = 1>
ST_2 : Operation 48 [1/1] (1.14ns)   --->   "%store_ln59 = store i62 %add_ln59_1, i62 %indvar_flatten7" [fmm_hls_greedy_potential.cpp:59]   --->   Operation 48 'store' 'store_ln59' <Predicate = (!icmp_ln59)> <Delay = 1.14>
ST_2 : Operation 49 [1/1] (1.14ns)   --->   "%store_ln59 = store i31 %select_ln59_1, i31 %r" [fmm_hls_greedy_potential.cpp:59]   --->   Operation 49 'store' 'store_ln59' <Predicate = (!icmp_ln59)> <Delay = 1.14>
ST_2 : Operation 50 [1/1] (1.14ns)   --->   "%store_ln60 = store i31 %add_ln60, i31 %c_1" [fmm_hls_greedy_potential.cpp:60]   --->   Operation 50 'store' 'store_ln60' <Predicate = (!icmp_ln59)> <Delay = 1.14>

State 3 <SV = 2> <Delay = 6.21>
ST_3 : Operation 51 [1/1] (0.00ns)   --->   "%zext_ln59 = zext i31 %select_ln59_1" [fmm_hls_greedy_potential.cpp:59]   --->   Operation 51 'zext' 'zext_ln59' <Predicate = (!icmp_ln59)> <Delay = 0.00>
ST_3 : Operation 52 [1/1] (6.21ns)   --->   "%empty = mul i62 %sext_ln59_cast, i62 %zext_ln59" [fmm_hls_greedy_potential.cpp:59]   --->   Operation 52 'mul' 'empty' <Predicate = (!icmp_ln59)> <Delay = 6.21> <CoreInst = "Multiplier">   --->   Core 3 'Multiplier' <Latency = 0> <II = 1> <Delay = 6.21> <FuncUnit> <Opcode : 'mul'> <InPorts = 2> <OutPorts = 1>
ST_3 : Operation 53 [1/1] (1.65ns)   --->   "%add_ln66 = add i17 %trunc_ln66_2, i17 %trunc_ln66_3" [fmm_hls_greedy_potential.cpp:66]   --->   Operation 53 'add' 'add_ln66' <Predicate = (!icmp_ln59)> <Delay = 1.65> <CoreInst = "Adder">   --->   Core 1 'Adder' <Latency = 0> <II = 1> <Delay = 1.65> <FuncUnit> <Opcode : 'add' 'sub'> <InPorts = 2> <OutPorts = 1>
ST_3 : Operation 54 [1/1] (0.00ns)   --->   "%zext_ln66 = zext i17 %add_ln66" [fmm_hls_greedy_potential.cpp:66]   --->   Operation 54 'zext' 'zext_ln66' <Predicate = (!icmp_ln59)> <Delay = 0.00>
ST_3 : Operation 55 [1/1] (0.00ns)   --->   "%M_e_addr = getelementptr i32 %M_e, i64 0, i64 %zext_ln66" [fmm_hls_greedy_potential.cpp:66]   --->   Operation 55 'getelementptr' 'M_e_addr' <Predicate = (!icmp_ln59)> <Delay = 0.00>

State 4 <SV = 3> <Delay = 5.38>
ST_4 : Operation 56 [1/1] (0.00ns)   --->   "%specloopname_ln0 = specloopname void @_ssdm_op_SpecLoopName, void @VITIS_LOOP_59_3_VITIS_LOOP_60_4_str"   --->   Operation 56 'specloopname' 'specloopname_ln0' <Predicate = (!icmp_ln59)> <Delay = 0.00>
ST_4 : Operation 57 [1/1] (0.00ns)   --->   "%zext_ln60_1 = zext i31 %select_ln59" [fmm_hls_greedy_potential.cpp:60]   --->   Operation 57 'zext' 'zext_ln60_1' <Predicate = (!icmp_ln59)> <Delay = 0.00>
ST_4 : Operation 58 [1/1] (0.00ns)   --->   "%specpipeline_ln61 = specpipeline void @_ssdm_op_SpecPipeline, i32 1, i32 0, i32 0, i32 0, void @empty_13" [fmm_hls_greedy_potential.cpp:61]   --->   Operation 58 'specpipeline' 'specpipeline_ln61' <Predicate = (!icmp_ln59)> <Delay = 0.00>
ST_4 : Operation 59 [1/1] (2.60ns)   --->   "%add_ln62 = add i62 %empty, i62 %zext_ln60_1" [fmm_hls_greedy_potential.cpp:62]   --->   Operation 59 'add' 'add_ln62' <Predicate = (!icmp_ln59)> <Delay = 2.60> <CoreInst = "Adder">   --->   Core 1 'Adder' <Latency = 0> <II = 1> <Delay = 2.60> <FuncUnit> <Opcode : 'add' 'sub'> <InPorts = 2> <OutPorts = 1>
ST_4 : Operation 60 [1/1] (0.00ns)   --->   "%tmp = partselect i16 @_ssdm_op_PartSelect.i16.i62.i32.i32, i62 %add_ln62, i32 16, i32 31" [fmm_hls_greedy_potential.cpp:63]   --->   Operation 60 'partselect' 'tmp' <Predicate = (!icmp_ln59)> <Delay = 0.00>
ST_4 : Operation 61 [1/1] (1.63ns)   --->   "%icmp_ln63 = icmp_eq  i16 %tmp, i16 0" [fmm_hls_greedy_potential.cpp:63]   --->   Operation 61 'icmp' 'icmp_ln63' <Predicate = (!icmp_ln59)> <Delay = 1.63> <CoreInst = "Cmp">   --->   Core 9 'Cmp' <Latency = 0> <II = 1> <Delay = 1.63> <FuncUnit> <Opcode : 'seteq' 'setne' 'setle' 'setge' 'setlt' 'setgt'> <InPorts = 2> <OutPorts = 1>
ST_4 : Operation 62 [1/1] (1.14ns)   --->   "%br_ln63 = br i1 %icmp_ln63, void %for.inc41.i, void %if.then.i" [fmm_hls_greedy_potential.cpp:63]   --->   Operation 62 'br' 'br_ln63' <Predicate = (!icmp_ln59)> <Delay = 1.14>
ST_4 : Operation 63 [1/1] (0.00ns)   --->   "%shl_ln = bitconcatenate i64 @_ssdm_op_BitConcatenate.i64.i62.i2, i62 %add_ln62, i2 0" [fmm_hls_greedy_potential.cpp:64]   --->   Operation 63 'bitconcatenate' 'shl_ln' <Predicate = (!icmp_ln59 & icmp_ln63)> <Delay = 0.00>
ST_4 : Operation 64 [1/1] (2.64ns)   --->   "%add_ln64 = add i64 %shl_ln, i64 %A_dram_read" [fmm_hls_greedy_potential.cpp:64]   --->   Operation 64 'add' 'add_ln64' <Predicate = (!icmp_ln59 & icmp_ln63)> <Delay = 2.64> <CoreInst = "Adder">   --->   Core 1 'Adder' <Latency = 0> <II = 1> <Delay = 2.64> <FuncUnit> <Opcode : 'add' 'sub'> <InPorts = 2> <OutPorts = 1>
ST_4 : Operation 65 [1/1] (0.00ns)   --->   "%trunc_ln2 = partselect i62 @_ssdm_op_PartSelect.i62.i64.i32.i32, i64 %add_ln64, i32 2, i32 63" [fmm_hls_greedy_potential.cpp:64]   --->   Operation 65 'partselect' 'trunc_ln2' <Predicate = (!icmp_ln59 & icmp_ln63)> <Delay = 0.00>
ST_4 : Operation 66 [1/1] (0.00ns)   --->   "%sext_ln64 = sext i62 %trunc_ln2" [fmm_hls_greedy_potential.cpp:64]   --->   Operation 66 'sext' 'sext_ln64' <Predicate = (!icmp_ln59 & icmp_ln63)> <Delay = 0.00>
ST_4 : Operation 67 [1/1] (0.00ns)   --->   "%gmem_addr = getelementptr i32 %gmem, i64 %sext_ln64" [fmm_hls_greedy_potential.cpp:64]   --->   Operation 67 'getelementptr' 'gmem_addr' <Predicate = (!icmp_ln59 & icmp_ln63)> <Delay = 0.00>

State 5 <SV = 4> <Delay = 7.30>
ST_5 : Operation 68 [8/8] (7.30ns)   --->   "%gmem_load_req = readreq i1 @_ssdm_op_ReadReq.m_axi.i32P1A, i32 %gmem_addr, i64 1" [fmm_hls_greedy_potential.cpp:64]   --->   Operation 68 'readreq' 'gmem_load_req' <Predicate = (!icmp_ln59 & icmp_ln63)> <Delay = 7.30> <CoreInst = "m_axi">   --->   Core 111 'm_axi' <Latency = 6> <II = 1> <Delay = 1.00> <Adapter> <Opcode : 'read' 'write' 'readreq' 'writereq' 'writeresp'>

State 6 <SV = 5> <Delay = 7.30>
ST_6 : Operation 69 [7/8] (7.30ns)   --->   "%gmem_load_req = readreq i1 @_ssdm_op_ReadReq.m_axi.i32P1A, i32 %gmem_addr, i64 1" [fmm_hls_greedy_potential.cpp:64]   --->   Operation 69 'readreq' 'gmem_load_req' <Predicate = (!icmp_ln59 & icmp_ln63)> <Delay = 7.30> <CoreInst = "m_axi">   --->   Core 111 'm_axi' <Latency = 6> <II = 1> <Delay = 1.00> <Adapter> <Opcode : 'read' 'write' 'readreq' 'writereq' 'writeresp'>

State 7 <SV = 6> <Delay = 7.30>
ST_7 : Operation 70 [6/8] (7.30ns)   --->   "%gmem_load_req = readreq i1 @_ssdm_op_ReadReq.m_axi.i32P1A, i32 %gmem_addr, i64 1" [fmm_hls_greedy_potential.cpp:64]   --->   Operation 70 'readreq' 'gmem_load_req' <Predicate = (!icmp_ln59 & icmp_ln63)> <Delay = 7.30> <CoreInst = "m_axi">   --->   Core 111 'm_axi' <Latency = 6> <II = 1> <Delay = 1.00> <Adapter> <Opcode : 'read' 'write' 'readreq' 'writereq' 'writeresp'>

State 8 <SV = 7> <Delay = 7.30>
ST_8 : Operation 71 [5/8] (7.30ns)   --->   "%gmem_load_req = readreq i1 @_ssdm_op_ReadReq.m_axi.i32P1A, i32 %gmem_addr, i64 1" [fmm_hls_greedy_potential.cpp:64]   --->   Operation 71 'readreq' 'gmem_load_req' <Predicate = (!icmp_ln59 & icmp_ln63)> <Delay = 7.30> <CoreInst = "m_axi">   --->   Core 111 'm_axi' <Latency = 6> <II = 1> <Delay = 1.00> <Adapter> <Opcode : 'read' 'write' 'readreq' 'writereq' 'writeresp'>

State 9 <SV = 8> <Delay = 7.30>
ST_9 : Operation 72 [4/8] (7.30ns)   --->   "%gmem_load_req = readreq i1 @_ssdm_op_ReadReq.m_axi.i32P1A, i32 %gmem_addr, i64 1" [fmm_hls_greedy_potential.cpp:64]   --->   Operation 72 'readreq' 'gmem_load_req' <Predicate = (!icmp_ln59 & icmp_ln63)> <Delay = 7.30> <CoreInst = "m_axi">   --->   Core 111 'm_axi' <Latency = 6> <II = 1> <Delay = 1.00> <Adapter> <Opcode : 'read' 'write' 'readreq' 'writereq' 'writeresp'>

State 10 <SV = 9> <Delay = 7.30>
ST_10 : Operation 73 [3/8] (7.30ns)   --->   "%gmem_load_req = readreq i1 @_ssdm_op_ReadReq.m_axi.i32P1A, i32 %gmem_addr, i64 1" [fmm_hls_greedy_potential.cpp:64]   --->   Operation 73 'readreq' 'gmem_load_req' <Predicate = (!icmp_ln59 & icmp_ln63)> <Delay = 7.30> <CoreInst = "m_axi">   --->   Core 111 'm_axi' <Latency = 6> <II = 1> <Delay = 1.00> <Adapter> <Opcode : 'read' 'write' 'readreq' 'writereq' 'writeresp'>

State 11 <SV = 10> <Delay = 7.30>
ST_11 : Operation 74 [2/8] (7.30ns)   --->   "%gmem_load_req = readreq i1 @_ssdm_op_ReadReq.m_axi.i32P1A, i32 %gmem_addr, i64 1" [fmm_hls_greedy_potential.cpp:64]   --->   Operation 74 'readreq' 'gmem_load_req' <Predicate = (!icmp_ln59 & icmp_ln63)> <Delay = 7.30> <CoreInst = "m_axi">   --->   Core 111 'm_axi' <Latency = 6> <II = 1> <Delay = 1.00> <Adapter> <Opcode : 'read' 'write' 'readreq' 'writereq' 'writeresp'>

State 12 <SV = 11> <Delay = 7.30>
ST_12 : Operation 75 [1/8] (7.30ns)   --->   "%gmem_load_req = readreq i1 @_ssdm_op_ReadReq.m_axi.i32P1A, i32 %gmem_addr, i64 1" [fmm_hls_greedy_potential.cpp:64]   --->   Operation 75 'readreq' 'gmem_load_req' <Predicate = (!icmp_ln59 & icmp_ln63)> <Delay = 7.30> <CoreInst = "m_axi">   --->   Core 111 'm_axi' <Latency = 6> <II = 1> <Delay = 1.00> <Adapter> <Opcode : 'read' 'write' 'readreq' 'writereq' 'writeresp'>

State 13 <SV = 12> <Delay = 7.30>
ST_13 : Operation 76 [1/1] (7.30ns)   --->   "%gmem_addr_read = read i32 @_ssdm_op_Read.m_axi.i32P1A, i32 %gmem_addr" [fmm_hls_greedy_potential.cpp:64]   --->   Operation 76 'read' 'gmem_addr_read' <Predicate = (!icmp_ln59 & icmp_ln63)> <Delay = 7.30> <CoreInst = "m_axi">   --->   Core 111 'm_axi' <Latency = 3> <II = 1> <Delay = 1.00> <Adapter> <Opcode : 'read' 'write' 'readreq' 'writereq' 'writeresp'>
ST_13 : Operation 81 [1/1] (1.14ns)   --->   "%ret_ln0 = ret"   --->   Operation 81 'ret' 'ret_ln0' <Predicate = (icmp_ln59)> <Delay = 1.14>

State 14 <SV = 13> <Delay = 3.56>
ST_14 : Operation 77 [1/1] (1.14ns)   --->   "%br_ln65 = br void %for.inc41.i" [fmm_hls_greedy_potential.cpp:65]   --->   Operation 77 'br' 'br_ln65' <Predicate = (!icmp_ln59 & icmp_ln63)> <Delay = 1.14>
ST_14 : Operation 78 [1/1] (0.00ns)   --->   "%storemerge_i = phi i32 %gmem_addr_read, void %if.then.i, i32 0, void %for.inc44.i" [fmm_hls_greedy_potential.cpp:64]   --->   Operation 78 'phi' 'storemerge_i' <Predicate = true> <Delay = 0.00>
ST_14 : Operation 79 [1/1] ( I:2.41ns O:2.41ns )   --->   "%store_ln64 = store i32 %storemerge_i, i17 %M_e_addr" [fmm_hls_greedy_potential.cpp:64]   --->   Operation 79 'store' 'store_ln64' <Predicate = true> <Delay = 2.41> <CoreInst = "RAM">   --->   Core 81 'RAM' <Latency = 1> <II = 1> <Delay = 2.41> <Storage> <Opcode : 'load' 'store'> <Ports = 2> <Width = 32> <Depth = 102400> <RAM>
ST_14 : Operation 80 [1/1] (0.00ns)   --->   "%br_ln60 = br void %for.body22.i" [fmm_hls_greedy_potential.cpp:60]   --->   Operation 80 'br' 'br_ln60' <Predicate = true> <Delay = 0.00>


============================================================
+ Verbose Summary: Timing violations
============================================================
Target clock period: 10.000ns, clock uncertainty: 2.700ns.

 <State 1>: 1.146ns
The critical path consists of the following:
	'alloca' operation 62 bit ('indvar_flatten7') [9]  (0.000 ns)
	'store' operation 0 bit ('store_ln0') of constant 0 on local variable 'indvar_flatten7' [16]  (1.146 ns)

 <State 2>: 5.582ns
The critical path consists of the following:
	'load' operation 31 bit ('c', fmm_hls_greedy_potential.cpp:60) on local variable 'c', fmm_hls_greedy_potential.cpp:60 [21]  (0.000 ns)
	'icmp' operation 1 bit ('icmp_ln60', fmm_hls_greedy_potential.cpp:60) [24]  (1.916 ns)
	'select' operation 31 bit ('select_ln59', fmm_hls_greedy_potential.cpp:59) [32]  (0.621 ns)
	'add' operation 31 bit ('add_ln60', fmm_hls_greedy_potential.cpp:60) [64]  (1.898 ns)
	'store' operation 0 bit ('store_ln60', fmm_hls_greedy_potential.cpp:60) of variable 'add_ln60', fmm_hls_greedy_potential.cpp:60 on local variable 'c', fmm_hls_greedy_potential.cpp:60 [67]  (1.146 ns)

 <State 3>: 6.210ns
The critical path consists of the following:
	'mul' operation 62 bit ('empty', fmm_hls_greedy_potential.cpp:59) [41]  (6.210 ns)

 <State 4>: 5.390ns
The critical path consists of the following:
	'add' operation 62 bit ('add_ln62', fmm_hls_greedy_potential.cpp:62) [48]  (2.608 ns)
	'icmp' operation 1 bit ('icmp_ln63', fmm_hls_greedy_potential.cpp:63) [50]  (1.636 ns)
	multiplexor before 'phi' operation 32 bit ('storemerge_i', fmm_hls_greedy_potential.cpp:64) with incoming values : ('gmem_addr_read', fmm_hls_greedy_potential.cpp:64) [62]  (1.146 ns)

 <State 5>: 7.300ns
The critical path consists of the following:
	bus request operation ('gmem_load_req', fmm_hls_greedy_potential.cpp:64) on port 'gmem' (fmm_hls_greedy_potential.cpp:64) [58]  (7.300 ns)

 <State 6>: 7.300ns
The critical path consists of the following:
	bus request operation ('gmem_load_req', fmm_hls_greedy_potential.cpp:64) on port 'gmem' (fmm_hls_greedy_potential.cpp:64) [58]  (7.300 ns)

 <State 7>: 7.300ns
The critical path consists of the following:
	bus request operation ('gmem_load_req', fmm_hls_greedy_potential.cpp:64) on port 'gmem' (fmm_hls_greedy_potential.cpp:64) [58]  (7.300 ns)

 <State 8>: 7.300ns
The critical path consists of the following:
	bus request operation ('gmem_load_req', fmm_hls_greedy_potential.cpp:64) on port 'gmem' (fmm_hls_greedy_potential.cpp:64) [58]  (7.300 ns)

 <State 9>: 7.300ns
The critical path consists of the following:
	bus request operation ('gmem_load_req', fmm_hls_greedy_potential.cpp:64) on port 'gmem' (fmm_hls_greedy_potential.cpp:64) [58]  (7.300 ns)

 <State 10>: 7.300ns
The critical path consists of the following:
	bus request operation ('gmem_load_req', fmm_hls_greedy_potential.cpp:64) on port 'gmem' (fmm_hls_greedy_potential.cpp:64) [58]  (7.300 ns)

 <State 11>: 7.300ns
The critical path consists of the following:
	bus request operation ('gmem_load_req', fmm_hls_greedy_potential.cpp:64) on port 'gmem' (fmm_hls_greedy_potential.cpp:64) [58]  (7.300 ns)

 <State 12>: 7.300ns
The critical path consists of the following:
	bus request operation ('gmem_load_req', fmm_hls_greedy_potential.cpp:64) on port 'gmem' (fmm_hls_greedy_potential.cpp:64) [58]  (7.300 ns)

 <State 13>: 7.300ns
The critical path consists of the following:
	bus read operation ('gmem_addr_read', fmm_hls_greedy_potential.cpp:64) on port 'gmem' (fmm_hls_greedy_potential.cpp:64) [59]  (7.300 ns)

 <State 14>: 3.563ns
The critical path consists of the following:
	multiplexor before 'phi' operation 32 bit ('storemerge_i', fmm_hls_greedy_potential.cpp:64) with incoming values : ('gmem_addr_read', fmm_hls_greedy_potential.cpp:64) [62]  (1.146 ns)
	'phi' operation 32 bit ('storemerge_i', fmm_hls_greedy_potential.cpp:64) with incoming values : ('gmem_addr_read', fmm_hls_greedy_potential.cpp:64) [62]  (0.000 ns)
	'store' operation 0 bit ('store_ln64', fmm_hls_greedy_potential.cpp:64) of variable 'storemerge_i', fmm_hls_greedy_potential.cpp:64 on array 'M_e' [63]  (2.417 ns)


============================================================
+ Verbose Summary: Binding
============================================================
N/A
* FSMD analyzer results:
  - Output states:
 - Input state : 
  - Chain level:
	State 1
	State 2
	State 3
	State 4
	State 5
	State 6
	State 7
	State 8
	State 9
	State 10
	State 11
	State 12
	State 13
	State 14


============================================================
+ Verbose Summary: Datapath Resource usage 
============================================================
N/A
