

================================================================
== Vitis HLS Report for 'greedy_potential_reduce_with_debug_Pipeline_VITIS_LOOP_116_14'
================================================================
* Date:           Sun Sep  7 15:35:00 2025

* Version:        2025.1 (Build 6135595 on May 21 2025)
* Project:        fmm_reduce_kernel
* Solution:       hls (Vivado IP Flow Target)
* Product family: zynq
* Target device:  xc7z020-clg400-3


================================================================
== Performance Estimates
================================================================
+ Timing: 
    * Summary: 
    +--------+----------+----------+------------+
    |  Clock |  Target  | Estimated| Uncertainty|
    +--------+----------+----------+------------+
    |ap_clk  |  10.00 ns|  6.845 ns|     2.70 ns|
    +--------+----------+----------+------------+

+ Latency: 
    * Summary: 
    +---------+---------+----------+----------+-----+-----+------------------------------------------------+
    |  Latency (cycles) |  Latency (absolute) |  Interval |                    Pipeline                    |
    |   min   |   max   |    min   |    max   | min | max |                      Type                      |
    +---------+---------+----------+----------+-----+-----+------------------------------------------------+
    |        ?|        ?|         ?|         ?|    0|    0|  loop auto-rewind stp (delay=0 clock cycles(s))|
    +---------+---------+----------+----------+-----+-----+------------------------------------------------+

    + Detail: 
        * Instance: 
        N/A

        * Loop: 
        +--------------------+---------+---------+----------+-----------+-----------+------+----------+
        |                    |  Latency (cycles) | Iteration|  Initiation Interval  | Trip |          |
        |      Loop Name     |   min   |   max   |  Latency |  achieved |   target  | Count| Pipelined|
        +--------------------+---------+---------+----------+-----------+-----------+------+----------+
        |- VITIS_LOOP_116_1  |        ?|        ?|         3|          1|          1|     ?|       yes|
        +--------------------+---------+---------+----------+-----------+-----------+------+----------+



================================================================
== Utilization Estimates
================================================================
* Summary: 
+-----------------+---------+-----+--------+-------+-----+
|       Name      | BRAM_18K| DSP |   FF   |  LUT  | URAM|
+-----------------+---------+-----+--------+-------+-----+
|DSP              |        -|    -|       -|      -|    -|
|Expression       |        -|    -|       0|    441|    -|
|FIFO             |        -|    -|       -|      -|    -|
|Instance         |        -|    -|       -|      -|    -|
|Memory           |        -|    -|       -|      -|    -|
|Multiplexer      |        -|    -|       0|     45|    -|
|Register         |        -|    -|     118|      -|    -|
+-----------------+---------+-----+--------+-------+-----+
|Total            |        0|    0|     118|    486|    0|
+-----------------+---------+-----+--------+-------+-----+
|Available        |      280|  220|  106400|  53200|    0|
+-----------------+---------+-----+--------+-------+-----+
|Utilization (%)  |        0|    0|      ~0|     ~0|    0|
+-----------------+---------+-----+--------+-------+-----+

+ Detail: 
    * Instance: 
    N/A

    * DSP: 
    N/A

    * Memory: 
    N/A

    * FIFO: 
    N/A

    * Expression: 
    +-----------------------+----------+----+---+----+------------+------------+
    |     Variable Name     | Operation| DSP| FF| LUT| Bitwidth P0| Bitwidth P1|
    +-----------------------+----------+----+---+----+------------+------------+
    |add_ln116_fu_121_p2    |         +|   0|  0|  38|          31|           1|
    |add_ln118_fu_131_p2    |         +|   0|  0|  24|          17|          17|
    |add_ln120_3_fu_155_p2  |         +|   0|  0|  17|          17|          17|
    |add_ln120_fu_149_p2    |         +|   0|  0|  17|          17|          17|
    |add_ln123_fu_213_p2    |         +|   0|  0|  39|          32|           1|
    |sub_ln123_fu_197_p2    |         -|   0|  0|  40|           1|          33|
    |icmp_ln116_fu_115_p2   |      icmp|   0|  0|  39|          32|          32|
    |icmp_ln119_fu_178_p2   |      icmp|   0|  0|  39|          32|           1|
    |icmp_ln121_fu_184_p2   |      icmp|   0|  0|  39|          32|           1|
    |icmp_ln122_fu_189_p2   |      icmp|   0|  0|  39|          32|          32|
    |icmp_ln123_fu_207_p2   |      icmp|   0|  0|  40|          33|          33|
    |or_ln121_1_fu_233_p2   |        or|   0|  0|   2|           1|           1|
    |or_ln121_fu_227_p2     |        or|   0|  0|   2|           1|           1|
    |n_6_fu_219_p3          |    select|   0|  0|  32|           1|          32|
    |n_7_fu_239_p3          |    select|   0|  0|  32|           1|          32|
    |ap_enable_pp0          |       xor|   0|  0|   2|           1|           2|
    +-----------------------+----------+----+---+----+------------+------------+
    |Total                  |          |   0|  0| 441|         281|         253|
    +-----------------------+----------+----+---+----+------------+------------+

    * Multiplexer: 
    +-------------------------+----+-----------+-----+-----------+
    |           Name          | LUT| Input Size| Bits| Total Bits|
    +-------------------------+----+-----------+-----+-----------+
    |ap_done_int              |   9|          2|    1|          2|
    |ap_enable_reg_pp0_iter1  |   9|          2|    1|          2|
    |ap_sig_allocacmp_c_7     |   9|          2|   31|         62|
    |c_fu_44                  |   9|          2|   31|         62|
    |n_fu_40                  |   9|          2|   32|         64|
    +-------------------------+----+-----------+-----+-----------+
    |Total                    |  45|         10|   96|        192|
    +-------------------------+----+-----------+-----+-----------+

    * Register: 
    +----------------------------------+----+----+-----+-----------+
    |               Name               | FF | LUT| Bits| Const Bits|
    +----------------------------------+----+----+-----+-----------+
    |add_ln118_reg_275                 |  17|   0|   17|          0|
    |ap_CS_fsm                         |   1|   0|    1|          0|
    |ap_done_reg                       |   1|   0|    1|          0|
    |ap_enable_reg_pp0_iter1           |   1|   0|    1|          0|
    |ap_enable_reg_pp0_iter2           |   1|   0|    1|          0|
    |ap_loop_exit_ready_pp0_iter1_reg  |   1|   0|    1|          0|
    |c_fu_44                           |  31|   0|   31|          0|
    |e2_reg_290                        |  32|   0|   32|          0|
    |icmp_ln116_reg_271                |   1|   0|    1|          0|
    |n_fu_40                           |  32|   0|   32|          0|
    +----------------------------------+----+----+-----+-----------+
    |Total                             | 118|   0|  118|          0|
    +----------------------------------+----+----+-----+-----------+



================================================================
== Interface
================================================================
* Summary: 
+----------------+-----+-----+------------+---------------------------------------------------------------+--------------+
|    RTL Ports   | Dir | Bits|  Protocol  |                         Source Object                         |    C Type    |
+----------------+-----+-----+------------+---------------------------------------------------------------+--------------+
|ap_clk          |   in|    1|  ap_ctrl_hs|  greedy_potential_reduce_with_debug_Pipeline_VITIS_LOOP_116_14|  return value|
|ap_rst          |   in|    1|  ap_ctrl_hs|  greedy_potential_reduce_with_debug_Pipeline_VITIS_LOOP_116_14|  return value|
|ap_start        |   in|    1|  ap_ctrl_hs|  greedy_potential_reduce_with_debug_Pipeline_VITIS_LOOP_116_14|  return value|
|ap_done         |  out|    1|  ap_ctrl_hs|  greedy_potential_reduce_with_debug_Pipeline_VITIS_LOOP_116_14|  return value|
|ap_idle         |  out|    1|  ap_ctrl_hs|  greedy_potential_reduce_with_debug_Pipeline_VITIS_LOOP_116_14|  return value|
|ap_ready        |  out|    1|  ap_ctrl_hs|  greedy_potential_reduce_with_debug_Pipeline_VITIS_LOOP_116_14|  return value|
|cols_non_t      |   in|   32|     ap_none|                                                     cols_non_t|        scalar|
|mul_ln118       |   in|   17|     ap_none|                                                      mul_ln118|        scalar|
|M_e_address0    |  out|   17|   ap_memory|                                                            M_e|         array|
|M_e_ce0         |  out|    1|   ap_memory|                                                            M_e|         array|
|M_e_q0          |   in|   32|   ap_memory|                                                            M_e|         array|
|M_e_address1    |  out|   17|   ap_memory|                                                            M_e|         array|
|M_e_ce1         |  out|    1|   ap_memory|                                                            M_e|         array|
|M_e_q1          |   in|   32|   ap_memory|                                                            M_e|         array|
|j_1             |   in|   17|     ap_none|                                                            j_1|        scalar|
|n_6_out         |  out|   32|      ap_vld|                                                        n_6_out|       pointer|
|n_6_out_ap_vld  |  out|    1|      ap_vld|                                                        n_6_out|       pointer|
+----------------+-----+-----+------------+---------------------------------------------------------------+--------------+

