

================================================================
== Vitis HLS Report for 'greedy_potential_reduce_with_debug_Pipeline_VITIS_LOOP_136_1'
================================================================
* Date:           Sun Sep  7 15:34:58 2025

* Version:        2025.1 (Build 6135595 on May 21 2025)
* Project:        fmm_reduce_kernel
* Solution:       hls (Vivado IP Flow Target)
* Product family: zynq
* Target device:  xc7z020-clg400-3


================================================================
== Performance Estimates
================================================================
+ Timing: 
    * Summary: 
    +--------+----------+----------+------------+
    |  Clock |  Target  | Estimated| Uncertainty|
    +--------+----------+----------+------------+
    |ap_clk  |  10.00 ns|  6.750 ns|     2.70 ns|
    +--------+----------+----------+------------+

+ Latency: 
    * Summary: 
    +---------+---------+----------+----------+-----+-----+------------------------------------------------+
    |  Latency (cycles) |  Latency (absolute) |  Interval |                    Pipeline                    |
    |   min   |   max   |    min   |    max   | min | max |                      Type                      |
    +---------+---------+----------+----------+-----+-----+------------------------------------------------+
    |        ?|        ?|         ?|         ?|    0|    0|  loop auto-rewind stp (delay=0 clock cycles(s))|
    +---------+---------+----------+----------+-----+-----+------------------------------------------------+

    + Detail: 
        * Instance: 
        N/A

        * Loop: 
        +--------------------+---------+---------+----------+-----------+-----------+------+----------+
        |                    |  Latency (cycles) | Iteration|  Initiation Interval  | Trip |          |
        |      Loop Name     |   min   |   max   |  Latency |  achieved |   target  | Count| Pipelined|
        +--------------------+---------+---------+----------+-----------+-----------+------+----------+
        |- VITIS_LOOP_136_1  |        ?|        ?|         4|          3|          1|     ?|       yes|
        +--------------------+---------+---------+----------+-----------+-----------+------+----------+



================================================================
== Utilization Estimates
================================================================
* Summary: 
+-----------------+---------+-----+--------+-------+-----+
|       Name      | BRAM_18K| DSP |   FF   |  LUT  | URAM|
+-----------------+---------+-----+--------+-------+-----+
|DSP              |        -|    -|       -|      -|    -|
|Expression       |        -|    -|       0|    268|    -|
|FIFO             |        -|    -|       -|      -|    -|
|Instance         |        -|    -|       -|      -|    -|
|Memory           |        -|    -|       -|      -|    -|
|Multiplexer      |        -|    -|       0|    114|    -|
|Register         |        -|    -|     158|      -|    -|
+-----------------+---------+-----+--------+-------+-----+
|Total            |        0|    0|     158|    382|    0|
+-----------------+---------+-----+--------+-------+-----+
|Available        |      280|  220|  106400|  53200|    0|
+-----------------+---------+-----+--------+-------+-----+
|Utilization (%)  |        0|    0|      ~0|     ~0|    0|
+-----------------+---------+-----+--------+-------+-----+

+ Detail: 
    * Instance: 
    N/A

    * DSP: 
    N/A

    * Memory: 
    N/A

    * FIFO: 
    N/A

    * Expression: 
    +----------------------+----------+----+---+----+------------+------------+
    |     Variable Name    | Operation| DSP| FF| LUT| Bitwidth P0| Bitwidth P1|
    +----------------------+----------+----+---+----+------------+------------+
    |add_ln136_fu_112_p2   |         +|   0|  0|  38|          31|           1|
    |add_ln138_fu_122_p2   |         +|   0|  0|  24|          17|          17|
    |add_ln140_fu_133_p2   |         +|   0|  0|  24|          17|          17|
    |add_ln145_fu_139_p2   |         +|   0|  0|  24|          17|          17|
    |icmp_ln136_fu_106_p2  |      icmp|   0|  0|  39|          32|          32|
    |icmp_ln139_fu_158_p2  |      icmp|   0|  0|  39|          32|           1|
    |icmp_ln141_fu_164_p2  |      icmp|   0|  0|  39|          32|           1|
    |icmp_ln142_fu_170_p2  |      icmp|   0|  0|  39|          32|          32|
    |ap_enable_pp0         |       xor|   0|  0|   2|           1|           2|
    +----------------------+----------+----+---+----+------------+------------+
    |Total                 |          |   0|  0| 268|         211|         120|
    +----------------------+----------+----+---+----+------------+------------+

    * Multiplexer: 
    +-----------------------------+----+-----------+-----+-----------+
    |             Name            | LUT| Input Size| Bits| Total Bits|
    +-----------------------------+----+-----------+-----+-----------+
    |M_e_address0_local           |  17|          4|   17|         68|
    |M_e_address1_local           |  13|          3|   17|         51|
    |M_e_d0_local                 |  13|          3|   32|         96|
    |ap_NS_fsm                    |  17|          4|    1|          4|
    |ap_done_int                  |   9|          2|    1|          2|
    |ap_enable_reg_pp0_iter0      |   9|          2|    1|          2|
    |ap_enable_reg_pp0_iter0_reg  |   9|          2|    1|          2|
    |ap_enable_reg_pp0_iter1      |   9|          2|    1|          2|
    |ap_sig_allocacmp_c           |   9|          2|   31|         62|
    |c_5_fu_32                    |   9|          2|   31|         62|
    +-----------------------------+----+-----------+-----+-----------+
    |Total                        | 114|         26|  133|        351|
    +-----------------------------+----+-----------+-----+-----------+

    * Register: 
    +-----------------------------+----+----+-----+-----------+
    |             Name            | FF | LUT| Bits| Const Bits|
    +-----------------------------+----+----+-----+-----------+
    |M_e_addr_10_reg_208          |  17|   0|   17|          0|
    |M_e_addr_9_reg_202           |  17|   0|   17|          0|
    |M_e_addr_reg_186             |  17|   0|   17|          0|
    |add_ln140_reg_192            |  17|   0|   17|          0|
    |add_ln145_reg_197            |  17|   0|   17|          0|
    |ap_CS_fsm                    |   3|   0|    3|          0|
    |ap_done_reg                  |   1|   0|    1|          0|
    |ap_enable_reg_pp0_iter0_reg  |   1|   0|    1|          0|
    |ap_enable_reg_pp0_iter1      |   1|   0|    1|          0|
    |c_5_fu_32                    |  31|   0|   31|          0|
    |e1_reg_213                   |  32|   0|   32|          0|
    |icmp_ln136_reg_182           |   1|   0|    1|          0|
    |icmp_ln139_reg_219           |   1|   0|    1|          0|
    |icmp_ln141_reg_223           |   1|   0|    1|          0|
    |icmp_ln142_reg_227           |   1|   0|    1|          0|
    +-----------------------------+----+----+-----+-----------+
    |Total                        | 158|   0|  158|          0|
    +-----------------------------+----+----+-----+-----------+



================================================================
== Interface
================================================================
* Summary: 
+--------------+-----+-----+------------+--------------------------------------------------------------+--------------+
|   RTL Ports  | Dir | Bits|  Protocol  |                         Source Object                        |    C Type    |
+--------------+-----+-----+------------+--------------------------------------------------------------+--------------+
|ap_clk        |   in|    1|  ap_ctrl_hs|  greedy_potential_reduce_with_debug_Pipeline_VITIS_LOOP_136_1|  return value|
|ap_rst        |   in|    1|  ap_ctrl_hs|  greedy_potential_reduce_with_debug_Pipeline_VITIS_LOOP_136_1|  return value|
|ap_start      |   in|    1|  ap_ctrl_hs|  greedy_potential_reduce_with_debug_Pipeline_VITIS_LOOP_136_1|  return value|
|ap_done       |  out|    1|  ap_ctrl_hs|  greedy_potential_reduce_with_debug_Pipeline_VITIS_LOOP_136_1|  return value|
|ap_idle       |  out|    1|  ap_ctrl_hs|  greedy_potential_reduce_with_debug_Pipeline_VITIS_LOOP_136_1|  return value|
|ap_ready      |  out|    1|  ap_ctrl_hs|  greedy_potential_reduce_with_debug_Pipeline_VITIS_LOOP_136_1|  return value|
|new_col       |   in|   32|     ap_none|                                                       new_col|        scalar|
|mul_ln118     |   in|   17|     ap_none|                                                     mul_ln118|        scalar|
|M_e_address0  |  out|   17|   ap_memory|                                                           M_e|         array|
|M_e_ce0       |  out|    1|   ap_memory|                                                           M_e|         array|
|M_e_we0       |  out|    1|   ap_memory|                                                           M_e|         array|
|M_e_d0        |  out|   32|   ap_memory|                                                           M_e|         array|
|M_e_q0        |   in|   32|   ap_memory|                                                           M_e|         array|
|M_e_address1  |  out|   17|   ap_memory|                                                           M_e|         array|
|M_e_ce1       |  out|    1|   ap_memory|                                                           M_e|         array|
|M_e_we1       |  out|    1|   ap_memory|                                                           M_e|         array|
|M_e_d1        |  out|   32|   ap_memory|                                                           M_e|         array|
|M_e_q1        |   in|   32|   ap_memory|                                                           M_e|         array|
|mul_ln120277  |   in|   17|     ap_none|                                                  mul_ln120277|        scalar|
|mul_ln145_1   |   in|   17|     ap_none|                                                   mul_ln145_1|        scalar|
+--------------+-----+-----+------------+--------------------------------------------------------------+--------------+

