

================================================================
== Vitis HLS Report for 'load_matrix_from_dram_safe_Pipeline_VITIS_LOOP_59_3_VITIS_LOOP_60_4'
================================================================
* Date:           Sun Sep  7 15:34:58 2025

* Version:        2025.1 (Build 6135595 on May 21 2025)
* Project:        fmm_reduce_kernel
* Solution:       hls (Vivado IP Flow Target)
* Product family: zynq
* Target device:  xc7z020-clg400-3


================================================================
== Performance Estimates
================================================================
+ Timing: 
    * Summary: 
    +--------+----------+----------+------------+
    |  Clock |  Target  | Estimated| Uncertainty|
    +--------+----------+----------+------------+
    |ap_clk  |  10.00 ns|  7.300 ns|     2.70 ns|
    +--------+----------+----------+------------+

+ Latency: 
    * Summary: 
    +---------+---------+----------+----------+-----+-----+------------------------------------------------+
    |  Latency (cycles) |  Latency (absolute) |  Interval |                    Pipeline                    |
    |   min   |   max   |    min   |    max   | min | max |                      Type                      |
    +---------+---------+----------+----------+-----+-----+------------------------------------------------+
    |        ?|        ?|         ?|         ?|    0|    0|  loop auto-rewind stp (delay=0 clock cycles(s))|
    +---------+---------+----------+----------+-----+-----+------------------------------------------------+

    + Detail: 
        * Instance: 
        N/A

        * Loop: 
        +-----------------------------------+---------+---------+----------+-----------+-----------+------+----------+
        |                                   |  Latency (cycles) | Iteration|  Initiation Interval  | Trip |          |
        |             Loop Name             |   min   |   max   |  Latency |  achieved |   target  | Count| Pipelined|
        +-----------------------------------+---------+---------+----------+-----------+-----------+------+----------+
        |- VITIS_LOOP_59_3_VITIS_LOOP_60_4  |        ?|        ?|        13|          1|          1|     ?|       yes|
        +-----------------------------------+---------+---------+----------+-----------+-----------+------+----------+



================================================================
== Utilization Estimates
================================================================
* Summary: 
+-----------------+---------+-----+--------+-------+-----+
|       Name      | BRAM_18K| DSP |   FF   |  LUT  | URAM|
+-----------------+---------+-----+--------+-------+-----+
|DSP              |        -|    -|       -|      -|    -|
|Expression       |        -|    -|       0|    556|    -|
|FIFO             |        -|    -|       -|      -|    -|
|Instance         |        -|    4|       0|     21|    -|
|Memory           |        -|    -|       -|      -|    -|
|Multiplexer      |        -|    -|       0|     90|    -|
|Register         |        -|    -|    1118|     96|    -|
+-----------------+---------+-----+--------+-------+-----+
|Total            |        0|    4|    1118|    763|    0|
+-----------------+---------+-----+--------+-------+-----+
|Available        |      280|  220|  106400|  53200|    0|
+-----------------+---------+-----+--------+-------+-----+
|Utilization (%)  |        0|    1|       1|      1|    0|
+-----------------+---------+-----+--------+-------+-----+

+ Detail: 
    * Instance: 
    +-------------------------+---------------------+---------+----+---+----+-----+
    |         Instance        |        Module       | BRAM_18K| DSP| FF| LUT| URAM|
    +-------------------------+---------------------+---------+----+---+----+-----+
    |mul_32s_31ns_62_1_1_U20  |mul_32s_31ns_62_1_1  |        0|   4|  0|  21|    0|
    +-------------------------+---------------------+---------+----+---+----+-----+
    |Total                    |                     |        0|   4|  0|  21|    0|
    +-------------------------+---------------------+---------+----+---+----+-----+

    * DSP: 
    N/A

    * Memory: 
    N/A

    * FIFO: 
    N/A

    * Expression: 
    +------------------------------------+----------+----+---+----+------------+------------+
    |            Variable Name           | Operation| DSP| FF| LUT| Bitwidth P0| Bitwidth P1|
    +------------------------------------+----------+----+---+----+------------+------------+
    |add_ln59_1_fu_199_p2                |         +|   0|  0|  69|          62|           1|
    |add_ln59_fu_208_p2                  |         +|   0|  0|  38|          31|           1|
    |add_ln60_fu_268_p2                  |         +|   0|  0|  38|          31|           1|
    |add_ln62_fu_305_p2                  |         +|   0|  0|  69|          62|          62|
    |add_ln64_fu_334_p2                  |         +|   0|  0|  71|          64|          64|
    |add_ln66_1_fu_254_p2                |         +|   0|  0|  42|          35|          35|
    |add_ln66_fu_293_p2                  |         +|   0|  0|  24|          17|          17|
    |ap_block_state13_pp0_stage0_iter12  |       and|   0|  0|   2|           1|           1|
    |ap_block_state5_io                  |       and|   0|  0|   2|           1|           1|
    |ap_predicate_op68_readreq_state5    |       and|   0|  0|   2|           1|           1|
    |ap_predicate_op76_read_state13      |       and|   0|  0|   2|           1|           1|
    |icmp_ln59_fu_194_p2                 |      icmp|   0|  0|  69|          62|          62|
    |icmp_ln60_fu_189_p2                 |      icmp|   0|  0|  39|          32|          32|
    |icmp_ln63_fu_320_p2                 |      icmp|   0|  0|  23|          16|           1|
    |ap_block_pp0_stage0_11001           |        or|   0|  0|   2|           1|           1|
    |select_ln59_1_fu_222_p3             |    select|   0|  0|  31|           1|          31|
    |select_ln59_fu_214_p3               |    select|   0|  0|  31|           1|          31|
    |ap_enable_pp0                       |       xor|   0|  0|   2|           1|           2|
    +------------------------------------+----------+----+---+----+------------+------------+
    |Total                               |          |   0|  0| 556|         420|         345|
    +------------------------------------+----------+----+---+----+------------+------------+

    * Multiplexer: 
    +-------------------------------------------+----+-----------+-----+-----------+
    |                    Name                   | LUT| Input Size| Bits| Total Bits|
    +-------------------------------------------+----+-----------+-----+-----------+
    |ap_done_int                                |   9|          2|    1|          2|
    |ap_enable_reg_pp0_iter1                    |   9|          2|    1|          2|
    |ap_enable_reg_pp0_iter2                    |   9|          2|    1|          2|
    |ap_phi_mux_storemerge_i_phi_fu_148_p4      |   9|          2|   32|         64|
    |ap_phi_reg_pp0_iter4_storemerge_i_reg_144  |   9|          2|   32|         64|
    |c_1_fu_84                                  |   9|          2|   31|         62|
    |gmem_blk_n_AR                              |   9|          2|    1|          2|
    |gmem_blk_n_R                               |   9|          2|    1|          2|
    |indvar_flatten7_fu_92                      |   9|          2|   62|        124|
    |r_fu_88                                    |   9|          2|   31|         62|
    +-------------------------------------------+----+-----------+-----+-----------+
    |Total                                      |  90|         20|  193|        386|
    +-------------------------------------------+----+-----------+-----+-----------+

    * Register: 
    +--------------------------------------------+----+----+-----+-----------+
    |                    Name                    | FF | LUT| Bits| Const Bits|
    +--------------------------------------------+----+----+-----+-----------+
    |M_e_addr_reg_429                            |  17|   0|   17|          0|
    |ap_CS_fsm                                   |   1|   0|    1|          0|
    |ap_done_reg                                 |   1|   0|    1|          0|
    |ap_enable_reg_pp0_iter1                     |   1|   0|    1|          0|
    |ap_enable_reg_pp0_iter10                    |   1|   0|    1|          0|
    |ap_enable_reg_pp0_iter11                    |   1|   0|    1|          0|
    |ap_enable_reg_pp0_iter12                    |   1|   0|    1|          0|
    |ap_enable_reg_pp0_iter13                    |   1|   0|    1|          0|
    |ap_enable_reg_pp0_iter2                     |   1|   0|    1|          0|
    |ap_enable_reg_pp0_iter3                     |   1|   0|    1|          0|
    |ap_enable_reg_pp0_iter4                     |   1|   0|    1|          0|
    |ap_enable_reg_pp0_iter5                     |   1|   0|    1|          0|
    |ap_enable_reg_pp0_iter6                     |   1|   0|    1|          0|
    |ap_enable_reg_pp0_iter7                     |   1|   0|    1|          0|
    |ap_enable_reg_pp0_iter8                     |   1|   0|    1|          0|
    |ap_enable_reg_pp0_iter9                     |   1|   0|    1|          0|
    |ap_loop_exit_ready_pp0_iter10_reg           |   1|   0|    1|          0|
    |ap_loop_exit_ready_pp0_iter11_reg           |   1|   0|    1|          0|
    |ap_loop_exit_ready_pp0_iter12_reg           |   1|   0|    1|          0|
    |ap_loop_exit_ready_pp0_iter2_reg            |   1|   0|    1|          0|
    |ap_loop_exit_ready_pp0_iter3_reg            |   1|   0|    1|          0|
    |ap_loop_exit_ready_pp0_iter4_reg            |   1|   0|    1|          0|
    |ap_loop_exit_ready_pp0_iter5_reg            |   1|   0|    1|          0|
    |ap_loop_exit_ready_pp0_iter6_reg            |   1|   0|    1|          0|
    |ap_loop_exit_ready_pp0_iter7_reg            |   1|   0|    1|          0|
    |ap_loop_exit_ready_pp0_iter8_reg            |   1|   0|    1|          0|
    |ap_loop_exit_ready_pp0_iter9_reg            |   1|   0|    1|          0|
    |ap_phi_reg_pp0_iter10_storemerge_i_reg_144  |  32|   0|   32|          0|
    |ap_phi_reg_pp0_iter11_storemerge_i_reg_144  |  32|   0|   32|          0|
    |ap_phi_reg_pp0_iter12_storemerge_i_reg_144  |  32|   0|   32|          0|
    |ap_phi_reg_pp0_iter13_storemerge_i_reg_144  |  32|   0|   32|          0|
    |ap_phi_reg_pp0_iter1_storemerge_i_reg_144   |  32|   0|   32|          0|
    |ap_phi_reg_pp0_iter2_storemerge_i_reg_144   |  32|   0|   32|          0|
    |ap_phi_reg_pp0_iter3_storemerge_i_reg_144   |  32|   0|   32|          0|
    |ap_phi_reg_pp0_iter4_storemerge_i_reg_144   |  32|   0|   32|          0|
    |ap_phi_reg_pp0_iter5_storemerge_i_reg_144   |  32|   0|   32|          0|
    |ap_phi_reg_pp0_iter6_storemerge_i_reg_144   |  32|   0|   32|          0|
    |ap_phi_reg_pp0_iter7_storemerge_i_reg_144   |  32|   0|   32|          0|
    |ap_phi_reg_pp0_iter8_storemerge_i_reg_144   |  32|   0|   32|          0|
    |ap_phi_reg_pp0_iter9_storemerge_i_reg_144   |  32|   0|   32|          0|
    |c_1_fu_84                                   |  31|   0|   31|          0|
    |empty_reg_424                               |  62|   0|   62|          0|
    |gmem_addr_read_reg_444                      |  32|   0|   32|          0|
    |gmem_addr_reg_438                           |  64|   0|   64|          0|
    |icmp_ln59_reg_400                           |   1|   0|    1|          0|
    |icmp_ln63_reg_434                           |   1|   0|    1|          0|
    |indvar_flatten7_fu_92                       |  62|   0|   62|          0|
    |r_fu_88                                     |  31|   0|   31|          0|
    |select_ln59_1_reg_409                       |  31|   0|   31|          0|
    |select_ln59_reg_404                         |  31|   0|   31|          0|
    |select_ln59_reg_404_pp0_iter2_reg           |  31|   0|   31|          0|
    |sext_ln59_cast_reg_395                      |  62|   0|   62|          0|
    |trunc_ln66_2_reg_414                        |  11|   0|   17|          6|
    |trunc_ln66_3_reg_419                        |  17|   0|   17|          0|
    |M_e_addr_reg_429                            |  64|  32|   17|          0|
    |icmp_ln59_reg_400                           |  64|  32|    1|          0|
    |icmp_ln63_reg_434                           |  64|  32|    1|          0|
    +--------------------------------------------+----+----+-----+-----------+
    |Total                                       |1118|  96|  951|          6|
    +--------------------------------------------+----+----+-----+-----------+



================================================================
== Interface
================================================================
* Summary: 
+-----------------------+-----+-----+------------+---------------------------------------------------------------------+--------------+
|       RTL Ports       | Dir | Bits|  Protocol  |                            Source Object                            |    C Type    |
+-----------------------+-----+-----+------------+---------------------------------------------------------------------+--------------+
|ap_clk                 |   in|    1|  ap_ctrl_hs|  load_matrix_from_dram_safe_Pipeline_VITIS_LOOP_59_3_VITIS_LOOP_60_4|  return value|
|ap_rst                 |   in|    1|  ap_ctrl_hs|  load_matrix_from_dram_safe_Pipeline_VITIS_LOOP_59_3_VITIS_LOOP_60_4|  return value|
|ap_start               |   in|    1|  ap_ctrl_hs|  load_matrix_from_dram_safe_Pipeline_VITIS_LOOP_59_3_VITIS_LOOP_60_4|  return value|
|ap_done                |  out|    1|  ap_ctrl_hs|  load_matrix_from_dram_safe_Pipeline_VITIS_LOOP_59_3_VITIS_LOOP_60_4|  return value|
|ap_idle                |  out|    1|  ap_ctrl_hs|  load_matrix_from_dram_safe_Pipeline_VITIS_LOOP_59_3_VITIS_LOOP_60_4|  return value|
|ap_ready               |  out|    1|  ap_ctrl_hs|  load_matrix_from_dram_safe_Pipeline_VITIS_LOOP_59_3_VITIS_LOOP_60_4|  return value|
|m_axi_gmem_0_AWVALID   |  out|    1|       m_axi|                                                                 gmem|       pointer|
|m_axi_gmem_0_AWREADY   |   in|    1|       m_axi|                                                                 gmem|       pointer|
|m_axi_gmem_0_AWADDR    |  out|   64|       m_axi|                                                                 gmem|       pointer|
|m_axi_gmem_0_AWID      |  out|    1|       m_axi|                                                                 gmem|       pointer|
|m_axi_gmem_0_AWLEN     |  out|   32|       m_axi|                                                                 gmem|       pointer|
|m_axi_gmem_0_AWSIZE    |  out|    3|       m_axi|                                                                 gmem|       pointer|
|m_axi_gmem_0_AWBURST   |  out|    2|       m_axi|                                                                 gmem|       pointer|
|m_axi_gmem_0_AWLOCK    |  out|    2|       m_axi|                                                                 gmem|       pointer|
|m_axi_gmem_0_AWCACHE   |  out|    4|       m_axi|                                                                 gmem|       pointer|
|m_axi_gmem_0_AWPROT    |  out|    3|       m_axi|                                                                 gmem|       pointer|
|m_axi_gmem_0_AWQOS     |  out|    4|       m_axi|                                                                 gmem|       pointer|
|m_axi_gmem_0_AWREGION  |  out|    4|       m_axi|                                                                 gmem|       pointer|
|m_axi_gmem_0_AWUSER    |  out|    1|       m_axi|                                                                 gmem|       pointer|
|m_axi_gmem_0_WVALID    |  out|    1|       m_axi|                                                                 gmem|       pointer|
|m_axi_gmem_0_WREADY    |   in|    1|       m_axi|                                                                 gmem|       pointer|
|m_axi_gmem_0_WDATA     |  out|   32|       m_axi|                                                                 gmem|       pointer|
|m_axi_gmem_0_WSTRB     |  out|    4|       m_axi|                                                                 gmem|       pointer|
|m_axi_gmem_0_WLAST     |  out|    1|       m_axi|                                                                 gmem|       pointer|
|m_axi_gmem_0_WID       |  out|    1|       m_axi|                                                                 gmem|       pointer|
|m_axi_gmem_0_WUSER     |  out|    1|       m_axi|                                                                 gmem|       pointer|
|m_axi_gmem_0_ARVALID   |  out|    1|       m_axi|                                                                 gmem|       pointer|
|m_axi_gmem_0_ARREADY   |   in|    1|       m_axi|                                                                 gmem|       pointer|
|m_axi_gmem_0_ARADDR    |  out|   64|       m_axi|                                                                 gmem|       pointer|
|m_axi_gmem_0_ARID      |  out|    1|       m_axi|                                                                 gmem|       pointer|
|m_axi_gmem_0_ARLEN     |  out|   32|       m_axi|                                                                 gmem|       pointer|
|m_axi_gmem_0_ARSIZE    |  out|    3|       m_axi|                                                                 gmem|       pointer|
|m_axi_gmem_0_ARBURST   |  out|    2|       m_axi|                                                                 gmem|       pointer|
|m_axi_gmem_0_ARLOCK    |  out|    2|       m_axi|                                                                 gmem|       pointer|
|m_axi_gmem_0_ARCACHE   |  out|    4|       m_axi|                                                                 gmem|       pointer|
|m_axi_gmem_0_ARPROT    |  out|    3|       m_axi|                                                                 gmem|       pointer|
|m_axi_gmem_0_ARQOS     |  out|    4|       m_axi|                                                                 gmem|       pointer|
|m_axi_gmem_0_ARREGION  |  out|    4|       m_axi|                                                                 gmem|       pointer|
|m_axi_gmem_0_ARUSER    |  out|    1|       m_axi|                                                                 gmem|       pointer|
|m_axi_gmem_0_RVALID    |   in|    1|       m_axi|                                                                 gmem|       pointer|
|m_axi_gmem_0_RREADY    |  out|    1|       m_axi|                                                                 gmem|       pointer|
|m_axi_gmem_0_RDATA     |   in|   32|       m_axi|                                                                 gmem|       pointer|
|m_axi_gmem_0_RLAST     |   in|    1|       m_axi|                                                                 gmem|       pointer|
|m_axi_gmem_0_RID       |   in|    1|       m_axi|                                                                 gmem|       pointer|
|m_axi_gmem_0_RFIFONUM  |   in|    9|       m_axi|                                                                 gmem|       pointer|
|m_axi_gmem_0_RUSER     |   in|    1|       m_axi|                                                                 gmem|       pointer|
|m_axi_gmem_0_RRESP     |   in|    2|       m_axi|                                                                 gmem|       pointer|
|m_axi_gmem_0_BVALID    |   in|    1|       m_axi|                                                                 gmem|       pointer|
|m_axi_gmem_0_BREADY    |  out|    1|       m_axi|                                                                 gmem|       pointer|
|m_axi_gmem_0_BRESP     |   in|    2|       m_axi|                                                                 gmem|       pointer|
|m_axi_gmem_0_BID       |   in|    1|       m_axi|                                                                 gmem|       pointer|
|m_axi_gmem_0_BUSER     |   in|    1|       m_axi|                                                                 gmem|       pointer|
|cols                   |   in|   32|     ap_none|                                                                 cols|        scalar|
|mul_ln59               |   in|   62|     ap_none|                                                             mul_ln59|        scalar|
|A_dram                 |   in|   64|     ap_none|                                                               A_dram|        scalar|
|sext_ln59              |   in|   32|     ap_none|                                                            sext_ln59|        scalar|
|M_e_address0           |  out|   17|   ap_memory|                                                                  M_e|         array|
|M_e_ce0                |  out|    1|   ap_memory|                                                                  M_e|         array|
|M_e_we0                |  out|    1|   ap_memory|                                                                  M_e|         array|
|M_e_d0                 |  out|   32|   ap_memory|                                                                  M_e|         array|
+-----------------------+-----+-----+------------+---------------------------------------------------------------------+--------------+

