

================================================================
== Vitis HLS Report for 'store_matrix_to_dram_safe'
================================================================
* Date:           Mon Oct 13 17:12:34 2025

* Version:        2025.1 (Build 6135595 on May 21 2025)
* Project:        fmm_reduce_kernel
* Solution:       hls (Vivado IP Flow Target)
* Product family: zynq
* Target device:  xc7z020-clg400-3


================================================================
== Performance Estimates
================================================================
+ Timing: 
    * Summary: 
    +--------+----------+----------+------------+
    |  Clock |  Target  | Estimated| Uncertainty|
    +--------+----------+----------+------------+
    |ap_clk  |  10.00 ns|  7.300 ns|     2.70 ns|
    +--------+----------+----------+------------+

+ Latency: 
    * Summary: 
    +---------+---------+----------+----------+-----+-----+---------+
    |  Latency (cycles) |  Latency (absolute) |  Interval | Pipeline|
    |   min   |   max   |    min   |    max   | min | max |   Type  |
    +---------+---------+----------+----------+-----+-----+---------+
    |        ?|        ?|         ?|         ?|    ?|    ?|       no|
    +---------+---------+----------+----------+-----+-----+---------+

    + Detail: 
        * Instance: 
        +------------------------------------------------------------------------------+--------------------------------------------------------------------+---------+---------+----------+----------+-----+-----+------------------------------------------------+
        |                                                                              |                                                                    |  Latency (cycles) |  Latency (absolute) |  Interval |                    Pipeline                    |
        |                                   Instance                                   |                               Module                               |   min   |   max   |    min   |    max   | min | max |                      Type                      |
        +------------------------------------------------------------------------------+--------------------------------------------------------------------+---------+---------+----------+----------+-----+-----+------------------------------------------------+
        |grp_store_matrix_to_dram_safe_Pipeline_VITIS_LOOP_76_1_VITIS_LOOP_77_2_fu_40  |store_matrix_to_dram_safe_Pipeline_VITIS_LOOP_76_1_VITIS_LOOP_77_2  |        ?|        ?|         ?|         ?|    0|    0|  loop auto-rewind stp (delay=0 clock cycles(s))|
        +------------------------------------------------------------------------------+--------------------------------------------------------------------+---------+---------+----------+----------+-----+-----+------------------------------------------------+

        * Loop: 
        N/A



================================================================
== Utilization Estimates
================================================================
* Summary: 
+-----------------+---------+-----+--------+-------+-----+
|       Name      | BRAM_18K| DSP |   FF   |  LUT  | URAM|
+-----------------+---------+-----+--------+-------+-----+
|DSP              |        -|    -|       -|      -|    -|
|Expression       |        -|    -|       0|    140|    -|
|FIFO             |        -|    -|       -|      -|    -|
|Instance         |        -|    8|     567|    714|    -|
|Memory           |        -|    -|       -|      -|    -|
|Multiplexer      |        -|    -|       0|     21|    -|
|Register         |        -|    -|     129|      -|    -|
+-----------------+---------+-----+--------+-------+-----+
|Total            |        0|    8|     696|    875|    0|
+-----------------+---------+-----+--------+-------+-----+
|Available        |      280|  220|  106400|  53200|    0|
+-----------------+---------+-----+--------+-------+-----+
|Utilization (%)  |        0|    3|      ~0|      1|    0|
+-----------------+---------+-----+--------+-------+-----+

+ Detail: 
    * Instance: 
    +------------------------------------------------------------------------------+--------------------------------------------------------------------+---------+----+-----+-----+-----+
    |                                   Instance                                   |                               Module                               | BRAM_18K| DSP|  FF | LUT | URAM|
    +------------------------------------------------------------------------------+--------------------------------------------------------------------+---------+----+-----+-----+-----+
    |mul_31ns_31ns_62_1_1_U151                                                     |mul_31ns_31ns_62_1_1                                                |        0|   4|    0|   24|    0|
    |grp_store_matrix_to_dram_safe_Pipeline_VITIS_LOOP_76_1_VITIS_LOOP_77_2_fu_40  |store_matrix_to_dram_safe_Pipeline_VITIS_LOOP_76_1_VITIS_LOOP_77_2  |        0|   4|  567|  690|    0|
    +------------------------------------------------------------------------------+--------------------------------------------------------------------+---------+----+-----+-----+-----+
    |Total                                                                         |                                                                    |        0|   8|  567|  714|    0|
    +------------------------------------------------------------------------------+--------------------------------------------------------------------+---------+----+-----+-----+-----+

    * DSP: 
    N/A

    * Memory: 
    N/A

    * FIFO: 
    N/A

    * Expression: 
    +-------------------+----------+----+---+----+------------+------------+
    |   Variable Name   | Operation| DSP| FF| LUT| Bitwidth P0| Bitwidth P1|
    +-------------------+----------+----+---+----+------------+------------+
    |empty_39_fu_87_p2  |      icmp|   0|  0|  39|          32|           1|
    |empty_fu_73_p2     |      icmp|   0|  0|  39|          32|           1|
    |smax1_fu_93_p3     |    select|   0|  0|  31|           1|          31|
    |smax_fu_79_p3      |    select|   0|  0|  31|           1|          31|
    +-------------------+----------+----+---+----+------------+------------+
    |Total              |          |   0|  0| 140|          66|          64|
    +-------------------+----------+----+---+----+------------+------------+

    * Multiplexer: 
    +-----------+----+-----------+-----+-----------+
    |    Name   | LUT| Input Size| Bits| Total Bits|
    +-----------+----+-----------+-----+-----------+
    |ap_NS_fsm  |  21|          5|    1|          5|
    +-----------+----+-----------+-----+-----------+
    |Total      |  21|          5|    1|          5|
    +-----------+----+-----------+-----+-----------+

    * Register: 
    +-------------------------------------------------------------------------------------------+----+----+-----+-----------+
    |                                            Name                                           | FF | LUT| Bits| Const Bits|
    +-------------------------------------------------------------------------------------------+----+----+-----+-----------+
    |ap_CS_fsm                                                                                  |   4|   0|    4|          0|
    |bound_reg_122                                                                              |  62|   0|   62|          0|
    |grp_store_matrix_to_dram_safe_Pipeline_VITIS_LOOP_76_1_VITIS_LOOP_77_2_fu_40_ap_start_reg  |   1|   0|    1|          0|
    |smax1_reg_117                                                                              |  31|   0|   31|          0|
    |smax_reg_112                                                                               |  31|   0|   31|          0|
    +-------------------------------------------------------------------------------------------+----+----+-----+-----------+
    |Total                                                                                      | 129|   0|  129|          0|
    +-------------------------------------------------------------------------------------------+----+----+-----+-----------+



================================================================
== Interface
================================================================
* Summary: 
+-----------------------+-----+-----+------------+---------------------------+--------------+
|       RTL Ports       | Dir | Bits|  Protocol  |       Source Object       |    C Type    |
+-----------------------+-----+-----+------------+---------------------------+--------------+
|ap_clk                 |   in|    1|  ap_ctrl_hs|  store_matrix_to_dram_safe|  return value|
|ap_rst                 |   in|    1|  ap_ctrl_hs|  store_matrix_to_dram_safe|  return value|
|ap_start               |   in|    1|  ap_ctrl_hs|  store_matrix_to_dram_safe|  return value|
|ap_done                |  out|    1|  ap_ctrl_hs|  store_matrix_to_dram_safe|  return value|
|ap_idle                |  out|    1|  ap_ctrl_hs|  store_matrix_to_dram_safe|  return value|
|ap_ready               |  out|    1|  ap_ctrl_hs|  store_matrix_to_dram_safe|  return value|
|m_axi_gmem_0_AWVALID   |  out|    1|       m_axi|                       gmem|       pointer|
|m_axi_gmem_0_AWREADY   |   in|    1|       m_axi|                       gmem|       pointer|
|m_axi_gmem_0_AWADDR    |  out|   64|       m_axi|                       gmem|       pointer|
|m_axi_gmem_0_AWID      |  out|    1|       m_axi|                       gmem|       pointer|
|m_axi_gmem_0_AWLEN     |  out|   32|       m_axi|                       gmem|       pointer|
|m_axi_gmem_0_AWSIZE    |  out|    3|       m_axi|                       gmem|       pointer|
|m_axi_gmem_0_AWBURST   |  out|    2|       m_axi|                       gmem|       pointer|
|m_axi_gmem_0_AWLOCK    |  out|    2|       m_axi|                       gmem|       pointer|
|m_axi_gmem_0_AWCACHE   |  out|    4|       m_axi|                       gmem|       pointer|
|m_axi_gmem_0_AWPROT    |  out|    3|       m_axi|                       gmem|       pointer|
|m_axi_gmem_0_AWQOS     |  out|    4|       m_axi|                       gmem|       pointer|
|m_axi_gmem_0_AWREGION  |  out|    4|       m_axi|                       gmem|       pointer|
|m_axi_gmem_0_AWUSER    |  out|    1|       m_axi|                       gmem|       pointer|
|m_axi_gmem_0_WVALID    |  out|    1|       m_axi|                       gmem|       pointer|
|m_axi_gmem_0_WREADY    |   in|    1|       m_axi|                       gmem|       pointer|
|m_axi_gmem_0_WDATA     |  out|   32|       m_axi|                       gmem|       pointer|
|m_axi_gmem_0_WSTRB     |  out|    4|       m_axi|                       gmem|       pointer|
|m_axi_gmem_0_WLAST     |  out|    1|       m_axi|                       gmem|       pointer|
|m_axi_gmem_0_WID       |  out|    1|       m_axi|                       gmem|       pointer|
|m_axi_gmem_0_WUSER     |  out|    1|       m_axi|                       gmem|       pointer|
|m_axi_gmem_0_ARVALID   |  out|    1|       m_axi|                       gmem|       pointer|
|m_axi_gmem_0_ARREADY   |   in|    1|       m_axi|                       gmem|       pointer|
|m_axi_gmem_0_ARADDR    |  out|   64|       m_axi|                       gmem|       pointer|
|m_axi_gmem_0_ARID      |  out|    1|       m_axi|                       gmem|       pointer|
|m_axi_gmem_0_ARLEN     |  out|   32|       m_axi|                       gmem|       pointer|
|m_axi_gmem_0_ARSIZE    |  out|    3|       m_axi|                       gmem|       pointer|
|m_axi_gmem_0_ARBURST   |  out|    2|       m_axi|                       gmem|       pointer|
|m_axi_gmem_0_ARLOCK    |  out|    2|       m_axi|                       gmem|       pointer|
|m_axi_gmem_0_ARCACHE   |  out|    4|       m_axi|                       gmem|       pointer|
|m_axi_gmem_0_ARPROT    |  out|    3|       m_axi|                       gmem|       pointer|
|m_axi_gmem_0_ARQOS     |  out|    4|       m_axi|                       gmem|       pointer|
|m_axi_gmem_0_ARREGION  |  out|    4|       m_axi|                       gmem|       pointer|
|m_axi_gmem_0_ARUSER    |  out|    1|       m_axi|                       gmem|       pointer|
|m_axi_gmem_0_RVALID    |   in|    1|       m_axi|                       gmem|       pointer|
|m_axi_gmem_0_RREADY    |  out|    1|       m_axi|                       gmem|       pointer|
|m_axi_gmem_0_RDATA     |   in|   32|       m_axi|                       gmem|       pointer|
|m_axi_gmem_0_RLAST     |   in|    1|       m_axi|                       gmem|       pointer|
|m_axi_gmem_0_RID       |   in|    1|       m_axi|                       gmem|       pointer|
|m_axi_gmem_0_RFIFONUM  |   in|    9|       m_axi|                       gmem|       pointer|
|m_axi_gmem_0_RUSER     |   in|    1|       m_axi|                       gmem|       pointer|
|m_axi_gmem_0_RRESP     |   in|    2|       m_axi|                       gmem|       pointer|
|m_axi_gmem_0_BVALID    |   in|    1|       m_axi|                       gmem|       pointer|
|m_axi_gmem_0_BREADY    |  out|    1|       m_axi|                       gmem|       pointer|
|m_axi_gmem_0_BRESP     |   in|    2|       m_axi|                       gmem|       pointer|
|m_axi_gmem_0_BID       |   in|    1|       m_axi|                       gmem|       pointer|
|m_axi_gmem_0_BUSER     |   in|    1|       m_axi|                       gmem|       pointer|
|A_dram                 |   in|   64|     ap_none|                     A_dram|        scalar|
|M_rows                 |   in|   32|     ap_none|                     M_rows|       pointer|
|M_cols                 |   in|   32|     ap_none|                     M_cols|       pointer|
|M_e_address0           |  out|   17|   ap_memory|                        M_e|         array|
|M_e_ce0                |  out|    1|   ap_memory|                        M_e|         array|
|M_e_q0                 |   in|   32|   ap_memory|                        M_e|         array|
+-----------------------+-----+-----+------------+---------------------------+--------------+

