  **** HLS Build v2025.1 6135595
INFO: [HLS 200-2005] Using work_dir C:/GEMM/ASIC/ASIC 
INFO: [HLS 200-2176] Writing Vitis IDE component file C:/GEMM/ASIC/ASIC/vitis-comp.json
INFO: [HLS 200-10] Creating and opening component 'C:/GEMM/ASIC/ASIC'.
INFO: [HLS 200-1505] Using default flow_target 'vivado'
Resolution: For help on HLS 200-1505 see docs.xilinx.com/access/sources/dita/topic?Doc_Version=2025.1%20English&url=ug1448-hls-guidance&resourceid=200-1505.html
INFO: [HLS 200-2174] Applying component config ini file C:/GEMM/ASIC/hls_config.cfg
INFO: [HLS 200-1465] Applying config ini 'syn.file=gp.cpp' from C:/GEMM/ASIC/hls_config.cfg(5)
INFO: [HLS 200-10] Adding design file 'C:/GEMM/ASIC/gp.cpp' to the project
INFO: [HLS 200-1465] Applying config ini 'tb.file=tb.cpp' from C:/GEMM/ASIC/hls_config.cfg(6)
INFO: [HLS 200-10] Adding test bench file 'C:/GEMM/ASIC/tb.cpp' to the project
INFO: [HLS 200-1465] Applying config ini 'flow_target=vivado' from C:/GEMM/ASIC/hls_config.cfg(4)
INFO: [HLS 200-1505] Using flow_target 'vivado'
Resolution: For help on HLS 200-1505 see docs.xilinx.com/access/sources/dita/topic?Doc_Version=2025.1%20English&url=ug1448-hls-guidance&resourceid=200-1505.html
INFO: [HLS 200-1465] Applying config ini 'part=xc7a200tfbg676-1' from C:/GEMM/ASIC/hls_config.cfg(1)
INFO: [HLS 200-1611] Setting target device to 'xc7a200t-fbg676-1'
INFO: [HLS 200-1465] Applying config ini 'clock=10ns' from C:/GEMM/ASIC/hls_config.cfg(11)
INFO: [SYN 201-201] Setting up clock 'default' with a period of 10ns.
INFO: [HLS 200-1465] Applying config ini 'clock_uncertainty=1ns' from C:/GEMM/ASIC/hls_config.cfg(12)
INFO: [SYN 201-201] Setting up clock 'default' with an uncertainty of 1ns.
INFO: [HLS 200-1465] Applying config ini 'package.output.format=rtl' from C:/GEMM/ASIC/hls_config.cfg(8)
INFO: [HLS 200-1465] Applying config ini 'syn.directive.bind_op=location=fmm_reduce_kernel op=mul impl=fabric' from C:/GEMM/ASIC/hls_config.cfg(15)
ERROR: [HLS 200-101] set_directive_bind_op: Not enough required positional arguments.
SYNTAX syn.directive.bind_op=location=<string> variable=<string> op=<value> [impl=<value>] [latency=<int>] 
ERROR: [HLS 200-1912] Problem with config ini entry 'syn.directive.bind_op=location=fmm_reduce_kernel op=mul impl=fabric' from C:/GEMM/ASIC/hls_config.cfg(15): command 'set_directive_bind_op' returned error code
ERROR: problem with 'syn.directive.bind_op=location=fmm_reduce_kernel op=mul impl=fabric' from C:/GEMM/ASIC/hls_config.cfg(15): command 'set_directive_bind_op' returned error code
INFO: [HLS 200-112] Total CPU user time: 1 seconds. Total CPU system time: 1 seconds. Total elapsed time: 1.624 seconds; peak allocated memory: 155.102 MB.
