  **** HLS Build v2025.1 6135595
INFO: [HLS 200-2005] Using work_dir C:/GEMM/ASIC/ASIC 
INFO: [HLS 200-2176] Writing Vitis IDE component file C:/GEMM/ASIC/ASIC/vitis-comp.json
INFO: [HLS 200-10] Creating and opening component 'C:/GEMM/ASIC/ASIC'.
INFO: [HLS 200-1611] Setting target device to 'xc7a200t-fbg676-1'
INFO: [HLS 200-1505] Using default flow_target 'vivado'
Resolution: For help on HLS 200-1505 see docs.xilinx.com/access/sources/dita/topic?Doc_Version=2025.1%20English&url=ug1448-hls-guidance&resourceid=200-1505.html
INFO: [HLS 200-2174] Applying component config ini file C:/GEMM/ASIC/hls_config.cfg
INFO: [HLS 200-1465] Applying config ini 'syn.file=gp.cpp' from C:/GEMM/ASIC/hls_config.cfg(5)
INFO: [HLS 200-10] Adding design file 'C:/GEMM/ASIC/gp.cpp' to the project
INFO: [HLS 200-1465] Applying config ini 'tb.file=tb.cpp' from C:/GEMM/ASIC/hls_config.cfg(6)
INFO: [HLS 200-10] Adding test bench file 'C:/GEMM/ASIC/tb.cpp' to the project
INFO: [HLS 200-1465] Applying config ini 'syn.top=fmm_reduce_kernel' from C:/GEMM/ASIC/hls_config.cfg(7)
INFO: [HLS 200-1465] Applying config ini 'flow_target=vivado' from C:/GEMM/ASIC/hls_config.cfg(4)
INFO: [HLS 200-1505] Using flow_target 'vivado'
Resolution: For help on HLS 200-1505 see docs.xilinx.com/access/sources/dita/topic?Doc_Version=2025.1%20English&url=ug1448-hls-guidance&resourceid=200-1505.html
INFO: [HLS 200-1465] Applying config ini 'part=xc7a200tfbg676-1' from C:/GEMM/ASIC/hls_config.cfg(1)
INFO: [HLS 200-1465] Applying config ini 'clock=10ns' from C:/GEMM/ASIC/hls_config.cfg(10)
INFO: [SYN 201-201] Setting up clock 'default' with a period of 10ns.
INFO: [HLS 200-1465] Applying config ini 'clock_uncertainty=1ns' from C:/GEMM/ASIC/hls_config.cfg(11)
INFO: [SYN 201-201] Setting up clock 'default' with an uncertainty of 1ns.
INFO: [HLS 200-1465] Applying config ini 'cosim.tool=xsim' from C:/GEMM/ASIC/hls_config.cfg(12)
INFO: [HLS 200-1465] Applying config ini 'package.output.format=rtl' from C:/GEMM/ASIC/hls_config.cfg(8)
INFO: [HLS 200-2176] Writing Vitis IDE component file C:/GEMM/ASIC/ASIC/vitis-comp.json
INFO: [COSIM 212-47] Using XSIM for RTL simulation.
INFO: [COSIM 212-14] Instrumenting C test bench ...
   Build using "C:/Xilinx/2025.1/Vitis/win64/tools/vcxx/libexec/clang++"
   Compiling tb.cpp_pre.cpp.tb.cpp
   Compiling gp.cpp_pre.cpp.tb.cpp
   Compiling apatb_fmm_reduce_kernel.cpp
   Compiling apatb_fmm_reduce_kernel_ir.ll
   Generating cosim.tv.exe
INFO: [COSIM 212-302] Starting C TB testing ... 
fmm_reduce_kernel testbench

=== Handcrafted (k1=5,k2=1) ===
Input (rows=6 cols=8 t=0 tcap=64)
    1    2    3    0    0    0    0    0
    1    2    3    0    0    0    0    0
    0    0    0    4    1    2    0    0
    0    0    0   -4   -1   -2    0    0
    0    0    0    0    0    0    7    0
    0    0    0    0    0    0    0    9
Additions before: 6
Kernel output (original region) (rows=6 cols=8 t=0 tcap=64)
    1    2    3    0    0    0    0    0
    1    2    3    0    0    0    0    0
    0    0    0    4    1    2    0    0
    0    0    0   -4   -1   -2    0    0
    0    0    0    0    0    0    7    0
    0    0    0    0    0    0    0    9
CPU reference (original region) (rows=6 cols=8 t=2 tcap=64)
    0    0    0    0    0    0    0    0
    0    0    0    0    0    0    0    0
    0    0    0    0    0    0    0    0
    0    0    0    0    0    0    0    0
    0    0    0    0    0    0    7    0
    0    0    0    0    0    0    0    9
Additions after (original region) — kernel: 6  CPU ref: 0
CPU full additions (incl. t-space): 2
FAIL: original-region matrix mismatch.
FAIL: addition count mismatch.

=== Random 16x32 (k1=5,k2=1) ===
Input (rows=16 cols=32 t=0 tcap=64)
    0    0    0    0    0    0    0    0    0    0    0    0   -5    0    0    0    0    0    0    0    0    0    0    0    0    0    0    0   -1    0    0    0
    0    0    0    0    0   -3    0    0    0    0    0   -1    0    0    0    0    0    0    0    0    3    0    0    0    0    4    0   -3    0    0    0    0
    0    0    1    0    0    0    0    0    0   -4    0    0    0    0    0    0    0    0    0    0    0    0    0    0   -6    0    0    0    0    5    0    0
    0    3    0    0    0    0    0    0    0    0    0    0    0    0    0    0    0    0    0    0    0    4    0    0    0    0   -2    0    0    0    0   -6
    0    0    0    0    0    0    0    0    0    0    0    0    0    0    0    0    0    0    0    0    0    0    0    0    0    0    0    0    0    0    0    0
    0    0    0    0    0    0    0    0    0    0    0    0    0    0    0   -4    0   -5    0   -4    0    0    0    0    6    0    0    0    0    0    0    0
    0    0    0    0    0    0    0    0    0    0    0    0    0    0    0    0    0    0    0    0    0    0    0    0    0    0    0    0    0    0    0    0
    0    0    0   -2    0    0    2    0    0    0    0    0    0    0    0    5    0    0    0    0    0    0    0    0    0    0    0    0    0    0    0    0
    0    0    0    0    0    0    0    0    0    0    0    5    0    0    0    0    0    0    0    0    0    2    0    0    0    0   -5    0    0    0    0    0
   -3    0    0    0    0    0    0    4    0    0    0    0    0    0    0    0    0    0    0    0    0    0    0    0    0    0    0    0    0    0    0    0
    0    0    0    0    0    0    0    0    0   -6    0    0    4    0    2    0    0    0    0    0    0    0    0    0    0    0    0    4    0    0    0    0
    0    0    0    0   -5    0    0    0   -5    0    0    0    0    0    0    0    0    0    0    0    0    0    0    0    0    0    0    0    0    6    0    0
    0    0   -2    0    0    0    0    0    0    0    0    0    0    0    0    0    0    0    0    0    0    0    4    0    0    0    0    0    0    0    0    0
    0    0    0    0    0   -1    0    0    0    0    0    0   -6    2    0    0    0    0    0   -2    0    0    0    0    0    0    0    0   -1    0    0    0
    0    6    0    0    0    0    6    0    0    0    0    0    0    0    0    0    0    0    0    0    0    0    0    0    0    0    0    0    0    0    0    0
    0    0    0    0    0   -3    0    0    0    0    0    0    0    0    0    0    0    0   -5    0   -4    0    6    0    0    0    0    0    0    0    3    0
Additions before: 19
Kernel output (original region) (rows=16 cols=32 t=0 tcap=64)
    0    0    0    0    0    0    0    0    0    0    0    0   -5    0    0    0    0    0    0    0    0    0    0    0    0    0    0    0   -1    0    0    0
    0    0    0    0    0   -3    0    0    0    0    0   -1    0    0    0    0    0    0    0    0    3    0    0    0    0    4    0   -3    0    0    0    0
    0    0    1    0    0    0    0    0    0   -4    0    0    0    0    0    0    0    0    0    0    0    0    0    0   -6    0    0    0    0    5    0    0
    0    3    0    0    0    0    0    0    0    0    0    0    0    0    0    0    0    0    0    0    0    4    0    0    0    0   -2    0    0    0    0   -6
    0    0    0    0    0    0    0    0    0    0    0    0    0    0    0    0    0    0    0    0    0    0    0    0    0    0    0    0    0    0    0    0
    0    0    0    0    0    0    0    0    0    0    0    0    0    0    0   -4    0   -5    0   -4    0    0    0    0    6    0    0    0    0    0    0    0
    0    0    0    0    0    0    0    0    0    0    0    0    0    0    0    0    0    0    0    0    0    0    0    0    0    0    0    0    0    0    0    0
    0    0    0   -2    0    0    2    0    0    0    0    0    0    0    0    5    0    0    0    0    0    0    0    0    0    0    0    0    0    0    0    0
    0    0    0    0    0    0    0    0    0    0    0    5    0    0    0    0    0    0    0    0    0    2    0    0    0    0   -5    0    0    0    0    0
   -3    0    0    0    0    0    0    4    0    0    0    0    0    0    0    0    0    0    0    0    0    0    0    0    0    0    0    0    0    0    0    0
    0    0    0    0    0    0    0    0    0   -6    0    0    4    0    2    0    0    0    0    0    0    0    0    0    0    0    0    4    0    0    0    0
    0    0    0    0   -5    0    0    0   -5    0    0    0    0    0    0    0    0    0    0    0    0    0    0    0    0    0    0    0    0    6    0    0
    0    0   -2    0    0    0    0    0    0    0    0    0    0    0    0    0    0    0    0    0    0    0    4    0    0    0    0    0    0    0    0    0
    0    0    0    0    0   -1    0    0    0    0    0    0   -6    2    0    0    0    0    0   -2    0    0    0    0    0    0    0    0   -1    0    0    0
    0    6    0    0    0    0    6    0    0    0    0    0    0    0    0    0    0    0    0    0    0    0    0    0    0    0    0    0    0    0    0    0
    0    0    0    0    0   -3    0    0    0    0    0    0    0    0    0    0    0    0   -5    0   -4    0    6    0    0    0    0    0    0    0    3    0
CPU reference (original region) (rows=16 cols=32 t=0 tcap=64)
    0    0    0    0    0    0    0    0    0    0    0    0   -5    0    0    0    0    0    0    0    0    0    0    0    0    0    0    0   -1    0    0    0
    0    0    0    0    0   -3    0    0    0    0    0   -1    0    0    0    0    0    0    0    0    3    0    0    0    0    4    0   -3    0    0    0    0
    0    0    1    0    0    0    0    0    0   -4    0    0    0    0    0    0    0    0    0    0    0    0    0    0   -6    0    0    0    0    5    0    0
    0    3    0    0    0    0    0    0    0    0    0    0    0    0    0    0    0    0    0    0    0    4    0    0    0    0   -2    0    0    0    0   -6
    0    0    0    0    0    0    0    0    0    0    0    0    0    0    0    0    0    0    0    0    0    0    0    0    0    0    0    0    0    0    0    0
    0    0    0    0    0    0    0    0    0    0    0    0    0    0    0   -4    0   -5    0   -4    0    0    0    0    6    0    0    0    0    0    0    0
    0    0    0    0    0    0    0    0    0    0    0    0    0    0    0    0    0    0    0    0    0    0    0    0    0    0    0    0    0    0    0    0
    0    0    0   -2    0    0    2    0    0    0    0    0    0    0    0    5    0    0    0    0    0    0    0    0    0    0    0    0    0    0    0    0
    0    0    0    0    0    0    0    0    0    0    0    5    0    0    0    0    0    0    0    0    0    2    0    0    0    0   -5    0    0    0    0    0
   -3    0    0    0    0    0    0    4    0    0    0    0    0    0    0    0    0    0    0    0    0    0    0    0    0    0    0    0    0    0    0    0
    0    0    0    0    0    0    0    0    0   -6    0    0    4    0    2    0    0    0    0    0    0    0    0    0    0    0    0    4    0    0    0    0
    0    0    0    0   -5    0    0    0   -5    0    0    0    0    0    0    0    0    0    0    0    0    0    0    0    0    0    0    0    0    6    0    0
    0    0   -2    0    0    0    0    0    0    0    0    0    0    0    0    0    0    0    0    0    0    0    4    0    0    0    0    0    0    0    0    0
    0    0    0    0    0   -1    0    0    0    0    0    0   -6    2    0    0    0    0    0   -2    0    0    0    0    0    0    0    0   -1    0    0    0
    0    6    0    0    0    0    6    0    0    0    0    0    0    0    0    0    0    0    0    0    0    0    0    0    0    0    0    0    0    0    0    0
    0    0    0    0    0   -3    0    0    0    0    0    0    0    0    0    0    0    0   -5    0   -4    0    6    0    0    0    0    0    0    0    3    0
Additions after (original region) — kernel: 19  CPU ref: 19
CPU full additions (incl. t-space): 19
PASS: kernel original-region matches CPU reference.

=== Random 32x64 (k1=5,k2=1) ===
Input (rows=32 cols=64 t=0 tcap=64)
   -2    0    0    0    0    0    0    0    0    1    0    0    0    0    0    1    0    0   -2    0    0    0    0    0   -2    0    0    0    0    3    0    0    0   -2    0   -3    0    0    0    0    0    0    0    1    0    1    0    0    0    0    0    3    0    0    0    0   -2    0    0    0    0    0    0    0
    0   -3    0    0   -3    0    0    0    0    0    0    0    0    3    0    0    0    0    0    0    0    0    0    0    0   -2    0    0    0    0    0    0    0    0    0    0    0    0    0    0    3    0    0    0    0    0    0    0    1    0    0    0    0    0    0    0    1    0    0    0    0    0    0    0
    0    0    0    0    0    0    0   -2    0    0    0    0    0    0    0    0   -3   -2   -1    0    0    0    0    0   -2    0   -1    0    0    0   -1    0    0    0    0    0    0    0    3    0    0    0    0    0    0    0    0    0    0    0    0   -3    0   -3    3    0    0    0    0    0    0    0    0    1
   -3    0   -3    0    0    2    0    0    0   -3    0   -3    0    0    3    0    0    0    0    1    0    0    0    0    0    0    0    0    0    0    0    0    0    0    0    0    0    0    0    0    0    0    0    0    0    0    0    0    0    0    0    0    1    0   -2    0   -3    0    0    0    3    0    0    0
    0    0    0    0    0    0    0    0    0    0    2    3    0    0    0    0    0    0    0    3    0    0    0    0    0    2   -1    0    0    2    0    0    0    0    2    0    3    0    0    0    0    0    0    0    0    0    0    0    0    0   -1    0    0    0    0    0    0    0    0    0    0    0    0    0
    0    0    0    0    0    0    0    0    0    0    0    0    0    0    0   -2    0    0    0    0    1    0    0    0    0    0    0    0    1    0    0    0    0    1    0    0    0    0    0    0    0    3    1    0    0    0    1    0    0    0   -3    2    2    0    0    0    0    0    0    0   -2    0   -1    0
    0    0    0    0    0    3    0    0    0    0    0    0    0    0    0    0    0    0   -3    0   -1    0    0    0    0    0    0    0    0    0    0    2    0    0    0    0    0    0   -2    0    3    0    0    0    0    1    0    0    0    0    0    0    0    0    0    0   -2    0   -2    0    0    0    0   -3
    0    0   -3    0   -3    0    0    0    0    0    0   -2    0   -2    0    0    0    0    0   -2    0    2   -3   -1    0    0    2   -3   -3    0    0    0    0    0    0    0    0    0    0    0    0    0    0    0   -1    0    0    3    0    2   -1    0    0    2    0    0    0    0    0    0    0   -3    0    0
    0    0   -3    0    0    0    0    1    0    0    0    0    0    0    0    0    0    0    0    0    0    0    0    0   -3    0    0    0    0    0    0    0    0    0    0    0    0   -1    0    3    0    0    3    0    0    0    1    0    0    0    1    0    0    0    1    0    0    0    0    0   -2    2    0    0
    0    0    0    0    0    0    0    0    0    0    0    0    0    0   -2    0    0    0    0    0    0    0    0    1    2    1    0    3    0    0    0    0    0    0    0    0    0    0    0   -1    0    0    0    0    0    0    0    0    0   -1    0    3   -2    0   -1    3    0    0    2    0    0    0   -3    2
    2    0    0    0   -1   -1    1    0    0    1    0    2    0   -1    0    0    0    0    0    0    0    0    1    1    0    0    3    0    0    0    0    0    0    0    0    0    0    0    0    0    0    0    0    0    0    0    0    0    0   -2    0   -3    0    0    0    0    0    0    0    0    2    0    0   -1
   -1    0    0    0    0    0    0    0    0    0    0    3   -2    0    0    2    0    0    0    0    0    0    0    0    0    0    0    0   -2    0    0    0    0    0    0    3    0    0    0    0    0    0    0    0    0    0    0    3    2   -2    0    0   -3    0    0    0    0    0   -1   -2    0    0    0   -2
    0   -3    0    0   -1    0    0    0    0    0   -3    0    0    0    0   -1    0    0   -3    0    0    2    0    0    0    0   -2   -2    0    0   -3    0    0    0    0    0    0    0    0    0    0   -1    0    0    0    0    1    0   -3    0    0    3    0    0    0    0    0    0    0    0    0    0    0    0
    0    0    0   -2    0    0    0    0    0    0    0    0   -3    0    0    0    0    0    0    0    0   -2    0    0    0    0    0    0    0    1    0    0    0    2   -3    0    0    0    0    0    0    0    0    0   -2    0    0    3   -2    0    0    0    0    3    0    0    0    0    0   -2    3    0    0    0
    0    0    0    0    0    0    0    0   -1    2    0    0    0    0    0    3    0    0    0    0    0    0   -3    2    0    0    0    0    0   -2    3    0    0    0    0    0    0    0    0    0    0    1    0    0    0    0    0    0    0    0    0    0    0    0    0    0    0    0    0    0    0    0    0    2
    0    0    0    0    0    1    0   -1   -1    0    1    0    0    0    0    0    1    0    2    0    0    3   -3    1    0    0   -3    0    0    0    0    0    0    0    0    0    0    0    0    0    0    0    1    0    0    0    0    0   -1    0    0    1    0    0    0    0    0    0    0    3    0    0    0    0
    0   -2    0    0    0    0    1    0    0    0    3    0    3    0    0    0    0    3    0    2    0    1    0    0    0    0    0    0    0    0    0    0    0    1    0    0    0    0    0    0    0    0    0    0    0    0    0    0    0    0    0    0    0    0    0    0    0    0    0    0    0   -2    0    0
    0    0   -1   -3    0    0    3   -3    0    1    0    0    1    0    0    2    0    0    0    0    0    0    0    0    2    0    0    0   -1    0    0    0    0    0   -3   -2    0    0    0    0    0    0    0    0    0    0    0    0    0    0   -2    0    0    0    0    0    0    1   -2    0    0    0    0    0
    0    2    0    0    0    0    0    0    0   -2    2    0    0    0    0    0    0    2   -2    0    0    0    0   -1    0    0    1    0    0    0    0    0    0    0    3    0    0    0   -3   -2    0    0    0    0    0    1    0    0    0    0    0    0    1    0   -3    0    0    0    0    0    1    0    0    0
    0    0    0    0    0    2   -2    0   -1    1    0   -3    0    1    0    0    0    0    0    0    3    1    0   -1   -1    0    0    0    0    0    0   -3    2    0    0    0    0    0    0    0    0    0    0    0    0    0    0   -1    0    0    1    0    0    0    0    0    0    0   -3    0    0    0    0   -1
    3   -2    0    0   -2   -3    0    0    0    0    0    0    0    0    0    0    0    0    1    0    0    0    0    0    0    0    0    1    0    0    0    0    0    0    0    0    0    0    0    0    0   -3    0    0   -1    0    1    0    0    0    0    0    3    0    0   -1   -3    0    0    0    0    0    0    0
    0    0    0    0    0    0    1    0    0    0    0    0    0    3    0    0    0    0    2    0    3    0    0    0    0    2    0    1    1    0    3    1    0    0    3    0    0    0    0   -2    0   -1    0    0    0    0    0    0   -1   -3    0    0    0    0    0    2    0    0    0    0    0    0    0    0
    0    0    0    0    0    0    0   -3    0    0    0    1    0    0    0    0    0    0    0    0    0    0    0    0    0    0    0    3    2    0    0    0    0    2    0    0    0    0    0    0    0    0    0    0    0    0   -3    0    0    1    0    3    0    0    0    0    0    0    0    1    0   -3    1    0
    0    0    3    0    0    0    0    0    0    0    3    0    0    0    0    0    0    0    0    0    2    0    0    3    0    0    0    0    0    0    0    0    0    0    0    1    0    0    0    0    0    0    0    0    0    0    0    0   -2    0   -2    0   -1    0    0    3    0    0    3    0    0    0    0    0
    0    0    0    0    0   -1    2    0    0   -3   -1    0    0    0   -2    1    0   -2   -1    0    0    0    0    0    0    0    0    0    0    0   -3    0   -2    0    0    0   -2    0    0    0    0    0    3    0   -2    0    0   -1    0    0    0    0    1    0    0    0    0    2    0    0    0    0    0    0
    0    0   -1   -1    0    0    0    0    0   -2    0    0    0    0    0    0    0    0    0    0    0    0   -2    0    0   -2    0    0    0    0    0    0    0    0    3    0    0    0    0    0    0    0    0    0    0   -2    0    2    0    0    0    2    0    0   -2    0    0    0   -2    0    0    0   -2    0
    0    0    0    0    0    0    0    0    0    0    0    0    0   -1   -3    0    0    0   -1    2    0   -1    0    0    0    0    0    0    0    0    0    0    2   -1    0    0    0    2    0    3    2    0    0    2    3    0    0    0    0    0    0   -3    3    0    0    0    0   -1    0    0    0    0    2    0
    0    0    0    0    1    0    0    0    0    0    0    0    0    0    3    0    0    0    0    0    0    0    0    0    0   -2    0    0    0    1    0    0    0    0    2    0    0    0    0    0    0    0    0    0   -2    0    0    0    0    0    2    0    0    0    0   -2    0    1    0    0    0    0   -1    0
    0    0    0    3    0    2    0    2    1    0    0    0    0    0    0    3    0    0    0    1    0    0    0    0    0    0    0    0    0    0    0    0    0    0    0    0    0    0    0    0    0    0    0    0    0    0    0    0    0    0    0    0    0    0    2    0    0    0    0    0    0    0    0    0
    3    0    0    0    0    0    0    0    0    0    0    0    0   -2    3    3    0   -1    3    0    0    0   -2    0   -2    0    0    0    0    0    0    0    0    0    0   -3    0   -3    0    0   -2    0    0    0    0    0    0    1    0    0    0    1    0    0    0    0    0    3    0    0    0    0    0    0
   -2    0    0    0    0    0    0    0    0    0    0    0    0    0    0    0    0    0    0    0    0    1    1    0   -1    0    0   -3    0    0    0    0    0    0    0    0    0    0    0    3    0    0    0    0   -2    0    0   -3    2    0    0    0    0    0    0    0    0    0    0    0    0    0   -3    0
    0   -2    0    0    0   -2    0    0    0   -1    0    0    0   -3    2    3    0    0    0   -3    0    0   -3    0   -3    0    3    0    0    1    0   -3    0   -1    0    0    0    0    0    0   -1    0    0    2    0    0    0    0    3    0    2    0    0    0    2    0   -3   -3   -2    0    0    1    0    0
ERROR: [COSIM 212-360] Aborting co-simulation: C TB simulation failed.
ERROR: [COSIM 212-320] C TB testing failed, stop generating test vectors. Please check C TB or re-run cosim.
ERROR: [COSIM 212-5] *** C/RTL co-simulation file generation failed. ***
ERROR: [COSIM 212-4] *** C/RTL co-simulation finished: FAIL ***
ERROR: 
INFO: [HLS 200-112] Total CPU user time: 2 seconds. Total CPU system time: 1 seconds. Total elapsed time: 2906.39 seconds; peak allocated memory: 227.711 MB.
