  **** HLS Build v2025.1 6135595
INFO: [HLS 200-2005] Using work_dir C:/GEMM/ASIC/ASIC 
INFO: [HLS 200-2176] Writing Vitis IDE component file C:/GEMM/ASIC/ASIC/vitis-comp.json
INFO: [HLS 200-10] Creating and opening component 'C:/GEMM/ASIC/ASIC'.
INFO: [HLS 200-1505] Using default flow_target 'vivado'
Resolution: For help on HLS 200-1505 see docs.xilinx.com/access/sources/dita/topic?Doc_Version=2025.1%20English&url=ug1448-hls-guidance&resourceid=200-1505.html
INFO: [HLS 200-2174] Applying component config ini file C:/GEMM/ASIC/hls_config.cfg
INFO: [HLS 200-1465] Applying config ini 'syn.file=gp.cpp' from C:/GEMM/ASIC/hls_config.cfg(5)
INFO: [HLS 200-10] Adding design file 'C:/GEMM/ASIC/gp.cpp' to the project
INFO: [HLS 200-1465] Applying config ini 'tb.file=tb.cpp' from C:/GEMM/ASIC/hls_config.cfg(6)
INFO: [HLS 200-10] Adding test bench file 'C:/GEMM/ASIC/tb.cpp' to the project
INFO: [HLS 200-1465] Applying config ini 'syn.top=fmm_reduce_kernel' from C:/GEMM/ASIC/hls_config.cfg(7)
INFO: [HLS 200-1465] Applying config ini 'flow_target=vivado' from C:/GEMM/ASIC/hls_config.cfg(4)
INFO: [HLS 200-1505] Using flow_target 'vivado'
Resolution: For help on HLS 200-1505 see docs.xilinx.com/access/sources/dita/topic?Doc_Version=2025.1%20English&url=ug1448-hls-guidance&resourceid=200-1505.html
INFO: [HLS 200-1465] Applying config ini 'part=xc7a200tfbg676-1' from C:/GEMM/ASIC/hls_config.cfg(1)
INFO: [HLS 200-1611] Setting target device to 'xc7a200t-fbg676-1'
INFO: [HLS 200-1465] Applying config ini 'clock=10ns' from C:/GEMM/ASIC/hls_config.cfg(10)
INFO: [SYN 201-201] Setting up clock 'default' with a period of 10ns.
INFO: [HLS 200-1465] Applying config ini 'clock_uncertainty=1ns' from C:/GEMM/ASIC/hls_config.cfg(11)
INFO: [SYN 201-201] Setting up clock 'default' with an uncertainty of 1ns.
INFO: [HLS 200-1465] Applying config ini 'package.output.format=rtl' from C:/GEMM/ASIC/hls_config.cfg(8)
INFO: [HLS 200-2176] Writing Vitis IDE component file C:/GEMM/ASIC/ASIC/vitis-comp.json
INFO: [SIM 211-2] *************** CSIM start ***************
INFO: [SIM 211-4] CSIM will launch CLANG as the compiler.
INFO: [HLS 200-2036] Building debug C Simulation binaries
   Compiling ../../../../gp.cpp in debug mode
   Generating csim.exe
In file included from ../../../../gp.cpp:4:
In file included from C:/Xilinx/2025.1/Vitis/include/ap_int.h:10:
In file included from C:/Xilinx/2025.1/Vitis/include/etc/ap_common.h:677:
In file included from C:/Xilinx/2025.1/Vitis/include/etc/ap_private.h:68:
In file included from C:/Xilinx/2025.1/Vitis/include/hls_half.h:26:
In file included from C:/Xilinx/2025.1/Vitis/include/etc/hls_half_fpo.h:19:
In file included from C:/Xilinx/2025.1/Vitis/include/hls_fpo.h:140:
In file included from C:/Xilinx/2025.1/Vitis/include/floating_point_v7_1_bitacc_cmodel.h:150:
C:/Xilinx/2025.1/Vitis/include/gmp.h:58:9: warning: '__GMP_LIBGMP_DLL' macro redefined [-Wmacro-redefined]
#define __GMP_LIBGMP_DLL  0
        ^
C:/Xilinx/2025.1/Vitis/include/floating_point_v7_1_bitacc_cmodel.h:142:9: note: previous definition is here
#define __GMP_LIBGMP_DLL 1
        ^
1 warning generated.
fmm_reduce_kernel testbench

=== Handcrafted (k1=5,k2=1) ===
Input (rows=6 cols=8 t=0 tcap=64)
    1    2    3    0    0    0    0    0
    1    2    3    0    0    0    0    0
    0    0    0    4    1    2    0    0
    0    0    0   -4   -1   -2    0    0
    0    0    0    0    0    0    7    0
    0    0    0    0    0    0    0    9
Additions before: 6
Kernel output (original region) (rows=6 cols=8 t=0 tcap=64)
    0    0    0    0    0    0    0    0
    0    0    0    0    0    0    0    0
    0    0    0    0    0    0    0    0
    0    0    0    0    0    0    0    0
    0    0    0    0    0    0    7    0
    0    0    0    0    0    0    0    9
CPU reference (original region) (rows=6 cols=8 t=2 tcap=64)
    0    0    0    0    0    0    0    0
    0    0    0    0    0    0    0    0
    0    0    0    0    0    0    0    0
    0    0    0    0    0    0    0    0
    0    0    0    0    0    0    7    0
    0    0    0    0    0    0    0    9
Additions after (original region) — kernel: 0  CPU ref: 0
CPU full additions (incl. t-space): 2
PASS: kernel original-region matches CPU reference.

=== Random 16x32 (k1=5,k2=1) ===
Input (rows=16 cols=32 t=0 tcap=64)
    0    0    0    0    0    0    0    0    0    0    0    0   -5    0    0    0    0    0    0    0    0    0    0    0    0    0    0    0   -1    0    0    0
    0    0    0    0    0   -3    0    0    0    0    0   -1    0    0    0    0    0    0    0    0    3    0    0    0    0    4    0   -3    0    0    0    0
    0    0    1    0    0    0    0    0    0   -4    0    0    0    0    0    0    0    0    0    0    0    0    0    0   -6    0    0    0    0    5    0    0
    0    3    0    0    0    0    0    0    0    0    0    0    0    0    0    0    0    0    0    0    0    4    0    0    0    0   -2    0    0    0    0   -6
    0    0    0    0    0    0    0    0    0    0    0    0    0    0    0    0    0    0    0    0    0    0    0    0    0    0    0    0    0    0    0    0
    0    0    0    0    0    0    0    0    0    0    0    0    0    0    0   -4    0   -5    0   -4    0    0    0    0    6    0    0    0    0    0    0    0
    0    0    0    0    0    0    0    0    0    0    0    0    0    0    0    0    0    0    0    0    0    0    0    0    0    0    0    0    0    0    0    0
    0    0    0   -2    0    0    2    0    0    0    0    0    0    0    0    5    0    0    0    0    0    0    0    0    0    0    0    0    0    0    0    0
    0    0    0    0    0    0    0    0    0    0    0    5    0    0    0    0    0    0    0    0    0    2    0    0    0    0   -5    0    0    0    0    0
   -3    0    0    0    0    0    0    4    0    0    0    0    0    0    0    0    0    0    0    0    0    0    0    0    0    0    0    0    0    0    0    0
    0    0    0    0    0    0    0    0    0   -6    0    0    4    0    2    0    0    0    0    0    0    0    0    0    0    0    0    4    0    0    0    0
    0    0    0    0   -5    0    0    0   -5    0    0    0    0    0    0    0    0    0    0    0    0    0    0    0    0    0    0    0    0    6    0    0
    0    0   -2    0    0    0    0    0    0    0    0    0    0    0    0    0    0    0    0    0    0    0    4    0    0    0    0    0    0    0    0    0
    0    0    0    0    0   -1    0    0    0    0    0    0   -6    2    0    0    0    0    0   -2    0    0    0    0    0    0    0    0   -1    0    0    0
    0    6    0    0    0    0    6    0    0    0    0    0    0    0    0    0    0    0    0    0    0    0    0    0    0    0    0    0    0    0    0    0
    0    0    0    0    0   -3    0    0    0    0    0    0    0    0    0    0    0    0   -5    0   -4    0    6    0    0    0    0    0    0    0    3    0
Additions before: 19
Kernel output (original region) (rows=16 cols=32 t=0 tcap=64)
    0    0    0    0    0    0    0    0    0    0    0    0   -5    0    0    0    0    0    0    0    0    0    0    0    0    0    0    0   -1    0    0    0
    0    0    0    0    0   -3    0    0    0    0    0   -1    0    0    0    0    0    0    0    0    3    0    0    0    0    4    0   -3    0    0    0    0
    0    0    1    0    0    0    0    0    0   -4    0    0    0    0    0    0    0    0    0    0    0    0    0    0   -6    0    0    0    0    5    0    0
    0    3    0    0    0    0    0    0    0    0    0    0    0    0    0    0    0    0    0    0    0    4    0    0    0    0   -2    0    0    0    0   -6
    0    0    0    0    0    0    0    0    0    0    0    0    0    0    0    0    0    0    0    0    0    0    0    0    0    0    0    0    0    0    0    0
    0    0    0    0    0    0    0    0    0    0    0    0    0    0    0   -4    0   -5    0   -4    0    0    0    0    6    0    0    0    0    0    0    0
    0    0    0    0    0    0    0    0    0    0    0    0    0    0    0    0    0    0    0    0    0    0    0    0    0    0    0    0    0    0    0    0
    0    0    0   -2    0    0    2    0    0    0    0    0    0    0    0    5    0    0    0    0    0    0    0    0    0    0    0    0    0    0    0    0
    0    0    0    0    0    0    0    0    0    0    0    5    0    0    0    0    0    0    0    0    0    2    0    0    0    0   -5    0    0    0    0    0
   -3    0    0    0    0    0    0    4    0    0    0    0    0    0    0    0    0    0    0    0    0    0    0    0    0    0    0    0    0    0    0    0
    0    0    0    0    0    0    0    0    0   -6    0    0    4    0    2    0    0    0    0    0    0    0    0    0    0    0    0    4    0    0    0    0
    0    0    0    0   -5    0    0    0   -5    0    0    0    0    0    0    0    0    0    0    0    0    0    0    0    0    0    0    0    0    6    0    0
    0    0   -2    0    0    0    0    0    0    0    0    0    0    0    0    0    0    0    0    0    0    0    4    0    0    0    0    0    0    0    0    0
    0    0    0    0    0   -1    0    0    0    0    0    0   -6    2    0    0    0    0    0   -2    0    0    0    0    0    0    0    0   -1    0    0    0
    0    6    0    0    0    0    6    0    0    0    0    0    0    0    0    0    0    0    0    0    0    0    0    0    0    0    0    0    0    0    0    0
    0    0    0    0    0   -3    0    0    0    0    0    0    0    0    0    0    0    0   -5    0   -4    0    6    0    0    0    0    0    0    0    3    0
CPU reference (original region) (rows=16 cols=32 t=0 tcap=64)
    0    0    0    0    0    0    0    0    0    0    0    0   -5    0    0    0    0    0    0    0    0    0    0    0    0    0    0    0   -1    0    0    0
    0    0    0    0    0   -3    0    0    0    0    0   -1    0    0    0    0    0    0    0    0    3    0    0    0    0    4    0   -3    0    0    0    0
    0    0    1    0    0    0    0    0    0   -4    0    0    0    0    0    0    0    0    0    0    0    0    0    0   -6    0    0    0    0    5    0    0
    0    3    0    0    0    0    0    0    0    0    0    0    0    0    0    0    0    0    0    0    0    4    0    0    0    0   -2    0    0    0    0   -6
    0    0    0    0    0    0    0    0    0    0    0    0    0    0    0    0    0    0    0    0    0    0    0    0    0    0    0    0    0    0    0    0
    0    0    0    0    0    0    0    0    0    0    0    0    0    0    0   -4    0   -5    0   -4    0    0    0    0    6    0    0    0    0    0    0    0
    0    0    0    0    0    0    0    0    0    0    0    0    0    0    0    0    0    0    0    0    0    0    0    0    0    0    0    0    0    0    0    0
    0    0    0   -2    0    0    2    0    0    0    0    0    0    0    0    5    0    0    0    0    0    0    0    0    0    0    0    0    0    0    0    0
    0    0    0    0    0    0    0    0    0    0    0    5    0    0    0    0    0    0    0    0    0    2    0    0    0    0   -5    0    0    0    0    0
   -3    0    0    0    0    0    0    4    0    0    0    0    0    0    0    0    0    0    0    0    0    0    0    0    0    0    0    0    0    0    0    0
    0    0    0    0    0    0    0    0    0   -6    0    0    4    0    2    0    0    0    0    0    0    0    0    0    0    0    0    4    0    0    0    0
    0    0    0    0   -5    0    0    0   -5    0    0    0    0    0    0    0    0    0    0    0    0    0    0    0    0    0    0    0    0    6    0    0
    0    0   -2    0    0    0    0    0    0    0    0    0    0    0    0    0    0    0    0    0    0    0    4    0    0    0    0    0    0    0    0    0
    0    0    0    0    0   -1    0    0    0    0    0    0   -6    2    0    0    0    0    0   -2    0    0    0    0    0    0    0    0   -1    0    0    0
    0    6    0    0    0    0    6    0    0    0    0    0    0    0    0    0    0    0    0    0    0    0    0    0    0    0    0    0    0    0    0    0
    0    0    0    0    0   -3    0    0    0    0    0    0    0    0    0    0    0    0   -5    0   -4    0    6    0    0    0    0    0    0    0    3    0
Additions after (original region) — kernel: 19  CPU ref: 19
CPU full additions (incl. t-space): 19
PASS: kernel original-region matches CPU reference.

=== Random 32x64 (k1=5,k2=1) ===
Input (rows=32 cols=64 t=0 tcap=64)
   -2    0    0    0    0    0    0    0    0    1    0    0    0    0    0    1    0    0   -2    0    0    0    0    0   -2    0    0    0    0    3    0    0    0   -2    0   -3    0    0    0    0    0    0    0    1    0    1    0    0    0    0    0    3    0    0    0    0   -2    0    0    0    0    0    0    0
    0   -3    0    0   -3    0    0    0    0    0    0    0    0    3    0    0    0    0    0    0    0    0    0    0    0   -2    0    0    0    0    0    0    0    0    0    0    0    0    0    0    3    0    0    0    0    0    0    0    1    0    0    0    0    0    0    0    1    0    0    0    0    0    0    0
    0    0    0    0    0    0    0   -2    0    0    0    0    0    0    0    0   -3   -2   -1    0    0    0    0    0   -2    0   -1    0    0    0   -1    0    0    0    0    0    0    0    3    0    0    0    0    0    0    0    0    0    0    0    0   -3    0   -3    3    0    0    0    0    0    0    0    0    1
   -3    0   -3    0    0    2    0    0    0   -3    0   -3    0    0    3    0    0    0    0    1    0    0    0    0    0    0    0    0    0    0    0    0    0    0    0    0    0    0    0    0    0    0    0    0    0    0    0    0    0    0    0    0    1    0   -2    0   -3    0    0    0    3    0    0    0
    0    0    0    0    0    0    0    0    0    0    2    3    0    0    0    0    0    0    0    3    0    0    0    0    0    2   -1    0    0    2    0    0    0    0    2    0    3    0    0    0    0    0    0    0    0    0    0    0    0    0   -1    0    0    0    0    0    0    0    0    0    0    0    0    0
    0    0    0    0    0    0    0    0    0    0    0    0    0    0    0   -2    0    0    0    0    1    0    0    0    0    0    0    0    1    0    0    0    0    1    0    0    0    0    0    0    0    3    1    0    0    0    1    0    0    0   -3    2    2    0    0    0    0    0    0    0   -2    0   -1    0
    0    0    0    0    0    3    0    0    0    0    0    0    0    0    0    0    0    0   -3    0   -1    0    0    0    0    0    0    0    0    0    0    2    0    0    0    0    0    0   -2    0    3    0    0    0    0    1    0    0    0    0    0    0    0    0    0    0   -2    0   -2    0    0    0    0   -3
    0    0   -3    0   -3    0    0    0    0    0    0   -2    0   -2    0    0    0    0    0   -2    0    2   -3   -1    0    0    2   -3   -3    0    0    0    0    0    0    0    0    0    0    0    0    0    0    0   -1    0    0    3    0    2   -1    0    0    2    0    0    0    0    0    0    0   -3    0    0
    0    0   -3    0    0    0    0    1    0    0    0    0    0    0    0    0    0    0    0    0    0    0    0    0   -3    0    0    0    0    0    0    0    0    0    0    0    0   -1    0    3    0    0    3    0    0    0    1    0    0    0    1    0    0    0    1    0    0    0    0    0   -2    2    0    0
    0    0    0    0    0    0    0    0    0    0    0    0    0    0   -2    0    0    0    0    0    0    0    0    1    2    1    0    3    0    0    0    0    0    0    0    0    0    0    0   -1    0    0    0    0    0    0    0    0    0   -1    0    3   -2    0   -1    3    0    0    2    0    0    0   -3    2
    2    0    0    0   -1   -1    1    0    0    1    0    2    0   -1    0    0    0    0    0    0    0    0    1    1    0    0    3    0    0    0    0    0    0    0    0    0    0    0    0    0    0    0    0    0    0    0    0    0    0   -2    0   -3    0    0    0    0    0    0    0    0    2    0    0   -1
   -1    0    0    0    0    0    0    0    0    0    0    3   -2    0    0    2    0    0    0    0    0    0    0    0    0    0    0    0   -2    0    0    0    0    0    0    3    0    0    0    0    0    0    0    0    0    0    0    3    2   -2    0    0   -3    0    0    0    0    0   -1   -2    0    0    0   -2
    0   -3    0    0   -1    0    0    0    0    0   -3    0    0    0    0   -1    0    0   -3    0    0    2    0    0    0    0   -2   -2    0    0   -3    0    0    0    0    0    0    0    0    0    0   -1    0    0    0    0    1    0   -3    0    0    3    0    0    0    0    0    0    0    0    0    0    0    0
    0    0    0   -2    0    0    0    0    0    0    0    0   -3    0    0    0    0    0    0    0    0   -2    0    0    0    0    0    0    0    1    0    0    0    2   -3    0    0    0    0    0    0    0    0    0   -2    0    0    3   -2    0    0    0    0    3    0    0    0    0    0   -2    3    0    0    0
    0    0    0    0    0    0    0    0   -1    2    0    0    0    0    0    3    0    0    0    0    0    0   -3    2    0    0    0    0    0   -2    3    0    0    0    0    0    0    0    0    0    0    1    0    0    0    0    0    0    0    0    0    0    0    0    0    0    0    0    0    0    0    0    0    2
    0    0    0    0    0    1    0   -1   -1    0    1    0    0    0    0    0    1    0    2    0    0    3   -3    1    0    0   -3    0    0    0    0    0    0    0    0    0    0    0    0    0    0    0    1    0    0    0    0    0   -1    0    0    1    0    0    0    0    0    0    0    3    0    0    0    0
    0   -2    0    0    0    0    1    0    0    0    3    0    3    0    0    0    0    3    0    2    0    1    0    0    0    0    0    0    0    0    0    0    0    1    0    0    0    0    0    0    0    0    0    0    0    0    0    0    0    0    0    0    0    0    0    0    0    0    0    0    0   -2    0    0
    0    0   -1   -3    0    0    3   -3    0    1    0    0    1    0    0    2    0    0    0    0    0    0    0    0    2    0    0    0   -1    0    0    0    0    0   -3   -2    0    0    0    0    0    0    0    0    0    0    0    0    0    0   -2    0    0    0    0    0    0    1   -2    0    0    0    0    0
    0    2    0    0    0    0    0    0    0   -2    2    0    0    0    0    0    0    2   -2    0    0    0    0   -1    0    0    1    0    0    0    0    0    0    0    3    0    0    0   -3   -2    0    0    0    0    0    1    0    0    0    0    0    0    1    0   -3    0    0    0    0    0    1    0    0    0
    0    0    0    0    0    2   -2    0   -1    1    0   -3    0    1    0    0    0    0    0    0    3    1    0   -1   -1    0    0    0    0    0    0   -3    2    0    0    0    0    0    0    0    0    0    0    0    0    0    0   -1    0    0    1    0    0    0    0    0    0    0   -3    0    0    0    0   -1
    3   -2    0    0   -2   -3    0    0    0    0    0    0    0    0    0    0    0    0    1    0    0    0    0    0    0    0    0    1    0    0    0    0    0    0    0    0    0    0    0    0    0   -3    0    0   -1    0    1    0    0    0    0    0    3    0    0   -1   -3    0    0    0    0    0    0    0
    0    0    0    0    0    0    1    0    0    0    0    0    0    3    0    0    0    0    2    0    3    0    0    0    0    2    0    1    1    0    3    1    0    0    3    0    0    0    0   -2    0   -1    0    0    0    0    0    0   -1   -3    0    0    0    0    0    2    0    0    0    0    0    0    0    0
    0    0    0    0    0    0    0   -3    0    0    0    1    0    0    0    0    0    0    0    0    0    0    0    0    0    0    0    3    2    0    0    0    0    2    0    0    0    0    0    0    0    0    0    0    0    0   -3    0    0    1    0    3    0    0    0    0    0    0    0    1    0   -3    1    0
    0    0    3    0    0    0    0    0    0    0    3    0    0    0    0    0    0    0    0    0    2    0    0    3    0    0    0    0    0    0    0    0    0    0    0    1    0    0    0    0    0    0    0    0    0    0    0    0   -2    0   -2    0   -1    0    0    3    0    0    3    0    0    0    0    0
    0    0    0    0    0   -1    2    0    0   -3   -1    0    0    0   -2    1    0   -2   -1    0    0    0    0    0    0    0    0    0    0    0   -3    0   -2    0    0    0   -2    0    0    0    0    0    3    0   -2    0    0   -1    0    0    0    0    1    0    0    0    0    2    0    0    0    0    0    0
    0    0   -1   -1    0    0    0    0    0   -2    0    0    0    0    0    0    0    0    0    0    0    0   -2    0    0   -2    0    0    0    0    0    0    0    0    3    0    0    0    0    0    0    0    0    0    0   -2    0    2    0    0    0    2    0    0   -2    0    0    0   -2    0    0    0   -2    0
    0    0    0    0    0    0    0    0    0    0    0    0    0   -1   -3    0    0    0   -1    2    0   -1    0    0    0    0    0    0    0    0    0    0    2   -1    0    0    0    2    0    3    2    0    0    2    3    0    0    0    0    0    0   -3    3    0    0    0    0   -1    0    0    0    0    2    0
    0    0    0    0    1    0    0    0    0    0    0    0    0    0    3    0    0    0    0    0    0    0    0    0    0   -2    0    0    0    1    0    0    0    0    2    0    0    0    0    0    0    0    0    0   -2    0    0    0    0    0    2    0    0    0    0   -2    0    1    0    0    0    0   -1    0
    0    0    0    3    0    2    0    2    1    0    0    0    0    0    0    3    0    0    0    1    0    0    0    0    0    0    0    0    0    0    0    0    0    0    0    0    0    0    0    0    0    0    0    0    0    0    0    0    0    0    0    0    0    0    2    0    0    0    0    0    0    0    0    0
    3    0    0    0    0    0    0    0    0    0    0    0    0   -2    3    3    0   -1    3    0    0    0   -2    0   -2    0    0    0    0    0    0    0    0    0    0   -3    0   -3    0    0   -2    0    0    0    0    0    0    1    0    0    0    1    0    0    0    0    0    3    0    0    0    0    0    0
   -2    0    0    0    0    0    0    0    0    0    0    0    0    0    0    0    0    0    0    0    0    1    1    0   -1    0    0   -3    0    0    0    0    0    0    0    0    0    0    0    3    0    0    0    0   -2    0    0   -3    2    0    0    0    0    0    0    0    0    0    0    0    0    0   -3    0
    0   -2    0    0    0   -2    0    0    0   -1    0    0    0   -3    2    3    0    0    0   -3    0    0   -3    0   -3    0    3    0    0    1    0   -3    0   -1    0    0    0    0    0    0   -1    0    0    2    0    0    0    0    3    0    2    0    0    0    2    0   -3   -3   -2    0    0    1    0    0
Additions before: 334
Kernel output (original region) (rows=32 cols=64 t=0 tcap=64)
    0    0    0    0    0    0    0    0    0    1    0    0    0    0    0    1    0    0   -2    0    0    0    0    0    0    0    0    0    0    3    0    0    0   -2    0    0    0    0    0    0    0    0    0    1    0    0    0    0    0    0    0    0    0    0    0    0    0    0    0    0    0    0    0    0
    0   -3    0    0   -3    0    0    0    0    0    0    0    0    3    0    0    0    0    0    0    0    0    0    0    0    0    0    0    0    0    0    0    0    0    0    0    0    0    0    0    3    0    0    0    0    0    0    0    0    0    0    0    0    0    0    0    1    0    0    0    0    0    0    0
    0    0    0    0    0    0    0   -2    0    0    0    0    0    0    0    0   -3    0    0    0    0    0    0    0   -2    0    0    0    0    0   -1    0    0    0    0    0    0    0    0    0    0    0    0    0    0    0    0    0    0    0    0    0    0   -3    0    0    0    0    0    0    0    0    0    1
   -3    0    0    0    0    0    0    0    0   -3    0   -3    0    0    3    0    0    0    0    0    0    0    0    0    0    0    0    0    0    0    0    0    0    0    0    0    0    0    0    0    0    0    0    0    0    0    0    0    0    0    0    0    0    0   -2    0   -3    0    0    0    3    0    0    0
    0    0    0    0    0    0    0    0    0    0    2    0    0    0    0    0    0    0    0    3    0    0    0    0    0    2   -1    0    0    2    0    0    0    0    2    0    3    0    0    0    0    0    0    0    0    0    0    0    0    0    0    0    0    0    0    0    0    0    0    0    0    0    0    0
    0    0    0    0    0    0    0    0    0    0    0    0    0    0    0    0    0    0    0    0    1    0    0    0    0    0    0    0    0    0    0    0    0    1    0    0    0    0    0    0    0    3    1    0    0    0    0    0    0    0   -3    2    2    0    0    0    0    0    0    0    0    0   -1    0
    0    0    0    0    0    3    0    0    0    0    0    0    0    0    0    0    0    0   -3    0   -1    0    0    0    0    0    0    0    0    0    0    2    0    0    0    0    0    0   -2    0    3    0    0    0    0    0    0    0    0    0    0    0    0    0    0    0    0    0   -2    0    0    0    0   -3
    0    0   -3    0   -3    0    0    0    0    0    0    0    0   -2    0    0    0    0    0   -2    0    2   -3    0    0    0    2   -3   -3    0    0    0    0    0    0    0    0    0    0    0    0    0    0    0   -1    0    0    3    0    0   -1    0    0    2    0    0    0    0    0    0    0   -3    0    0
    0    0   -3    0    0    0    0    1    0    0    0    0    0    0    0    0    0    0    0    0    0    0    0    0   -3    0    0    0    0    0    0    0    0    0    0    0    0   -1    0    3    0    0    3    0    0    0    0    0    0    0    1    0    0    0    1    0    0    0    0    0    0    2    0    0
    0    0    0    0    0    0    0    0    0    0    0    0    0    0    0    0    0    0    0    0    0    0    0    1    2    1    0    0    0    0    0    0    0    0    0    0    0    0    0   -1    0    0    0    0    0    0    0    0    0   -1    0    0   -2    0   -1    3    0    0    0    0    0    0   -3    2
    0    0    0    0   -1    0    1    0    0    0    0    0    0   -1    0    0    0    0    0    0    0    0    1    0    0    0    0    0    0    0    0    0    0    0    0    0    0    0    0    0    0    0    0    0    0    0    0    0    0    0    0    0    0    0    0    0    0    0    0    0    2    0    0    0
   -1    0    0    0    0    0    0    0    0    0    0    3   -2    0    0    2    0    0    0    0    0    0    0    0    0    0    0    0   -2    0    0    0    0    0    0    3    0    0    0    0    0    0    0    0    0    0    0    0    2   -2    0    0   -3    0    0    0    0    0   -1    0    0    0    0   -2
    0   -3    0    0   -1    0    0    0    0    0   -3    0    0    0    0   -1    0    0   -3    0    0    2    0    0    0    0   -2   -2    0    0    0    0    0    0    0    0    0    0    0    0    0    0    0    0    0    0    1    0   -3    0    0    3    0    0    0    0    0    0    0    0    0    0    0    0
    0    0    0   -2    0    0    0    0    0    0    0    0   -3    0    0    0    0    0    0    0    0   -2    0    0    0    0    0    0    0    0    0    0    0    2   -3    0    0    0    0    0    0    0    0    0    0    0    0    0   -2    0    0    0    0    3    0    0    0    0    0    0    3    0    0    0
    0    0    0    0    0    0    0    0    0    2    0    0    0    0    0    3    0    0    0    0    0    0    0    2    0    0    0    0    0   -2    0    0    0    0    0    0    0    0    0    0    0    0    0    0    0    0    0    0    0    0    0    0    0    0    0    0    0    0    0    0    0    0    0    2
    0    0    0    0    0    0    0   -1    0    0    1    0    0    0    0    0    1    0    0    0    0    3    0    0    0    0    0    0    0    0    0    0    0    0    0    0    0    0    0    0    0    0    1    0    0    0    0    0   -1    0    0    1    0    0    0    0    0    0    0    3    0    0    0    0
    0   -2    0    0    0    0    1    0    0    0    3    0    3    0    0    0    0    3    0    2    0    0    0    0    0    0    0    0    0    0    0    0    0    0    0    0    0    0    0    0    0    0    0    0    0    0    0    0    0    0    0    0    0    0    0    0    0    0    0    0    0   -2    0    0
    0    0    0   -3    0    0    3   -3    0    0    0    0    1    0    0    0    0    0    0    0    0    0    0    0    2    0    0    0    0    0    0    0    0    0   -3   -2    0    0    0    0    0    0    0    0    0    0    0    0    0    0    0    0    0    0    0    0    0    1    0    0    0    0    0    0
    0    2    0    0    0    0    0    0    0   -2    2    0    0    0    0    0    0    0    0    0    0    0    0    0    0    0    0    0    0    0    0    0    0    0    0    0    0    0    0    0    0    0    0    0    0    1    0    0    0    0    0    0    1    0    0    0    0    0    0    0    1    0    0    0
    0    0    0    0    0    2    0    0   -1    0    0    0    0    1    0    0    0    0    0    0    3    0    0   -1    0    0    0    0    0    0    0   -3    0    0    0    0    0    0    0    0    0    0    0    0    0    0    0   -1    0    0    0    0    0    0    0    0    0    0   -3    0    0    0    0    0
    3    0    0    0   -2   -3    0    0    0    0    0    0    0    0    0    0    0    0    1    0    0    0    0    0    0    0    0    1    0    0    0    0    0    0    0    0    0    0    0    0    0   -3    0    0   -1    0    1    0    0    0    0    0    3    0    0   -1    0    0    0    0    0    0    0    0
    0    0    0    0    0    0    1    0    0    0    0    0    0    3    0    0    0    0    2    0    3    0    0    0    0    0    0    1    1    0    3    1    0    0    0    0    0    0    0    0    0   -1    0    0    0    0    0    0    0   -3    0    0    0    0    0    2    0    0    0    0    0    0    0    0
    0    0    0    0    0    0    0   -3    0    0    0    1    0    0    0    0    0    0    0    0    0    0    0    0    0    0    0    0    2    0    0    0    0    2    0    0    0    0    0    0    0    0    0    0    0    0   -3    0    0    1    0    0    0    0    0    0    0    0    0    1    0   -3    1    0
    0    0    0    0    0    0    0    0    0    0    3    0    0    0    0    0    0    0    0    0    2    0    0    3    0    0    0    0    0    0    0    0    0    0    0    1    0    0    0    0    0    0    0    0    0    0    0    0   -2    0   -2    0    0    0    0    3    0    0    3    0    0    0    0    0
    0    0    0    0    0   -1    0    0    0   -3   -1    0    0    0   -2    1    0   -2   -1    0    0    0    0    0    0    0    0    0    0    0   -3    0    0    0    0    0   -2    0    0    0    0    0    3    0   -2    0    0   -1    0    0    0    0    1    0    0    0    0    2    0    0    0    0    0    0
    0    0    0   -1    0    0    0    0    0   -2    0    0    0    0    0    0    0    0    0    0    0    0   -2    0    0   -2    0    0    0    0    0    0    0    0    3    0    0    0    0    0    0    0    0    0    0   -2    0    2    0    0    0    2    0    0   -2    0    0    0    0    0    0    0   -2    0
    0    0    0    0    0    0    0    0    0    0    0    0    0   -1    0    0    0    0    0    2    0    0    0    0    0    0    0    0    0    0    0    0    2    0    0    0    0    2    0    3    2    0    0    2    3    0    0    0    0    0    0    0    3    0    0    0    0    0    0    0    0    0    2    0
    0    0    0    0    1    0    0    0    0    0    0    0    0    0    0    0    0    0    0    0    0    0    0    0    0   -2    0    0    0    0    0    0    0    0    2    0    0    0    0    0    0    0    0    0    0    0    0    0    0    0    2    0    0    0    0   -2    0    0    0    0    0    0   -1    0
    0    0    0    3    0    0    0    2    1    0    0    0    0    0    0    0    0    0    0    0    0    0    0    0    0    0    0    0    0    0    0    0    0    0    0    0    0    0    0    0    0    0    0    0    0    0    0    0    0    0    0    0    0    0    0    0    0    0    0    0    0    0    0    0
    3    0    0    0    0    0    0    0    0    0    0    0    0   -2    3    3    0   -1    3    0    0    0   -2    0    0    0    0    0    0    0    0    0    0    0    0    0    0   -3    0    0   -2    0    0    0    0    0    0    1    0    0    0    1    0    0    0    0    0    3    0    0    0    0    0    0
   -2    0    0    0    0    0    0    0    0    0    0    0    0    0    0    0    0    0    0    0    0    0    1    0    0    0    0   -3    0    0    0    0    0    0    0    0    0    0    0    3    0    0    0    0   -2    0    0   -3    2    0    0    0    0    0    0    0    0    0    0    0    0    0   -3    0
    0    0    0    0    0   -2    0    0    0    0    0    0    0   -3    0    0    0    0    0   -3    0    0   -3    0   -3    0    3    0    0    1    0   -3    0   -1    0    0    0    0    0    0   -1    0    0    2    0    0    0    0    3    0    0    0    0    0    0    0    0   -3    0    0    0    1    0    0
CPU reference (original region) (rows=32 cols=64 t=30 tcap=64)
    0    0    0    0    0    0    0    0    0    1    0    0    0    0    0    1    0    0   -2    0    0    0    0    0    0    0    0    0    0    3    0    0    0   -2    0    0    0    0    0    0    0    0    0    1    0    0    0    0    0    0    0    0    0    0    0    0    0    0    0    0    0    0    0    0
    0   -3    0    0   -3    0    0    0    0    0    0    0    0    3    0    0    0    0    0    0    0    0    0    0    0    0    0    0    0    0    0    0    0    0    0    0    0    0    0    0    3    0    0    0    0    0    0    0    0    0    0    0    0    0    0    0    1    0    0    0    0    0    0    0
    0    0    0    0    0    0    0   -2    0    0    0    0    0    0    0    0   -3    0    0    0    0    0    0    0   -2    0    0    0    0    0   -1    0    0    0    0    0    0    0    0    0    0    0    0    0    0    0    0    0    0    0    0    0    0   -3    0    0    0    0    0    0    0    0    0    1
   -3    0    0    0    0    0    0    0    0   -3    0   -3    0    0    3    0    0    0    0    0    0    0    0    0    0    0    0    0    0    0    0    0    0    0    0    0    0    0    0    0    0    0    0    0    0    0    0    0    0    0    0    0    0    0   -2    0   -3    0    0    0    3    0    0    0
    0    0    0    0    0    0    0    0    0    0    2    0    0    0    0    0    0    0    0    3    0    0    0    0    0    2   -1    0    0    2    0    0    0    0    2    0    3    0    0    0    0    0    0    0    0    0    0    0    0    0    0    0    0    0    0    0    0    0    0    0    0    0    0    0
    0    0    0    0    0    0    0    0    0    0    0    0    0    0    0    0    0    0    0    0    1    0    0    0    0    0    0    0    0    0    0    0    0    1    0    0    0    0    0    0    0    3    1    0    0    0    0    0    0    0   -3    2    2    0    0    0    0    0    0    0    0    0   -1    0
    0    0    0    0    0    3    0    0    0    0    0    0    0    0    0    0    0    0   -3    0   -1    0    0    0    0    0    0    0    0    0    0    2    0    0    0    0    0    0   -2    0    3    0    0    0    0    0    0    0    0    0    0    0    0    0    0    0    0    0   -2    0    0    0    0   -3
    0    0   -3    0   -3    0    0    0    0    0    0    0    0   -2    0    0    0    0    0   -2    0    2   -3    0    0    0    2   -3   -3    0    0    0    0    0    0    0    0    0    0    0    0    0    0    0   -1    0    0    3    0    0   -1    0    0    2    0    0    0    0    0    0    0   -3    0    0
    0    0   -3    0    0    0    0    1    0    0    0    0    0    0    0    0    0    0    0    0    0    0    0    0   -3    0    0    0    0    0    0    0    0    0    0    0    0   -1    0    3    0    0    3    0    0    0    0    0    0    0    1    0    0    0    1    0    0    0    0    0    0    2    0    0
    0    0    0    0    0    0    0    0    0    0    0    0    0    0    0    0    0    0    0    0    0    0    0    1    2    1    0    0    0    0    0    0    0    0    0    0    0    0    0   -1    0    0    0    0    0    0    0    0    0   -1    0    0   -2    0   -1    3    0    0    0    0    0    0   -3    2
    0    0    0    0   -1    0    1    0    0    0    0    0    0   -1    0    0    0    0    0    0    0    0    1    0    0    0    0    0    0    0    0    0    0    0    0    0    0    0    0    0    0    0    0    0    0    0    0    0    0    0    0    0    0    0    0    0    0    0    0    0    2    0    0    0
   -1    0    0    0    0    0    0    0    0    0    0    3   -2    0    0    2    0    0    0    0    0    0    0    0    0    0    0    0   -2    0    0    0    0    0    0    3    0    0    0    0    0    0    0    0    0    0    0    0    2   -2    0    0   -3    0    0    0    0    0   -1    0    0    0    0   -2
    0   -3    0    0   -1    0    0    0    0    0   -3    0    0    0    0   -1    0    0   -3    0    0    2    0    0    0    0   -2   -2    0    0    0    0    0    0    0    0    0    0    0    0    0    0    0    0    0    0    1    0   -3    0    0    3    0    0    0    0    0    0    0    0    0    0    0    0
    0    0    0   -2    0    0    0    0    0    0    0    0   -3    0    0    0    0    0    0    0    0   -2    0    0    0    0    0    0    0    0    0    0    0    2   -3    0    0    0    0    0    0    0    0    0    0    0    0    0   -2    0    0    0    0    3    0    0    0    0    0    0    3    0    0    0
    0    0    0    0    0    0    0    0    0    2    0    0    0    0    0    3    0    0    0    0    0    0    0    2    0    0    0    0    0   -2    0    0    0    0    0    0    0    0    0    0    0    0    0    0    0    0    0    0    0    0    0    0    0    0    0    0    0    0    0    0    0    0    0    2
    0    0    0    0    0    0    0   -1    0    0    1    0    0    0    0    0    1    0    0    0    0    3    0    0    0    0    0    0    0    0    0    0    0    0    0    0    0    0    0    0    0    0    1    0    0    0    0    0   -1    0    0    1    0    0    0    0    0    0    0    3    0    0    0    0
    0   -2    0    0    0    0    1    0    0    0    3    0    3    0    0    0    0    3    0    2    0    0    0    0    0    0    0    0    0    0    0    0    0    0    0    0    0    0    0    0    0    0    0    0    0    0    0    0    0    0    0    0    0    0    0    0    0    0    0    0    0   -2    0    0
    0    0    0   -3    0    0    3   -3    0    0    0    0    1    0    0    0    0    0    0    0    0    0    0    0    2    0    0    0    0    0    0    0    0    0   -3   -2    0    0    0    0    0    0    0    0    0    0    0    0    0    0    0    0    0    0    0    0    0    1    0    0    0    0    0    0
    0    2    0    0    0    0    0    0    0   -2    2    0    0    0    0    0    0    0    0    0    0    0    0    0    0    0    0    0    0    0    0    0    0    0    0    0    0    0    0    0    0    0    0    0    0    1    0    0    0    0    0    0    1    0    0    0    0    0    0    0    1    0    0    0
    0    0    0    0    0    2    0    0   -1    0    0    0    0    1    0    0    0    0    0    0    3    0    0   -1    0    0    0    0    0    0    0   -3    0    0    0    0    0    0    0    0    0    0    0    0    0    0    0   -1    0    0    0    0    0    0    0    0    0    0   -3    0    0    0    0    0
    3    0    0    0   -2   -3    0    0    0    0    0    0    0    0    0    0    0    0    1    0    0    0    0    0    0    0    0    1    0    0    0    0    0    0    0    0    0    0    0    0    0   -3    0    0   -1    0    1    0    0    0    0    0    3    0    0   -1    0    0    0    0    0    0    0    0
    0    0    0    0    0    0    1    0    0    0    0    0    0    3    0    0    0    0    2    0    3    0    0    0    0    0    0    1    1    0    3    1    0    0    0    0    0    0    0    0    0   -1    0    0    0    0    0    0    0   -3    0    0    0    0    0    2    0    0    0    0    0    0    0    0
    0    0    0    0    0    0    0   -3    0    0    0    1    0    0    0    0    0    0    0    0    0    0    0    0    0    0    0    0    2    0    0    0    0    2    0    0    0    0    0    0    0    0    0    0    0    0   -3    0    0    1    0    0    0    0    0    0    0    0    0    1    0   -3    1    0
    0    0    0    0    0    0    0    0    0    0    3    0    0    0    0    0    0    0    0    0    2    0    0    3    0    0    0    0    0    0    0    0    0    0    0    1    0    0    0    0    0    0    0    0    0    0    0    0   -2    0   -2    0    0    0    0    3    0    0    3    0    0    0    0    0
    0    0    0    0    0   -1    0    0    0   -3   -1    0    0    0   -2    1    0   -2   -1    0    0    0    0    0    0    0    0    0    0    0   -3    0    0    0    0    0   -2    0    0    0    0    0    3    0   -2    0    0   -1    0    0    0    0    1    0    0    0    0    2    0    0    0    0    0    0
    0    0    0   -1    0    0    0    0    0   -2    0    0    0    0    0    0    0    0    0    0    0    0   -2    0    0   -2    0    0    0    0    0    0    0    0    3    0    0    0    0    0    0    0    0    0    0   -2    0    2    0    0    0    2    0    0   -2    0    0    0    0    0    0    0   -2    0
    0    0    0    0    0    0    0    0    0    0    0    0    0   -1    0    0    0    0    0    2    0    0    0    0    0    0    0    0    0    0    0    0    2    0    0    0    0    2    0    3    2    0    0    2    3    0    0    0    0    0    0    0    3    0    0    0    0    0    0    0    0    0    2    0
    0    0    0    0    1    0    0    0    0    0    0    0    0    0    0    0    0    0    0    0    0    0    0    0    0   -2    0    0    0    0    0    0    0    0    2    0    0    0    0    0    0    0    0    0    0    0    0    0    0    0    2    0    0    0    0   -2    0    0    0    0    0    0   -1    0
    0    0    0    3    0    0    0    2    1    0    0    0    0    0    0    0    0    0    0    0    0    0    0    0    0    0    0    0    0    0    0    0    0    0    0    0    0    0    0    0    0    0    0    0    0    0    0    0    0    0    0    0    0    0    0    0    0    0    0    0    0    0    0    0
    3    0    0    0    0    0    0    0    0    0    0    0    0   -2    3    3    0   -1    3    0    0    0   -2    0    0    0    0    0    0    0    0    0    0    0    0    0    0   -3    0    0   -2    0    0    0    0    0    0    1    0    0    0    1    0    0    0    0    0    3    0    0    0    0    0    0
   -2    0    0    0    0    0    0    0    0    0    0    0    0    0    0    0    0    0    0    0    0    0    1    0    0    0    0   -3    0    0    0    0    0    0    0    0    0    0    0    3    0    0    0    0   -2    0    0   -3    2    0    0    0    0    0    0    0    0    0    0    0    0    0   -3    0
    0    0    0    0    0   -2    0    0    0    0    0    0    0   -3    0    0    0    0    0   -3    0    0   -3    0   -3    0    3    0    0    1    0   -3    0   -1    0    0    0    0    0    0   -1    0    0    2    0    0    0    0    3    0    0    0    0    0    0    0    0   -3    0    0    0    1    0    0
Additions after (original region) — kernel: 208  CPU ref: 208
CPU full additions (incl. t-space): 301
PASS: kernel original-region matches CPU reference.

=== All-zero (k1=5,k2=1) ===
Input (rows=4 cols=4 t=0 tcap=64)
    0    0    0    0
    0    0    0    0
    0    0    0    0
    0    0    0    0
Additions before: 0
Kernel output (original region) (rows=4 cols=4 t=0 tcap=64)
    0    0    0    0
    0    0    0    0
    0    0    0    0
    0    0    0    0
CPU reference (original region) (rows=4 cols=4 t=0 tcap=64)
    0    0    0    0
    0    0    0    0
    0    0    0    0
    0    0    0    0
Additions after (original region) — kernel: 0  CPU ref: 0
CPU full additions (incl. t-space): 0
PASS: kernel original-region matches CPU reference.

=== Single-row (k1=5,k2=1) ===
Input (rows=1 cols=8 t=0 tcap=64)
    1    2    3    4    5    6    7    8
Additions before: 0
Kernel output (original region) (rows=1 cols=8 t=0 tcap=64)
    1    2    3    4    5    6    7    8
CPU reference (original region) (rows=1 cols=8 t=0 tcap=64)
    1    2    3    4    5    6    7    8
Additions after (original region) — kernel: 0  CPU ref: 0
CPU full additions (incl. t-space): 0
PASS: kernel original-region matches CPU reference.

=== Handcrafted (k1=1,k2=0) ===
Input (rows=6 cols=8 t=0 tcap=64)
    1    2    3    0    0    0    0    0
    1    2    3    0    0    0    0    0
    0    0    0    4    1    2    0    0
    0    0    0   -4   -1   -2    0    0
    0    0    0    0    0    0    7    0
    0    0    0    0    0    0    0    9
Additions before: 6
Kernel output (original region) (rows=6 cols=8 t=0 tcap=64)
    0    0    0    0    0    0    0    0
    0    0    0    0    0    0    0    0
    0    0    0    0    0    0    0    0
    0    0    0    0    0    0    0    0
    0    0    0    0    0    0    7    0
    0    0    0    0    0    0    0    9
CPU reference (original region) (rows=6 cols=8 t=2 tcap=64)
    0    0    0    0    0    0    0    0
    0    0    0    0    0    0    0    0
    0    0    0    0    0    0    0    0
    0    0    0    0    0    0    0    0
    0    0    0    0    0    0    7    0
    0    0    0    0    0    0    0    9
Additions after (original region) — kernel: 0  CPU ref: 0
CPU full additions (incl. t-space): 2
PASS: kernel original-region matches CPU reference.

=== Random 8x16 (k1=3,k2=2) ===
Input (rows=8 cols=16 t=0 tcap=64)
    4    3    0    0    0    0    0    0    0    0    3    0    0    0    0    0
    0    0    0    0    0    0    0    1    0    1    0    0    0    0    4    0
    0    0    0    0    0    0   -4   -1    0   -2    0    0    0    3    0    0
    1   -2    0    0   -2    0    0    1   -2    0    0   -3    0    0    0    0
    0    0    2    1   -1    0    3    0    0    0    0    0    0    0    0    0
    2    2    0    0    0   -1    0    0    0    0    0    0   -3    0    0    0
   -4    0    0    1    0    0    0    0    0   -2    0    0   -4    0    0   -1
    0    0    0    0    0    0    0    0    0    0    0    0    0    0    0   -2
Additions before: 14
Kernel output (original region) (rows=8 cols=16 t=0 tcap=64)
    4    3    0    0    0    0    0    0    0    0    3    0    0    0    0    0
    0    0    0    0    0    0    0    1    0    1    0    0    0    0    4    0
    0    0    0    0    0    0   -4   -1    0   -2    0    0    0    3    0    0
    1   -2    0    0   -2    0    0    1   -2    0    0   -3    0    0    0    0
    0    0    2    1   -1    0    3    0    0    0    0    0    0    0    0    0
    2    2    0    0    0   -1    0    0    0    0    0    0   -3    0    0    0
   -4    0    0    1    0    0    0    0    0   -2    0    0   -4    0    0   -1
    0    0    0    0    0    0    0    0    0    0    0    0    0    0    0   -2
CPU reference (original region) (rows=8 cols=16 t=0 tcap=64)
    4    3    0    0    0    0    0    0    0    0    3    0    0    0    0    0
    0    0    0    0    0    0    0    1    0    1    0    0    0    0    4    0
    0    0    0    0    0    0   -4   -1    0   -2    0    0    0    3    0    0
    1   -2    0    0   -2    0    0    1   -2    0    0   -3    0    0    0    0
    0    0    2    1   -1    0    3    0    0    0    0    0    0    0    0    0
    2    2    0    0    0   -1    0    0    0    0    0    0   -3    0    0    0
   -4    0    0    1    0    0    0    0    0   -2    0    0   -4    0    0   -1
    0    0    0    0    0    0    0    0    0    0    0    0    0    0    0   -2
Additions after (original region) — kernel: 14  CPU ref: 14
CPU full additions (incl. t-space): 14
PASS: kernel original-region matches CPU reference.

=== Summary: 7 passed, 0 failed ===
INFO: [SIM 211-1] CSim done with 0 errors.
INFO: [SIM 211-3] *************** CSIM finish ***************
INFO: [HLS 200-112] Total CPU user time: 2 seconds. Total CPU system time: 1 seconds. Total elapsed time: 10.752 seconds; peak allocated memory: 156.680 MB.
INFO: [vitis-run 60-791] Total elapsed time: 0h 0m 15s
