  **** HLS Build v2025.1 6135595
INFO: [HLS 200-2005] Using work_dir C:/GEMM/ASIC/ASIC 
INFO: [HLS 200-2176] Writing Vitis IDE component file C:/GEMM/ASIC/ASIC/vitis-comp.json
INFO: [HLS 200-10] Creating and opening component 'C:/GEMM/ASIC/ASIC'.
INFO: [HLS 200-1505] Using default flow_target 'vivado'
Resolution: For help on HLS 200-1505 see docs.xilinx.com/access/sources/dita/topic?Doc_Version=2025.1%20English&url=ug1448-hls-guidance&resourceid=200-1505.html
INFO: [HLS 200-2174] Applying component config ini file C:/GEMM/ASIC/hls_config.cfg
WARNING: [HLS 200-1921] Skipping unknown config ini [hls] entry 'syn.interface.ap_ctrl_hs=true' from C:/GEMM/ASIC/hls_config.cfg(8)
INFO: [HLS 200-1465] Applying config ini 'syn.file=gp.cpp' from C:/GEMM/ASIC/hls_config.cfg(5)
INFO: [HLS 200-10] Adding design file 'C:/GEMM/ASIC/gp.cpp' to the project
INFO: [HLS 200-1465] Applying config ini 'tb.file=tb.cpp' from C:/GEMM/ASIC/hls_config.cfg(6)
INFO: [HLS 200-10] Adding test bench file 'C:/GEMM/ASIC/tb.cpp' to the project
INFO: [HLS 200-1465] Applying config ini 'syn.top=fmm_reduce_kernel' from C:/GEMM/ASIC/hls_config.cfg(7)
INFO: [HLS 200-1465] Applying config ini 'flow_target=vivado' from C:/GEMM/ASIC/hls_config.cfg(4)
INFO: [HLS 200-1505] Using flow_target 'vivado'
Resolution: For help on HLS 200-1505 see docs.xilinx.com/access/sources/dita/topic?Doc_Version=2025.1%20English&url=ug1448-hls-guidance&resourceid=200-1505.html
INFO: [HLS 200-1465] Applying config ini 'part=xc7a200tfbg676-1' from C:/GEMM/ASIC/hls_config.cfg(1)
INFO: [HLS 200-1611] Setting target device to 'xc7a200t-fbg676-1'
INFO: [HLS 200-1465] Applying config ini 'clock=10ns' from C:/GEMM/ASIC/hls_config.cfg(13)
INFO: [SYN 201-201] Setting up clock 'default' with a period of 10ns.
INFO: [HLS 200-1465] Applying config ini 'clock_uncertainty=1ns' from C:/GEMM/ASIC/hls_config.cfg(14)
INFO: [SYN 201-201] Setting up clock 'default' with an uncertainty of 1ns.
INFO: [HLS 200-1465] Applying config ini 'package.output.format=rtl' from C:/GEMM/ASIC/hls_config.cfg(11)
INFO: [HLS 200-1465] Applying config ini 'syn.rtl.reset=true' from C:/GEMM/ASIC/hls_config.cfg(9)
ERROR: [HLS 200-101] config_rtl: Option 'reset' cannot have value 'true'.
syn.rtl.add_register_in_block_condition=syn.rtl.deadlock_detection=syn.rtl.fsm_encoding=syn.rtl.fsm_safe_state=syn.rtl.header=syn.rtl.kernel_profile=syn.rtl.module_auto_prefix=syn.rtl.module_prefix=syn.rtl.mult_keep_attribute=syn.rtl.register_all_io=syn.rtl.register_reset_num=syn.rtl.reset=syn.rtl.reset_async=syn.rtl.reset_level=
ERROR: [HLS 200-1912] Problem with config ini entry 'syn.rtl.reset=true' from C:/GEMM/ASIC/hls_config.cfg(9): command 'config_rtl' returned error code
ERROR: problem with 'syn.rtl.reset=true' from C:/GEMM/ASIC/hls_config.cfg(9): command 'config_rtl' returned error code
INFO: [HLS 200-112] Total CPU user time: 1 seconds. Total CPU system time: 1 seconds. Total elapsed time: 1.371 seconds; peak allocated memory: 155.207 MB.
